/var/spool/slurmd/job25658485/slurm_script: line 3: module: command not found
Name: mamba-ssm
Version: 1.2.0.post1
Summary: Mamba state-space model
Home-page: https://github.com/state-spaces/mamba
Author: Tri Dao, Albert Gu
Author-email: tri@tridao.me, agu@cs.cmu.edu
License: 
Location: /home/gridsan/yzhu/.local/lib/python3.9/site-packages
Requires: einops, ninja, packaging, torch, transformers, triton
Required-by: 
Epoch: 0001 loss_train: 4.8799 acc_train: 0.5088 acc_val: 0.5510
Epoch: 0002 loss_train: 4.8472 acc_train: 0.5088 acc_val: 0.5510
Epoch: 0003 loss_train: 4.8503 acc_train: 0.5088 acc_val: 0.5510
Epoch: 0004 loss_train: 4.8508 acc_train: 0.5088 acc_val: 0.5510
Epoch: 0005 loss_train: 4.8509 acc_train: 0.5088 acc_val: 0.5510
Epoch: 0006 loss_train: 4.8512 acc_train: 0.5088 acc_val: 0.5510
Epoch: 0007 loss_train: 4.8511 acc_train: 0.5088 acc_val: 0.5510
Epoch: 0008 loss_train: 4.8505 acc_train: 0.5088 acc_val: 0.5510
Epoch: 0009 loss_train: 4.8513 acc_train: 0.5088 acc_val: 0.5510
Epoch: 0010 loss_train: 4.8502 acc_train: 0.5088 acc_val: 0.5510
Epoch: 0011 loss_train: 4.8500 acc_train: 0.5088 acc_val: 0.5510
Epoch: 0012 loss_train: 4.8488 acc_train: 0.5088 acc_val: 0.5510
Epoch: 0013 loss_train: 4.8501 acc_train: 0.5088 acc_val: 0.5510
Epoch: 0014 loss_train: 4.8490 acc_train: 0.5088 acc_val: 0.5510
Epoch: 0015 loss_train: 4.8496 acc_train: 0.5088 acc_val: 0.5510
Optimization Finished! Total time elapsed: 13.164819
