/var/spool/slurmd/job25659802/slurm_script: line 3: module: command not found
[2684]
label_idx 6
Epoch: 0001 loss_train: 350.4238 acc_train: 0.1645 acc_val: 0.1189
Epoch: 0002 loss_train: 346.5899 acc_train: 0.1510 acc_val: 0.1598
Epoch: 0003 loss_train: 345.8205 acc_train: 0.1614 acc_val: 0.1598
Epoch: 0004 loss_train: 345.9735 acc_train: 0.1655 acc_val: 0.2254
Epoch: 0005 loss_train: 345.9544 acc_train: 0.1593 acc_val: 0.2254
Epoch: 0006 loss_train: 345.1955 acc_train: 0.1718 acc_val: 0.1598
Epoch: 0007 loss_train: 342.5522 acc_train: 0.1994 acc_val: 0.2131
Epoch: 0008 loss_train: 341.3178 acc_train: 0.2119 acc_val: 0.1762
Epoch: 0009 loss_train: 339.9618 acc_train: 0.2207 acc_val: 0.2254
Epoch: 0010 loss_train: 337.5826 acc_train: 0.2296 acc_val: 0.2377
Epoch: 0011 loss_train: 335.0405 acc_train: 0.2410 acc_val: 0.2172
Epoch: 0012 loss_train: 333.6366 acc_train: 0.2572 acc_val: 0.2336
Epoch: 0013 loss_train: 331.7065 acc_train: 0.2795 acc_val: 0.2541
Epoch: 0014 loss_train: 329.9316 acc_train: 0.2749 acc_val: 0.2418
Epoch: 0015 loss_train: 328.7335 acc_train: 0.2847 acc_val: 0.2377
Epoch: 0016 loss_train: 328.7707 acc_train: 0.2738 acc_val: 0.2500
Epoch: 0017 loss_train: 328.7110 acc_train: 0.2884 acc_val: 0.2295
Epoch: 0018 loss_train: 328.5909 acc_train: 0.2795 acc_val: 0.2582
Epoch: 0019 loss_train: 327.4523 acc_train: 0.2931 acc_val: 0.2500
Epoch: 0020 loss_train: 326.7513 acc_train: 0.2910 acc_val: 0.2459
Epoch: 0021 loss_train: 326.1274 acc_train: 0.2957 acc_val: 0.2418
Epoch: 0022 loss_train: 327.4724 acc_train: 0.2957 acc_val: 0.2541
Epoch: 0023 loss_train: 325.4612 acc_train: 0.2915 acc_val: 0.2377
Epoch: 0024 loss_train: 326.6278 acc_train: 0.2952 acc_val: 0.2336
Epoch: 0025 loss_train: 325.4190 acc_train: 0.3056 acc_val: 0.2418
Epoch: 0026 loss_train: 325.7535 acc_train: 0.2920 acc_val: 0.2336
Epoch: 0027 loss_train: 324.6751 acc_train: 0.2811 acc_val: 0.2172
Epoch: 0028 loss_train: 326.1074 acc_train: 0.2910 acc_val: 0.2254
Epoch: 0029 loss_train: 324.1012 acc_train: 0.2894 acc_val: 0.2172
Epoch: 0030 loss_train: 324.4203 acc_train: 0.3035 acc_val: 0.2295
Optimization Finished! Total time elapsed: 306.923040
