Running Graph Mamba on dataset: hpo_metab
Logging results in: what_did_we_learn/apr21-d/hpo_metab
[2684]
{'Lysosomal': 0, 'Energy': 1, 'Amino_Acid': 2, 'Carbohydrate': 3, 'Lipid': 4, 'Glycosylation': 5}
[2684]
{'Lysosomal': 0, 'Energy': 1, 'Amino_Acid': 2, 'Carbohydrate': 3, 'Lipid': 4, 'Glycosylation': 5}
what_did_we_learn/apr21-d/hpo_metab/4layer_hpo_metab/ does not exist.
what_did_we_learn/apr21-d/hpo_metab/4layer_hpo_metab/ does not exist.
Running Graph Mamba on dataset: hpo_neuro
Logging results in: what_did_we_learn/apr21-d/hpo_neuro
WARNING: Multilabel classification
{'Intellectual': 0, 'Genetic_Dementia': 1, 'Neurodegenerative': 2, 'Epilepsy': 3, 'Ataxia': 4, 'CNS_Malformation': 5, 'Neurometabolic': 6, 'Movement': 7, 'Peripheral_Neuropathy': 8, 'Neuromuscular': 9}
WARNING: Multilabel classification
{'Intellectual': 0, 'Genetic_Dementia': 1, 'Neurodegenerative': 2, 'Epilepsy': 3, 'Ataxia': 4, 'CNS_Malformation': 5, 'Neurometabolic': 6, 'Movement': 7, 'Peripheral_Neuropathy': 8, 'Neuromuscular': 9}
what_did_we_learn/apr21-d/hpo_neuro/4layer_hpo_neuro/ does not exist.
what_did_we_learn/apr21-d/hpo_neuro/4layer_hpo_neuro/ does not exist.
Running Graph Mamba on dataset: ppi_bp
Logging results in: what_did_we_learn/apr21-d/ppi_bp
[9339]
{'metabolism': 0, 'development': 1, 'signal_transduction': 2, 'stress_death': 3, 'cell_org': 4, 'transport': 5}
[9339]
{'metabolism': 0, 'development': 1, 'signal_transduction': 2, 'stress_death': 3, 'cell_org': 4, 'transport': 5}
what_did_we_learn/apr21-d/ppi_bp/4layer_ppi_bp/ does not exist.
what_did_we_learn/apr21-d/ppi_bp/4layer_ppi_bp/ does not exist.
