/var/spool/slurmd/job25661393/slurm_script: line 3: module: command not found
/home/gridsan/yzhu/AM220/SubgraphMamba/dataset.py:32: UserWarning: To copy construct from a tensor, it is recommended to use sourceTensor.clone().detach() or sourceTensor.clone().detach().requires_grad_(True), rather than torch.tensor(sourceTensor).
  y = torch.tensor(self.subgraph_labels[idx], dtype=torch.long)
Current date and time: 2024-04-09 19:07:57.711652
{'dataset_name': 'ppi_bp', 'learning_rate': 0.0005, 'weight_decay': 0.01, 'batch_size': 32, 'epochs': 50, 'patience': 100, 'hidden_dim': 16, 'mamba_dim': 16, 'seqlength': 3000, 'hops': 2, 'num_classes': 6, 'multilabel': False, 'embeddings_filename': 'graphsaint_gcn_embeddings.pth'}
[9339]
{'metabolism': 0, 'development': 1, 'signal_transduction': 2, 'stress_death': 3, 'cell_org': 4, 'transport': 5}
Epoch: 0001 loss_train: 71.8398 acc_train: 0.1714 acc_val: 0.2562
Epoch: 0002 loss_train: 69.6725 acc_train: 0.3050 acc_val: 0.2562
Epoch: 0003 loss_train: 68.1377 acc_train: 0.3050 acc_val: 0.2562
Epoch: 0004 loss_train: 67.8546 acc_train: 0.3050 acc_val: 0.2562
Epoch: 0005 loss_train: 67.8065 acc_train: 0.3050 acc_val: 0.2562
Epoch: 0006 loss_train: 67.8158 acc_train: 0.3050 acc_val: 0.2562
Epoch: 0007 loss_train: 67.7145 acc_train: 0.3050 acc_val: 0.2562
Epoch: 0008 loss_train: 67.7948 acc_train: 0.3050 acc_val: 0.2562
Epoch: 0009 loss_train: 67.7447 acc_train: 0.3050 acc_val: 0.2562
Epoch: 0010 loss_train: 67.7313 acc_train: 0.3050 acc_val: 0.2562
Epoch: 0011 loss_train: 67.7272 acc_train: 0.3050 acc_val: 0.2562
Epoch: 0012 loss_train: 67.6999 acc_train: 0.3050 acc_val: 0.2562
Epoch: 0013 loss_train: 67.7229 acc_train: 0.3050 acc_val: 0.2562
Epoch: 0014 loss_train: 67.6730 acc_train: 0.3050 acc_val: 0.2562
Epoch: 0015 loss_train: 67.6607 acc_train: 0.3050 acc_val: 0.2562
Epoch: 0016 loss_train: 67.6244 acc_train: 0.3050 acc_val: 0.2562
Epoch: 0017 loss_train: 67.6147 acc_train: 0.3050 acc_val: 0.2562
Epoch: 0018 loss_train: 67.6417 acc_train: 0.3050 acc_val: 0.2562
Epoch: 0019 loss_train: 67.5611 acc_train: 0.3050 acc_val: 0.2562
Epoch: 0020 loss_train: 67.4892 acc_train: 0.3050 acc_val: 0.2562
Epoch: 0021 loss_train: 67.4759 acc_train: 0.3050 acc_val: 0.2562
Epoch: 0022 loss_train: 67.4062 acc_train: 0.3050 acc_val: 0.2562
Epoch: 0023 loss_train: 67.3024 acc_train: 0.3050 acc_val: 0.2562
Epoch: 0024 loss_train: 67.3118 acc_train: 0.3042 acc_val: 0.2562
Epoch: 0025 loss_train: 67.1978 acc_train: 0.3042 acc_val: 0.2562
Epoch: 0026 loss_train: 67.2547 acc_train: 0.3042 acc_val: 0.2562
Epoch: 0027 loss_train: 67.2377 acc_train: 0.3050 acc_val: 0.2562
Epoch: 0028 loss_train: 67.0376 acc_train: 0.3035 acc_val: 0.2562
Epoch: 0029 loss_train: 67.0200 acc_train: 0.3042 acc_val: 0.2562
Epoch: 0030 loss_train: 66.9618 acc_train: 0.3066 acc_val: 0.2625
Epoch: 0031 loss_train: 66.9208 acc_train: 0.3058 acc_val: 0.2625
Epoch: 0032 loss_train: 66.9895 acc_train: 0.3050 acc_val: 0.2562
Epoch: 0033 loss_train: 66.9446 acc_train: 0.3050 acc_val: 0.2562
Epoch: 0034 loss_train: 66.8515 acc_train: 0.3042 acc_val: 0.2625
Epoch: 0035 loss_train: 66.7904 acc_train: 0.3050 acc_val: 0.2562
Epoch: 0036 loss_train: 66.8593 acc_train: 0.3082 acc_val: 0.2562
Epoch: 0037 loss_train: 66.9043 acc_train: 0.3050 acc_val: 0.2562
Epoch: 0038 loss_train: 66.8779 acc_train: 0.3035 acc_val: 0.2562
Epoch: 0039 loss_train: 66.8090 acc_train: 0.3035 acc_val: 0.2562
Epoch: 0040 loss_train: 66.7602 acc_train: 0.3042 acc_val: 0.2562
Epoch: 0041 loss_train: 66.8314 acc_train: 0.3050 acc_val: 0.2625
Epoch: 0042 loss_train: 66.6564 acc_train: 0.3097 acc_val: 0.2562
Epoch: 0043 loss_train: 66.8063 acc_train: 0.3066 acc_val: 0.2625
Epoch: 0044 loss_train: 66.6741 acc_train: 0.3042 acc_val: 0.2562
Epoch: 0045 loss_train: 66.6438 acc_train: 0.3066 acc_val: 0.2625
Epoch: 0046 loss_train: 66.6117 acc_train: 0.3035 acc_val: 0.2625
Epoch: 0047 loss_train: 66.6376 acc_train: 0.3066 acc_val: 0.2562
Epoch: 0048 loss_train: 66.6114 acc_train: 0.3066 acc_val: 0.2625
Epoch: 0049 loss_train: 66.4706 acc_train: 0.3082 acc_val: 0.2625
Epoch: 0050 loss_train: 66.5451 acc_train: 0.3090 acc_val: 0.2625
Optimization Finished! Total time elapsed: 316.264971
