Running Subgraph Mamba on dataset: ppi_bp
/home/gridsan/yzhu/AM220/SubgraphMamba/dataset.py:38: UserWarning: To copy construct from a tensor, it is recommended to use sourceTensor.clone().detach() or sourceTensor.clone().detach().requires_grad_(True), rather than torch.tensor(sourceTensor).
  y = torch.tensor(self.subgraph_labels[idx], dtype=torch.long)
[9339]
{'metabolism': 0, 'development': 1, 'signal_transduction': 2, 'stress_death': 3, 'cell_org': 4, 'transport': 5}
/home/gridsan/yzhu/AM220/SubgraphMamba/dataset.py:38: UserWarning: To copy construct from a tensor, it is recommended to use sourceTensor.clone().detach() or sourceTensor.clone().detach().requires_grad_(True), rather than torch.tensor(sourceTensor).
  y = torch.tensor(self.subgraph_labels[idx], dtype=torch.long)
[9339]
{'metabolism': 0, 'development': 1, 'signal_transduction': 2, 'stress_death': 3, 'cell_org': 4, 'transport': 5}
/home/gridsan/yzhu/AM220/SubgraphMamba/dataset.py:38: UserWarning: To copy construct from a tensor, it is recommended to use sourceTensor.clone().detach() or sourceTensor.clone().detach().requires_grad_(True), rather than torch.tensor(sourceTensor).
  y = torch.tensor(self.subgraph_labels[idx], dtype=torch.long)
[9339]
{'metabolism': 0, 'development': 1, 'signal_transduction': 2, 'stress_death': 3, 'cell_org': 4, 'transport': 5}
/home/gridsan/yzhu/AM220/SubgraphMamba/dataset.py:38: UserWarning: To copy construct from a tensor, it is recommended to use sourceTensor.clone().detach() or sourceTensor.clone().detach().requires_grad_(True), rather than torch.tensor(sourceTensor).
  y = torch.tensor(self.subgraph_labels[idx], dtype=torch.long)
[9339]
{'metabolism': 0, 'development': 1, 'signal_transduction': 2, 'stress_death': 3, 'cell_org': 4, 'transport': 5}
/home/gridsan/yzhu/AM220/SubgraphMamba/dataset.py:38: UserWarning: To copy construct from a tensor, it is recommended to use sourceTensor.clone().detach() or sourceTensor.clone().detach().requires_grad_(True), rather than torch.tensor(sourceTensor).
  y = torch.tensor(self.subgraph_labels[idx], dtype=torch.long)
[9339]
{'metabolism': 0, 'development': 1, 'signal_transduction': 2, 'stress_death': 3, 'cell_org': 4, 'transport': 5}
/home/gridsan/yzhu/AM220/SubgraphMamba/dataset.py:38: UserWarning: To copy construct from a tensor, it is recommended to use sourceTensor.clone().detach() or sourceTensor.clone().detach().requires_grad_(True), rather than torch.tensor(sourceTensor).
  y = torch.tensor(self.subgraph_labels[idx], dtype=torch.long)
[9339]
{'metabolism': 0, 'development': 1, 'signal_transduction': 2, 'stress_death': 3, 'cell_org': 4, 'transport': 5}
Traceback (most recent call last):
  File "/home/gridsan/yzhu/AM220/SubgraphMamba/learn.py", line 220, in <module>
    best_model=train()
  File "/home/gridsan/yzhu/AM220/SubgraphMamba/learn.py", line 126, in train
    out = model(sequence, inclusion, subgraph_size) 
  File "/state/partition1/llgrid/pkg/anaconda/anaconda3-2023b/lib/python3.9/site-packages/torch/nn/modules/module.py", line 1501, in _call_impl
    return forward_call(*args, **kwargs)
  File "/home/gridsan/yzhu/AM220/SubgraphMamba/model.py", line 179, in forward
    emb = self.fc2(emb)
  File "/state/partition1/llgrid/pkg/anaconda/anaconda3-2023b/lib/python3.9/site-packages/torch/nn/modules/module.py", line 1501, in _call_impl
    return forward_call(*args, **kwargs)
  File "/state/partition1/llgrid/pkg/anaconda/anaconda3-2023b/lib/python3.9/site-packages/torch/nn/modules/linear.py", line 114, in forward
    return F.linear(input, self.weight, self.bias)
RuntimeError: mat1 and mat2 shapes cannot be multiplied (32x15 and 16x6)
/home/gridsan/yzhu/AM220/SubgraphMamba/dataset.py:38: UserWarning: To copy construct from a tensor, it is recommended to use sourceTensor.clone().detach() or sourceTensor.clone().detach().requires_grad_(True), rather than torch.tensor(sourceTensor).
  y = torch.tensor(self.subgraph_labels[idx], dtype=torch.long)
[9339]
{'metabolism': 0, 'development': 1, 'signal_transduction': 2, 'stress_death': 3, 'cell_org': 4, 'transport': 5}
