2024-04-20 17:35:13,215:INFO:Freezing Mamba layers to compare performance
2024-04-20 17:35:13,217:INFO:Current date and time:2024-04-20 17:35:13.217266
2024-04-20 17:35:13,217:INFO:{'dataset_name': 'hpo_neuro', 'learning_rate': 0.001, 'weight_decay': 0.01, 'batch_size': 32, 'augment': 1, 'epochs': 500, 'patience': 100, 'hidden_dim': 16, 'mamba_dim': 16, 'seqlength': 5000, 'hops': 3, 'num_classes': 10, 'multilabel': True, 'embeddings_filename': 'graphsaint_gcn_embeddings.pth'}
2024-04-20 17:35:23,982:INFO:Epoch: 0001 loss_train: 58.4630 acc_train: 0.7045 acc_val: 0.8030
2024-04-20 17:35:31,695:INFO:Epoch: 0002 loss_train: 49.9916 acc_train: 0.7981 acc_val: 0.8037
2024-04-20 17:35:39,442:INFO:Epoch: 0003 loss_train: 49.8569 acc_train: 0.7982 acc_val: 0.8037
2024-04-20 17:35:47,293:INFO:Epoch: 0004 loss_train: 49.6816 acc_train: 0.7982 acc_val: 0.8037
2024-04-20 17:35:55,010:INFO:Epoch: 0005 loss_train: 49.5270 acc_train: 0.7982 acc_val: 0.8037
2024-04-20 17:36:02,718:INFO:Epoch: 0006 loss_train: 49.6437 acc_train: 0.7981 acc_val: 0.8037
2024-04-20 17:36:10,482:INFO:Epoch: 0007 loss_train: 49.4997 acc_train: 0.7980 acc_val: 0.8037
2024-04-20 17:36:18,166:INFO:Epoch: 0008 loss_train: 49.2874 acc_train: 0.7981 acc_val: 0.8037
2024-04-20 17:36:25,865:INFO:Epoch: 0009 loss_train: 49.2673 acc_train: 0.7980 acc_val: 0.8037
2024-04-20 17:36:33,883:INFO:Epoch: 0010 loss_train: 49.1996 acc_train: 0.7980 acc_val: 0.8037
2024-04-20 17:36:41,610:INFO:Epoch: 0011 loss_train: 49.1218 acc_train: 0.7980 acc_val: 0.8037
2024-04-20 17:36:49,349:INFO:Epoch: 0012 loss_train: 49.0272 acc_train: 0.7980 acc_val: 0.8037
2024-04-20 17:36:57,143:INFO:Epoch: 0013 loss_train: 48.9477 acc_train: 0.7979 acc_val: 0.8040
2024-04-20 17:37:04,884:INFO:Epoch: 0014 loss_train: 48.7808 acc_train: 0.7979 acc_val: 0.8040
2024-04-20 17:37:13,415:INFO:Epoch: 0015 loss_train: 48.6248 acc_train: 0.7978 acc_val: 0.8037
2024-04-20 17:37:21,133:INFO:Epoch: 0016 loss_train: 48.6009 acc_train: 0.7980 acc_val: 0.8053
2024-04-20 17:37:28,845:INFO:Epoch: 0017 loss_train: 48.4702 acc_train: 0.7982 acc_val: 0.8057
2024-04-20 17:37:36,563:INFO:Epoch: 0018 loss_train: 48.3489 acc_train: 0.7979 acc_val: 0.8053
2024-04-20 17:37:44,285:INFO:Epoch: 0019 loss_train: 48.3501 acc_train: 0.7978 acc_val: 0.8043
2024-04-20 17:37:52,087:INFO:Epoch: 0020 loss_train: 48.2464 acc_train: 0.7980 acc_val: 0.8055
2024-04-20 17:37:59,875:INFO:Epoch: 0021 loss_train: 48.2502 acc_train: 0.7981 acc_val: 0.8057
2024-04-20 17:38:07,745:INFO:Epoch: 0022 loss_train: 48.2389 acc_train: 0.7986 acc_val: 0.8055
2024-04-20 17:38:15,506:INFO:Epoch: 0023 loss_train: 48.1605 acc_train: 0.7987 acc_val: 0.8055
2024-04-20 17:38:23,238:INFO:Epoch: 0024 loss_train: 48.1578 acc_train: 0.7983 acc_val: 0.8055
2024-04-20 17:38:31,012:INFO:Epoch: 0025 loss_train: 48.2417 acc_train: 0.7986 acc_val: 0.8040
2024-04-20 17:38:38,805:INFO:Epoch: 0026 loss_train: 48.3151 acc_train: 0.7989 acc_val: 0.8053
2024-04-20 17:38:46,600:INFO:Epoch: 0027 loss_train: 48.1850 acc_train: 0.7991 acc_val: 0.8055
2024-04-20 17:38:54,346:INFO:Epoch: 0028 loss_train: 48.0149 acc_train: 0.7992 acc_val: 0.8053
2024-04-20 17:39:02,226:INFO:Epoch: 0029 loss_train: 48.0436 acc_train: 0.7988 acc_val: 0.8045
2024-04-20 17:39:10,081:INFO:Epoch: 0030 loss_train: 48.0148 acc_train: 0.7992 acc_val: 0.8055
2024-04-20 17:39:17,926:INFO:Epoch: 0031 loss_train: 48.1252 acc_train: 0.7993 acc_val: 0.8055
2024-04-20 17:39:25,779:INFO:Epoch: 0032 loss_train: 48.0656 acc_train: 0.7990 acc_val: 0.8047
2024-04-20 17:39:33,885:INFO:Epoch: 0033 loss_train: 47.9968 acc_train: 0.7993 acc_val: 0.8060
2024-04-20 17:39:41,932:INFO:Epoch: 0034 loss_train: 47.9534 acc_train: 0.7993 acc_val: 0.8050
2024-04-20 17:39:49,648:INFO:Epoch: 0035 loss_train: 47.9555 acc_train: 0.7989 acc_val: 0.8055
2024-04-20 17:39:57,346:INFO:Epoch: 0036 loss_train: 47.8174 acc_train: 0.7998 acc_val: 0.8050
2024-04-20 17:40:05,096:INFO:Epoch: 0037 loss_train: 47.7923 acc_train: 0.7993 acc_val: 0.8043
2024-04-20 17:40:12,822:INFO:Epoch: 0038 loss_train: 47.8992 acc_train: 0.7996 acc_val: 0.8053
2024-04-20 17:40:20,539:INFO:Epoch: 0039 loss_train: 47.8575 acc_train: 0.7993 acc_val: 0.8053
2024-04-20 17:40:28,340:INFO:Epoch: 0040 loss_train: 47.7230 acc_train: 0.7997 acc_val: 0.8070
2024-04-20 17:40:36,061:INFO:Epoch: 0041 loss_train: 47.9508 acc_train: 0.7992 acc_val: 0.8050
2024-04-20 17:40:43,775:INFO:Epoch: 0042 loss_train: 47.8284 acc_train: 0.7998 acc_val: 0.8047
2024-04-20 17:40:51,491:INFO:Epoch: 0043 loss_train: 47.7699 acc_train: 0.8002 acc_val: 0.8050
2024-04-20 17:40:59,186:INFO:Epoch: 0044 loss_train: 47.7094 acc_train: 0.7997 acc_val: 0.8050
2024-04-20 17:41:06,950:INFO:Epoch: 0045 loss_train: 47.7246 acc_train: 0.7999 acc_val: 0.8050
2024-04-20 17:41:14,681:INFO:Epoch: 0046 loss_train: 47.8524 acc_train: 0.7997 acc_val: 0.8077
2024-04-20 17:41:22,468:INFO:Epoch: 0047 loss_train: 47.7141 acc_train: 0.7998 acc_val: 0.8073
2024-04-20 17:41:30,347:INFO:Epoch: 0048 loss_train: 47.7514 acc_train: 0.7997 acc_val: 0.8047
2024-04-20 17:41:38,378:INFO:Epoch: 0049 loss_train: 47.6349 acc_train: 0.8001 acc_val: 0.8057
2024-04-20 17:41:46,437:INFO:Epoch: 0050 loss_train: 47.5252 acc_train: 0.7996 acc_val: 0.8045
2024-04-20 17:41:54,483:INFO:Epoch: 0051 loss_train: 47.5988 acc_train: 0.7994 acc_val: 0.8055
2024-04-20 17:42:02,526:INFO:Epoch: 0052 loss_train: 47.5489 acc_train: 0.8005 acc_val: 0.8045
2024-04-20 17:42:10,575:INFO:Epoch: 0053 loss_train: 47.5180 acc_train: 0.8000 acc_val: 0.8047
2024-04-20 17:42:18,604:INFO:Epoch: 0054 loss_train: 47.5362 acc_train: 0.8002 acc_val: 0.8050
2024-04-20 17:42:26,637:INFO:Epoch: 0055 loss_train: 47.4557 acc_train: 0.8000 acc_val: 0.8053
2024-04-20 17:42:34,718:INFO:Epoch: 0056 loss_train: 47.5628 acc_train: 0.8000 acc_val: 0.8045
2024-04-20 17:42:42,726:INFO:Epoch: 0057 loss_train: 47.6423 acc_train: 0.8003 acc_val: 0.8047
2024-04-20 17:42:50,745:INFO:Epoch: 0058 loss_train: 47.4608 acc_train: 0.8003 acc_val: 0.8050
2024-04-20 17:42:58,764:INFO:Epoch: 0059 loss_train: 47.5025 acc_train: 0.8005 acc_val: 0.8045
2024-04-20 17:43:06,785:INFO:Epoch: 0060 loss_train: 47.3753 acc_train: 0.8002 acc_val: 0.8050
2024-04-20 17:43:14,821:INFO:Epoch: 0061 loss_train: 47.6021 acc_train: 0.8006 acc_val: 0.8060
2024-04-20 17:43:23,306:INFO:Epoch: 0062 loss_train: 47.4292 acc_train: 0.8007 acc_val: 0.8047
2024-04-20 17:43:31,422:INFO:Epoch: 0063 loss_train: 47.4850 acc_train: 0.8002 acc_val: 0.8063
2024-04-20 17:43:39,682:INFO:Epoch: 0064 loss_train: 47.4482 acc_train: 0.8006 acc_val: 0.8050
2024-04-20 17:43:47,777:INFO:Epoch: 0065 loss_train: 47.2581 acc_train: 0.8007 acc_val: 0.8053
2024-04-20 17:43:55,960:INFO:Epoch: 0066 loss_train: 47.3447 acc_train: 0.8006 acc_val: 0.8055
2024-04-20 17:44:03,996:INFO:Epoch: 0067 loss_train: 47.3687 acc_train: 0.8002 acc_val: 0.8073
2024-04-20 17:44:12,028:INFO:Epoch: 0068 loss_train: 47.1829 acc_train: 0.8006 acc_val: 0.8047
2024-04-20 17:44:20,054:INFO:Epoch: 0069 loss_train: 47.1829 acc_train: 0.8004 acc_val: 0.8065
2024-04-20 17:44:28,133:INFO:Epoch: 0070 loss_train: 47.1312 acc_train: 0.8000 acc_val: 0.8053
2024-04-20 17:44:36,153:INFO:Epoch: 0071 loss_train: 47.0366 acc_train: 0.8007 acc_val: 0.8055
2024-04-20 17:44:44,139:INFO:Epoch: 0072 loss_train: 47.0330 acc_train: 0.8002 acc_val: 0.8053
2024-04-20 17:44:52,193:INFO:Epoch: 0073 loss_train: 47.1501 acc_train: 0.8014 acc_val: 0.8065
2024-04-20 17:45:00,224:INFO:Epoch: 0074 loss_train: 47.0696 acc_train: 0.8012 acc_val: 0.8063
2024-04-20 17:45:08,209:INFO:Epoch: 0075 loss_train: 47.2222 acc_train: 0.8004 acc_val: 0.8055
2024-04-20 17:45:16,337:INFO:Epoch: 0076 loss_train: 46.9014 acc_train: 0.8011 acc_val: 0.8063
2024-04-20 17:45:24,401:INFO:Epoch: 0077 loss_train: 46.9493 acc_train: 0.8014 acc_val: 0.8065
2024-04-20 17:45:32,487:INFO:Epoch: 0078 loss_train: 46.9766 acc_train: 0.8005 acc_val: 0.8070
2024-04-20 17:45:41,259:INFO:Epoch: 0079 loss_train: 46.9965 acc_train: 0.8004 acc_val: 0.8067
2024-04-20 17:45:49,242:INFO:Epoch: 0080 loss_train: 46.8610 acc_train: 0.8009 acc_val: 0.8050
2024-04-20 17:45:57,055:INFO:Epoch: 0081 loss_train: 46.8852 acc_train: 0.8014 acc_val: 0.8075
2024-04-20 17:46:04,862:INFO:Epoch: 0082 loss_train: 46.7837 acc_train: 0.8012 acc_val: 0.8085
2024-04-20 17:46:12,661:INFO:Epoch: 0083 loss_train: 46.8472 acc_train: 0.8016 acc_val: 0.8073
2024-04-20 17:46:20,456:INFO:Epoch: 0084 loss_train: 46.7457 acc_train: 0.8007 acc_val: 0.8080
2024-04-20 17:46:28,251:INFO:Epoch: 0085 loss_train: 46.9366 acc_train: 0.8016 acc_val: 0.8060
2024-04-20 17:46:36,042:INFO:Epoch: 0086 loss_train: 46.7688 acc_train: 0.8005 acc_val: 0.8050
2024-04-20 17:46:43,846:INFO:Epoch: 0087 loss_train: 46.7276 acc_train: 0.8011 acc_val: 0.8055
2024-04-20 17:46:51,643:INFO:Epoch: 0088 loss_train: 46.7147 acc_train: 0.8010 acc_val: 0.8060
2024-04-20 17:46:59,436:INFO:Epoch: 0089 loss_train: 46.7736 acc_train: 0.8011 acc_val: 0.8067
2024-04-20 17:47:07,229:INFO:Epoch: 0090 loss_train: 46.6439 acc_train: 0.8018 acc_val: 0.8090
2024-04-20 17:47:15,033:INFO:Epoch: 0091 loss_train: 46.8410 acc_train: 0.8012 acc_val: 0.8085
2024-04-20 17:47:22,840:INFO:Epoch: 0092 loss_train: 46.5826 acc_train: 0.8021 acc_val: 0.8070
2024-04-20 17:47:30,774:INFO:Epoch: 0093 loss_train: 46.4750 acc_train: 0.8022 acc_val: 0.8073
2024-04-20 17:47:38,482:INFO:Epoch: 0094 loss_train: 46.5449 acc_train: 0.8010 acc_val: 0.8073
2024-04-20 17:47:46,172:INFO:Epoch: 0095 loss_train: 46.7136 acc_train: 0.8017 acc_val: 0.8085
2024-04-20 17:47:53,960:INFO:Epoch: 0096 loss_train: 46.5495 acc_train: 0.8015 acc_val: 0.8073
2024-04-20 17:48:01,712:INFO:Epoch: 0097 loss_train: 46.6100 acc_train: 0.8021 acc_val: 0.8077
2024-04-20 17:48:09,464:INFO:Epoch: 0098 loss_train: 46.5793 acc_train: 0.8011 acc_val: 0.8085
2024-04-20 17:48:17,288:INFO:Epoch: 0099 loss_train: 46.5612 acc_train: 0.8019 acc_val: 0.8085
2024-04-20 17:48:25,260:INFO:Epoch: 0100 loss_train: 46.4768 acc_train: 0.8016 acc_val: 0.8087
2024-04-20 17:48:33,085:INFO:Epoch: 0101 loss_train: 46.7046 acc_train: 0.7999 acc_val: 0.8095
2024-04-20 17:48:40,797:INFO:Epoch: 0102 loss_train: 46.6849 acc_train: 0.8017 acc_val: 0.8085
2024-04-20 17:48:48,435:INFO:Epoch: 0103 loss_train: 46.6566 acc_train: 0.8024 acc_val: 0.8090
2024-04-20 17:48:56,190:INFO:Epoch: 0104 loss_train: 46.6337 acc_train: 0.8010 acc_val: 0.8075
2024-04-20 17:49:03,932:INFO:Epoch: 0105 loss_train: 46.6205 acc_train: 0.8012 acc_val: 0.8080
2024-04-20 17:49:11,561:INFO:Epoch: 0106 loss_train: 46.4765 acc_train: 0.8014 acc_val: 0.8085
2024-04-20 17:49:19,321:INFO:Epoch: 0107 loss_train: 46.4175 acc_train: 0.8020 acc_val: 0.8087
2024-04-20 17:49:27,004:INFO:Epoch: 0108 loss_train: 46.6563 acc_train: 0.8020 acc_val: 0.8093
2024-04-20 17:49:34,632:INFO:Epoch: 0109 loss_train: 46.3811 acc_train: 0.8012 acc_val: 0.8083
2024-04-20 17:49:42,258:INFO:Epoch: 0110 loss_train: 46.4340 acc_train: 0.8017 acc_val: 0.8093
2024-04-20 17:49:49,938:INFO:Epoch: 0111 loss_train: 46.5376 acc_train: 0.8018 acc_val: 0.8083
2024-04-20 17:49:57,807:INFO:Epoch: 0112 loss_train: 46.4944 acc_train: 0.8016 acc_val: 0.8087
2024-04-20 17:50:05,516:INFO:Epoch: 0113 loss_train: 46.3478 acc_train: 0.8019 acc_val: 0.8077
2024-04-20 17:50:13,202:INFO:Epoch: 0114 loss_train: 46.3145 acc_train: 0.8021 acc_val: 0.8087
2024-04-20 17:50:20,828:INFO:Epoch: 0115 loss_train: 46.5882 acc_train: 0.8023 acc_val: 0.8065
2024-04-20 17:50:28,571:INFO:Epoch: 0116 loss_train: 46.4794 acc_train: 0.8020 acc_val: 0.8085
2024-04-20 17:50:36,244:INFO:Epoch: 0117 loss_train: 46.3692 acc_train: 0.8015 acc_val: 0.8095
2024-04-20 17:50:44,105:INFO:Epoch: 0118 loss_train: 46.4308 acc_train: 0.8014 acc_val: 0.8077
2024-04-20 17:50:51,844:INFO:Epoch: 0119 loss_train: 46.3416 acc_train: 0.8020 acc_val: 0.8077
2024-04-20 17:50:59,577:INFO:Epoch: 0120 loss_train: 46.5076 acc_train: 0.8019 acc_val: 0.8087
2024-04-20 17:51:07,240:INFO:Epoch: 0121 loss_train: 46.3330 acc_train: 0.8013 acc_val: 0.8075
2024-04-20 17:51:15,073:INFO:Epoch: 0122 loss_train: 46.3255 acc_train: 0.8022 acc_val: 0.8090
2024-04-20 17:51:23,068:INFO:Epoch: 0123 loss_train: 46.3269 acc_train: 0.8018 acc_val: 0.8083
2024-04-20 17:51:31,062:INFO:Epoch: 0124 loss_train: 46.2533 acc_train: 0.8020 acc_val: 0.8085
2024-04-20 17:51:39,237:INFO:Epoch: 0125 loss_train: 46.2699 acc_train: 0.8026 acc_val: 0.8077
2024-04-20 17:51:47,403:INFO:Epoch: 0126 loss_train: 46.3611 acc_train: 0.8026 acc_val: 0.8075
2024-04-20 17:51:55,623:INFO:Epoch: 0127 loss_train: 46.4036 acc_train: 0.8022 acc_val: 0.8087
2024-04-20 17:52:03,726:INFO:Epoch: 0128 loss_train: 46.3698 acc_train: 0.8019 acc_val: 0.8077
2024-04-20 17:52:11,834:INFO:Epoch: 0129 loss_train: 46.2804 acc_train: 0.8022 acc_val: 0.8080
2024-04-20 17:52:19,996:INFO:Epoch: 0130 loss_train: 46.1993 acc_train: 0.8016 acc_val: 0.8075
2024-04-20 17:52:28,202:INFO:Epoch: 0131 loss_train: 46.4399 acc_train: 0.8023 acc_val: 0.8077
2024-04-20 17:52:35,975:INFO:Epoch: 0132 loss_train: 46.3689 acc_train: 0.8017 acc_val: 0.8093
2024-04-20 17:52:43,774:INFO:Epoch: 0133 loss_train: 46.2691 acc_train: 0.8022 acc_val: 0.8075
2024-04-20 17:52:51,533:INFO:Epoch: 0134 loss_train: 46.3216 acc_train: 0.8022 acc_val: 0.8075
2024-04-20 17:52:59,313:INFO:Epoch: 0135 loss_train: 46.2900 acc_train: 0.8025 acc_val: 0.8077
2024-04-20 17:53:07,134:INFO:Epoch: 0136 loss_train: 46.5189 acc_train: 0.8017 acc_val: 0.8080
2024-04-20 17:53:14,939:INFO:Epoch: 0137 loss_train: 46.5294 acc_train: 0.8022 acc_val: 0.8087
2024-04-20 17:53:22,764:INFO:Epoch: 0138 loss_train: 46.3171 acc_train: 0.8018 acc_val: 0.8085
2024-04-20 17:53:30,488:INFO:Epoch: 0139 loss_train: 46.3457 acc_train: 0.8023 acc_val: 0.8085
2024-04-20 17:53:38,205:INFO:Epoch: 0140 loss_train: 46.3384 acc_train: 0.8023 acc_val: 0.8085
2024-04-20 17:53:45,914:INFO:Epoch: 0141 loss_train: 46.3891 acc_train: 0.8018 acc_val: 0.8087
2024-04-20 17:53:53,627:INFO:Epoch: 0142 loss_train: 46.2096 acc_train: 0.8023 acc_val: 0.8063
2024-04-20 17:54:01,302:INFO:Epoch: 0143 loss_train: 46.3707 acc_train: 0.8019 acc_val: 0.8070
2024-04-20 17:54:08,997:INFO:Epoch: 0144 loss_train: 46.1752 acc_train: 0.8024 acc_val: 0.8083
2024-04-20 17:54:16,742:INFO:Epoch: 0145 loss_train: 46.2799 acc_train: 0.8030 acc_val: 0.8073
2024-04-20 17:54:24,541:INFO:Epoch: 0146 loss_train: 46.1544 acc_train: 0.8023 acc_val: 0.8083
2024-04-20 17:54:32,389:INFO:Epoch: 0147 loss_train: 46.3899 acc_train: 0.8017 acc_val: 0.8105
2024-04-20 17:54:40,245:INFO:Epoch: 0148 loss_train: 46.2518 acc_train: 0.8023 acc_val: 0.8083
2024-04-20 17:54:48,027:INFO:Epoch: 0149 loss_train: 46.1929 acc_train: 0.8021 acc_val: 0.8075
2024-04-20 17:54:55,859:INFO:Epoch: 0150 loss_train: 46.2154 acc_train: 0.8020 acc_val: 0.8075
2024-04-20 17:55:03,723:INFO:Epoch: 0151 loss_train: 46.1870 acc_train: 0.8019 acc_val: 0.8085
2024-04-20 17:55:11,518:INFO:Epoch: 0152 loss_train: 46.2643 acc_train: 0.8016 acc_val: 0.8085
2024-04-20 17:55:19,306:INFO:Epoch: 0153 loss_train: 46.1746 acc_train: 0.8022 acc_val: 0.8090
2024-04-20 17:55:27,087:INFO:Epoch: 0154 loss_train: 46.3143 acc_train: 0.8022 acc_val: 0.8083
2024-04-20 17:55:34,901:INFO:Epoch: 0155 loss_train: 46.0613 acc_train: 0.8032 acc_val: 0.8070
2024-04-20 17:55:42,759:INFO:Epoch: 0156 loss_train: 46.3217 acc_train: 0.8018 acc_val: 0.8080
2024-04-20 17:55:50,940:INFO:Epoch: 0157 loss_train: 46.2483 acc_train: 0.8024 acc_val: 0.8070
2024-04-20 17:55:58,781:INFO:Epoch: 0158 loss_train: 46.1695 acc_train: 0.8029 acc_val: 0.8087
2024-04-20 17:56:06,600:INFO:Epoch: 0159 loss_train: 46.3302 acc_train: 0.8025 acc_val: 0.8087
2024-04-20 17:56:14,438:INFO:Epoch: 0160 loss_train: 46.1560 acc_train: 0.8024 acc_val: 0.8083
2024-04-20 17:56:22,253:INFO:Epoch: 0161 loss_train: 46.1028 acc_train: 0.8025 acc_val: 0.8097
2024-04-20 17:56:30,097:INFO:Epoch: 0162 loss_train: 46.1529 acc_train: 0.8022 acc_val: 0.8095
2024-04-20 17:56:37,904:INFO:Epoch: 0163 loss_train: 46.0924 acc_train: 0.8028 acc_val: 0.8077
2024-04-20 17:56:45,766:INFO:Epoch: 0164 loss_train: 46.2022 acc_train: 0.8025 acc_val: 0.8085
2024-04-20 17:56:53,613:INFO:Epoch: 0165 loss_train: 46.1119 acc_train: 0.8029 acc_val: 0.8077
2024-04-20 17:57:01,459:INFO:Epoch: 0166 loss_train: 46.1689 acc_train: 0.8027 acc_val: 0.8075
2024-04-20 17:57:09,280:INFO:Epoch: 0167 loss_train: 46.0967 acc_train: 0.8029 acc_val: 0.8085
2024-04-20 17:57:17,154:INFO:Epoch: 0168 loss_train: 46.0058 acc_train: 0.8028 acc_val: 0.8080
2024-04-20 17:57:25,043:INFO:Epoch: 0169 loss_train: 46.0972 acc_train: 0.8022 acc_val: 0.8090
2024-04-20 17:57:32,932:INFO:Epoch: 0170 loss_train: 46.1626 acc_train: 0.8033 acc_val: 0.8083
2024-04-20 17:57:40,781:INFO:Epoch: 0171 loss_train: 46.0851 acc_train: 0.8021 acc_val: 0.8070
2024-04-20 17:57:48,721:INFO:Epoch: 0172 loss_train: 46.0760 acc_train: 0.8026 acc_val: 0.8090
2024-04-20 17:57:56,637:INFO:Epoch: 0173 loss_train: 46.0645 acc_train: 0.8027 acc_val: 0.8075
2024-04-20 17:58:04,533:INFO:Epoch: 0174 loss_train: 46.2804 acc_train: 0.8030 acc_val: 0.8080
2024-04-20 17:58:12,496:INFO:Epoch: 0175 loss_train: 46.2249 acc_train: 0.8026 acc_val: 0.8087
2024-04-20 17:58:20,352:INFO:Epoch: 0176 loss_train: 46.1156 acc_train: 0.8020 acc_val: 0.8083
2024-04-20 17:58:28,340:INFO:Epoch: 0177 loss_train: 46.0615 acc_train: 0.8025 acc_val: 0.8083
2024-04-20 17:58:36,202:INFO:Epoch: 0178 loss_train: 46.1019 acc_train: 0.8028 acc_val: 0.8085
2024-04-20 17:58:44,078:INFO:Epoch: 0179 loss_train: 45.9036 acc_train: 0.8032 acc_val: 0.8095
2024-04-20 17:58:51,880:INFO:Epoch: 0180 loss_train: 46.0530 acc_train: 0.8035 acc_val: 0.8095
2024-04-20 17:58:59,782:INFO:Epoch: 0181 loss_train: 45.9750 acc_train: 0.8031 acc_val: 0.8087
2024-04-20 17:59:07,651:INFO:Epoch: 0182 loss_train: 46.0449 acc_train: 0.8031 acc_val: 0.8095
2024-04-20 17:59:15,503:INFO:Epoch: 0183 loss_train: 46.1456 acc_train: 0.8032 acc_val: 0.8087
2024-04-20 17:59:23,307:INFO:Epoch: 0184 loss_train: 46.0616 acc_train: 0.8029 acc_val: 0.8087
2024-04-20 17:59:31,186:INFO:Epoch: 0185 loss_train: 46.0149 acc_train: 0.8040 acc_val: 0.8087
2024-04-20 17:59:38,991:INFO:Epoch: 0186 loss_train: 46.0696 acc_train: 0.8031 acc_val: 0.8083
2024-04-20 17:59:46,776:INFO:Epoch: 0187 loss_train: 46.0213 acc_train: 0.8038 acc_val: 0.8095
2024-04-20 17:59:54,615:INFO:Epoch: 0188 loss_train: 45.9930 acc_train: 0.8021 acc_val: 0.8093
2024-04-20 18:00:02,397:INFO:Epoch: 0189 loss_train: 46.0444 acc_train: 0.8028 acc_val: 0.8095
2024-04-20 18:00:10,083:INFO:Epoch: 0190 loss_train: 45.9402 acc_train: 0.8035 acc_val: 0.8095
2024-04-20 18:00:17,850:INFO:Epoch: 0191 loss_train: 46.0909 acc_train: 0.8032 acc_val: 0.8090
2024-04-20 18:00:25,543:INFO:Epoch: 0192 loss_train: 45.9034 acc_train: 0.8034 acc_val: 0.8070
2024-04-20 18:00:33,288:INFO:Epoch: 0193 loss_train: 45.9129 acc_train: 0.8028 acc_val: 0.8105
2024-04-20 18:00:41,043:INFO:Epoch: 0194 loss_train: 46.1718 acc_train: 0.8024 acc_val: 0.8080
2024-04-20 18:00:48,805:INFO:Epoch: 0195 loss_train: 46.0784 acc_train: 0.8027 acc_val: 0.8080
2024-04-20 18:00:56,587:INFO:Epoch: 0196 loss_train: 46.0780 acc_train: 0.8024 acc_val: 0.8085
2024-04-20 18:01:04,432:INFO:Epoch: 0197 loss_train: 46.1994 acc_train: 0.8030 acc_val: 0.8083
2024-04-20 18:01:12,132:INFO:Epoch: 0198 loss_train: 45.9848 acc_train: 0.8030 acc_val: 0.8095
2024-04-20 18:01:19,829:INFO:Epoch: 0199 loss_train: 45.9843 acc_train: 0.8032 acc_val: 0.8090
2024-04-20 18:01:27,521:INFO:Epoch: 0200 loss_train: 46.0865 acc_train: 0.8032 acc_val: 0.8085
2024-04-20 18:01:35,214:INFO:Epoch: 0201 loss_train: 45.8945 acc_train: 0.8027 acc_val: 0.8083
2024-04-20 18:01:42,901:INFO:Epoch: 0202 loss_train: 45.9395 acc_train: 0.8035 acc_val: 0.8085
2024-04-20 18:01:50,598:INFO:Epoch: 0203 loss_train: 45.9019 acc_train: 0.8038 acc_val: 0.8087
2024-04-20 18:01:58,489:INFO:Epoch: 0204 loss_train: 45.9864 acc_train: 0.8036 acc_val: 0.8065
2024-04-20 18:02:06,214:INFO:Epoch: 0205 loss_train: 45.9365 acc_train: 0.8034 acc_val: 0.8093
2024-04-20 18:02:13,969:INFO:Epoch: 0206 loss_train: 45.8753 acc_train: 0.8033 acc_val: 0.8080
2024-04-20 18:02:21,654:INFO:Epoch: 0207 loss_train: 45.9874 acc_train: 0.8033 acc_val: 0.8097
2024-04-20 18:02:29,372:INFO:Epoch: 0208 loss_train: 45.9786 acc_train: 0.8035 acc_val: 0.8087
2024-04-20 18:02:37,177:INFO:Epoch: 0209 loss_train: 45.8002 acc_train: 0.8032 acc_val: 0.8100
2024-04-20 18:02:44,979:INFO:Epoch: 0210 loss_train: 45.9806 acc_train: 0.8040 acc_val: 0.8093
2024-04-20 18:02:52,807:INFO:Epoch: 0211 loss_train: 45.9532 acc_train: 0.8032 acc_val: 0.8085
2024-04-20 18:03:00,676:INFO:Epoch: 0212 loss_train: 45.9267 acc_train: 0.8030 acc_val: 0.8083
2024-04-20 18:03:08,524:INFO:Epoch: 0213 loss_train: 45.8919 acc_train: 0.8037 acc_val: 0.8077
2024-04-20 18:03:16,316:INFO:Epoch: 0214 loss_train: 46.0441 acc_train: 0.8036 acc_val: 0.8085
2024-04-20 18:03:24,114:INFO:Epoch: 0215 loss_train: 46.0351 acc_train: 0.8029 acc_val: 0.8083
2024-04-20 18:03:31,939:INFO:Epoch: 0216 loss_train: 45.8758 acc_train: 0.8029 acc_val: 0.8073
2024-04-20 18:03:39,738:INFO:Epoch: 0217 loss_train: 46.0572 acc_train: 0.8032 acc_val: 0.8067
2024-04-20 18:03:47,469:INFO:Epoch: 0218 loss_train: 45.8220 acc_train: 0.8036 acc_val: 0.8073
2024-04-20 18:03:55,242:INFO:Epoch: 0219 loss_train: 45.9222 acc_train: 0.8026 acc_val: 0.8065
2024-04-20 18:04:02,924:INFO:Epoch: 0220 loss_train: 45.8964 acc_train: 0.8038 acc_val: 0.8093
2024-04-20 18:04:10,716:INFO:Epoch: 0221 loss_train: 45.8208 acc_train: 0.8039 acc_val: 0.8095
2024-04-20 18:04:18,413:INFO:Epoch: 0222 loss_train: 45.9851 acc_train: 0.8039 acc_val: 0.8095
2024-04-20 18:04:26,166:INFO:Epoch: 0223 loss_train: 45.9612 acc_train: 0.8036 acc_val: 0.8087
2024-04-20 18:04:33,871:INFO:Epoch: 0224 loss_train: 45.8823 acc_train: 0.8032 acc_val: 0.8103
2024-04-20 18:04:41,553:INFO:Epoch: 0225 loss_train: 46.0069 acc_train: 0.8036 acc_val: 0.8105
2024-04-20 18:04:49,283:INFO:Epoch: 0226 loss_train: 46.0403 acc_train: 0.8041 acc_val: 0.8095
2024-04-20 18:04:57,038:INFO:Epoch: 0227 loss_train: 45.7874 acc_train: 0.8033 acc_val: 0.8083
2024-04-20 18:05:04,800:INFO:Epoch: 0228 loss_train: 45.8531 acc_train: 0.8039 acc_val: 0.8073
2024-04-20 18:05:12,481:INFO:Epoch: 0229 loss_train: 45.7893 acc_train: 0.8032 acc_val: 0.8075
2024-04-20 18:05:20,347:INFO:Epoch: 0230 loss_train: 45.7418 acc_train: 0.8022 acc_val: 0.8067
2024-04-20 18:05:28,186:INFO:Epoch: 0231 loss_train: 46.0109 acc_train: 0.8032 acc_val: 0.8097
2024-04-20 18:05:35,864:INFO:Epoch: 0232 loss_train: 45.8308 acc_train: 0.8032 acc_val: 0.8090
2024-04-20 18:05:43,618:INFO:Epoch: 0233 loss_train: 45.9357 acc_train: 0.8030 acc_val: 0.8085
2024-04-20 18:05:51,347:INFO:Epoch: 0234 loss_train: 45.9395 acc_train: 0.8031 acc_val: 0.8093
2024-04-20 18:05:59,223:INFO:Epoch: 0235 loss_train: 45.7847 acc_train: 0.8034 acc_val: 0.8083
2024-04-20 18:06:06,966:INFO:Epoch: 0236 loss_train: 45.9854 acc_train: 0.8029 acc_val: 0.8083
2024-04-20 18:06:14,712:INFO:Epoch: 0237 loss_train: 45.9238 acc_train: 0.8037 acc_val: 0.8097
2024-04-20 18:06:22,390:INFO:Epoch: 0238 loss_train: 45.8884 acc_train: 0.8035 acc_val: 0.8083
2024-04-20 18:06:30,130:INFO:Epoch: 0239 loss_train: 45.8437 acc_train: 0.8034 acc_val: 0.8100
2024-04-20 18:06:37,870:INFO:Epoch: 0240 loss_train: 45.9510 acc_train: 0.8032 acc_val: 0.8095
2024-04-20 18:06:45,587:INFO:Epoch: 0241 loss_train: 45.9161 acc_train: 0.8028 acc_val: 0.8087
2024-04-20 18:06:53,270:INFO:Epoch: 0242 loss_train: 45.9072 acc_train: 0.8034 acc_val: 0.8070
2024-04-20 18:07:00,972:INFO:Epoch: 0243 loss_train: 45.8082 acc_train: 0.8037 acc_val: 0.8087
2024-04-20 18:07:08,649:INFO:Epoch: 0244 loss_train: 45.6883 acc_train: 0.8031 acc_val: 0.8087
2024-04-20 18:07:16,315:INFO:Epoch: 0245 loss_train: 46.0074 acc_train: 0.8038 acc_val: 0.8087
2024-04-20 18:07:23,980:INFO:Epoch: 0246 loss_train: 45.9474 acc_train: 0.8036 acc_val: 0.8070
2024-04-20 18:07:31,681:INFO:Epoch: 0247 loss_train: 45.7706 acc_train: 0.8030 acc_val: 0.8073
2024-04-20 18:07:31,684:INFO:PATIENCE THRESHOLD PASSED; DETECTED OVERFITTING
2024-04-20 18:07:39,406:INFO:Epoch: 0248 loss_train: 45.7593 acc_train: 0.8033 acc_val: 0.8090
2024-04-20 18:07:47,272:INFO:Epoch: 0249 loss_train: 45.7715 acc_train: 0.8036 acc_val: 0.8085
2024-04-20 18:07:55,089:INFO:Epoch: 0250 loss_train: 45.9019 acc_train: 0.8037 acc_val: 0.8090
2024-04-20 18:08:02,819:INFO:Epoch: 0251 loss_train: 45.7636 acc_train: 0.8033 acc_val: 0.8085
2024-04-20 18:08:12,120:INFO:Epoch: 0252 loss_train: 45.7231 acc_train: 0.8044 acc_val: 0.8075
2024-04-20 18:08:20,046:INFO:Epoch: 0253 loss_train: 46.0052 acc_train: 0.8036 acc_val: 0.8087
2024-04-20 18:08:28,007:INFO:Epoch: 0254 loss_train: 45.7860 acc_train: 0.8042 acc_val: 0.8087
2024-04-20 18:08:35,841:INFO:Epoch: 0255 loss_train: 45.9476 acc_train: 0.8037 acc_val: 0.8103
2024-04-20 18:08:43,757:INFO:Epoch: 0256 loss_train: 45.9886 acc_train: 0.8031 acc_val: 0.8093
2024-04-20 18:08:51,651:INFO:Epoch: 0257 loss_train: 45.9141 acc_train: 0.8034 acc_val: 0.8083
2024-04-20 18:08:59,668:INFO:Epoch: 0258 loss_train: 45.7659 acc_train: 0.8028 acc_val: 0.8103
2024-04-20 18:09:07,432:INFO:Epoch: 0259 loss_train: 45.8217 acc_train: 0.8028 acc_val: 0.8065
2024-04-20 18:09:15,236:INFO:Epoch: 0260 loss_train: 45.8448 acc_train: 0.8040 acc_val: 0.8097
2024-04-20 18:09:23,122:INFO:Epoch: 0261 loss_train: 45.7706 acc_train: 0.8027 acc_val: 0.8073
2024-04-20 18:09:30,837:INFO:Epoch: 0262 loss_train: 46.0400 acc_train: 0.8036 acc_val: 0.8080
2024-04-20 18:09:38,559:INFO:Epoch: 0263 loss_train: 45.7853 acc_train: 0.8036 acc_val: 0.8100
2024-04-20 18:09:46,390:INFO:Epoch: 0264 loss_train: 45.8425 acc_train: 0.8036 acc_val: 0.8083
2024-04-20 18:09:54,149:INFO:Epoch: 0265 loss_train: 45.7745 acc_train: 0.8034 acc_val: 0.8090
2024-04-20 18:10:01,917:INFO:Epoch: 0266 loss_train: 45.8121 acc_train: 0.8042 acc_val: 0.8093
2024-04-20 18:10:09,750:INFO:Epoch: 0267 loss_train: 45.8992 acc_train: 0.8039 acc_val: 0.8075
2024-04-20 18:10:17,509:INFO:Epoch: 0268 loss_train: 45.8835 acc_train: 0.8031 acc_val: 0.8090
2024-04-20 18:10:25,350:INFO:Epoch: 0269 loss_train: 45.8796 acc_train: 0.8032 acc_val: 0.8083
2024-04-20 18:10:33,020:INFO:Epoch: 0270 loss_train: 45.7183 acc_train: 0.8037 acc_val: 0.8083
2024-04-20 18:10:40,758:INFO:Epoch: 0271 loss_train: 45.7454 acc_train: 0.8032 acc_val: 0.8080
2024-04-20 18:10:48,489:INFO:Epoch: 0272 loss_train: 45.7992 acc_train: 0.8032 acc_val: 0.8063
2024-04-20 18:10:56,160:INFO:Epoch: 0273 loss_train: 45.8690 acc_train: 0.8034 acc_val: 0.8093
2024-04-20 18:11:03,827:INFO:Epoch: 0274 loss_train: 45.9162 acc_train: 0.8034 acc_val: 0.8095
2024-04-20 18:11:11,541:INFO:Epoch: 0275 loss_train: 45.9642 acc_train: 0.8027 acc_val: 0.8097
2024-04-20 18:11:19,205:INFO:Epoch: 0276 loss_train: 45.8132 acc_train: 0.8033 acc_val: 0.8080
2024-04-20 18:11:26,870:INFO:Epoch: 0277 loss_train: 45.8655 acc_train: 0.8035 acc_val: 0.8087
2024-04-20 18:11:34,780:INFO:Epoch: 0278 loss_train: 45.7936 acc_train: 0.8038 acc_val: 0.8087
2024-04-20 18:11:42,545:INFO:Epoch: 0279 loss_train: 45.7470 acc_train: 0.8040 acc_val: 0.8095
2024-04-20 18:11:50,215:INFO:Epoch: 0280 loss_train: 45.7598 acc_train: 0.8038 acc_val: 0.8060
2024-04-20 18:11:57,949:INFO:Epoch: 0281 loss_train: 45.7849 acc_train: 0.8036 acc_val: 0.8085
2024-04-20 18:12:05,676:INFO:Epoch: 0282 loss_train: 45.8694 acc_train: 0.8036 acc_val: 0.8077
2024-04-20 18:12:13,515:INFO:Epoch: 0283 loss_train: 45.8080 acc_train: 0.8033 acc_val: 0.8087
2024-04-20 18:12:21,355:INFO:Epoch: 0284 loss_train: 45.8972 acc_train: 0.8045 acc_val: 0.8087
2024-04-20 18:12:29,226:INFO:Epoch: 0285 loss_train: 45.7402 acc_train: 0.8037 acc_val: 0.8067
2024-04-20 18:12:37,013:INFO:Epoch: 0286 loss_train: 45.6800 acc_train: 0.8030 acc_val: 0.8080
2024-04-20 18:12:44,686:INFO:Epoch: 0287 loss_train: 45.8060 acc_train: 0.8033 acc_val: 0.8087
2024-04-20 18:12:52,419:INFO:Epoch: 0288 loss_train: 45.7627 acc_train: 0.8029 acc_val: 0.8077
2024-04-20 18:13:00,266:INFO:Epoch: 0289 loss_train: 45.6938 acc_train: 0.8037 acc_val: 0.8095
2024-04-20 18:13:07,953:INFO:Epoch: 0290 loss_train: 45.6638 acc_train: 0.8041 acc_val: 0.8075
2024-04-20 18:13:15,782:INFO:Epoch: 0291 loss_train: 45.9125 acc_train: 0.8037 acc_val: 0.8087
2024-04-20 18:13:23,481:INFO:Epoch: 0292 loss_train: 45.6370 acc_train: 0.8030 acc_val: 0.8085
2024-04-20 18:13:31,245:INFO:Epoch: 0293 loss_train: 45.8242 acc_train: 0.8031 acc_val: 0.8087
2024-04-20 18:13:38,968:INFO:Epoch: 0294 loss_train: 45.9196 acc_train: 0.8041 acc_val: 0.8063
2024-04-20 18:13:46,654:INFO:Epoch: 0295 loss_train: 45.8546 acc_train: 0.8041 acc_val: 0.8070
2024-04-20 18:13:54,687:INFO:Epoch: 0296 loss_train: 45.7586 acc_train: 0.8038 acc_val: 0.8075
2024-04-20 18:14:02,447:INFO:Epoch: 0297 loss_train: 45.8764 acc_train: 0.8029 acc_val: 0.8095
2024-04-20 18:14:10,111:INFO:Epoch: 0298 loss_train: 45.7649 acc_train: 0.8038 acc_val: 0.8083
2024-04-20 18:14:17,891:INFO:Epoch: 0299 loss_train: 45.8263 acc_train: 0.8028 acc_val: 0.8085
2024-04-20 18:14:25,996:INFO:Epoch: 0300 loss_train: 45.7476 acc_train: 0.8027 acc_val: 0.8090
2024-04-20 18:14:33,726:INFO:Epoch: 0301 loss_train: 45.8195 acc_train: 0.8037 acc_val: 0.8097
2024-04-20 18:14:41,440:INFO:Epoch: 0302 loss_train: 45.6943 acc_train: 0.8030 acc_val: 0.8095
2024-04-20 18:14:49,105:INFO:Epoch: 0303 loss_train: 45.6688 acc_train: 0.8030 acc_val: 0.8083
2024-04-20 18:14:56,767:INFO:Epoch: 0304 loss_train: 45.7962 acc_train: 0.8030 acc_val: 0.8090
2024-04-20 18:15:04,490:INFO:Epoch: 0305 loss_train: 45.7635 acc_train: 0.8032 acc_val: 0.8065
2024-04-20 18:15:12,262:INFO:Epoch: 0306 loss_train: 45.7356 acc_train: 0.8030 acc_val: 0.8095
2024-04-20 18:15:20,057:INFO:Epoch: 0307 loss_train: 45.7376 acc_train: 0.8029 acc_val: 0.8070
2024-04-20 18:15:27,839:INFO:Epoch: 0308 loss_train: 45.8490 acc_train: 0.8043 acc_val: 0.8080
2024-04-20 18:15:35,622:INFO:Epoch: 0309 loss_train: 45.8056 acc_train: 0.8033 acc_val: 0.8087
2024-04-20 18:15:43,397:INFO:Epoch: 0310 loss_train: 45.6865 acc_train: 0.8028 acc_val: 0.8093
2024-04-20 18:15:51,075:INFO:Epoch: 0311 loss_train: 45.7307 acc_train: 0.8036 acc_val: 0.8065
2024-04-20 18:15:58,735:INFO:Epoch: 0312 loss_train: 45.6672 acc_train: 0.8033 acc_val: 0.8083
2024-04-20 18:16:06,550:INFO:Epoch: 0313 loss_train: 45.7599 acc_train: 0.8028 acc_val: 0.8095
2024-04-20 18:16:14,414:INFO:Epoch: 0314 loss_train: 45.6580 acc_train: 0.8042 acc_val: 0.8093
2024-04-20 18:16:22,262:INFO:Epoch: 0315 loss_train: 45.6488 acc_train: 0.8033 acc_val: 0.8085
2024-04-20 18:16:30,070:INFO:Epoch: 0316 loss_train: 45.6315 acc_train: 0.8047 acc_val: 0.8075
2024-04-20 18:16:37,800:INFO:Epoch: 0317 loss_train: 45.8034 acc_train: 0.8040 acc_val: 0.8083
2024-04-20 18:16:45,584:INFO:Epoch: 0318 loss_train: 45.7200 acc_train: 0.8035 acc_val: 0.8097
2024-04-20 18:16:53,370:INFO:Epoch: 0319 loss_train: 45.7267 acc_train: 0.8039 acc_val: 0.8095
2024-04-20 18:17:01,226:INFO:Epoch: 0320 loss_train: 45.6285 acc_train: 0.8030 acc_val: 0.8085
2024-04-20 18:17:08,944:INFO:Epoch: 0321 loss_train: 45.5679 acc_train: 0.8032 acc_val: 0.8060
2024-04-20 18:17:16,708:INFO:Epoch: 0322 loss_train: 45.6332 acc_train: 0.8034 acc_val: 0.8077
2024-04-20 18:17:24,473:INFO:Epoch: 0323 loss_train: 45.7835 acc_train: 0.8041 acc_val: 0.8090
2024-04-20 18:17:32,197:INFO:Epoch: 0324 loss_train: 45.6920 acc_train: 0.8033 acc_val: 0.8083
2024-04-20 18:17:39,986:INFO:Epoch: 0325 loss_train: 45.7220 acc_train: 0.8040 acc_val: 0.8087
2024-04-20 18:17:47,708:INFO:Epoch: 0326 loss_train: 45.5776 acc_train: 0.8036 acc_val: 0.8095
2024-04-20 18:17:55,564:INFO:Epoch: 0327 loss_train: 45.7499 acc_train: 0.8048 acc_val: 0.8085
2024-04-20 18:18:03,396:INFO:Epoch: 0328 loss_train: 45.6105 acc_train: 0.8040 acc_val: 0.8085
2024-04-20 18:18:11,223:INFO:Epoch: 0329 loss_train: 45.6908 acc_train: 0.8040 acc_val: 0.8077
2024-04-20 18:18:18,919:INFO:Epoch: 0330 loss_train: 45.6451 acc_train: 0.8041 acc_val: 0.8080
2024-04-20 18:18:26,672:INFO:Epoch: 0331 loss_train: 45.6681 acc_train: 0.8044 acc_val: 0.8090
2024-04-20 18:18:34,345:INFO:Epoch: 0332 loss_train: 45.6420 acc_train: 0.8036 acc_val: 0.8075
2024-04-20 18:18:42,042:INFO:Epoch: 0333 loss_train: 45.7875 acc_train: 0.8034 acc_val: 0.8070
2024-04-20 18:18:49,723:INFO:Epoch: 0334 loss_train: 45.6533 acc_train: 0.8040 acc_val: 0.8085
2024-04-20 18:18:57,504:INFO:Epoch: 0335 loss_train: 45.6974 acc_train: 0.8040 acc_val: 0.8093
2024-04-20 18:19:05,399:INFO:Epoch: 0336 loss_train: 45.7752 acc_train: 0.8035 acc_val: 0.8093
2024-04-20 18:19:13,114:INFO:Epoch: 0337 loss_train: 45.6605 acc_train: 0.8038 acc_val: 0.8083
2024-04-20 18:19:20,818:INFO:Epoch: 0338 loss_train: 45.7360 acc_train: 0.8042 acc_val: 0.8095
2024-04-20 18:19:28,522:INFO:Epoch: 0339 loss_train: 45.6715 acc_train: 0.8035 acc_val: 0.8083
2024-04-20 18:19:36,234:INFO:Epoch: 0340 loss_train: 45.4977 acc_train: 0.8039 acc_val: 0.8077
2024-04-20 18:19:44,064:INFO:Epoch: 0341 loss_train: 45.6853 acc_train: 0.8030 acc_val: 0.8080
2024-04-20 18:19:51,878:INFO:Epoch: 0342 loss_train: 45.5849 acc_train: 0.8040 acc_val: 0.8095
2024-04-20 18:19:59,719:INFO:Epoch: 0343 loss_train: 45.6270 acc_train: 0.8037 acc_val: 0.8067
2024-04-20 18:20:07,537:INFO:Epoch: 0344 loss_train: 45.6349 acc_train: 0.8040 acc_val: 0.8053
2024-04-20 18:20:15,346:INFO:Epoch: 0345 loss_train: 45.6954 acc_train: 0.8036 acc_val: 0.8070
2024-04-20 18:20:23,154:INFO:Epoch: 0346 loss_train: 45.7279 acc_train: 0.8035 acc_val: 0.8095
2024-04-20 18:20:30,967:INFO:Epoch: 0347 loss_train: 45.6404 acc_train: 0.8041 acc_val: 0.8095
2024-04-20 18:20:38,778:INFO:Epoch: 0348 loss_train: 45.6427 acc_train: 0.8047 acc_val: 0.8085
2024-04-20 18:20:46,589:INFO:Epoch: 0349 loss_train: 45.5877 acc_train: 0.8037 acc_val: 0.8083
2024-04-20 18:20:54,449:INFO:Epoch: 0350 loss_train: 45.5699 acc_train: 0.8035 acc_val: 0.8080
2024-04-20 18:21:02,361:INFO:Epoch: 0351 loss_train: 45.6058 acc_train: 0.8032 acc_val: 0.8090
2024-04-20 18:21:10,231:INFO:Epoch: 0352 loss_train: 45.6639 acc_train: 0.8042 acc_val: 0.8073
2024-04-20 18:21:18,143:INFO:Epoch: 0353 loss_train: 45.6311 acc_train: 0.8036 acc_val: 0.8077
2024-04-20 18:21:26,065:INFO:Epoch: 0354 loss_train: 45.8171 acc_train: 0.8039 acc_val: 0.8065
2024-04-20 18:21:33,998:INFO:Epoch: 0355 loss_train: 45.8262 acc_train: 0.8027 acc_val: 0.8063
2024-04-20 18:21:41,803:INFO:Epoch: 0356 loss_train: 45.7990 acc_train: 0.8041 acc_val: 0.8087
2024-04-20 18:21:49,527:INFO:Epoch: 0357 loss_train: 45.5465 acc_train: 0.8038 acc_val: 0.8093
2024-04-20 18:21:57,229:INFO:Epoch: 0358 loss_train: 45.5266 acc_train: 0.8041 acc_val: 0.8073
2024-04-20 18:22:04,951:INFO:Epoch: 0359 loss_train: 45.5452 acc_train: 0.8048 acc_val: 0.8093
2024-04-20 18:22:12,635:INFO:Epoch: 0360 loss_train: 45.6263 acc_train: 0.8040 acc_val: 0.8085
2024-04-20 18:22:20,381:INFO:Epoch: 0361 loss_train: 45.5825 acc_train: 0.8044 acc_val: 0.8077
2024-04-20 18:22:28,083:INFO:Epoch: 0362 loss_train: 45.6090 acc_train: 0.8034 acc_val: 0.8085
2024-04-20 18:22:35,827:INFO:Epoch: 0363 loss_train: 45.8161 acc_train: 0.8042 acc_val: 0.8080
2024-04-20 18:22:43,637:INFO:Epoch: 0364 loss_train: 45.5883 acc_train: 0.8041 acc_val: 0.8083
2024-04-20 18:22:51,496:INFO:Epoch: 0365 loss_train: 45.3786 acc_train: 0.8044 acc_val: 0.8085
2024-04-20 18:22:59,302:INFO:Epoch: 0366 loss_train: 45.6324 acc_train: 0.8036 acc_val: 0.8080
2024-04-20 18:23:07,081:INFO:Epoch: 0367 loss_train: 45.7414 acc_train: 0.8040 acc_val: 0.8067
2024-04-20 18:23:14,778:INFO:Epoch: 0368 loss_train: 45.5322 acc_train: 0.8042 acc_val: 0.8055
2024-04-20 18:23:22,476:INFO:Epoch: 0369 loss_train: 45.7073 acc_train: 0.8035 acc_val: 0.8085
2024-04-20 18:23:30,204:INFO:Epoch: 0370 loss_train: 45.5659 acc_train: 0.8040 acc_val: 0.8085
2024-04-20 18:23:37,974:INFO:Epoch: 0371 loss_train: 45.5119 acc_train: 0.8042 acc_val: 0.8080
2024-04-20 18:23:45,746:INFO:Epoch: 0372 loss_train: 45.7914 acc_train: 0.8037 acc_val: 0.8077
2024-04-20 18:23:53,488:INFO:Epoch: 0373 loss_train: 45.5724 acc_train: 0.8045 acc_val: 0.8057
2024-04-20 18:24:01,231:INFO:Epoch: 0374 loss_train: 45.5915 acc_train: 0.8044 acc_val: 0.8075
2024-04-20 18:24:08,983:INFO:Epoch: 0375 loss_train: 45.4956 acc_train: 0.8048 acc_val: 0.8077
2024-04-20 18:24:16,767:INFO:Epoch: 0376 loss_train: 45.5554 acc_train: 0.8048 acc_val: 0.8093
2024-04-20 18:24:24,569:INFO:Epoch: 0377 loss_train: 45.6337 acc_train: 0.8038 acc_val: 0.8075
2024-04-20 18:24:32,437:INFO:Epoch: 0378 loss_train: 45.7002 acc_train: 0.8037 acc_val: 0.8085
2024-04-20 18:24:40,319:INFO:Epoch: 0379 loss_train: 45.5594 acc_train: 0.8040 acc_val: 0.8095
2024-04-20 18:24:48,210:INFO:Epoch: 0380 loss_train: 45.6630 acc_train: 0.8040 acc_val: 0.8083
2024-04-20 18:24:56,161:INFO:Epoch: 0381 loss_train: 45.6226 acc_train: 0.8050 acc_val: 0.8093
2024-04-20 18:25:04,264:INFO:Epoch: 0382 loss_train: 45.6367 acc_train: 0.8040 acc_val: 0.8087
2024-04-20 18:25:12,174:INFO:Epoch: 0383 loss_train: 45.4370 acc_train: 0.8039 acc_val: 0.8075
2024-04-20 18:25:20,007:INFO:Epoch: 0384 loss_train: 45.5967 acc_train: 0.8047 acc_val: 0.8047
2024-04-20 18:25:27,861:INFO:Epoch: 0385 loss_train: 45.6323 acc_train: 0.8044 acc_val: 0.8080
2024-04-20 18:25:35,668:INFO:Epoch: 0386 loss_train: 45.7011 acc_train: 0.8037 acc_val: 0.8070
2024-04-20 18:25:43,548:INFO:Epoch: 0387 loss_train: 45.6066 acc_train: 0.8045 acc_val: 0.8095
2024-04-20 18:25:51,449:INFO:Epoch: 0388 loss_train: 45.4726 acc_train: 0.8045 acc_val: 0.8093
2024-04-20 18:25:59,260:INFO:Epoch: 0389 loss_train: 45.6206 acc_train: 0.8031 acc_val: 0.8063
2024-04-20 18:26:07,174:INFO:Epoch: 0390 loss_train: 45.6102 acc_train: 0.8042 acc_val: 0.8103
2024-04-20 18:26:14,988:INFO:Epoch: 0391 loss_train: 45.5739 acc_train: 0.8044 acc_val: 0.8060
2024-04-20 18:26:22,873:INFO:Epoch: 0392 loss_train: 45.5139 acc_train: 0.8049 acc_val: 0.8083
2024-04-20 18:26:30,741:INFO:Epoch: 0393 loss_train: 45.5964 acc_train: 0.8043 acc_val: 0.8055
2024-04-20 18:26:38,618:INFO:Epoch: 0394 loss_train: 45.8329 acc_train: 0.8039 acc_val: 0.8080
2024-04-20 18:26:46,430:INFO:Epoch: 0395 loss_train: 45.5553 acc_train: 0.8045 acc_val: 0.8083
2024-04-20 18:26:54,241:INFO:Epoch: 0396 loss_train: 45.6837 acc_train: 0.8031 acc_val: 0.8095
2024-04-20 18:27:02,163:INFO:Epoch: 0397 loss_train: 45.7751 acc_train: 0.8041 acc_val: 0.8083
2024-04-20 18:27:09,979:INFO:Epoch: 0398 loss_train: 45.5809 acc_train: 0.8041 acc_val: 0.8095
2024-04-20 18:27:17,838:INFO:Epoch: 0399 loss_train: 45.5951 acc_train: 0.8046 acc_val: 0.8073
2024-04-20 18:27:25,647:INFO:Epoch: 0400 loss_train: 45.4674 acc_train: 0.8043 acc_val: 0.8080
2024-04-20 18:27:33,462:INFO:Epoch: 0401 loss_train: 45.6378 acc_train: 0.8043 acc_val: 0.8077
2024-04-20 18:27:41,314:INFO:Epoch: 0402 loss_train: 45.5250 acc_train: 0.8056 acc_val: 0.8080
2024-04-20 18:27:49,198:INFO:Epoch: 0403 loss_train: 45.5298 acc_train: 0.8042 acc_val: 0.8077
2024-04-20 18:27:57,106:INFO:Epoch: 0404 loss_train: 45.4578 acc_train: 0.8043 acc_val: 0.8065
2024-04-20 18:28:04,949:INFO:Epoch: 0405 loss_train: 45.5626 acc_train: 0.8044 acc_val: 0.8025
2024-04-20 18:28:12,800:INFO:Epoch: 0406 loss_train: 45.6797 acc_train: 0.8043 acc_val: 0.8073
2024-04-20 18:28:20,609:INFO:Epoch: 0407 loss_train: 45.5543 acc_train: 0.8044 acc_val: 0.8073
2024-04-20 18:28:28,307:INFO:Epoch: 0408 loss_train: 45.5073 acc_train: 0.8039 acc_val: 0.8077
2024-04-20 18:28:35,998:INFO:Epoch: 0409 loss_train: 45.5502 acc_train: 0.8051 acc_val: 0.8047
2024-04-20 18:28:43,695:INFO:Epoch: 0410 loss_train: 45.6457 acc_train: 0.8040 acc_val: 0.8080
2024-04-20 18:28:51,396:INFO:Epoch: 0411 loss_train: 45.5743 acc_train: 0.8047 acc_val: 0.8090
2024-04-20 18:28:59,183:INFO:Epoch: 0412 loss_train: 45.4678 acc_train: 0.8043 acc_val: 0.8087
2024-04-20 18:29:07,186:INFO:Epoch: 0413 loss_train: 45.8099 acc_train: 0.8049 acc_val: 0.8077
2024-04-20 18:29:14,921:INFO:Epoch: 0414 loss_train: 45.5744 acc_train: 0.8045 acc_val: 0.8065
2024-04-20 18:29:22,650:INFO:Epoch: 0415 loss_train: 45.5401 acc_train: 0.8046 acc_val: 0.8090
2024-04-20 18:29:30,642:INFO:Epoch: 0416 loss_train: 45.5593 acc_train: 0.8050 acc_val: 0.8073
2024-04-20 18:29:38,563:INFO:Epoch: 0417 loss_train: 45.6246 acc_train: 0.8047 acc_val: 0.8087
2024-04-20 18:29:46,394:INFO:Epoch: 0418 loss_train: 45.3706 acc_train: 0.8040 acc_val: 0.8085
2024-04-20 18:29:54,226:INFO:Epoch: 0419 loss_train: 45.5887 acc_train: 0.8046 acc_val: 0.8080
2024-04-20 18:30:02,092:INFO:Epoch: 0420 loss_train: 45.4059 acc_train: 0.8042 acc_val: 0.8085
2024-04-20 18:30:09,901:INFO:Epoch: 0421 loss_train: 45.5005 acc_train: 0.8050 acc_val: 0.8083
2024-04-20 18:30:17,625:INFO:Epoch: 0422 loss_train: 45.5285 acc_train: 0.8038 acc_val: 0.8055
2024-04-20 18:30:25,404:INFO:Epoch: 0423 loss_train: 45.5093 acc_train: 0.8040 acc_val: 0.8070
2024-04-20 18:30:33,185:INFO:Epoch: 0424 loss_train: 45.4424 acc_train: 0.8042 acc_val: 0.8067
2024-04-20 18:30:41,116:INFO:Epoch: 0425 loss_train: 45.5002 acc_train: 0.8045 acc_val: 0.8070
2024-04-20 18:30:48,809:INFO:Epoch: 0426 loss_train: 45.7473 acc_train: 0.8051 acc_val: 0.8100
2024-04-20 18:30:56,473:INFO:Epoch: 0427 loss_train: 45.5616 acc_train: 0.8048 acc_val: 0.8067
2024-04-20 18:31:04,140:INFO:Epoch: 0428 loss_train: 45.4834 acc_train: 0.8044 acc_val: 0.8075
2024-04-20 18:31:12,044:INFO:Epoch: 0429 loss_train: 45.5299 acc_train: 0.8042 acc_val: 0.8093
2024-04-20 18:31:20,077:INFO:Epoch: 0430 loss_train: 45.5402 acc_train: 0.8051 acc_val: 0.8075
2024-04-20 18:31:28,048:INFO:Epoch: 0431 loss_train: 45.6206 acc_train: 0.8049 acc_val: 0.8065
2024-04-20 18:31:36,019:INFO:Epoch: 0432 loss_train: 45.6503 acc_train: 0.8044 acc_val: 0.8090
2024-04-20 18:31:44,165:INFO:Epoch: 0433 loss_train: 45.5146 acc_train: 0.8041 acc_val: 0.8097
2024-04-20 18:31:51,833:INFO:Epoch: 0434 loss_train: 45.3669 acc_train: 0.8050 acc_val: 0.8063
2024-04-20 18:31:59,665:INFO:Epoch: 0435 loss_train: 45.3788 acc_train: 0.8049 acc_val: 0.8063
2024-04-20 18:32:07,521:INFO:Epoch: 0436 loss_train: 45.6365 acc_train: 0.8052 acc_val: 0.8070
2024-04-20 18:32:15,201:INFO:Epoch: 0437 loss_train: 45.5102 acc_train: 0.8051 acc_val: 0.8065
2024-04-20 18:32:22,870:INFO:Epoch: 0438 loss_train: 45.5660 acc_train: 0.8043 acc_val: 0.8070
2024-04-20 18:32:30,541:INFO:Epoch: 0439 loss_train: 45.5128 acc_train: 0.8044 acc_val: 0.8093
2024-04-20 18:32:38,210:INFO:Epoch: 0440 loss_train: 45.3468 acc_train: 0.8050 acc_val: 0.8087
2024-04-20 18:32:45,895:INFO:Epoch: 0441 loss_train: 45.4473 acc_train: 0.8051 acc_val: 0.8060
2024-04-20 18:32:53,604:INFO:Epoch: 0442 loss_train: 45.4859 acc_train: 0.8049 acc_val: 0.8067
2024-04-20 18:33:01,273:INFO:Epoch: 0443 loss_train: 45.5839 acc_train: 0.8044 acc_val: 0.8070
2024-04-20 18:33:08,942:INFO:Epoch: 0444 loss_train: 45.4764 acc_train: 0.8038 acc_val: 0.8100
2024-04-20 18:33:16,615:INFO:Epoch: 0445 loss_train: 45.4675 acc_train: 0.8039 acc_val: 0.8085
2024-04-20 18:33:24,327:INFO:Epoch: 0446 loss_train: 45.5629 acc_train: 0.8055 acc_val: 0.8087
2024-04-20 18:33:32,003:INFO:Epoch: 0447 loss_train: 45.4594 acc_train: 0.8049 acc_val: 0.8063
2024-04-20 18:33:39,716:INFO:Epoch: 0448 loss_train: 45.4187 acc_train: 0.8054 acc_val: 0.8077
2024-04-20 18:33:47,466:INFO:Epoch: 0449 loss_train: 45.4376 acc_train: 0.8049 acc_val: 0.8083
2024-04-20 18:33:55,151:INFO:Epoch: 0450 loss_train: 45.4219 acc_train: 0.8045 acc_val: 0.8087
2024-04-20 18:34:02,837:INFO:Epoch: 0451 loss_train: 45.6427 acc_train: 0.8042 acc_val: 0.8073
2024-04-20 18:34:10,547:INFO:Epoch: 0452 loss_train: 45.4219 acc_train: 0.8054 acc_val: 0.8070
2024-04-20 18:34:18,282:INFO:Epoch: 0453 loss_train: 45.3426 acc_train: 0.8055 acc_val: 0.8093
2024-04-20 18:34:26,182:INFO:Epoch: 0454 loss_train: 45.4456 acc_train: 0.8046 acc_val: 0.8073
2024-04-20 18:34:33,873:INFO:Epoch: 0455 loss_train: 45.5169 acc_train: 0.8055 acc_val: 0.8090
2024-04-20 18:34:41,647:INFO:Epoch: 0456 loss_train: 45.4470 acc_train: 0.8049 acc_val: 0.8087
2024-04-20 18:34:49,336:INFO:Epoch: 0457 loss_train: 45.5580 acc_train: 0.8054 acc_val: 0.8083
2024-04-20 18:34:57,030:INFO:Epoch: 0458 loss_train: 45.5059 acc_train: 0.8037 acc_val: 0.8087
2024-04-20 18:35:04,732:INFO:Epoch: 0459 loss_train: 45.5094 acc_train: 0.8049 acc_val: 0.8080
2024-04-20 18:35:12,419:INFO:Epoch: 0460 loss_train: 45.4841 acc_train: 0.8048 acc_val: 0.8070
2024-04-20 18:35:20,119:INFO:Epoch: 0461 loss_train: 45.3602 acc_train: 0.8050 acc_val: 0.8065
2024-04-20 18:35:27,808:INFO:Epoch: 0462 loss_train: 45.4945 acc_train: 0.8053 acc_val: 0.8073
2024-04-20 18:35:35,499:INFO:Epoch: 0463 loss_train: 45.3536 acc_train: 0.8053 acc_val: 0.8075
2024-04-20 18:35:43,191:INFO:Epoch: 0464 loss_train: 45.4862 acc_train: 0.8055 acc_val: 0.8073
2024-04-20 18:35:50,881:INFO:Epoch: 0465 loss_train: 45.5131 acc_train: 0.8049 acc_val: 0.8070
2024-04-20 18:35:58,570:INFO:Epoch: 0466 loss_train: 45.5692 acc_train: 0.8048 acc_val: 0.8055
2024-04-20 18:36:06,267:INFO:Epoch: 0467 loss_train: 45.4588 acc_train: 0.8044 acc_val: 0.8080
2024-04-20 18:36:13,964:INFO:Epoch: 0468 loss_train: 45.4296 acc_train: 0.8061 acc_val: 0.8090
2024-04-20 18:36:21,708:INFO:Epoch: 0469 loss_train: 45.4614 acc_train: 0.8055 acc_val: 0.8083
2024-04-20 18:36:29,510:INFO:Epoch: 0470 loss_train: 45.3269 acc_train: 0.8052 acc_val: 0.8077
2024-04-20 18:36:37,313:INFO:Epoch: 0471 loss_train: 45.3284 acc_train: 0.8042 acc_val: 0.8077
2024-04-20 18:36:45,234:INFO:Epoch: 0472 loss_train: 45.4691 acc_train: 0.8057 acc_val: 0.8080
2024-04-20 18:36:53,074:INFO:Epoch: 0473 loss_train: 45.5095 acc_train: 0.8044 acc_val: 0.8075
2024-04-20 18:37:00,925:INFO:Epoch: 0474 loss_train: 45.3055 acc_train: 0.8059 acc_val: 0.8087
2024-04-20 18:37:08,611:INFO:Epoch: 0475 loss_train: 45.3950 acc_train: 0.8051 acc_val: 0.8077
2024-04-20 18:37:16,365:INFO:Epoch: 0476 loss_train: 45.4168 acc_train: 0.8050 acc_val: 0.8073
2024-04-20 18:37:24,124:INFO:Epoch: 0477 loss_train: 45.3583 acc_train: 0.8056 acc_val: 0.8083
2024-04-20 18:37:31,813:INFO:Epoch: 0478 loss_train: 45.6294 acc_train: 0.8052 acc_val: 0.8080
2024-04-20 18:37:39,605:INFO:Epoch: 0479 loss_train: 45.4429 acc_train: 0.8047 acc_val: 0.8077
2024-04-20 18:37:47,404:INFO:Epoch: 0480 loss_train: 45.3421 acc_train: 0.8051 acc_val: 0.8087
2024-04-20 18:37:55,226:INFO:Epoch: 0481 loss_train: 45.3015 acc_train: 0.8049 acc_val: 0.8075
2024-04-20 18:38:02,923:INFO:Epoch: 0482 loss_train: 45.3272 acc_train: 0.8048 acc_val: 0.8073
2024-04-20 18:38:10,676:INFO:Epoch: 0483 loss_train: 45.4068 acc_train: 0.8049 acc_val: 0.8063
2024-04-20 18:38:18,359:INFO:Epoch: 0484 loss_train: 45.3816 acc_train: 0.8053 acc_val: 0.8075
2024-04-20 18:38:26,058:INFO:Epoch: 0485 loss_train: 45.5272 acc_train: 0.8051 acc_val: 0.8090
2024-04-20 18:38:33,813:INFO:Epoch: 0486 loss_train: 45.3867 acc_train: 0.8047 acc_val: 0.8077
2024-04-20 18:38:41,698:INFO:Epoch: 0487 loss_train: 45.3876 acc_train: 0.8048 acc_val: 0.8080
2024-04-20 18:38:49,517:INFO:Epoch: 0488 loss_train: 45.3624 acc_train: 0.8048 acc_val: 0.8057
2024-04-20 18:38:57,339:INFO:Epoch: 0489 loss_train: 45.4112 acc_train: 0.8048 acc_val: 0.8070
2024-04-20 18:39:05,166:INFO:Epoch: 0490 loss_train: 45.2370 acc_train: 0.8050 acc_val: 0.8073
2024-04-20 18:39:13,030:INFO:Epoch: 0491 loss_train: 45.4566 acc_train: 0.8056 acc_val: 0.8080
2024-04-20 18:39:20,908:INFO:Epoch: 0492 loss_train: 45.4361 acc_train: 0.8049 acc_val: 0.8083
2024-04-20 18:39:28,657:INFO:Epoch: 0493 loss_train: 45.5629 acc_train: 0.8046 acc_val: 0.8077
2024-04-20 18:39:36,417:INFO:Epoch: 0494 loss_train: 45.3893 acc_train: 0.8059 acc_val: 0.8067
2024-04-20 18:39:44,161:INFO:Epoch: 0495 loss_train: 45.3500 acc_train: 0.8052 acc_val: 0.8075
2024-04-20 18:39:51,852:INFO:Epoch: 0496 loss_train: 45.3719 acc_train: 0.8051 acc_val: 0.8047
2024-04-20 18:39:59,695:INFO:Epoch: 0497 loss_train: 45.3606 acc_train: 0.8058 acc_val: 0.8085
2024-04-20 18:40:07,443:INFO:Epoch: 0498 loss_train: 45.3299 acc_train: 0.8052 acc_val: 0.8077
2024-04-20 18:40:15,443:INFO:Epoch: 0499 loss_train: 45.4295 acc_train: 0.8047 acc_val: 0.8087
2024-04-20 18:40:23,244:INFO:Epoch: 0500 loss_train: 45.4107 acc_train: 0.8055 acc_val: 0.8073
2024-04-20 18:40:23,248:INFO:Optimization Finished! Total time elapsed: 3909.039188
2024-04-20 22:18:32,433:INFO:Freezing Mamba layers to compare performance
2024-04-20 22:18:32,434:INFO:Current date and time:2024-04-20 22:18:32.434705
2024-04-20 22:18:32,434:INFO:{'dataset_name': 'hpo_neuro', 'learning_rate': 0.001, 'weight_decay': 0.01, 'batch_size': 32, 'augment': 1, 'epochs': 500, 'patience': 100, 'hidden_dim': 16, 'mamba_dim': 16, 'seqlength': 500, 'hops': 0, 'num_classes': 10, 'multilabel': True, 'embeddings_filename': 'graphsaint_gcn_embeddings.pth'}
2024-04-20 22:18:35,678:INFO:Epoch: 0001 loss_train: 59.2249 acc_train: 0.7230 acc_val: 0.7863
2024-04-20 22:18:37,741:INFO:Epoch: 0002 loss_train: 50.4386 acc_train: 0.7974 acc_val: 0.8037
2024-04-20 22:18:39,796:INFO:Epoch: 0003 loss_train: 49.9838 acc_train: 0.7982 acc_val: 0.8037
2024-04-20 22:18:41,851:INFO:Epoch: 0004 loss_train: 49.9152 acc_train: 0.7982 acc_val: 0.8037
2024-04-20 22:18:43,904:INFO:Epoch: 0005 loss_train: 49.9158 acc_train: 0.7982 acc_val: 0.8037
2024-04-20 22:18:45,957:INFO:Epoch: 0006 loss_train: 49.8030 acc_train: 0.7982 acc_val: 0.8037
2024-04-20 22:18:48,013:INFO:Epoch: 0007 loss_train: 49.7167 acc_train: 0.7982 acc_val: 0.8037
2024-04-20 22:18:50,067:INFO:Epoch: 0008 loss_train: 49.5373 acc_train: 0.7981 acc_val: 0.8037
