2024-04-20 08:42:47,985:INFO:Current date and time:2024-04-20 08:42:47.984972
2024-04-20 08:42:47,986:INFO:{'dataset_name': 'hpo_metab', 'learning_rate': 0.001, 'weight_decay': 0.01, 'batch_size': 32, 'augment': 1, 'epochs': 500, 'patience': 100, 'hidden_dim': 16, 'mamba_dim': 16, 'seqlength': 5000, 'hops': 3, 'num_classes': 6, 'multilabel': False, 'embeddings_filename': 'graphsaint_gcn_embeddings.pth'}
2024-04-20 08:42:56,071:INFO:Epoch: 0001 loss_train: 111.8516 acc_train: 0.1957 acc_val: 0.2254
2024-04-20 08:43:00,644:INFO:Epoch: 0002 loss_train: 106.3391 acc_train: 0.2301 acc_val: 0.2869
2024-04-20 08:43:05,285:INFO:Epoch: 0003 loss_train: 105.3288 acc_train: 0.2467 acc_val: 0.2172
2024-04-20 08:43:09,947:INFO:Epoch: 0004 loss_train: 105.8060 acc_train: 0.2290 acc_val: 0.2213
2024-04-20 08:43:14,556:INFO:Epoch: 0005 loss_train: 104.8257 acc_train: 0.2566 acc_val: 0.2131
2024-04-20 08:43:19,149:INFO:Epoch: 0006 loss_train: 104.8536 acc_train: 0.2467 acc_val: 0.2295
2024-04-20 08:43:23,806:INFO:Epoch: 0007 loss_train: 104.4285 acc_train: 0.2499 acc_val: 0.2090
2024-04-20 08:43:28,446:INFO:Epoch: 0008 loss_train: 106.4221 acc_train: 0.2467 acc_val: 0.2254
2024-04-20 08:43:33,109:INFO:Epoch: 0009 loss_train: 104.2919 acc_train: 0.2650 acc_val: 0.2008
2024-04-20 08:43:37,713:INFO:Epoch: 0010 loss_train: 105.8394 acc_train: 0.2608 acc_val: 0.1885
2024-04-20 08:43:42,369:INFO:Epoch: 0011 loss_train: 104.6352 acc_train: 0.2655 acc_val: 0.2254
2024-04-20 08:43:47,050:INFO:Epoch: 0012 loss_train: 104.3844 acc_train: 0.2629 acc_val: 0.2541
2024-04-20 08:43:51,678:INFO:Epoch: 0013 loss_train: 104.7221 acc_train: 0.2650 acc_val: 0.2336
2024-04-20 08:43:56,328:INFO:Epoch: 0014 loss_train: 104.0567 acc_train: 0.2546 acc_val: 0.2459
2024-04-20 08:44:00,936:INFO:Epoch: 0015 loss_train: 104.3290 acc_train: 0.2681 acc_val: 0.2336
2024-04-20 08:44:05,543:INFO:Epoch: 0016 loss_train: 104.5750 acc_train: 0.2728 acc_val: 0.2131
2024-04-20 08:44:10,153:INFO:Epoch: 0017 loss_train: 104.0718 acc_train: 0.2686 acc_val: 0.2459
2024-04-20 08:44:14,781:INFO:Epoch: 0018 loss_train: 104.9219 acc_train: 0.2608 acc_val: 0.2500
2024-04-20 08:44:19,416:INFO:Epoch: 0019 loss_train: 103.8475 acc_train: 0.2842 acc_val: 0.1967
2024-04-20 08:44:24,037:INFO:Epoch: 0020 loss_train: 104.2211 acc_train: 0.2587 acc_val: 0.2090
2024-04-20 08:44:28,651:INFO:Epoch: 0021 loss_train: 103.7446 acc_train: 0.2759 acc_val: 0.2418
2024-04-20 08:44:33,263:INFO:Epoch: 0022 loss_train: 103.9856 acc_train: 0.2644 acc_val: 0.2418
2024-04-20 08:44:38,392:INFO:Epoch: 0023 loss_train: 102.9050 acc_train: 0.2821 acc_val: 0.2295
2024-04-20 08:44:43,005:INFO:Epoch: 0024 loss_train: 103.7208 acc_train: 0.2738 acc_val: 0.2541
2024-04-20 08:44:47,643:INFO:Epoch: 0025 loss_train: 103.1932 acc_train: 0.2785 acc_val: 0.2623
2024-04-20 08:44:52,260:INFO:Epoch: 0026 loss_train: 103.1289 acc_train: 0.2832 acc_val: 0.2582
2024-04-20 08:44:56,867:INFO:Epoch: 0027 loss_train: 102.7172 acc_train: 0.2780 acc_val: 0.2336
2024-04-20 08:45:01,485:INFO:Epoch: 0028 loss_train: 102.5603 acc_train: 0.2915 acc_val: 0.2459
2024-04-20 08:45:06,100:INFO:Epoch: 0029 loss_train: 102.8824 acc_train: 0.2972 acc_val: 0.2049
2024-04-20 08:45:10,714:INFO:Epoch: 0030 loss_train: 103.1368 acc_train: 0.2858 acc_val: 0.2336
2024-04-20 08:45:15,327:INFO:Epoch: 0031 loss_train: 102.6154 acc_train: 0.2900 acc_val: 0.2008
2024-04-20 08:45:19,922:INFO:Epoch: 0032 loss_train: 101.7050 acc_train: 0.3009 acc_val: 0.2254
2024-04-20 08:45:24,635:INFO:Epoch: 0033 loss_train: 103.5278 acc_train: 0.2894 acc_val: 0.2254
2024-04-20 08:45:29,222:INFO:Epoch: 0034 loss_train: 103.0127 acc_train: 0.2775 acc_val: 0.2459
2024-04-20 08:45:33,824:INFO:Epoch: 0035 loss_train: 103.6410 acc_train: 0.2884 acc_val: 0.2500
2024-04-20 08:45:38,415:INFO:Epoch: 0036 loss_train: 102.5708 acc_train: 0.2988 acc_val: 0.2418
2024-04-20 08:45:43,012:INFO:Epoch: 0037 loss_train: 103.1496 acc_train: 0.2905 acc_val: 0.2295
2024-04-20 08:45:47,608:INFO:Epoch: 0038 loss_train: 102.2426 acc_train: 0.2900 acc_val: 0.2131
2024-04-20 08:45:52,204:INFO:Epoch: 0039 loss_train: 101.9253 acc_train: 0.2931 acc_val: 0.2500
2024-04-20 08:45:56,798:INFO:Epoch: 0040 loss_train: 103.3450 acc_train: 0.2931 acc_val: 0.2377
2024-04-20 08:46:01,434:INFO:Epoch: 0041 loss_train: 102.1505 acc_train: 0.2910 acc_val: 0.2254
2024-04-20 08:46:06,050:INFO:Epoch: 0042 loss_train: 102.3820 acc_train: 0.2941 acc_val: 0.2254
2024-04-20 08:46:10,675:INFO:Epoch: 0043 loss_train: 101.9065 acc_train: 0.2946 acc_val: 0.2336
2024-04-20 08:46:15,306:INFO:Epoch: 0044 loss_train: 102.4012 acc_train: 0.3024 acc_val: 0.2377
2024-04-20 08:46:19,934:INFO:Epoch: 0045 loss_train: 102.1635 acc_train: 0.2962 acc_val: 0.2418
2024-04-20 08:46:24,580:INFO:Epoch: 0046 loss_train: 102.5202 acc_train: 0.2910 acc_val: 0.2131
2024-04-20 08:46:29,201:INFO:Epoch: 0047 loss_train: 101.3135 acc_train: 0.2874 acc_val: 0.2459
2024-04-20 08:46:33,875:INFO:Epoch: 0048 loss_train: 102.7212 acc_train: 0.2842 acc_val: 0.2336
2024-04-20 08:46:38,482:INFO:Epoch: 0049 loss_train: 101.1532 acc_train: 0.3014 acc_val: 0.2295
2024-04-20 08:46:43,103:INFO:Epoch: 0050 loss_train: 101.6002 acc_train: 0.2946 acc_val: 0.1967
2024-04-20 08:46:47,711:INFO:Epoch: 0051 loss_train: 101.2558 acc_train: 0.2931 acc_val: 0.2336
2024-04-20 08:46:52,326:INFO:Epoch: 0052 loss_train: 101.9852 acc_train: 0.2978 acc_val: 0.2295
2024-04-20 08:46:56,938:INFO:Epoch: 0053 loss_train: 100.8142 acc_train: 0.2967 acc_val: 0.2336
2024-04-20 08:47:01,568:INFO:Epoch: 0054 loss_train: 101.6196 acc_train: 0.2967 acc_val: 0.2172
2024-04-20 08:47:06,188:INFO:Epoch: 0055 loss_train: 101.8322 acc_train: 0.2978 acc_val: 0.2418
2024-04-20 08:47:10,862:INFO:Epoch: 0056 loss_train: 101.4533 acc_train: 0.3082 acc_val: 0.2336
2024-04-20 08:47:15,799:INFO:Epoch: 0057 loss_train: 101.1195 acc_train: 0.3045 acc_val: 0.2131
2024-04-20 08:47:20,868:INFO:Epoch: 0058 loss_train: 100.0028 acc_train: 0.3061 acc_val: 0.2541
2024-04-20 08:47:25,582:INFO:Epoch: 0059 loss_train: 101.0543 acc_train: 0.3071 acc_val: 0.2459
2024-04-20 08:47:30,222:INFO:Epoch: 0060 loss_train: 101.5146 acc_train: 0.3134 acc_val: 0.2295
2024-04-20 08:47:34,883:INFO:Epoch: 0061 loss_train: 101.5203 acc_train: 0.3045 acc_val: 0.2172
2024-04-20 08:47:39,598:INFO:Epoch: 0062 loss_train: 101.2715 acc_train: 0.3077 acc_val: 0.2664
2024-04-20 08:47:44,788:INFO:Epoch: 0063 loss_train: 100.7268 acc_train: 0.3108 acc_val: 0.2213
2024-04-20 08:47:49,570:INFO:Epoch: 0064 loss_train: 101.1112 acc_train: 0.2894 acc_val: 0.2377
2024-04-20 08:47:54,397:INFO:Epoch: 0065 loss_train: 101.5365 acc_train: 0.3155 acc_val: 0.2336
2024-04-20 08:47:59,051:INFO:Epoch: 0066 loss_train: 99.7222 acc_train: 0.3181 acc_val: 0.2336
2024-04-20 08:48:03,678:INFO:Epoch: 0067 loss_train: 99.8599 acc_train: 0.3269 acc_val: 0.2336
2024-04-20 08:48:08,292:INFO:Epoch: 0068 loss_train: 99.0346 acc_train: 0.3149 acc_val: 0.2295
2024-04-20 08:48:12,911:INFO:Epoch: 0069 loss_train: 99.9359 acc_train: 0.3196 acc_val: 0.2664
2024-04-20 08:48:17,519:INFO:Epoch: 0070 loss_train: 100.0881 acc_train: 0.3290 acc_val: 0.2418
2024-04-20 08:48:22,154:INFO:Epoch: 0071 loss_train: 98.8080 acc_train: 0.3285 acc_val: 0.2664
2024-04-20 08:48:26,768:INFO:Epoch: 0072 loss_train: 99.1439 acc_train: 0.3139 acc_val: 0.2541
2024-04-20 08:48:31,390:INFO:Epoch: 0073 loss_train: 99.3389 acc_train: 0.3378 acc_val: 0.2500
2024-04-20 08:48:36,012:INFO:Epoch: 0074 loss_train: 99.0566 acc_train: 0.3227 acc_val: 0.2664
2024-04-20 08:48:40,632:INFO:Epoch: 0075 loss_train: 99.4140 acc_train: 0.3280 acc_val: 0.2213
2024-04-20 08:48:45,242:INFO:Epoch: 0076 loss_train: 99.1855 acc_train: 0.3347 acc_val: 0.2295
2024-04-20 08:48:49,853:INFO:Epoch: 0077 loss_train: 98.8050 acc_train: 0.3264 acc_val: 0.2623
2024-04-20 08:48:54,477:INFO:Epoch: 0078 loss_train: 97.6169 acc_train: 0.3535 acc_val: 0.2500
2024-04-20 08:48:59,098:INFO:Epoch: 0079 loss_train: 98.2808 acc_train: 0.3389 acc_val: 0.2336
2024-04-20 08:49:03,711:INFO:Epoch: 0080 loss_train: 97.4002 acc_train: 0.3332 acc_val: 0.2295
2024-04-20 08:49:08,382:INFO:Epoch: 0081 loss_train: 98.8337 acc_train: 0.3363 acc_val: 0.2582
2024-04-20 08:49:13,013:INFO:Epoch: 0082 loss_train: 97.5222 acc_train: 0.3373 acc_val: 0.2828
2024-04-20 08:49:17,632:INFO:Epoch: 0083 loss_train: 98.9897 acc_train: 0.3306 acc_val: 0.2377
2024-04-20 08:49:22,252:INFO:Epoch: 0084 loss_train: 99.6978 acc_train: 0.3243 acc_val: 0.2582
2024-04-20 08:49:26,910:INFO:Epoch: 0085 loss_train: 97.8014 acc_train: 0.3483 acc_val: 0.2787
2024-04-20 08:49:31,564:INFO:Epoch: 0086 loss_train: 96.7092 acc_train: 0.3618 acc_val: 0.2787
2024-04-20 08:49:36,182:INFO:Epoch: 0087 loss_train: 97.0670 acc_train: 0.3519 acc_val: 0.2746
2024-04-20 08:49:41,009:INFO:Epoch: 0088 loss_train: 96.8264 acc_train: 0.3457 acc_val: 0.2582
2024-04-20 08:49:45,616:INFO:Epoch: 0089 loss_train: 97.6055 acc_train: 0.3607 acc_val: 0.2828
2024-04-20 08:49:50,284:INFO:Epoch: 0090 loss_train: 96.1921 acc_train: 0.3503 acc_val: 0.2664
2024-04-20 08:49:54,900:INFO:Epoch: 0091 loss_train: 96.7138 acc_train: 0.3581 acc_val: 0.2500
2024-04-20 08:49:59,514:INFO:Epoch: 0092 loss_train: 97.1048 acc_train: 0.3535 acc_val: 0.2582
2024-04-20 08:50:04,257:INFO:Epoch: 0093 loss_train: 97.6609 acc_train: 0.3545 acc_val: 0.2582
2024-04-20 08:50:09,078:INFO:Epoch: 0094 loss_train: 96.5590 acc_train: 0.3613 acc_val: 0.2582
2024-04-20 08:50:13,866:INFO:Epoch: 0095 loss_train: 95.4123 acc_train: 0.3634 acc_val: 0.2377
2024-04-20 08:50:18,517:INFO:Epoch: 0096 loss_train: 97.6835 acc_train: 0.3592 acc_val: 0.2664
2024-04-20 08:50:23,192:INFO:Epoch: 0097 loss_train: 96.1224 acc_train: 0.3602 acc_val: 0.2418
2024-04-20 08:50:27,830:INFO:Epoch: 0098 loss_train: 95.7920 acc_train: 0.3738 acc_val: 0.2746
2024-04-20 08:50:32,497:INFO:Epoch: 0099 loss_train: 94.8859 acc_train: 0.3696 acc_val: 0.2336
2024-04-20 08:50:37,113:INFO:Epoch: 0100 loss_train: 94.9521 acc_train: 0.3743 acc_val: 0.2787
2024-04-20 08:50:41,731:INFO:Epoch: 0101 loss_train: 95.0572 acc_train: 0.3701 acc_val: 0.2664
2024-04-20 08:50:46,353:INFO:Epoch: 0102 loss_train: 95.9829 acc_train: 0.3769 acc_val: 0.2336
2024-04-20 08:50:46,356:INFO:PATIENCE THRESHOLD PASSED; DETECTED OVERFITTING
2024-04-20 08:50:50,984:INFO:Epoch: 0103 loss_train: 97.0980 acc_train: 0.3524 acc_val: 0.2664
2024-04-20 08:50:55,651:INFO:Epoch: 0104 loss_train: 95.4597 acc_train: 0.3764 acc_val: 0.2541
2024-04-20 08:51:00,287:INFO:Epoch: 0105 loss_train: 94.6535 acc_train: 0.3743 acc_val: 0.2336
2024-04-20 08:51:04,932:INFO:Epoch: 0106 loss_train: 94.9370 acc_train: 0.3821 acc_val: 0.2500
2024-04-20 08:51:09,585:INFO:Epoch: 0107 loss_train: 94.9516 acc_train: 0.3805 acc_val: 0.2418
2024-04-20 08:51:14,339:INFO:Epoch: 0108 loss_train: 94.7041 acc_train: 0.3691 acc_val: 0.2254
2024-04-20 08:51:18,955:INFO:Epoch: 0109 loss_train: 93.9902 acc_train: 0.3686 acc_val: 0.2541
2024-04-20 08:51:23,572:INFO:Epoch: 0110 loss_train: 94.2110 acc_train: 0.3811 acc_val: 0.2254
2024-04-20 08:51:28,192:INFO:Epoch: 0111 loss_train: 94.0715 acc_train: 0.3784 acc_val: 0.2459
2024-04-20 08:51:32,820:INFO:Epoch: 0112 loss_train: 93.8279 acc_train: 0.4040 acc_val: 0.2254
2024-04-20 08:51:37,447:INFO:Epoch: 0113 loss_train: 94.5489 acc_train: 0.3706 acc_val: 0.2295
2024-04-20 08:51:42,083:INFO:Epoch: 0114 loss_train: 93.2186 acc_train: 0.3889 acc_val: 0.2459
2024-04-20 08:51:46,750:INFO:Epoch: 0115 loss_train: 93.0446 acc_train: 0.3696 acc_val: 0.2172
2024-04-20 08:51:51,382:INFO:Epoch: 0116 loss_train: 93.7400 acc_train: 0.3883 acc_val: 0.2418
2024-04-20 08:51:56,206:INFO:Epoch: 0117 loss_train: 92.9001 acc_train: 0.3868 acc_val: 0.2746
2024-04-20 08:52:00,832:INFO:Epoch: 0118 loss_train: 92.6889 acc_train: 0.3951 acc_val: 0.2664
2024-04-20 08:52:05,448:INFO:Epoch: 0119 loss_train: 93.1580 acc_train: 0.3748 acc_val: 0.2623
2024-04-20 08:52:10,066:INFO:Epoch: 0120 loss_train: 92.6595 acc_train: 0.3920 acc_val: 0.2705
2024-04-20 08:52:14,680:INFO:Epoch: 0121 loss_train: 92.4655 acc_train: 0.3930 acc_val: 0.2377
2024-04-20 08:52:19,301:INFO:Epoch: 0122 loss_train: 92.5038 acc_train: 0.3894 acc_val: 0.2295
2024-04-20 08:52:23,923:INFO:Epoch: 0123 loss_train: 93.3183 acc_train: 0.3894 acc_val: 0.2336
2024-04-20 08:52:28,623:INFO:Epoch: 0124 loss_train: 92.9023 acc_train: 0.3941 acc_val: 0.2500
2024-04-20 08:52:33,244:INFO:Epoch: 0125 loss_train: 92.1406 acc_train: 0.3982 acc_val: 0.2377
2024-04-20 08:52:37,866:INFO:Epoch: 0126 loss_train: 93.0506 acc_train: 0.3977 acc_val: 0.2951
2024-04-20 08:52:42,488:INFO:Epoch: 0127 loss_train: 91.5759 acc_train: 0.4019 acc_val: 0.2582
2024-04-20 08:52:47,194:INFO:Epoch: 0128 loss_train: 92.2640 acc_train: 0.3915 acc_val: 0.2623
2024-04-20 08:52:51,825:INFO:Epoch: 0129 loss_train: 92.2121 acc_train: 0.4014 acc_val: 0.2541
2024-04-20 08:52:56,440:INFO:Epoch: 0130 loss_train: 93.2830 acc_train: 0.3998 acc_val: 0.2746
2024-04-20 08:53:01,068:INFO:Epoch: 0131 loss_train: 93.4815 acc_train: 0.3894 acc_val: 0.2336
2024-04-20 08:53:05,705:INFO:Epoch: 0132 loss_train: 92.2856 acc_train: 0.4076 acc_val: 0.2664
2024-04-20 08:53:10,330:INFO:Epoch: 0133 loss_train: 92.9390 acc_train: 0.3883 acc_val: 0.2828
2024-04-20 08:53:14,944:INFO:Epoch: 0134 loss_train: 92.5158 acc_train: 0.4029 acc_val: 0.2582
2024-04-20 08:53:19,586:INFO:Epoch: 0135 loss_train: 92.2783 acc_train: 0.3925 acc_val: 0.2705
2024-04-20 08:53:24,217:INFO:Epoch: 0136 loss_train: 91.1199 acc_train: 0.4066 acc_val: 0.2213
2024-04-20 08:53:28,847:INFO:Epoch: 0137 loss_train: 91.0528 acc_train: 0.4102 acc_val: 0.2623
2024-04-20 08:53:33,482:INFO:Epoch: 0138 loss_train: 90.4403 acc_train: 0.4003 acc_val: 0.2459
2024-04-20 08:53:38,110:INFO:Epoch: 0139 loss_train: 90.8459 acc_train: 0.4164 acc_val: 0.2664
2024-04-20 08:53:42,733:INFO:Epoch: 0140 loss_train: 90.0656 acc_train: 0.4159 acc_val: 0.2582
2024-04-20 08:53:47,358:INFO:Epoch: 0141 loss_train: 91.4893 acc_train: 0.4191 acc_val: 0.2541
2024-04-20 08:53:52,171:INFO:Epoch: 0142 loss_train: 91.0342 acc_train: 0.4014 acc_val: 0.2623
2024-04-20 08:53:56,785:INFO:Epoch: 0143 loss_train: 89.8819 acc_train: 0.4138 acc_val: 0.2623
2024-04-20 08:54:01,408:INFO:Epoch: 0144 loss_train: 90.0298 acc_train: 0.4118 acc_val: 0.2623
2024-04-20 08:54:06,039:INFO:Epoch: 0145 loss_train: 90.1954 acc_train: 0.4118 acc_val: 0.2623
2024-04-20 08:54:10,748:INFO:Epoch: 0146 loss_train: 90.9973 acc_train: 0.4128 acc_val: 0.2705
2024-04-20 08:54:15,367:INFO:Epoch: 0147 loss_train: 89.8818 acc_train: 0.4050 acc_val: 0.2664
2024-04-20 08:54:19,978:INFO:Epoch: 0148 loss_train: 90.2557 acc_train: 0.4164 acc_val: 0.2787
2024-04-20 08:54:24,612:INFO:Epoch: 0149 loss_train: 88.9699 acc_train: 0.4102 acc_val: 0.2787
2024-04-20 08:54:29,301:INFO:Epoch: 0150 loss_train: 90.2856 acc_train: 0.4196 acc_val: 0.2664
2024-04-20 08:54:33,945:INFO:Epoch: 0151 loss_train: 88.4767 acc_train: 0.4289 acc_val: 0.2459
2024-04-20 08:54:38,569:INFO:Epoch: 0152 loss_train: 88.8646 acc_train: 0.4211 acc_val: 0.2705
2024-04-20 08:54:43,219:INFO:Epoch: 0153 loss_train: 89.6365 acc_train: 0.4191 acc_val: 0.2623
2024-04-20 08:54:47,852:INFO:Epoch: 0154 loss_train: 90.1336 acc_train: 0.4300 acc_val: 0.2582
2024-04-20 08:54:52,776:INFO:Epoch: 0155 loss_train: 91.6588 acc_train: 0.4154 acc_val: 0.2787
2024-04-20 08:54:57,447:INFO:Epoch: 0156 loss_train: 89.3552 acc_train: 0.4175 acc_val: 0.2787
2024-04-20 08:55:02,127:INFO:Epoch: 0157 loss_train: 89.3511 acc_train: 0.4217 acc_val: 0.2869
2024-04-20 08:55:06,758:INFO:Epoch: 0158 loss_train: 88.5925 acc_train: 0.4128 acc_val: 0.2705
2024-04-20 08:55:11,390:INFO:Epoch: 0159 loss_train: 87.5898 acc_train: 0.4159 acc_val: 0.2951
2024-04-20 08:55:16,070:INFO:Epoch: 0160 loss_train: 88.0058 acc_train: 0.4295 acc_val: 0.2705
2024-04-20 08:55:20,715:INFO:Epoch: 0161 loss_train: 88.9778 acc_train: 0.4175 acc_val: 0.3033
2024-04-20 08:55:25,340:INFO:Epoch: 0162 loss_train: 88.7734 acc_train: 0.4295 acc_val: 0.2746
2024-04-20 08:55:29,980:INFO:Epoch: 0163 loss_train: 87.6683 acc_train: 0.4284 acc_val: 0.3074
2024-04-20 08:55:34,628:INFO:Epoch: 0164 loss_train: 88.7501 acc_train: 0.4227 acc_val: 0.2787
2024-04-20 08:55:39,272:INFO:Epoch: 0165 loss_train: 88.3684 acc_train: 0.4269 acc_val: 0.2623
2024-04-20 08:55:43,913:INFO:Epoch: 0166 loss_train: 88.3034 acc_train: 0.4232 acc_val: 0.2910
2024-04-20 08:55:48,542:INFO:Epoch: 0167 loss_train: 87.8521 acc_train: 0.4289 acc_val: 0.3115
2024-04-20 08:55:53,184:INFO:Epoch: 0168 loss_train: 87.3222 acc_train: 0.4430 acc_val: 0.2869
2024-04-20 08:55:57,815:INFO:Epoch: 0169 loss_train: 86.3137 acc_train: 0.4336 acc_val: 0.2664
2024-04-20 08:56:02,469:INFO:Epoch: 0170 loss_train: 89.2844 acc_train: 0.4373 acc_val: 0.2869
2024-04-20 08:56:07,269:INFO:Epoch: 0171 loss_train: 89.9984 acc_train: 0.4118 acc_val: 0.2992
2024-04-20 08:56:11,882:INFO:Epoch: 0172 loss_train: 86.8831 acc_train: 0.4368 acc_val: 0.2787
2024-04-20 08:56:16,490:INFO:Epoch: 0173 loss_train: 87.0948 acc_train: 0.4274 acc_val: 0.2869
2024-04-20 08:56:21,150:INFO:Epoch: 0174 loss_train: 86.6195 acc_train: 0.4357 acc_val: 0.3033
2024-04-20 08:56:25,808:INFO:Epoch: 0175 loss_train: 87.1468 acc_train: 0.4399 acc_val: 0.2910
2024-04-20 08:56:30,448:INFO:Epoch: 0176 loss_train: 87.4271 acc_train: 0.4404 acc_val: 0.2828
2024-04-20 08:56:35,070:INFO:Epoch: 0177 loss_train: 87.6814 acc_train: 0.4352 acc_val: 0.3074
2024-04-20 08:56:40,278:INFO:Epoch: 0178 loss_train: 86.9136 acc_train: 0.4477 acc_val: 0.2746
2024-04-20 08:56:44,936:INFO:Epoch: 0179 loss_train: 86.5069 acc_train: 0.4440 acc_val: 0.2910
2024-04-20 08:56:49,561:INFO:Epoch: 0180 loss_train: 87.7399 acc_train: 0.4477 acc_val: 0.2910
2024-04-20 08:56:54,194:INFO:Epoch: 0181 loss_train: 86.8891 acc_train: 0.4347 acc_val: 0.3033
2024-04-20 08:56:58,820:INFO:Epoch: 0182 loss_train: 85.9156 acc_train: 0.4414 acc_val: 0.2623
2024-04-20 08:57:03,438:INFO:Epoch: 0183 loss_train: 86.0860 acc_train: 0.4472 acc_val: 0.2828
2024-04-20 08:57:08,055:INFO:Epoch: 0184 loss_train: 85.7544 acc_train: 0.4341 acc_val: 0.3033
2024-04-20 08:57:12,701:INFO:Epoch: 0185 loss_train: 86.2873 acc_train: 0.4513 acc_val: 0.3156
2024-04-20 08:57:17,324:INFO:Epoch: 0186 loss_train: 88.5211 acc_train: 0.4378 acc_val: 0.2869
2024-04-20 08:57:21,954:INFO:Epoch: 0187 loss_train: 85.6229 acc_train: 0.4383 acc_val: 0.2992
2024-04-20 08:57:26,574:INFO:Epoch: 0188 loss_train: 86.6049 acc_train: 0.4487 acc_val: 0.2869
2024-04-20 08:57:31,204:INFO:Epoch: 0189 loss_train: 86.0642 acc_train: 0.4508 acc_val: 0.2869
2024-04-20 08:57:35,843:INFO:Epoch: 0190 loss_train: 86.0997 acc_train: 0.4565 acc_val: 0.2992
2024-04-20 08:57:40,481:INFO:Epoch: 0191 loss_train: 86.4068 acc_train: 0.4435 acc_val: 0.3074
2024-04-20 08:57:45,106:INFO:Epoch: 0192 loss_train: 86.0276 acc_train: 0.4534 acc_val: 0.2910
2024-04-20 08:57:49,697:INFO:Epoch: 0193 loss_train: 89.1160 acc_train: 0.4284 acc_val: 0.2992
2024-04-20 08:57:54,340:INFO:Epoch: 0194 loss_train: 86.9688 acc_train: 0.4399 acc_val: 0.2705
2024-04-20 08:57:58,950:INFO:Epoch: 0195 loss_train: 85.2857 acc_train: 0.4581 acc_val: 0.2992
2024-04-20 08:58:03,698:INFO:Epoch: 0196 loss_train: 84.3546 acc_train: 0.4643 acc_val: 0.2623
2024-04-20 08:58:08,328:INFO:Epoch: 0197 loss_train: 84.7375 acc_train: 0.4498 acc_val: 0.2705
2024-04-20 08:58:13,000:INFO:Epoch: 0198 loss_train: 85.1474 acc_train: 0.4586 acc_val: 0.2787
2024-04-20 08:58:17,857:INFO:Epoch: 0199 loss_train: 85.3551 acc_train: 0.4545 acc_val: 0.2705
2024-04-20 08:58:22,772:INFO:Epoch: 0200 loss_train: 85.6178 acc_train: 0.4456 acc_val: 0.2992
2024-04-20 08:58:27,398:INFO:Epoch: 0201 loss_train: 85.2099 acc_train: 0.4565 acc_val: 0.2828
2024-04-20 08:58:32,046:INFO:Epoch: 0202 loss_train: 85.7672 acc_train: 0.4508 acc_val: 0.2828
2024-04-20 08:58:36,685:INFO:Epoch: 0203 loss_train: 84.2539 acc_train: 0.4685 acc_val: 0.3074
2024-04-20 08:58:41,319:INFO:Epoch: 0204 loss_train: 85.5281 acc_train: 0.4539 acc_val: 0.3033
2024-04-20 08:58:45,940:INFO:Epoch: 0205 loss_train: 84.1796 acc_train: 0.4633 acc_val: 0.2992
2024-04-20 08:58:50,574:INFO:Epoch: 0206 loss_train: 85.9884 acc_train: 0.4477 acc_val: 0.2992
2024-04-20 08:58:55,200:INFO:Epoch: 0207 loss_train: 84.4803 acc_train: 0.4633 acc_val: 0.2951
2024-04-20 08:58:59,882:INFO:Epoch: 0208 loss_train: 83.5188 acc_train: 0.4581 acc_val: 0.3238
2024-04-20 08:59:04,510:INFO:Epoch: 0209 loss_train: 83.6648 acc_train: 0.4555 acc_val: 0.2828
2024-04-20 08:59:09,148:INFO:Epoch: 0210 loss_train: 83.4049 acc_train: 0.4628 acc_val: 0.3033
2024-04-20 08:59:13,793:INFO:Epoch: 0211 loss_train: 81.8128 acc_train: 0.4810 acc_val: 0.2992
2024-04-20 08:59:18,440:INFO:Epoch: 0212 loss_train: 84.3115 acc_train: 0.4721 acc_val: 0.3033
2024-04-20 08:59:23,080:INFO:Epoch: 0213 loss_train: 84.7031 acc_train: 0.4518 acc_val: 0.2910
2024-04-20 08:59:27,758:INFO:Epoch: 0214 loss_train: 85.1645 acc_train: 0.4617 acc_val: 0.3033
2024-04-20 08:59:32,373:INFO:Epoch: 0215 loss_train: 85.7261 acc_train: 0.4440 acc_val: 0.2951
2024-04-20 08:59:36,974:INFO:Epoch: 0216 loss_train: 82.5615 acc_train: 0.4742 acc_val: 0.3033
2024-04-20 08:59:41,639:INFO:Epoch: 0217 loss_train: 82.8940 acc_train: 0.4695 acc_val: 0.3033
2024-04-20 08:59:46,782:INFO:Epoch: 0218 loss_train: 83.5623 acc_train: 0.4607 acc_val: 0.2869
2024-04-20 08:59:51,537:INFO:Epoch: 0219 loss_train: 82.9024 acc_train: 0.4669 acc_val: 0.2623
2024-04-20 08:59:56,399:INFO:Epoch: 0220 loss_train: 83.8316 acc_train: 0.4664 acc_val: 0.3156
2024-04-20 09:00:01,090:INFO:Epoch: 0221 loss_train: 82.4974 acc_train: 0.4742 acc_val: 0.2746
2024-04-20 09:00:05,708:INFO:Epoch: 0222 loss_train: 83.4872 acc_train: 0.4617 acc_val: 0.3279
2024-04-20 09:00:10,361:INFO:Epoch: 0223 loss_train: 82.3213 acc_train: 0.4633 acc_val: 0.3074
2024-04-20 09:00:14,984:INFO:Epoch: 0224 loss_train: 81.8777 acc_train: 0.4654 acc_val: 0.2910
2024-04-20 09:00:19,622:INFO:Epoch: 0225 loss_train: 81.2742 acc_train: 0.4810 acc_val: 0.2910
2024-04-20 09:00:24,330:INFO:Epoch: 0226 loss_train: 81.3024 acc_train: 0.4784 acc_val: 0.3074
2024-04-20 09:00:28,930:INFO:Epoch: 0227 loss_train: 82.4145 acc_train: 0.4664 acc_val: 0.3074
2024-04-20 09:00:33,726:INFO:Epoch: 0228 loss_train: 81.2946 acc_train: 0.4675 acc_val: 0.2951
2024-04-20 09:00:38,366:INFO:Epoch: 0229 loss_train: 81.2569 acc_train: 0.4826 acc_val: 0.2951
2024-04-20 09:00:42,993:INFO:Epoch: 0230 loss_train: 80.9308 acc_train: 0.4872 acc_val: 0.2910
2024-04-20 09:00:47,608:INFO:Epoch: 0231 loss_train: 83.9924 acc_train: 0.4685 acc_val: 0.3361
2024-04-20 09:00:52,215:INFO:Epoch: 0232 loss_train: 83.2134 acc_train: 0.4706 acc_val: 0.2746
2024-04-20 09:00:56,853:INFO:Epoch: 0233 loss_train: 83.7073 acc_train: 0.4633 acc_val: 0.3074
2024-04-20 09:01:01,654:INFO:Epoch: 0234 loss_train: 81.4912 acc_train: 0.4654 acc_val: 0.3033
2024-04-20 09:01:06,298:INFO:Epoch: 0235 loss_train: 81.0810 acc_train: 0.4758 acc_val: 0.2664
2024-04-20 09:01:10,910:INFO:Epoch: 0236 loss_train: 80.3421 acc_train: 0.4716 acc_val: 0.3238
2024-04-20 09:01:15,563:INFO:Epoch: 0237 loss_train: 81.7917 acc_train: 0.4794 acc_val: 0.2828
2024-04-20 09:01:20,179:INFO:Epoch: 0238 loss_train: 80.9672 acc_train: 0.4810 acc_val: 0.3361
2024-04-20 09:01:24,826:INFO:Epoch: 0239 loss_train: 82.4398 acc_train: 0.4789 acc_val: 0.3074
2024-04-20 09:01:29,582:INFO:Epoch: 0240 loss_train: 82.8623 acc_train: 0.4701 acc_val: 0.3033
2024-04-20 09:01:34,201:INFO:Epoch: 0241 loss_train: 82.5235 acc_train: 0.4815 acc_val: 0.2869
2024-04-20 09:01:39,182:INFO:Epoch: 0242 loss_train: 81.7479 acc_train: 0.4675 acc_val: 0.2992
2024-04-20 09:01:43,840:INFO:Epoch: 0243 loss_train: 83.6619 acc_train: 0.4508 acc_val: 0.3074
2024-04-20 09:01:48,439:INFO:Epoch: 0244 loss_train: 81.2369 acc_train: 0.4737 acc_val: 0.3115
2024-04-20 09:01:53,083:INFO:Epoch: 0245 loss_train: 80.2962 acc_train: 0.4883 acc_val: 0.2828
2024-04-20 09:01:57,680:INFO:Epoch: 0246 loss_train: 82.1581 acc_train: 0.4748 acc_val: 0.3074
2024-04-20 09:02:02,351:INFO:Epoch: 0247 loss_train: 82.5577 acc_train: 0.4789 acc_val: 0.2910
2024-04-20 09:02:06,950:INFO:Epoch: 0248 loss_train: 80.9031 acc_train: 0.4815 acc_val: 0.2910
2024-04-20 09:02:11,559:INFO:Epoch: 0249 loss_train: 80.9728 acc_train: 0.4810 acc_val: 0.3115
2024-04-20 09:02:16,155:INFO:Epoch: 0250 loss_train: 79.7966 acc_train: 0.4925 acc_val: 0.2992
2024-04-20 09:02:20,780:INFO:Epoch: 0251 loss_train: 79.8932 acc_train: 0.4820 acc_val: 0.2910
2024-04-20 09:02:25,388:INFO:Epoch: 0252 loss_train: 79.0641 acc_train: 0.4919 acc_val: 0.3197
2024-04-20 09:02:30,032:INFO:Epoch: 0253 loss_train: 80.3203 acc_train: 0.4888 acc_val: 0.2992
2024-04-20 09:02:34,688:INFO:Epoch: 0254 loss_train: 81.2979 acc_train: 0.4805 acc_val: 0.2951
2024-04-20 09:02:39,306:INFO:Epoch: 0255 loss_train: 81.0519 acc_train: 0.4909 acc_val: 0.3238
2024-04-20 09:02:44,247:INFO:Epoch: 0256 loss_train: 80.7709 acc_train: 0.4800 acc_val: 0.2787
2024-04-20 09:02:49,214:INFO:Epoch: 0257 loss_train: 81.0374 acc_train: 0.4883 acc_val: 0.3074
2024-04-20 09:02:53,927:INFO:Epoch: 0258 loss_train: 79.1968 acc_train: 0.4888 acc_val: 0.3402
2024-04-20 09:02:58,730:INFO:Epoch: 0259 loss_train: 79.0034 acc_train: 0.4883 acc_val: 0.2992
2024-04-20 09:03:03,530:INFO:Epoch: 0260 loss_train: 81.8533 acc_train: 0.4831 acc_val: 0.3156
2024-04-20 09:03:08,517:INFO:Epoch: 0261 loss_train: 81.3955 acc_train: 0.4649 acc_val: 0.3156
2024-04-20 09:03:13,331:INFO:Epoch: 0262 loss_train: 79.5447 acc_train: 0.4945 acc_val: 0.3402
2024-04-20 09:03:18,170:INFO:Epoch: 0263 loss_train: 79.7718 acc_train: 0.4862 acc_val: 0.2951
2024-04-20 09:03:22,982:INFO:Epoch: 0264 loss_train: 80.1080 acc_train: 0.4789 acc_val: 0.3238
2024-04-20 09:03:27,779:INFO:Epoch: 0265 loss_train: 78.7844 acc_train: 0.4831 acc_val: 0.3197
2024-04-20 09:03:32,590:INFO:Epoch: 0266 loss_train: 79.6751 acc_train: 0.4966 acc_val: 0.2951
2024-04-20 09:03:37,449:INFO:Epoch: 0267 loss_train: 79.2753 acc_train: 0.5112 acc_val: 0.3320
2024-04-20 09:03:42,104:INFO:Epoch: 0268 loss_train: 80.5325 acc_train: 0.4883 acc_val: 0.3156
2024-04-20 09:03:46,721:INFO:Epoch: 0269 loss_train: 79.4136 acc_train: 0.4878 acc_val: 0.3238
2024-04-20 09:03:51,331:INFO:Epoch: 0270 loss_train: 77.8429 acc_train: 0.4997 acc_val: 0.3115
2024-04-20 09:03:55,938:INFO:Epoch: 0271 loss_train: 78.7866 acc_train: 0.5008 acc_val: 0.3033
2024-04-20 09:04:00,555:INFO:Epoch: 0272 loss_train: 79.5643 acc_train: 0.5023 acc_val: 0.3320
2024-04-20 09:04:05,164:INFO:Epoch: 0273 loss_train: 78.1156 acc_train: 0.4925 acc_val: 0.3238
2024-04-20 09:04:09,770:INFO:Epoch: 0274 loss_train: 76.8178 acc_train: 0.5065 acc_val: 0.3197
2024-04-20 09:04:14,386:INFO:Epoch: 0275 loss_train: 77.5667 acc_train: 0.4987 acc_val: 0.3320
2024-04-20 09:04:18,995:INFO:Epoch: 0276 loss_train: 78.4914 acc_train: 0.4893 acc_val: 0.3115
2024-04-20 09:04:23,728:INFO:Epoch: 0277 loss_train: 78.4436 acc_train: 0.5055 acc_val: 0.3156
2024-04-20 09:04:28,481:INFO:Epoch: 0278 loss_train: 78.6646 acc_train: 0.5185 acc_val: 0.2951
2024-04-20 09:04:33,100:INFO:Epoch: 0279 loss_train: 77.5681 acc_train: 0.5008 acc_val: 0.3115
2024-04-20 09:04:37,706:INFO:Epoch: 0280 loss_train: 77.2441 acc_train: 0.5112 acc_val: 0.2869
2024-04-20 09:04:42,365:INFO:Epoch: 0281 loss_train: 80.8857 acc_train: 0.4742 acc_val: 0.3156
2024-04-20 09:04:46,965:INFO:Epoch: 0282 loss_train: 78.4963 acc_train: 0.4888 acc_val: 0.2992
2024-04-20 09:04:51,616:INFO:Epoch: 0283 loss_train: 79.2505 acc_train: 0.4919 acc_val: 0.3238
2024-04-20 09:04:56,268:INFO:Epoch: 0284 loss_train: 77.4998 acc_train: 0.4919 acc_val: 0.2992
2024-04-20 09:05:00,895:INFO:Epoch: 0285 loss_train: 77.8528 acc_train: 0.5164 acc_val: 0.3197
2024-04-20 09:05:05,512:INFO:Epoch: 0286 loss_train: 78.2650 acc_train: 0.4977 acc_val: 0.3115
2024-04-20 09:05:10,337:INFO:Epoch: 0287 loss_train: 78.4294 acc_train: 0.5081 acc_val: 0.3033
2024-04-20 09:05:14,958:INFO:Epoch: 0288 loss_train: 79.9724 acc_train: 0.4966 acc_val: 0.3115
2024-04-20 09:05:19,623:INFO:Epoch: 0289 loss_train: 80.9623 acc_train: 0.4945 acc_val: 0.2951
2024-04-20 09:05:24,248:INFO:Epoch: 0290 loss_train: 77.9109 acc_train: 0.4883 acc_val: 0.3279
2024-04-20 09:05:28,858:INFO:Epoch: 0291 loss_train: 77.4094 acc_train: 0.4992 acc_val: 0.3525
2024-04-20 09:05:33,533:INFO:Epoch: 0292 loss_train: 76.8107 acc_train: 0.5075 acc_val: 0.2951
2024-04-20 09:05:38,473:INFO:Epoch: 0293 loss_train: 77.0660 acc_train: 0.5128 acc_val: 0.3033
2024-04-20 09:05:43,261:INFO:Epoch: 0294 loss_train: 76.5633 acc_train: 0.5148 acc_val: 0.3402
2024-04-20 09:05:48,056:INFO:Epoch: 0295 loss_train: 77.1128 acc_train: 0.5107 acc_val: 0.3279
2024-04-20 09:05:52,850:INFO:Epoch: 0296 loss_train: 79.8377 acc_train: 0.5070 acc_val: 0.3197
2024-04-20 09:05:57,679:INFO:Epoch: 0297 loss_train: 79.6697 acc_train: 0.4815 acc_val: 0.2992
2024-04-20 09:06:02,476:INFO:Epoch: 0298 loss_train: 78.3963 acc_train: 0.5013 acc_val: 0.2787
2024-04-20 09:06:07,276:INFO:Epoch: 0299 loss_train: 76.0460 acc_train: 0.5221 acc_val: 0.3320
2024-04-20 09:06:12,081:INFO:Epoch: 0300 loss_train: 76.6616 acc_train: 0.5174 acc_val: 0.2951
2024-04-20 09:06:16,941:INFO:Epoch: 0301 loss_train: 76.9022 acc_train: 0.4992 acc_val: 0.3238
2024-04-20 09:06:21,750:INFO:Epoch: 0302 loss_train: 75.9325 acc_train: 0.5023 acc_val: 0.2951
2024-04-20 09:06:26,621:INFO:Epoch: 0303 loss_train: 74.7709 acc_train: 0.5200 acc_val: 0.3115
2024-04-20 09:06:31,434:INFO:Epoch: 0304 loss_train: 76.1632 acc_train: 0.5279 acc_val: 0.3279
2024-04-20 09:06:36,248:INFO:Epoch: 0305 loss_train: 77.4501 acc_train: 0.5034 acc_val: 0.2910
2024-04-20 09:06:41,059:INFO:Epoch: 0306 loss_train: 75.8547 acc_train: 0.5117 acc_val: 0.3402
2024-04-20 09:06:45,868:INFO:Epoch: 0307 loss_train: 77.2617 acc_train: 0.5169 acc_val: 0.2992
2024-04-20 09:06:50,692:INFO:Epoch: 0308 loss_train: 77.1674 acc_train: 0.5086 acc_val: 0.3074
2024-04-20 09:06:55,513:INFO:Epoch: 0309 loss_train: 76.4615 acc_train: 0.5159 acc_val: 0.3279
2024-04-20 09:07:00,356:INFO:Epoch: 0310 loss_train: 75.5786 acc_train: 0.5263 acc_val: 0.2992
2024-04-20 09:07:05,178:INFO:Epoch: 0311 loss_train: 77.8232 acc_train: 0.5154 acc_val: 0.3197
2024-04-20 09:07:10,008:INFO:Epoch: 0312 loss_train: 76.7491 acc_train: 0.5096 acc_val: 0.2992
2024-04-20 09:07:14,983:INFO:Epoch: 0313 loss_train: 76.3073 acc_train: 0.5065 acc_val: 0.3156
2024-04-20 09:07:19,803:INFO:Epoch: 0314 loss_train: 76.2002 acc_train: 0.5013 acc_val: 0.3238
2024-04-20 09:07:24,688:INFO:Epoch: 0315 loss_train: 74.4182 acc_train: 0.5232 acc_val: 0.2992
2024-04-20 09:07:29,509:INFO:Epoch: 0316 loss_train: 75.8951 acc_train: 0.5143 acc_val: 0.3115
2024-04-20 09:07:34,498:INFO:Epoch: 0317 loss_train: 76.1075 acc_train: 0.5206 acc_val: 0.3320
2024-04-20 09:07:39,319:INFO:Epoch: 0318 loss_train: 76.9321 acc_train: 0.5232 acc_val: 0.3197
2024-04-20 09:07:44,151:INFO:Epoch: 0319 loss_train: 76.6774 acc_train: 0.5122 acc_val: 0.3361
2024-04-20 09:07:48,988:INFO:Epoch: 0320 loss_train: 74.4979 acc_train: 0.5185 acc_val: 0.3074
2024-04-20 09:07:53,829:INFO:Epoch: 0321 loss_train: 76.5959 acc_train: 0.5206 acc_val: 0.2828
2024-04-20 09:07:58,709:INFO:Epoch: 0322 loss_train: 79.8436 acc_train: 0.4846 acc_val: 0.3279
2024-04-20 09:08:03,531:INFO:Epoch: 0323 loss_train: 76.1585 acc_train: 0.5055 acc_val: 0.2869
2024-04-20 09:08:08,348:INFO:Epoch: 0324 loss_train: 75.3492 acc_train: 0.5206 acc_val: 0.3156
2024-04-20 09:08:13,177:INFO:Epoch: 0325 loss_train: 74.6491 acc_train: 0.5216 acc_val: 0.2992
2024-04-20 09:08:17,975:INFO:Epoch: 0326 loss_train: 76.7294 acc_train: 0.5148 acc_val: 0.3115
2024-04-20 09:08:22,878:INFO:Epoch: 0327 loss_train: 79.2022 acc_train: 0.5138 acc_val: 0.2828
2024-04-20 09:08:27,671:INFO:Epoch: 0328 loss_train: 76.5685 acc_train: 0.5117 acc_val: 0.3320
2024-04-20 09:08:32,504:INFO:Epoch: 0329 loss_train: 75.0477 acc_train: 0.5279 acc_val: 0.3484
2024-04-20 09:08:37,284:INFO:Epoch: 0330 loss_train: 78.2244 acc_train: 0.5117 acc_val: 0.3238
2024-04-20 09:08:42,066:INFO:Epoch: 0331 loss_train: 76.7853 acc_train: 0.5148 acc_val: 0.3238
2024-04-20 09:08:46,840:INFO:Epoch: 0332 loss_train: 77.5627 acc_train: 0.5185 acc_val: 0.3156
2024-04-20 09:08:51,611:INFO:Epoch: 0333 loss_train: 76.1947 acc_train: 0.5091 acc_val: 0.2910
2024-04-20 09:08:56,382:INFO:Epoch: 0334 loss_train: 77.7577 acc_train: 0.5029 acc_val: 0.3484
2024-04-20 09:09:01,160:INFO:Epoch: 0335 loss_train: 75.5421 acc_train: 0.5195 acc_val: 0.3238
2024-04-20 09:09:06,010:INFO:Epoch: 0336 loss_train: 75.2035 acc_train: 0.5102 acc_val: 0.3238
2024-04-20 09:09:10,871:INFO:Epoch: 0337 loss_train: 74.5843 acc_train: 0.5341 acc_val: 0.3238
2024-04-20 09:09:15,694:INFO:Epoch: 0338 loss_train: 75.4240 acc_train: 0.5154 acc_val: 0.3443
2024-04-20 09:09:20,472:INFO:Epoch: 0339 loss_train: 76.4322 acc_train: 0.5081 acc_val: 0.2664
2024-04-20 09:09:25,249:INFO:Epoch: 0340 loss_train: 73.9908 acc_train: 0.5294 acc_val: 0.2910
2024-04-20 09:09:30,022:INFO:Epoch: 0341 loss_train: 73.1581 acc_train: 0.5341 acc_val: 0.3115
2024-04-20 09:09:34,851:INFO:Epoch: 0342 loss_train: 73.2572 acc_train: 0.5279 acc_val: 0.3238
2024-04-20 09:09:39,644:INFO:Epoch: 0343 loss_train: 73.5739 acc_train: 0.5336 acc_val: 0.3033
2024-04-20 09:09:44,441:INFO:Epoch: 0344 loss_train: 75.3969 acc_train: 0.5403 acc_val: 0.2951
2024-04-20 09:09:49,227:INFO:Epoch: 0345 loss_train: 78.5944 acc_train: 0.4883 acc_val: 0.3443
2024-04-20 09:09:54,052:INFO:Epoch: 0346 loss_train: 74.2192 acc_train: 0.5154 acc_val: 0.3320
2024-04-20 09:09:58,989:INFO:Epoch: 0347 loss_train: 73.6816 acc_train: 0.5299 acc_val: 0.3197
2024-04-20 09:10:03,772:INFO:Epoch: 0348 loss_train: 73.0469 acc_train: 0.5310 acc_val: 0.3197
2024-04-20 09:10:08,620:INFO:Epoch: 0349 loss_train: 73.2433 acc_train: 0.5294 acc_val: 0.3074
2024-04-20 09:10:13,435:INFO:Epoch: 0350 loss_train: 73.5611 acc_train: 0.5320 acc_val: 0.2951
2024-04-20 09:10:18,214:INFO:Epoch: 0351 loss_train: 74.4997 acc_train: 0.5200 acc_val: 0.2746
2024-04-20 09:10:23,003:INFO:Epoch: 0352 loss_train: 74.5636 acc_train: 0.5289 acc_val: 0.3033
2024-04-20 09:10:27,798:INFO:Epoch: 0353 loss_train: 75.4917 acc_train: 0.5211 acc_val: 0.2951
2024-04-20 09:10:32,643:INFO:Epoch: 0354 loss_train: 73.9918 acc_train: 0.5320 acc_val: 0.2992
2024-04-20 09:10:37,454:INFO:Epoch: 0355 loss_train: 75.4534 acc_train: 0.5237 acc_val: 0.2910
2024-04-20 09:10:42,278:INFO:Epoch: 0356 loss_train: 73.5627 acc_train: 0.5247 acc_val: 0.3156
2024-04-20 09:10:47,139:INFO:Epoch: 0357 loss_train: 72.3209 acc_train: 0.5325 acc_val: 0.2787
2024-04-20 09:10:51,969:INFO:Epoch: 0358 loss_train: 73.1072 acc_train: 0.5351 acc_val: 0.3074
2024-04-20 09:10:56,826:INFO:Epoch: 0359 loss_train: 73.0623 acc_train: 0.5279 acc_val: 0.3197
2024-04-20 09:11:01,634:INFO:Epoch: 0360 loss_train: 75.2984 acc_train: 0.5169 acc_val: 0.3074
2024-04-20 09:11:06,463:INFO:Epoch: 0361 loss_train: 74.2329 acc_train: 0.5268 acc_val: 0.2910
2024-04-20 09:11:11,360:INFO:Epoch: 0362 loss_train: 74.6764 acc_train: 0.5247 acc_val: 0.2828
2024-04-20 09:11:16,182:INFO:Epoch: 0363 loss_train: 73.0557 acc_train: 0.5341 acc_val: 0.2828
2024-04-20 09:11:21,029:INFO:Epoch: 0364 loss_train: 72.7039 acc_train: 0.5346 acc_val: 0.2869
2024-04-20 09:11:25,830:INFO:Epoch: 0365 loss_train: 75.7742 acc_train: 0.5154 acc_val: 0.3156
2024-04-20 09:11:30,682:INFO:Epoch: 0366 loss_train: 73.9279 acc_train: 0.5445 acc_val: 0.3074
2024-04-20 09:11:35,513:INFO:Epoch: 0367 loss_train: 76.9993 acc_train: 0.5226 acc_val: 0.2910
2024-04-20 09:11:40,329:INFO:Epoch: 0368 loss_train: 74.2994 acc_train: 0.5133 acc_val: 0.3074
2024-04-20 09:11:45,252:INFO:Epoch: 0369 loss_train: 73.1648 acc_train: 0.5383 acc_val: 0.2910
2024-04-20 09:11:50,058:INFO:Epoch: 0370 loss_train: 72.7065 acc_train: 0.5372 acc_val: 0.3279
2024-04-20 09:11:54,910:INFO:Epoch: 0371 loss_train: 73.5217 acc_train: 0.5310 acc_val: 0.3033
2024-04-20 09:11:59,744:INFO:Epoch: 0372 loss_train: 74.2955 acc_train: 0.5455 acc_val: 0.3279
2024-04-20 09:12:04,560:INFO:Epoch: 0373 loss_train: 74.1364 acc_train: 0.5247 acc_val: 0.3156
2024-04-20 09:12:09,499:INFO:Epoch: 0374 loss_train: 74.7008 acc_train: 0.5388 acc_val: 0.3033
2024-04-20 09:12:14,314:INFO:Epoch: 0375 loss_train: 71.9323 acc_train: 0.5325 acc_val: 0.2869
2024-04-20 09:12:19,127:INFO:Epoch: 0376 loss_train: 71.4500 acc_train: 0.5429 acc_val: 0.2951
2024-04-20 09:12:23,932:INFO:Epoch: 0377 loss_train: 72.8982 acc_train: 0.5466 acc_val: 0.3279
2024-04-20 09:12:28,732:INFO:Epoch: 0378 loss_train: 73.6475 acc_train: 0.5315 acc_val: 0.2828
2024-04-20 09:12:34,408:INFO:Epoch: 0379 loss_train: 75.4607 acc_train: 0.5237 acc_val: 0.3197
2024-04-20 09:12:39,274:INFO:Epoch: 0380 loss_train: 73.1383 acc_train: 0.5289 acc_val: 0.2951
2024-04-20 09:12:44,103:INFO:Epoch: 0381 loss_train: 73.1380 acc_train: 0.5279 acc_val: 0.2705
2024-04-20 09:12:48,986:INFO:Epoch: 0382 loss_train: 72.3325 acc_train: 0.5393 acc_val: 0.3074
2024-04-20 09:12:53,805:INFO:Epoch: 0383 loss_train: 72.4448 acc_train: 0.5508 acc_val: 0.3033
2024-04-20 09:12:58,632:INFO:Epoch: 0384 loss_train: 76.9881 acc_train: 0.5159 acc_val: 0.2910
2024-04-20 09:13:03,459:INFO:Epoch: 0385 loss_train: 71.8863 acc_train: 0.5450 acc_val: 0.2828
2024-04-20 09:13:08,283:INFO:Epoch: 0386 loss_train: 73.5506 acc_train: 0.5539 acc_val: 0.3115
2024-04-20 09:13:13,106:INFO:Epoch: 0387 loss_train: 70.8552 acc_train: 0.5534 acc_val: 0.3074
2024-04-20 09:13:17,920:INFO:Epoch: 0388 loss_train: 70.6926 acc_train: 0.5466 acc_val: 0.3115
2024-04-20 09:13:22,741:INFO:Epoch: 0389 loss_train: 71.1935 acc_train: 0.5492 acc_val: 0.2869
2024-04-20 09:13:27,565:INFO:Epoch: 0390 loss_train: 72.9507 acc_train: 0.5471 acc_val: 0.3156
2024-04-20 09:13:32,398:INFO:Epoch: 0391 loss_train: 76.8523 acc_train: 0.5305 acc_val: 0.2910
2024-04-20 09:13:32,401:INFO:PATIENCE THRESHOLD PASSED; DETECTED OVERFITTING
2024-04-20 09:13:37,210:INFO:Epoch: 0392 loss_train: 74.9802 acc_train: 0.5107 acc_val: 0.2705
2024-04-20 09:13:42,082:INFO:Epoch: 0393 loss_train: 70.7918 acc_train: 0.5419 acc_val: 0.2869
2024-04-20 09:13:46,943:INFO:Epoch: 0394 loss_train: 72.5130 acc_train: 0.5461 acc_val: 0.2951
2024-04-20 09:13:51,804:INFO:Epoch: 0395 loss_train: 72.2644 acc_train: 0.5268 acc_val: 0.2869
2024-04-20 09:13:56,588:INFO:Epoch: 0396 loss_train: 72.2053 acc_train: 0.5513 acc_val: 0.3033
2024-04-20 09:14:01,450:INFO:Epoch: 0397 loss_train: 73.1633 acc_train: 0.5466 acc_val: 0.2992
2024-04-20 09:14:06,356:INFO:Epoch: 0398 loss_train: 72.3567 acc_train: 0.5398 acc_val: 0.2828
2024-04-20 09:14:11,198:INFO:Epoch: 0399 loss_train: 72.6147 acc_train: 0.5331 acc_val: 0.2951
2024-04-20 09:14:16,000:INFO:Epoch: 0400 loss_train: 71.0516 acc_train: 0.5419 acc_val: 0.2951
2024-04-20 09:14:20,917:INFO:Epoch: 0401 loss_train: 71.9201 acc_train: 0.5362 acc_val: 0.3238
2024-04-20 09:14:25,746:INFO:Epoch: 0402 loss_train: 71.1761 acc_train: 0.5466 acc_val: 0.3156
2024-04-20 09:14:30,588:INFO:Epoch: 0403 loss_train: 72.0251 acc_train: 0.5325 acc_val: 0.3033
2024-04-20 09:14:35,421:INFO:Epoch: 0404 loss_train: 70.9168 acc_train: 0.5482 acc_val: 0.2951
2024-04-20 09:14:40,257:INFO:Epoch: 0405 loss_train: 70.4315 acc_train: 0.5455 acc_val: 0.2828
2024-04-20 09:14:45,092:INFO:Epoch: 0406 loss_train: 72.1271 acc_train: 0.5429 acc_val: 0.2828
2024-04-20 09:14:49,944:INFO:Epoch: 0407 loss_train: 72.9148 acc_train: 0.5315 acc_val: 0.2992
2024-04-20 09:14:54,839:INFO:Epoch: 0408 loss_train: 69.9690 acc_train: 0.5440 acc_val: 0.2828
2024-04-20 09:14:59,651:INFO:Epoch: 0409 loss_train: 71.6949 acc_train: 0.5362 acc_val: 0.2910
2024-04-20 09:15:04,825:INFO:Epoch: 0410 loss_train: 74.6646 acc_train: 0.5216 acc_val: 0.3197
2024-04-20 09:15:09,677:INFO:Epoch: 0411 loss_train: 72.5385 acc_train: 0.5414 acc_val: 0.3156
2024-04-20 09:15:14,481:INFO:Epoch: 0412 loss_train: 72.0500 acc_train: 0.5580 acc_val: 0.2992
2024-04-20 09:15:19,274:INFO:Epoch: 0413 loss_train: 73.0365 acc_train: 0.5440 acc_val: 0.3279
2024-04-20 09:15:24,074:INFO:Epoch: 0414 loss_train: 71.8547 acc_train: 0.5414 acc_val: 0.3115
2024-04-20 09:15:28,876:INFO:Epoch: 0415 loss_train: 72.6180 acc_train: 0.5601 acc_val: 0.3197
2024-04-20 09:15:33,686:INFO:Epoch: 0416 loss_train: 71.8373 acc_train: 0.5409 acc_val: 0.2910
2024-04-20 09:15:38,484:INFO:Epoch: 0417 loss_train: 69.6970 acc_train: 0.5679 acc_val: 0.3156
2024-04-20 09:15:43,294:INFO:Epoch: 0418 loss_train: 71.0237 acc_train: 0.5471 acc_val: 0.3115
2024-04-20 09:15:48,095:INFO:Epoch: 0419 loss_train: 71.5033 acc_train: 0.5393 acc_val: 0.2910
2024-04-20 09:15:53,077:INFO:Epoch: 0420 loss_train: 72.0319 acc_train: 0.5393 acc_val: 0.3197
2024-04-20 09:15:57,876:INFO:Epoch: 0421 loss_train: 70.5117 acc_train: 0.5497 acc_val: 0.3074
2024-04-20 09:16:02,677:INFO:Epoch: 0422 loss_train: 70.3239 acc_train: 0.5570 acc_val: 0.3033
2024-04-20 09:16:07,475:INFO:Epoch: 0423 loss_train: 69.5610 acc_train: 0.5471 acc_val: 0.3033
2024-04-20 09:16:12,290:INFO:Epoch: 0424 loss_train: 70.7641 acc_train: 0.5627 acc_val: 0.2951
2024-04-20 09:16:17,092:INFO:Epoch: 0425 loss_train: 71.6572 acc_train: 0.5398 acc_val: 0.2910
2024-04-20 09:16:21,892:INFO:Epoch: 0426 loss_train: 69.4338 acc_train: 0.5539 acc_val: 0.2951
2024-04-20 09:16:26,698:INFO:Epoch: 0427 loss_train: 70.3363 acc_train: 0.5461 acc_val: 0.3156
2024-04-20 09:16:31,502:INFO:Epoch: 0428 loss_train: 70.1108 acc_train: 0.5544 acc_val: 0.2869
2024-04-20 09:16:36,350:INFO:Epoch: 0429 loss_train: 70.6127 acc_train: 0.5596 acc_val: 0.3033
2024-04-20 09:16:41,209:INFO:Epoch: 0430 loss_train: 73.4091 acc_train: 0.5591 acc_val: 0.2992
2024-04-20 09:16:46,021:INFO:Epoch: 0431 loss_train: 76.5403 acc_train: 0.5190 acc_val: 0.2746
2024-04-20 09:16:50,829:INFO:Epoch: 0432 loss_train: 72.0770 acc_train: 0.5414 acc_val: 0.3074
2024-04-20 09:16:55,672:INFO:Epoch: 0433 loss_train: 71.1677 acc_train: 0.5565 acc_val: 0.3033
2024-04-20 09:17:00,627:INFO:Epoch: 0434 loss_train: 69.7549 acc_train: 0.5455 acc_val: 0.3074
2024-04-20 09:17:05,422:INFO:Epoch: 0435 loss_train: 70.9577 acc_train: 0.5554 acc_val: 0.2992
2024-04-20 09:17:10,234:INFO:Epoch: 0436 loss_train: 70.3003 acc_train: 0.5560 acc_val: 0.2951
2024-04-20 09:17:15,065:INFO:Epoch: 0437 loss_train: 69.8239 acc_train: 0.5617 acc_val: 0.2992
2024-04-20 09:17:19,885:INFO:Epoch: 0438 loss_train: 71.8003 acc_train: 0.5461 acc_val: 0.3033
2024-04-20 09:17:24,725:INFO:Epoch: 0439 loss_train: 70.4953 acc_train: 0.5476 acc_val: 0.2910
2024-04-20 09:17:29,594:INFO:Epoch: 0440 loss_train: 69.8336 acc_train: 0.5549 acc_val: 0.3238
2024-04-20 09:17:34,524:INFO:Epoch: 0441 loss_train: 71.4740 acc_train: 0.5383 acc_val: 0.3033
2024-04-20 09:17:39,358:INFO:Epoch: 0442 loss_train: 68.8360 acc_train: 0.5575 acc_val: 0.3279
2024-04-20 09:17:44,169:INFO:Epoch: 0443 loss_train: 69.4402 acc_train: 0.5565 acc_val: 0.2910
2024-04-20 09:17:49,007:INFO:Epoch: 0444 loss_train: 69.3783 acc_train: 0.5528 acc_val: 0.3115
2024-04-20 09:17:53,874:INFO:Epoch: 0445 loss_train: 70.3099 acc_train: 0.5560 acc_val: 0.2992
2024-04-20 09:17:58,751:INFO:Epoch: 0446 loss_train: 69.1746 acc_train: 0.5560 acc_val: 0.2910
2024-04-20 09:18:03,564:INFO:Epoch: 0447 loss_train: 69.2375 acc_train: 0.5549 acc_val: 0.3074
2024-04-20 09:18:08,485:INFO:Epoch: 0448 loss_train: 67.9087 acc_train: 0.5695 acc_val: 0.2951
2024-04-20 09:18:13,353:INFO:Epoch: 0449 loss_train: 68.6411 acc_train: 0.5560 acc_val: 0.2992
2024-04-20 09:18:18,174:INFO:Epoch: 0450 loss_train: 69.5561 acc_train: 0.5539 acc_val: 0.3074
2024-04-20 09:18:23,432:INFO:Epoch: 0451 loss_train: 69.5109 acc_train: 0.5617 acc_val: 0.2992
2024-04-20 09:18:28,398:INFO:Epoch: 0452 loss_train: 68.5237 acc_train: 0.5742 acc_val: 0.2746
2024-04-20 09:18:33,185:INFO:Epoch: 0453 loss_train: 69.9171 acc_train: 0.5596 acc_val: 0.3074
2024-04-20 09:18:37,961:INFO:Epoch: 0454 loss_train: 72.8476 acc_train: 0.5331 acc_val: 0.2869
2024-04-20 09:18:42,779:INFO:Epoch: 0455 loss_train: 69.0284 acc_train: 0.5659 acc_val: 0.3074
2024-04-20 09:18:47,562:INFO:Epoch: 0456 loss_train: 67.9798 acc_train: 0.5601 acc_val: 0.3033
2024-04-20 09:18:52,355:INFO:Epoch: 0457 loss_train: 67.9788 acc_train: 0.5664 acc_val: 0.2746
2024-04-20 09:18:57,153:INFO:Epoch: 0458 loss_train: 68.7187 acc_train: 0.5679 acc_val: 0.3197
2024-04-20 09:19:01,981:INFO:Epoch: 0459 loss_train: 70.6274 acc_train: 0.5617 acc_val: 0.2910
2024-04-20 09:19:06,801:INFO:Epoch: 0460 loss_train: 72.1391 acc_train: 0.5440 acc_val: 0.3156
2024-04-20 09:19:11,685:INFO:Epoch: 0461 loss_train: 69.4541 acc_train: 0.5669 acc_val: 0.3074
2024-04-20 09:19:16,508:INFO:Epoch: 0462 loss_train: 70.6716 acc_train: 0.5445 acc_val: 0.2951
2024-04-20 09:19:21,290:INFO:Epoch: 0463 loss_train: 70.7054 acc_train: 0.5534 acc_val: 0.2910
2024-04-20 09:19:26,222:INFO:Epoch: 0464 loss_train: 70.4327 acc_train: 0.5580 acc_val: 0.3156
2024-04-20 09:19:31,005:INFO:Epoch: 0465 loss_train: 70.4153 acc_train: 0.5377 acc_val: 0.3033
2024-04-20 09:19:35,784:INFO:Epoch: 0466 loss_train: 68.9402 acc_train: 0.5695 acc_val: 0.2828
2024-04-20 09:19:40,558:INFO:Epoch: 0467 loss_train: 69.6488 acc_train: 0.5638 acc_val: 0.3156
2024-04-20 09:19:45,340:INFO:Epoch: 0468 loss_train: 69.0354 acc_train: 0.5497 acc_val: 0.3115
2024-04-20 09:19:50,113:INFO:Epoch: 0469 loss_train: 69.6953 acc_train: 0.5799 acc_val: 0.3033
2024-04-20 09:19:54,892:INFO:Epoch: 0470 loss_train: 68.0075 acc_train: 0.5679 acc_val: 0.3115
2024-04-20 09:19:59,664:INFO:Epoch: 0471 loss_train: 67.2824 acc_train: 0.5705 acc_val: 0.2951
2024-04-20 09:20:04,439:INFO:Epoch: 0472 loss_train: 68.9835 acc_train: 0.5742 acc_val: 0.3033
2024-04-20 09:20:09,143:INFO:Epoch: 0473 loss_train: 69.0445 acc_train: 0.5591 acc_val: 0.3197
2024-04-20 09:20:13,921:INFO:Epoch: 0474 loss_train: 68.0407 acc_train: 0.5789 acc_val: 0.2705
2024-04-20 09:20:18,768:INFO:Epoch: 0475 loss_train: 67.1685 acc_train: 0.5726 acc_val: 0.2951
2024-04-20 09:20:23,545:INFO:Epoch: 0476 loss_train: 69.2177 acc_train: 0.5737 acc_val: 0.3279
2024-04-20 09:20:28,323:INFO:Epoch: 0477 loss_train: 68.8608 acc_train: 0.5737 acc_val: 0.3238
2024-04-20 09:20:33,101:INFO:Epoch: 0478 loss_train: 68.3443 acc_train: 0.5721 acc_val: 0.3156
2024-04-20 09:20:37,879:INFO:Epoch: 0479 loss_train: 69.5076 acc_train: 0.5560 acc_val: 0.3238
2024-04-20 09:20:42,659:INFO:Epoch: 0480 loss_train: 69.1419 acc_train: 0.5716 acc_val: 0.3320
2024-04-20 09:20:47,440:INFO:Epoch: 0481 loss_train: 68.8053 acc_train: 0.5591 acc_val: 0.3074
2024-04-20 09:20:52,221:INFO:Epoch: 0482 loss_train: 69.0224 acc_train: 0.5622 acc_val: 0.3074
2024-04-20 09:20:56,997:INFO:Epoch: 0483 loss_train: 69.7842 acc_train: 0.5622 acc_val: 0.3238
2024-04-20 09:21:01,781:INFO:Epoch: 0484 loss_train: 68.9675 acc_train: 0.5700 acc_val: 0.2869
2024-04-20 09:21:06,557:INFO:Epoch: 0485 loss_train: 68.8531 acc_train: 0.5586 acc_val: 0.3033
2024-04-20 09:21:11,348:INFO:Epoch: 0486 loss_train: 68.0539 acc_train: 0.5679 acc_val: 0.2992
2024-04-20 09:21:16,135:INFO:Epoch: 0487 loss_train: 67.9080 acc_train: 0.5815 acc_val: 0.2705
2024-04-20 09:21:20,932:INFO:Epoch: 0488 loss_train: 68.3189 acc_train: 0.5659 acc_val: 0.3238
2024-04-20 09:21:26,038:INFO:Epoch: 0489 loss_train: 67.3382 acc_train: 0.5731 acc_val: 0.2951
2024-04-20 09:21:30,819:INFO:Epoch: 0490 loss_train: 72.1732 acc_train: 0.5534 acc_val: 0.3033
2024-04-20 09:21:35,597:INFO:Epoch: 0491 loss_train: 75.4754 acc_train: 0.5450 acc_val: 0.2910
2024-04-20 09:21:40,450:INFO:Epoch: 0492 loss_train: 69.1436 acc_train: 0.5648 acc_val: 0.2705
2024-04-20 09:21:45,231:INFO:Epoch: 0493 loss_train: 66.5811 acc_train: 0.5815 acc_val: 0.3074
2024-04-20 09:21:50,011:INFO:Epoch: 0494 loss_train: 67.7936 acc_train: 0.5856 acc_val: 0.3033
2024-04-20 09:21:54,943:INFO:Epoch: 0495 loss_train: 69.6287 acc_train: 0.5789 acc_val: 0.2992
2024-04-20 09:21:59,729:INFO:Epoch: 0496 loss_train: 68.2371 acc_train: 0.5643 acc_val: 0.2869
2024-04-20 09:22:04,596:INFO:Epoch: 0497 loss_train: 70.4445 acc_train: 0.5580 acc_val: 0.3074
2024-04-20 09:22:09,374:INFO:Epoch: 0498 loss_train: 67.3878 acc_train: 0.5815 acc_val: 0.3156
2024-04-20 09:22:14,165:INFO:Epoch: 0499 loss_train: 66.9162 acc_train: 0.5783 acc_val: 0.2910
2024-04-20 09:22:18,949:INFO:Epoch: 0500 loss_train: 67.2164 acc_train: 0.5877 acc_val: 0.3156
2024-04-20 09:22:18,952:INFO:Optimization Finished! Total time elapsed: 2368.435020
