2024-04-20 09:22:23,096:INFO:Current date and time:2024-04-20 09:22:23.096725
2024-04-20 09:22:23,097:INFO:{'dataset_name': 'hpo_metab', 'learning_rate': 0.001, 'weight_decay': 0.01, 'batch_size': 32, 'augment': 1, 'epochs': 500, 'patience': 100, 'hidden_dim': 16, 'mamba_dim': 16, 'seqlength': 5000, 'hops': 3, 'num_classes': 6, 'multilabel': False, 'embeddings_filename': 'graphsaint_gcn_embeddings.pth'}
2024-04-20 09:22:33,015:INFO:Epoch: 0001 loss_train: 119.6310 acc_train: 0.1827 acc_val: 0.1680
2024-04-20 09:22:39,612:INFO:Epoch: 0002 loss_train: 108.4006 acc_train: 0.2181 acc_val: 0.1762
2024-04-20 09:22:44,974:INFO:Epoch: 0003 loss_train: 107.1023 acc_train: 0.2467 acc_val: 0.2008
2024-04-20 09:22:50,328:INFO:Epoch: 0004 loss_train: 106.5844 acc_train: 0.2207 acc_val: 0.1926
2024-04-20 09:22:55,668:INFO:Epoch: 0005 loss_train: 104.8973 acc_train: 0.2431 acc_val: 0.2049
2024-04-20 09:23:01,034:INFO:Epoch: 0006 loss_train: 105.3927 acc_train: 0.2504 acc_val: 0.2746
2024-04-20 09:23:06,377:INFO:Epoch: 0007 loss_train: 104.5033 acc_train: 0.2624 acc_val: 0.2254
2024-04-20 09:23:11,681:INFO:Epoch: 0008 loss_train: 105.0290 acc_train: 0.2415 acc_val: 0.2090
2024-04-20 09:23:16,954:INFO:Epoch: 0009 loss_train: 105.2336 acc_train: 0.2598 acc_val: 0.2746
2024-04-20 09:23:22,213:INFO:Epoch: 0010 loss_train: 104.9540 acc_train: 0.2759 acc_val: 0.2951
2024-04-20 09:23:27,471:INFO:Epoch: 0011 loss_train: 103.9749 acc_train: 0.2743 acc_val: 0.2131
2024-04-20 09:23:32,733:INFO:Epoch: 0012 loss_train: 103.7309 acc_train: 0.2816 acc_val: 0.2377
2024-04-20 09:23:37,997:INFO:Epoch: 0013 loss_train: 103.8658 acc_train: 0.2832 acc_val: 0.2131
2024-04-20 09:23:43,257:INFO:Epoch: 0014 loss_train: 102.7251 acc_train: 0.2920 acc_val: 0.2459
2024-04-20 09:23:48,520:INFO:Epoch: 0015 loss_train: 101.4389 acc_train: 0.2998 acc_val: 0.2336
2024-04-20 09:23:53,771:INFO:Epoch: 0016 loss_train: 101.4027 acc_train: 0.3024 acc_val: 0.2623
2024-04-20 09:23:59,032:INFO:Epoch: 0017 loss_train: 102.4345 acc_train: 0.2775 acc_val: 0.2500
2024-04-20 09:24:04,288:INFO:Epoch: 0018 loss_train: 102.8286 acc_train: 0.2957 acc_val: 0.2336
2024-04-20 09:24:09,664:INFO:Epoch: 0019 loss_train: 101.8310 acc_train: 0.2957 acc_val: 0.2459
2024-04-20 09:24:15,080:INFO:Epoch: 0020 loss_train: 101.4161 acc_train: 0.3077 acc_val: 0.2746
2024-04-20 09:24:20,422:INFO:Epoch: 0021 loss_train: 101.1068 acc_train: 0.3170 acc_val: 0.2500
2024-04-20 09:24:25,841:INFO:Epoch: 0022 loss_train: 101.7160 acc_train: 0.2874 acc_val: 0.2500
2024-04-20 09:24:31,212:INFO:Epoch: 0023 loss_train: 101.0717 acc_train: 0.3123 acc_val: 0.2377
2024-04-20 09:24:36,655:INFO:Epoch: 0024 loss_train: 101.5715 acc_train: 0.3071 acc_val: 0.2541
2024-04-20 09:24:42,086:INFO:Epoch: 0025 loss_train: 101.5266 acc_train: 0.3019 acc_val: 0.2418
2024-04-20 09:24:47,489:INFO:Epoch: 0026 loss_train: 102.3005 acc_train: 0.2972 acc_val: 0.2705
2024-04-20 09:24:52,831:INFO:Epoch: 0027 loss_train: 100.6286 acc_train: 0.3040 acc_val: 0.2623
2024-04-20 09:24:58,380:INFO:Epoch: 0028 loss_train: 100.0653 acc_train: 0.3155 acc_val: 0.2541
2024-04-20 09:25:03,764:INFO:Epoch: 0029 loss_train: 100.6344 acc_train: 0.3113 acc_val: 0.2500
2024-04-20 09:25:09,210:INFO:Epoch: 0030 loss_train: 99.9717 acc_train: 0.3108 acc_val: 0.2418
2024-04-20 09:25:14,555:INFO:Epoch: 0031 loss_train: 99.4053 acc_train: 0.3144 acc_val: 0.2541
2024-04-20 09:25:19,936:INFO:Epoch: 0032 loss_train: 99.9528 acc_train: 0.3243 acc_val: 0.2541
2024-04-20 09:25:25,228:INFO:Epoch: 0033 loss_train: 100.1733 acc_train: 0.3175 acc_val: 0.2582
2024-04-20 09:25:30,523:INFO:Epoch: 0034 loss_train: 100.2334 acc_train: 0.3227 acc_val: 0.2377
2024-04-20 09:25:35,802:INFO:Epoch: 0035 loss_train: 99.0264 acc_train: 0.3280 acc_val: 0.2746
2024-04-20 09:25:41,057:INFO:Epoch: 0036 loss_train: 98.2585 acc_train: 0.3290 acc_val: 0.2664
2024-04-20 09:25:46,411:INFO:Epoch: 0037 loss_train: 98.9319 acc_train: 0.3227 acc_val: 0.2664
2024-04-20 09:25:51,700:INFO:Epoch: 0038 loss_train: 99.0559 acc_train: 0.3274 acc_val: 0.2582
2024-04-20 09:25:57,003:INFO:Epoch: 0039 loss_train: 97.9695 acc_train: 0.3326 acc_val: 0.2910
2024-04-20 09:26:02,434:INFO:Epoch: 0040 loss_train: 99.5948 acc_train: 0.3181 acc_val: 0.2582
2024-04-20 09:26:07,698:INFO:Epoch: 0041 loss_train: 97.5207 acc_train: 0.3384 acc_val: 0.2623
2024-04-20 09:26:12,957:INFO:Epoch: 0042 loss_train: 98.7719 acc_train: 0.3415 acc_val: 0.2664
2024-04-20 09:26:18,222:INFO:Epoch: 0043 loss_train: 95.8678 acc_train: 0.3462 acc_val: 0.2705
2024-04-20 09:26:23,483:INFO:Epoch: 0044 loss_train: 96.4913 acc_train: 0.3363 acc_val: 0.2828
2024-04-20 09:26:28,740:INFO:Epoch: 0045 loss_train: 97.3771 acc_train: 0.3410 acc_val: 0.2623
2024-04-20 09:26:34,064:INFO:Epoch: 0046 loss_train: 100.1430 acc_train: 0.3368 acc_val: 0.2623
2024-04-20 09:26:39,456:INFO:Epoch: 0047 loss_train: 97.9507 acc_train: 0.3347 acc_val: 0.3074
2024-04-20 09:26:44,707:INFO:Epoch: 0048 loss_train: 97.8685 acc_train: 0.3326 acc_val: 0.2992
2024-04-20 09:26:50,058:INFO:Epoch: 0049 loss_train: 96.0707 acc_train: 0.3576 acc_val: 0.3115
2024-04-20 09:26:55,439:INFO:Epoch: 0050 loss_train: 95.6890 acc_train: 0.3581 acc_val: 0.2705
2024-04-20 09:27:00,695:INFO:Epoch: 0051 loss_train: 95.5994 acc_train: 0.3607 acc_val: 0.3074
2024-04-20 09:27:06,037:INFO:Epoch: 0052 loss_train: 95.4674 acc_train: 0.3592 acc_val: 0.2787
2024-04-20 09:27:11,287:INFO:Epoch: 0053 loss_train: 94.9317 acc_train: 0.3665 acc_val: 0.3156
2024-04-20 09:27:16,551:INFO:Epoch: 0054 loss_train: 94.4701 acc_train: 0.3607 acc_val: 0.2705
2024-04-20 09:27:22,087:INFO:Epoch: 0055 loss_train: 93.5767 acc_train: 0.3732 acc_val: 0.2500
2024-04-20 09:27:27,599:INFO:Epoch: 0056 loss_train: 95.6389 acc_train: 0.3597 acc_val: 0.2910
2024-04-20 09:27:33,113:INFO:Epoch: 0057 loss_train: 94.6984 acc_train: 0.3712 acc_val: 0.3484
2024-04-20 09:27:38,797:INFO:Epoch: 0058 loss_train: 91.6149 acc_train: 0.3868 acc_val: 0.3525
2024-04-20 09:27:44,541:INFO:Epoch: 0059 loss_train: 92.8794 acc_train: 0.3982 acc_val: 0.3279
2024-04-20 09:27:50,130:INFO:Epoch: 0060 loss_train: 94.2671 acc_train: 0.3576 acc_val: 0.3074
2024-04-20 09:27:55,694:INFO:Epoch: 0061 loss_train: 90.0714 acc_train: 0.3982 acc_val: 0.2828
2024-04-20 09:28:01,256:INFO:Epoch: 0062 loss_train: 91.4065 acc_train: 0.4055 acc_val: 0.3484
2024-04-20 09:28:06,802:INFO:Epoch: 0063 loss_train: 92.1179 acc_train: 0.3811 acc_val: 0.3402
2024-04-20 09:28:12,291:INFO:Epoch: 0064 loss_train: 90.1409 acc_train: 0.4102 acc_val: 0.3279
2024-04-20 09:28:17,658:INFO:Epoch: 0065 loss_train: 88.3252 acc_train: 0.4133 acc_val: 0.3443
2024-04-20 09:28:23,057:INFO:Epoch: 0066 loss_train: 89.6349 acc_train: 0.4232 acc_val: 0.3402
2024-04-20 09:28:28,461:INFO:Epoch: 0067 loss_train: 88.2882 acc_train: 0.4263 acc_val: 0.3197
2024-04-20 09:28:33,858:INFO:Epoch: 0068 loss_train: 88.1582 acc_train: 0.4170 acc_val: 0.3484
2024-04-20 09:28:39,261:INFO:Epoch: 0069 loss_train: 88.4823 acc_train: 0.4295 acc_val: 0.3402
2024-04-20 09:28:44,782:INFO:Epoch: 0070 loss_train: 89.5234 acc_train: 0.4107 acc_val: 0.2951
2024-04-20 09:28:50,344:INFO:Epoch: 0071 loss_train: 87.9552 acc_train: 0.4180 acc_val: 0.3156
2024-04-20 09:28:55,752:INFO:Epoch: 0072 loss_train: 87.2015 acc_train: 0.4321 acc_val: 0.3197
2024-04-20 09:29:01,322:INFO:Epoch: 0073 loss_train: 88.5861 acc_train: 0.4014 acc_val: 0.3770
2024-04-20 09:29:06,715:INFO:Epoch: 0074 loss_train: 86.9011 acc_train: 0.4394 acc_val: 0.3402
2024-04-20 09:29:12,114:INFO:Epoch: 0075 loss_train: 89.2045 acc_train: 0.4211 acc_val: 0.3730
2024-04-20 09:29:17,538:INFO:Epoch: 0076 loss_train: 87.9121 acc_train: 0.4315 acc_val: 0.2992
2024-04-20 09:29:22,943:INFO:Epoch: 0077 loss_train: 87.7780 acc_train: 0.4394 acc_val: 0.3361
2024-04-20 09:29:28,342:INFO:Epoch: 0078 loss_train: 85.4518 acc_train: 0.4503 acc_val: 0.3115
2024-04-20 09:29:33,804:INFO:Epoch: 0079 loss_train: 84.4980 acc_train: 0.4539 acc_val: 0.3648
2024-04-20 09:29:39,206:INFO:Epoch: 0080 loss_train: 84.6188 acc_train: 0.4607 acc_val: 0.3033
2024-04-20 09:29:44,649:INFO:Epoch: 0081 loss_train: 85.8549 acc_train: 0.4321 acc_val: 0.3443
2024-04-20 09:29:50,098:INFO:Epoch: 0082 loss_train: 85.3437 acc_train: 0.4368 acc_val: 0.3525
2024-04-20 09:29:55,500:INFO:Epoch: 0083 loss_train: 84.5960 acc_train: 0.4518 acc_val: 0.3074
2024-04-20 09:30:01,085:INFO:Epoch: 0084 loss_train: 85.6059 acc_train: 0.4524 acc_val: 0.2951
2024-04-20 09:30:06,425:INFO:Epoch: 0085 loss_train: 84.3259 acc_train: 0.4623 acc_val: 0.3320
2024-04-20 09:30:11,751:INFO:Epoch: 0086 loss_train: 84.2916 acc_train: 0.4482 acc_val: 0.3033
2024-04-20 09:30:17,112:INFO:Epoch: 0087 loss_train: 83.8701 acc_train: 0.4602 acc_val: 0.2910
2024-04-20 09:30:22,495:INFO:Epoch: 0088 loss_train: 81.8412 acc_train: 0.4638 acc_val: 0.3279
2024-04-20 09:30:28,387:INFO:Epoch: 0089 loss_train: 83.9352 acc_train: 0.4669 acc_val: 0.3033
2024-04-20 09:30:33,720:INFO:Epoch: 0090 loss_train: 86.9531 acc_train: 0.4394 acc_val: 0.2746
2024-04-20 09:30:39,003:INFO:Epoch: 0091 loss_train: 84.0067 acc_train: 0.4498 acc_val: 0.2500
2024-04-20 09:30:44,343:INFO:Epoch: 0092 loss_train: 83.9265 acc_train: 0.4669 acc_val: 0.3115
2024-04-20 09:30:49,716:INFO:Epoch: 0093 loss_train: 81.0159 acc_train: 0.4789 acc_val: 0.2705
2024-04-20 09:30:55,100:INFO:Epoch: 0094 loss_train: 81.9990 acc_train: 0.4643 acc_val: 0.3115
2024-04-20 09:31:00,477:INFO:Epoch: 0095 loss_train: 82.9750 acc_train: 0.4669 acc_val: 0.2705
2024-04-20 09:31:05,840:INFO:Epoch: 0096 loss_train: 85.4491 acc_train: 0.4362 acc_val: 0.3238
2024-04-20 09:31:11,229:INFO:Epoch: 0097 loss_train: 80.3137 acc_train: 0.4768 acc_val: 0.3402
2024-04-20 09:31:16,591:INFO:Epoch: 0098 loss_train: 80.3006 acc_train: 0.4753 acc_val: 0.3402
2024-04-20 09:31:21,956:INFO:Epoch: 0099 loss_train: 80.8231 acc_train: 0.4831 acc_val: 0.2869
2024-04-20 09:31:27,329:INFO:Epoch: 0100 loss_train: 81.3962 acc_train: 0.4711 acc_val: 0.3115
2024-04-20 09:31:32,707:INFO:Epoch: 0101 loss_train: 79.9810 acc_train: 0.4846 acc_val: 0.2992
2024-04-20 09:31:38,075:INFO:Epoch: 0102 loss_train: 77.8157 acc_train: 0.4951 acc_val: 0.2582
2024-04-20 09:31:43,469:INFO:Epoch: 0103 loss_train: 81.9670 acc_train: 0.4846 acc_val: 0.2910
2024-04-20 09:31:48,942:INFO:Epoch: 0104 loss_train: 80.9832 acc_train: 0.4867 acc_val: 0.3115
2024-04-20 09:31:54,563:INFO:Epoch: 0105 loss_train: 78.5876 acc_train: 0.4961 acc_val: 0.2910
2024-04-20 09:31:59,908:INFO:Epoch: 0106 loss_train: 77.9130 acc_train: 0.4992 acc_val: 0.2951
2024-04-20 09:32:05,253:INFO:Epoch: 0107 loss_train: 76.8227 acc_train: 0.5039 acc_val: 0.2828
2024-04-20 09:32:10,619:INFO:Epoch: 0108 loss_train: 76.5571 acc_train: 0.4904 acc_val: 0.3197
2024-04-20 09:32:16,023:INFO:Epoch: 0109 loss_train: 76.2242 acc_train: 0.5081 acc_val: 0.3074
2024-04-20 09:32:21,419:INFO:Epoch: 0110 loss_train: 78.5866 acc_train: 0.4898 acc_val: 0.2828
2024-04-20 09:32:26,821:INFO:Epoch: 0111 loss_train: 77.3801 acc_train: 0.5122 acc_val: 0.2582
2024-04-20 09:32:32,235:INFO:Epoch: 0112 loss_train: 82.4962 acc_train: 0.4857 acc_val: 0.3484
2024-04-20 09:32:37,641:INFO:Epoch: 0113 loss_train: 76.2423 acc_train: 0.5128 acc_val: 0.2828
2024-04-20 09:32:43,437:INFO:Epoch: 0114 loss_train: 76.0307 acc_train: 0.5195 acc_val: 0.3279
2024-04-20 09:32:48,854:INFO:Epoch: 0115 loss_train: 78.8130 acc_train: 0.4794 acc_val: 0.3197
2024-04-20 09:32:54,285:INFO:Epoch: 0116 loss_train: 77.2272 acc_train: 0.5102 acc_val: 0.2828
2024-04-20 09:32:59,694:INFO:Epoch: 0117 loss_train: 75.2647 acc_train: 0.5102 acc_val: 0.3197
2024-04-20 09:33:05,102:INFO:Epoch: 0118 loss_train: 74.8982 acc_train: 0.5138 acc_val: 0.2910
2024-04-20 09:33:10,486:INFO:Epoch: 0119 loss_train: 77.1928 acc_train: 0.5034 acc_val: 0.3279
2024-04-20 09:33:15,896:INFO:Epoch: 0120 loss_train: 77.1380 acc_train: 0.5003 acc_val: 0.2869
2024-04-20 09:33:21,231:INFO:Epoch: 0121 loss_train: 74.0886 acc_train: 0.5237 acc_val: 0.3033
2024-04-20 09:33:26,558:INFO:Epoch: 0122 loss_train: 72.9234 acc_train: 0.5180 acc_val: 0.2910
2024-04-20 09:33:31,881:INFO:Epoch: 0123 loss_train: 74.7178 acc_train: 0.5190 acc_val: 0.3115
2024-04-20 09:33:37,237:INFO:Epoch: 0124 loss_train: 74.5850 acc_train: 0.5263 acc_val: 0.3320
2024-04-20 09:33:42,570:INFO:Epoch: 0125 loss_train: 74.2430 acc_train: 0.5273 acc_val: 0.2869
2024-04-20 09:33:47,880:INFO:Epoch: 0126 loss_train: 73.3060 acc_train: 0.5315 acc_val: 0.2869
2024-04-20 09:33:53,229:INFO:Epoch: 0127 loss_train: 74.0335 acc_train: 0.5299 acc_val: 0.3074
2024-04-20 09:33:58,561:INFO:Epoch: 0128 loss_train: 73.4308 acc_train: 0.5299 acc_val: 0.2992
2024-04-20 09:34:03,926:INFO:Epoch: 0129 loss_train: 71.5180 acc_train: 0.5393 acc_val: 0.2992
2024-04-20 09:34:09,241:INFO:Epoch: 0130 loss_train: 72.0247 acc_train: 0.5372 acc_val: 0.2869
2024-04-20 09:34:14,552:INFO:Epoch: 0131 loss_train: 72.1606 acc_train: 0.5450 acc_val: 0.3238
2024-04-20 09:34:19,852:INFO:Epoch: 0132 loss_train: 73.0432 acc_train: 0.5315 acc_val: 0.2992
2024-04-20 09:34:25,172:INFO:Epoch: 0133 loss_train: 71.0942 acc_train: 0.5455 acc_val: 0.3238
2024-04-20 09:34:30,470:INFO:Epoch: 0134 loss_train: 71.8425 acc_train: 0.5419 acc_val: 0.3074
2024-04-20 09:34:35,746:INFO:Epoch: 0135 loss_train: 72.2528 acc_train: 0.5237 acc_val: 0.3033
2024-04-20 09:34:41,028:INFO:Epoch: 0136 loss_train: 70.8127 acc_train: 0.5523 acc_val: 0.3033
2024-04-20 09:34:46,312:INFO:Epoch: 0137 loss_train: 69.8979 acc_train: 0.5539 acc_val: 0.2664
2024-04-20 09:34:51,603:INFO:Epoch: 0138 loss_train: 68.6571 acc_train: 0.5554 acc_val: 0.3279
2024-04-20 09:34:56,996:INFO:Epoch: 0139 loss_train: 69.4159 acc_train: 0.5534 acc_val: 0.2910
2024-04-20 09:35:02,279:INFO:Epoch: 0140 loss_train: 69.3252 acc_train: 0.5612 acc_val: 0.3197
2024-04-20 09:35:07,565:INFO:Epoch: 0141 loss_train: 71.3563 acc_train: 0.5450 acc_val: 0.3115
2024-04-20 09:35:12,859:INFO:Epoch: 0142 loss_train: 68.8094 acc_train: 0.5565 acc_val: 0.3074
2024-04-20 09:35:18,346:INFO:Epoch: 0143 loss_train: 69.9663 acc_train: 0.5528 acc_val: 0.3156
2024-04-20 09:35:23,651:INFO:Epoch: 0144 loss_train: 71.3370 acc_train: 0.5455 acc_val: 0.2951
2024-04-20 09:35:28,938:INFO:Epoch: 0145 loss_train: 70.0821 acc_train: 0.5528 acc_val: 0.2951
2024-04-20 09:35:34,529:INFO:Epoch: 0146 loss_train: 67.5628 acc_train: 0.5591 acc_val: 0.2992
2024-04-20 09:35:39,814:INFO:Epoch: 0147 loss_train: 69.9722 acc_train: 0.5497 acc_val: 0.3074
2024-04-20 09:35:45,105:INFO:Epoch: 0148 loss_train: 68.0252 acc_train: 0.5580 acc_val: 0.2992
2024-04-20 09:35:50,420:INFO:Epoch: 0149 loss_train: 66.4501 acc_train: 0.5841 acc_val: 0.3156
2024-04-20 09:35:55,698:INFO:Epoch: 0150 loss_train: 72.9814 acc_train: 0.5362 acc_val: 0.2910
2024-04-20 09:36:00,974:INFO:Epoch: 0151 loss_train: 67.4594 acc_train: 0.5716 acc_val: 0.3074
2024-04-20 09:36:06,372:INFO:Epoch: 0152 loss_train: 67.5622 acc_train: 0.5799 acc_val: 0.3197
2024-04-20 09:36:11,669:INFO:Epoch: 0153 loss_train: 64.9485 acc_train: 0.5851 acc_val: 0.2910
2024-04-20 09:36:16,963:INFO:Epoch: 0154 loss_train: 65.5442 acc_train: 0.5778 acc_val: 0.3197
2024-04-20 09:36:22,269:INFO:Epoch: 0155 loss_train: 64.5991 acc_train: 0.5867 acc_val: 0.3115
2024-04-20 09:36:27,609:INFO:Epoch: 0156 loss_train: 66.4160 acc_train: 0.5705 acc_val: 0.2992
2024-04-20 09:36:32,912:INFO:Epoch: 0157 loss_train: 67.9037 acc_train: 0.5721 acc_val: 0.2910
2024-04-20 09:36:38,202:INFO:Epoch: 0158 loss_train: 69.8474 acc_train: 0.5544 acc_val: 0.2951
2024-04-20 09:36:43,492:INFO:Epoch: 0159 loss_train: 67.5649 acc_train: 0.5742 acc_val: 0.2787
2024-04-20 09:36:48,783:INFO:Epoch: 0160 loss_train: 63.8679 acc_train: 0.5898 acc_val: 0.2705
2024-04-20 09:36:54,085:INFO:Epoch: 0161 loss_train: 62.3744 acc_train: 0.5908 acc_val: 0.2787
2024-04-20 09:36:59,390:INFO:Epoch: 0162 loss_train: 63.2171 acc_train: 0.5960 acc_val: 0.2787
2024-04-20 09:37:04,680:INFO:Epoch: 0163 loss_train: 63.8444 acc_train: 0.5992 acc_val: 0.2705
2024-04-20 09:37:09,959:INFO:Epoch: 0164 loss_train: 63.7166 acc_train: 0.5893 acc_val: 0.2992
2024-04-20 09:37:15,245:INFO:Epoch: 0165 loss_train: 63.9984 acc_train: 0.5862 acc_val: 0.2910
2024-04-20 09:37:20,697:INFO:Epoch: 0166 loss_train: 63.6703 acc_train: 0.5851 acc_val: 0.3074
2024-04-20 09:37:26,206:INFO:Epoch: 0167 loss_train: 61.5762 acc_train: 0.6059 acc_val: 0.2869
2024-04-20 09:37:31,712:INFO:Epoch: 0168 loss_train: 61.1766 acc_train: 0.6091 acc_val: 0.2951
2024-04-20 09:37:37,218:INFO:Epoch: 0169 loss_train: 64.6481 acc_train: 0.5934 acc_val: 0.2910
2024-04-20 09:37:42,719:INFO:Epoch: 0170 loss_train: 64.5866 acc_train: 0.5903 acc_val: 0.2869
2024-04-20 09:37:48,205:INFO:Epoch: 0171 loss_train: 62.5578 acc_train: 0.6059 acc_val: 0.2705
2024-04-20 09:37:53,648:INFO:Epoch: 0172 loss_train: 67.4290 acc_train: 0.5773 acc_val: 0.2951
2024-04-20 09:37:58,967:INFO:Epoch: 0173 loss_train: 63.7708 acc_train: 0.6039 acc_val: 0.2828
2024-04-20 09:37:58,970:INFO:PATIENCE THRESHOLD PASSED; DETECTED OVERFITTING
2024-04-20 09:38:04,266:INFO:Epoch: 0174 loss_train: 64.9005 acc_train: 0.5888 acc_val: 0.3156
2024-04-20 09:38:09,747:INFO:Epoch: 0175 loss_train: 64.3433 acc_train: 0.5914 acc_val: 0.2828
2024-04-20 09:38:15,028:INFO:Epoch: 0176 loss_train: 61.3597 acc_train: 0.6200 acc_val: 0.2910
2024-04-20 09:38:20,330:INFO:Epoch: 0177 loss_train: 61.5034 acc_train: 0.6252 acc_val: 0.2828
2024-04-20 09:38:25,660:INFO:Epoch: 0178 loss_train: 59.5080 acc_train: 0.6351 acc_val: 0.3074
2024-04-20 09:38:31,320:INFO:Epoch: 0179 loss_train: 59.9938 acc_train: 0.6210 acc_val: 0.2869
2024-04-20 09:38:36,899:INFO:Epoch: 0180 loss_train: 62.8708 acc_train: 0.6033 acc_val: 0.3115
2024-04-20 09:38:42,447:INFO:Epoch: 0181 loss_train: 59.2357 acc_train: 0.6148 acc_val: 0.2951
2024-04-20 09:38:47,945:INFO:Epoch: 0182 loss_train: 58.7150 acc_train: 0.6148 acc_val: 0.2828
2024-04-20 09:38:53,466:INFO:Epoch: 0183 loss_train: 56.6940 acc_train: 0.6455 acc_val: 0.3074
2024-04-20 09:38:58,985:INFO:Epoch: 0184 loss_train: 58.2473 acc_train: 0.6377 acc_val: 0.3197
2024-04-20 09:39:04,501:INFO:Epoch: 0185 loss_train: 59.5703 acc_train: 0.6143 acc_val: 0.2746
2024-04-20 09:39:10,042:INFO:Epoch: 0186 loss_train: 57.4810 acc_train: 0.6335 acc_val: 0.2828
2024-04-20 09:39:15,647:INFO:Epoch: 0187 loss_train: 57.9574 acc_train: 0.6491 acc_val: 0.2705
2024-04-20 09:39:21,283:INFO:Epoch: 0188 loss_train: 57.5350 acc_train: 0.6340 acc_val: 0.3197
2024-04-20 09:39:26,808:INFO:Epoch: 0189 loss_train: 57.5079 acc_train: 0.6304 acc_val: 0.3033
2024-04-20 09:39:32,440:INFO:Epoch: 0190 loss_train: 55.0499 acc_train: 0.6476 acc_val: 0.2787
2024-04-20 09:39:38,132:INFO:Epoch: 0191 loss_train: 55.3261 acc_train: 0.6497 acc_val: 0.2541
2024-04-20 09:39:43,750:INFO:Epoch: 0192 loss_train: 57.9091 acc_train: 0.6497 acc_val: 0.2787
2024-04-20 09:39:49,359:INFO:Epoch: 0193 loss_train: 61.0641 acc_train: 0.6054 acc_val: 0.2787
2024-04-20 09:39:54,865:INFO:Epoch: 0194 loss_train: 56.4789 acc_train: 0.6497 acc_val: 0.2951
2024-04-20 09:40:00,490:INFO:Epoch: 0195 loss_train: 56.1091 acc_train: 0.6325 acc_val: 0.3115
2024-04-20 09:40:05,993:INFO:Epoch: 0196 loss_train: 54.6849 acc_train: 0.6528 acc_val: 0.2910
2024-04-20 09:40:11,499:INFO:Epoch: 0197 loss_train: 61.2819 acc_train: 0.6231 acc_val: 0.2787
2024-04-20 09:40:17,014:INFO:Epoch: 0198 loss_train: 58.0570 acc_train: 0.6491 acc_val: 0.2951
2024-04-20 09:40:22,520:INFO:Epoch: 0199 loss_train: 57.2982 acc_train: 0.6465 acc_val: 0.2951
2024-04-20 09:40:28,028:INFO:Epoch: 0200 loss_train: 57.7017 acc_train: 0.6393 acc_val: 0.2951
2024-04-20 09:40:33,533:INFO:Epoch: 0201 loss_train: 54.7530 acc_train: 0.6486 acc_val: 0.2951
2024-04-20 09:40:39,039:INFO:Epoch: 0202 loss_train: 54.3814 acc_train: 0.6632 acc_val: 0.2869
2024-04-20 09:40:44,548:INFO:Epoch: 0203 loss_train: 62.5081 acc_train: 0.5960 acc_val: 0.2910
2024-04-20 09:40:50,053:INFO:Epoch: 0204 loss_train: 55.4825 acc_train: 0.6491 acc_val: 0.2992
2024-04-20 09:40:55,560:INFO:Epoch: 0205 loss_train: 54.5745 acc_train: 0.6596 acc_val: 0.2828
2024-04-20 09:41:01,088:INFO:Epoch: 0206 loss_train: 55.1123 acc_train: 0.6590 acc_val: 0.3074
2024-04-20 09:41:07,554:INFO:Epoch: 0207 loss_train: 53.4376 acc_train: 0.6590 acc_val: 0.3279
2024-04-20 09:41:13,126:INFO:Epoch: 0208 loss_train: 51.7213 acc_train: 0.6700 acc_val: 0.2787
2024-04-20 09:41:18,660:INFO:Epoch: 0209 loss_train: 51.8500 acc_train: 0.6757 acc_val: 0.3074
2024-04-20 09:41:24,215:INFO:Epoch: 0210 loss_train: 57.9950 acc_train: 0.6393 acc_val: 0.2828
2024-04-20 09:41:29,773:INFO:Epoch: 0211 loss_train: 51.1592 acc_train: 0.6700 acc_val: 0.2910
2024-04-20 09:41:35,291:INFO:Epoch: 0212 loss_train: 51.3867 acc_train: 0.6741 acc_val: 0.3074
2024-04-20 09:41:40,848:INFO:Epoch: 0213 loss_train: 61.9186 acc_train: 0.5992 acc_val: 0.2869
2024-04-20 09:41:46,395:INFO:Epoch: 0214 loss_train: 53.0820 acc_train: 0.6746 acc_val: 0.3279
2024-04-20 09:41:51,780:INFO:Epoch: 0215 loss_train: 53.0406 acc_train: 0.6585 acc_val: 0.2828
2024-04-20 09:41:57,246:INFO:Epoch: 0216 loss_train: 52.4966 acc_train: 0.6642 acc_val: 0.2705
2024-04-20 09:42:02,660:INFO:Epoch: 0217 loss_train: 51.2888 acc_train: 0.6851 acc_val: 0.2828
2024-04-20 09:42:08,144:INFO:Epoch: 0218 loss_train: 59.3252 acc_train: 0.6257 acc_val: 0.2910
2024-04-20 09:42:13,590:INFO:Epoch: 0219 loss_train: 56.1155 acc_train: 0.6533 acc_val: 0.3197
2024-04-20 09:42:19,052:INFO:Epoch: 0220 loss_train: 50.8419 acc_train: 0.6939 acc_val: 0.3197
2024-04-20 09:42:24,678:INFO:Epoch: 0221 loss_train: 52.3234 acc_train: 0.6793 acc_val: 0.2910
2024-04-20 09:42:30,274:INFO:Epoch: 0222 loss_train: 50.5019 acc_train: 0.6783 acc_val: 0.3033
2024-04-20 09:42:35,728:INFO:Epoch: 0223 loss_train: 49.2380 acc_train: 0.6939 acc_val: 0.2787
2024-04-20 09:42:41,253:INFO:Epoch: 0224 loss_train: 49.3346 acc_train: 0.6809 acc_val: 0.2951
2024-04-20 09:42:46,541:INFO:Epoch: 0225 loss_train: 47.1518 acc_train: 0.6976 acc_val: 0.3033
2024-04-20 09:42:51,812:INFO:Epoch: 0226 loss_train: 48.7469 acc_train: 0.7012 acc_val: 0.2992
2024-04-20 09:42:57,385:INFO:Epoch: 0227 loss_train: 51.6150 acc_train: 0.6788 acc_val: 0.2746
2024-04-20 09:43:03,727:INFO:Epoch: 0228 loss_train: 51.1204 acc_train: 0.6746 acc_val: 0.2910
2024-04-20 09:43:09,032:INFO:Epoch: 0229 loss_train: 50.2586 acc_train: 0.6996 acc_val: 0.2992
2024-04-20 09:43:14,359:INFO:Epoch: 0230 loss_train: 60.0393 acc_train: 0.6356 acc_val: 0.2787
2024-04-20 09:43:19,622:INFO:Epoch: 0231 loss_train: 57.1598 acc_train: 0.6273 acc_val: 0.2705
2024-04-20 09:43:24,885:INFO:Epoch: 0232 loss_train: 48.2445 acc_train: 0.7028 acc_val: 0.2787
2024-04-20 09:43:30,175:INFO:Epoch: 0233 loss_train: 46.8863 acc_train: 0.7121 acc_val: 0.2828
2024-04-20 09:43:35,431:INFO:Epoch: 0234 loss_train: 46.9348 acc_train: 0.7059 acc_val: 0.2951
2024-04-20 09:43:40,702:INFO:Epoch: 0235 loss_train: 47.8558 acc_train: 0.7022 acc_val: 0.2746
2024-04-20 09:43:45,968:INFO:Epoch: 0236 loss_train: 50.6070 acc_train: 0.6840 acc_val: 0.2664
2024-04-20 09:43:51,221:INFO:Epoch: 0237 loss_train: 45.3305 acc_train: 0.7158 acc_val: 0.2787
2024-04-20 09:43:56,481:INFO:Epoch: 0238 loss_train: 46.2413 acc_train: 0.7121 acc_val: 0.2951
2024-04-20 09:44:01,751:INFO:Epoch: 0239 loss_train: 50.8242 acc_train: 0.6799 acc_val: 0.3033
2024-04-20 09:44:07,094:INFO:Epoch: 0240 loss_train: 46.4648 acc_train: 0.7142 acc_val: 0.2910
2024-04-20 09:44:12,349:INFO:Epoch: 0241 loss_train: 45.3048 acc_train: 0.7153 acc_val: 0.2459
2024-04-20 09:44:17,591:INFO:Epoch: 0242 loss_train: 47.2744 acc_train: 0.7100 acc_val: 0.2951
2024-04-20 09:44:22,837:INFO:Epoch: 0243 loss_train: 47.6538 acc_train: 0.7059 acc_val: 0.2992
2024-04-20 09:44:28,077:INFO:Epoch: 0244 loss_train: 46.1368 acc_train: 0.7220 acc_val: 0.2910
2024-04-20 09:44:33,315:INFO:Epoch: 0245 loss_train: 49.0886 acc_train: 0.6976 acc_val: 0.2992
2024-04-20 09:44:38,553:INFO:Epoch: 0246 loss_train: 44.8228 acc_train: 0.7163 acc_val: 0.2910
2024-04-20 09:44:43,791:INFO:Epoch: 0247 loss_train: 43.5478 acc_train: 0.7184 acc_val: 0.3156
2024-04-20 09:44:49,030:INFO:Epoch: 0248 loss_train: 44.5768 acc_train: 0.7215 acc_val: 0.2951
2024-04-20 09:44:54,270:INFO:Epoch: 0249 loss_train: 43.8741 acc_train: 0.7236 acc_val: 0.2869
2024-04-20 09:44:59,513:INFO:Epoch: 0250 loss_train: 44.5107 acc_train: 0.7309 acc_val: 0.2541
2024-04-20 09:45:04,769:INFO:Epoch: 0251 loss_train: 46.6128 acc_train: 0.7106 acc_val: 0.2869
2024-04-20 09:45:10,011:INFO:Epoch: 0252 loss_train: 44.9128 acc_train: 0.7100 acc_val: 0.3238
2024-04-20 09:45:15,412:INFO:Epoch: 0253 loss_train: 45.7221 acc_train: 0.7153 acc_val: 0.2992
2024-04-20 09:45:20,690:INFO:Epoch: 0254 loss_train: 47.0057 acc_train: 0.6986 acc_val: 0.3279
2024-04-20 09:45:25,931:INFO:Epoch: 0255 loss_train: 43.7642 acc_train: 0.7132 acc_val: 0.2992
2024-04-20 09:45:31,266:INFO:Epoch: 0256 loss_train: 47.3322 acc_train: 0.7100 acc_val: 0.2951
2024-04-20 09:45:36,689:INFO:Epoch: 0257 loss_train: 50.0658 acc_train: 0.6746 acc_val: 0.2951
2024-04-20 09:45:42,138:INFO:Epoch: 0258 loss_train: 45.5830 acc_train: 0.7173 acc_val: 0.3156
2024-04-20 09:45:47,642:INFO:Epoch: 0259 loss_train: 43.4415 acc_train: 0.7350 acc_val: 0.2582
2024-04-20 09:45:53,123:INFO:Epoch: 0260 loss_train: 43.5867 acc_train: 0.7142 acc_val: 0.3074
2024-04-20 09:45:58,685:INFO:Epoch: 0261 loss_train: 48.1176 acc_train: 0.6991 acc_val: 0.3033
2024-04-20 09:46:04,197:INFO:Epoch: 0262 loss_train: 42.7322 acc_train: 0.7408 acc_val: 0.3156
2024-04-20 09:46:09,747:INFO:Epoch: 0263 loss_train: 45.3811 acc_train: 0.7059 acc_val: 0.3320
2024-04-20 09:46:15,354:INFO:Epoch: 0264 loss_train: 39.6980 acc_train: 0.7480 acc_val: 0.3238
2024-04-20 09:46:20,873:INFO:Epoch: 0265 loss_train: 43.4000 acc_train: 0.7408 acc_val: 0.3279
2024-04-20 09:46:26,429:INFO:Epoch: 0266 loss_train: 45.9737 acc_train: 0.7121 acc_val: 0.2377
2024-04-20 09:46:31,992:INFO:Epoch: 0267 loss_train: 42.2117 acc_train: 0.7241 acc_val: 0.2828
2024-04-20 09:46:37,545:INFO:Epoch: 0268 loss_train: 40.1435 acc_train: 0.7470 acc_val: 0.2746
2024-04-20 09:46:43,102:INFO:Epoch: 0269 loss_train: 39.9160 acc_train: 0.7454 acc_val: 0.2910
2024-04-20 09:46:48,663:INFO:Epoch: 0270 loss_train: 40.9826 acc_train: 0.7507 acc_val: 0.3402
2024-04-20 09:46:54,170:INFO:Epoch: 0271 loss_train: 54.7828 acc_train: 0.6564 acc_val: 0.2951
2024-04-20 09:46:59,730:INFO:Epoch: 0272 loss_train: 46.1677 acc_train: 0.7085 acc_val: 0.3238
2024-04-20 09:47:05,317:INFO:Epoch: 0273 loss_train: 39.5106 acc_train: 0.7517 acc_val: 0.3074
2024-04-20 09:47:10,814:INFO:Epoch: 0274 loss_train: 39.3535 acc_train: 0.7480 acc_val: 0.3156
2024-04-20 09:47:16,362:INFO:Epoch: 0275 loss_train: 40.3878 acc_train: 0.7408 acc_val: 0.2910
2024-04-20 09:47:21,875:INFO:Epoch: 0276 loss_train: 38.9680 acc_train: 0.7376 acc_val: 0.3033
2024-04-20 09:47:27,337:INFO:Epoch: 0277 loss_train: 39.7709 acc_train: 0.7434 acc_val: 0.2746
2024-04-20 09:47:32,970:INFO:Epoch: 0278 loss_train: 37.7025 acc_train: 0.7585 acc_val: 0.3320
2024-04-20 09:47:38,621:INFO:Epoch: 0279 loss_train: 38.3880 acc_train: 0.7605 acc_val: 0.2869
2024-04-20 09:47:44,291:INFO:Epoch: 0280 loss_train: 39.5783 acc_train: 0.7413 acc_val: 0.2705
2024-04-20 09:47:49,887:INFO:Epoch: 0281 loss_train: 38.0641 acc_train: 0.7538 acc_val: 0.2951
2024-04-20 09:47:55,401:INFO:Epoch: 0282 loss_train: 38.0469 acc_train: 0.7574 acc_val: 0.3074
2024-04-20 09:48:01,316:INFO:Epoch: 0283 loss_train: 38.1343 acc_train: 0.7533 acc_val: 0.2992
2024-04-20 09:48:06,916:INFO:Epoch: 0284 loss_train: 46.0125 acc_train: 0.7147 acc_val: 0.2746
2024-04-20 09:48:12,448:INFO:Epoch: 0285 loss_train: 51.7900 acc_train: 0.6856 acc_val: 0.2746
2024-04-20 09:48:17,962:INFO:Epoch: 0286 loss_train: 51.2844 acc_train: 0.6767 acc_val: 0.3115
2024-04-20 09:48:23,479:INFO:Epoch: 0287 loss_train: 42.3175 acc_train: 0.7491 acc_val: 0.3033
2024-04-20 09:48:29,034:INFO:Epoch: 0288 loss_train: 42.7341 acc_train: 0.7298 acc_val: 0.2910
2024-04-20 09:48:34,615:INFO:Epoch: 0289 loss_train: 38.3805 acc_train: 0.7543 acc_val: 0.2992
2024-04-20 09:48:40,097:INFO:Epoch: 0290 loss_train: 37.3325 acc_train: 0.7657 acc_val: 0.2787
2024-04-20 09:48:45,694:INFO:Epoch: 0291 loss_train: 36.3493 acc_train: 0.7642 acc_val: 0.2541
2024-04-20 09:48:51,234:INFO:Epoch: 0292 loss_train: 37.2804 acc_train: 0.7590 acc_val: 0.2951
2024-04-20 09:48:56,722:INFO:Epoch: 0293 loss_train: 35.1901 acc_train: 0.7902 acc_val: 0.3074
2024-04-20 09:49:02,204:INFO:Epoch: 0294 loss_train: 40.2685 acc_train: 0.7402 acc_val: 0.3074
2024-04-20 09:49:07,692:INFO:Epoch: 0295 loss_train: 34.5708 acc_train: 0.7855 acc_val: 0.2705
2024-04-20 09:49:13,167:INFO:Epoch: 0296 loss_train: 35.2427 acc_train: 0.7736 acc_val: 0.2787
2024-04-20 09:49:18,639:INFO:Epoch: 0297 loss_train: 34.4665 acc_train: 0.7824 acc_val: 0.3033
2024-04-20 09:49:24,122:INFO:Epoch: 0298 loss_train: 35.4143 acc_train: 0.7819 acc_val: 0.2951
2024-04-20 09:49:29,603:INFO:Epoch: 0299 loss_train: 33.6644 acc_train: 0.7897 acc_val: 0.2787
2024-04-20 09:49:35,099:INFO:Epoch: 0300 loss_train: 36.5407 acc_train: 0.7939 acc_val: 0.2951
2024-04-20 09:49:40,602:INFO:Epoch: 0301 loss_train: 40.7239 acc_train: 0.7361 acc_val: 0.2664
2024-04-20 09:49:46,110:INFO:Epoch: 0302 loss_train: 34.4360 acc_train: 0.7808 acc_val: 0.2951
2024-04-20 09:49:51,623:INFO:Epoch: 0303 loss_train: 33.3716 acc_train: 0.7845 acc_val: 0.2623
2024-04-20 09:49:57,126:INFO:Epoch: 0304 loss_train: 33.7897 acc_train: 0.7855 acc_val: 0.2869
2024-04-20 09:50:02,679:INFO:Epoch: 0305 loss_train: 34.0351 acc_train: 0.7897 acc_val: 0.3033
2024-04-20 09:50:08,184:INFO:Epoch: 0306 loss_train: 35.7766 acc_train: 0.7730 acc_val: 0.3320
2024-04-20 09:50:13,833:INFO:Epoch: 0307 loss_train: 40.5587 acc_train: 0.7366 acc_val: 0.2992
2024-04-20 09:50:19,293:INFO:Epoch: 0308 loss_train: 36.1565 acc_train: 0.7814 acc_val: 0.2459
2024-04-20 09:50:24,760:INFO:Epoch: 0309 loss_train: 41.8959 acc_train: 0.7303 acc_val: 0.2869
2024-04-20 09:50:30,225:INFO:Epoch: 0310 loss_train: 37.7417 acc_train: 0.7887 acc_val: 0.2828
2024-04-20 09:50:35,685:INFO:Epoch: 0311 loss_train: 64.1875 acc_train: 0.6366 acc_val: 0.3033
2024-04-20 09:50:41,173:INFO:Epoch: 0312 loss_train: 38.4541 acc_train: 0.7652 acc_val: 0.3197
2024-04-20 09:50:46,645:INFO:Epoch: 0313 loss_train: 36.4881 acc_train: 0.7725 acc_val: 0.2746
2024-04-20 09:50:52,134:INFO:Epoch: 0314 loss_train: 34.1615 acc_train: 0.7996 acc_val: 0.2664
2024-04-20 09:50:57,637:INFO:Epoch: 0315 loss_train: 36.7194 acc_train: 0.7678 acc_val: 0.3074
2024-04-20 09:51:02,945:INFO:Epoch: 0316 loss_train: 31.2058 acc_train: 0.8027 acc_val: 0.2951
2024-04-20 09:51:08,222:INFO:Epoch: 0317 loss_train: 34.6169 acc_train: 0.7954 acc_val: 0.2992
2024-04-20 09:51:13,701:INFO:Epoch: 0318 loss_train: 46.8619 acc_train: 0.7080 acc_val: 0.3156
2024-04-20 09:51:19,254:INFO:Epoch: 0319 loss_train: 33.3738 acc_train: 0.7902 acc_val: 0.2910
2024-04-20 09:51:24,776:INFO:Epoch: 0320 loss_train: 31.2346 acc_train: 0.8017 acc_val: 0.2746
2024-04-20 09:51:30,273:INFO:Epoch: 0321 loss_train: 31.9060 acc_train: 0.8058 acc_val: 0.2992
2024-04-20 09:51:35,763:INFO:Epoch: 0322 loss_train: 37.9276 acc_train: 0.7522 acc_val: 0.2992
2024-04-20 09:51:41,260:INFO:Epoch: 0323 loss_train: 31.4210 acc_train: 0.8069 acc_val: 0.3115
2024-04-20 09:51:46,769:INFO:Epoch: 0324 loss_train: 37.1699 acc_train: 0.7647 acc_val: 0.3033
2024-04-20 09:51:52,262:INFO:Epoch: 0325 loss_train: 30.8604 acc_train: 0.8173 acc_val: 0.2787
2024-04-20 09:51:57,763:INFO:Epoch: 0326 loss_train: 31.0813 acc_train: 0.8121 acc_val: 0.2910
2024-04-20 09:52:03,258:INFO:Epoch: 0327 loss_train: 56.5445 acc_train: 0.6835 acc_val: 0.2992
2024-04-20 09:52:08,754:INFO:Epoch: 0328 loss_train: 38.9166 acc_train: 0.7527 acc_val: 0.3115
2024-04-20 09:52:14,255:INFO:Epoch: 0329 loss_train: 31.0016 acc_train: 0.8110 acc_val: 0.2746
2024-04-20 09:52:19,753:INFO:Epoch: 0330 loss_train: 29.2870 acc_train: 0.8116 acc_val: 0.2992
2024-04-20 09:52:25,250:INFO:Epoch: 0331 loss_train: 29.1516 acc_train: 0.8188 acc_val: 0.2664
2024-04-20 09:52:30,746:INFO:Epoch: 0332 loss_train: 32.6073 acc_train: 0.7845 acc_val: 0.2910
2024-04-20 09:52:36,243:INFO:Epoch: 0333 loss_train: 29.2774 acc_train: 0.8183 acc_val: 0.2951
2024-04-20 09:52:41,734:INFO:Epoch: 0334 loss_train: 28.0108 acc_train: 0.8267 acc_val: 0.2582
2024-04-20 09:52:47,240:INFO:Epoch: 0335 loss_train: 31.0052 acc_train: 0.8048 acc_val: 0.2582
2024-04-20 09:52:52,726:INFO:Epoch: 0336 loss_train: 35.7337 acc_train: 0.7892 acc_val: 0.2828
2024-04-20 09:52:58,224:INFO:Epoch: 0337 loss_train: 33.5695 acc_train: 0.7871 acc_val: 0.3115
2024-04-20 09:53:03,867:INFO:Epoch: 0338 loss_train: 37.8202 acc_train: 0.7782 acc_val: 0.2623
2024-04-20 09:53:09,368:INFO:Epoch: 0339 loss_train: 48.1207 acc_train: 0.7111 acc_val: 0.3033
2024-04-20 09:53:14,860:INFO:Epoch: 0340 loss_train: 33.7354 acc_train: 0.7881 acc_val: 0.2869
2024-04-20 09:53:20,360:INFO:Epoch: 0341 loss_train: 30.2518 acc_train: 0.8188 acc_val: 0.2910
2024-04-20 09:53:25,852:INFO:Epoch: 0342 loss_train: 27.5516 acc_train: 0.8334 acc_val: 0.2582
2024-04-20 09:53:31,351:INFO:Epoch: 0343 loss_train: 28.2279 acc_train: 0.8355 acc_val: 0.2377
2024-04-20 09:53:36,841:INFO:Epoch: 0344 loss_train: 36.8828 acc_train: 0.7741 acc_val: 0.2787
2024-04-20 09:53:42,496:INFO:Epoch: 0345 loss_train: 26.7544 acc_train: 0.8329 acc_val: 0.2664
2024-04-20 09:53:47,993:INFO:Epoch: 0346 loss_train: 27.4713 acc_train: 0.8339 acc_val: 0.2951
2024-04-20 09:53:53,495:INFO:Epoch: 0347 loss_train: 27.7354 acc_train: 0.8240 acc_val: 0.2828
2024-04-20 09:53:59,000:INFO:Epoch: 0348 loss_train: 28.5073 acc_train: 0.8287 acc_val: 0.2828
2024-04-20 09:54:04,494:INFO:Epoch: 0349 loss_train: 33.0793 acc_train: 0.8006 acc_val: 0.2787
2024-04-20 09:54:09,985:INFO:Epoch: 0350 loss_train: 29.4044 acc_train: 0.8136 acc_val: 0.2459
2024-04-20 09:54:15,523:INFO:Epoch: 0351 loss_train: 27.8084 acc_train: 0.8235 acc_val: 0.2951
2024-04-20 09:54:21,009:INFO:Epoch: 0352 loss_train: 38.2301 acc_train: 0.7704 acc_val: 0.2951
2024-04-20 09:54:26,529:INFO:Epoch: 0353 loss_train: 28.6020 acc_train: 0.8365 acc_val: 0.2992
2024-04-20 09:54:31,997:INFO:Epoch: 0354 loss_train: 37.6078 acc_train: 0.7725 acc_val: 0.2910
2024-04-20 09:54:37,466:INFO:Epoch: 0355 loss_train: 28.2803 acc_train: 0.8246 acc_val: 0.2910
2024-04-20 09:54:42,944:INFO:Epoch: 0356 loss_train: 26.9367 acc_train: 0.8402 acc_val: 0.2992
2024-04-20 09:54:48,469:INFO:Epoch: 0357 loss_train: 27.5414 acc_train: 0.8365 acc_val: 0.2664
2024-04-20 09:54:53,949:INFO:Epoch: 0358 loss_train: 26.1853 acc_train: 0.8391 acc_val: 0.2787
2024-04-20 09:54:59,617:INFO:Epoch: 0359 loss_train: 28.1875 acc_train: 0.8282 acc_val: 0.2500
2024-04-20 09:55:05,087:INFO:Epoch: 0360 loss_train: 29.6335 acc_train: 0.8188 acc_val: 0.2500
2024-04-20 09:55:10,566:INFO:Epoch: 0361 loss_train: 32.7093 acc_train: 0.7975 acc_val: 0.2910
2024-04-20 09:55:16,037:INFO:Epoch: 0362 loss_train: 26.1928 acc_train: 0.8438 acc_val: 0.2869
2024-04-20 09:55:21,534:INFO:Epoch: 0363 loss_train: 28.4430 acc_train: 0.8240 acc_val: 0.2869
2024-04-20 09:55:26,996:INFO:Epoch: 0364 loss_train: 28.6524 acc_train: 0.8256 acc_val: 0.2664
2024-04-20 09:55:32,466:INFO:Epoch: 0365 loss_train: 26.7910 acc_train: 0.8444 acc_val: 0.2541
2024-04-20 09:55:37,942:INFO:Epoch: 0366 loss_train: 28.7594 acc_train: 0.8173 acc_val: 0.2910
2024-04-20 09:55:43,556:INFO:Epoch: 0367 loss_train: 52.9250 acc_train: 0.7064 acc_val: 0.2746
2024-04-20 09:55:49,035:INFO:Epoch: 0368 loss_train: 31.5736 acc_train: 0.8199 acc_val: 0.3033
2024-04-20 09:55:54,541:INFO:Epoch: 0369 loss_train: 31.2773 acc_train: 0.8100 acc_val: 0.2664
2024-04-20 09:56:00,011:INFO:Epoch: 0370 loss_train: 25.3848 acc_train: 0.8490 acc_val: 0.2869
2024-04-20 09:56:05,488:INFO:Epoch: 0371 loss_train: 24.1960 acc_train: 0.8532 acc_val: 0.2541
2024-04-20 09:56:10,979:INFO:Epoch: 0372 loss_train: 25.3646 acc_train: 0.8464 acc_val: 0.2828
2024-04-20 09:56:16,460:INFO:Epoch: 0373 loss_train: 29.6015 acc_train: 0.8199 acc_val: 0.2787
2024-04-20 09:56:21,943:INFO:Epoch: 0374 loss_train: 24.1200 acc_train: 0.8454 acc_val: 0.2869
2024-04-20 09:56:27,425:INFO:Epoch: 0375 loss_train: 27.7254 acc_train: 0.8417 acc_val: 0.2828
2024-04-20 09:56:32,926:INFO:Epoch: 0376 loss_train: 32.9488 acc_train: 0.8053 acc_val: 0.2664
2024-04-20 09:56:38,430:INFO:Epoch: 0377 loss_train: 26.7990 acc_train: 0.8438 acc_val: 0.2910
2024-04-20 09:56:43,929:INFO:Epoch: 0378 loss_train: 41.7779 acc_train: 0.7475 acc_val: 0.2910
2024-04-20 09:56:49,441:INFO:Epoch: 0379 loss_train: 33.4036 acc_train: 0.7923 acc_val: 0.2992
2024-04-20 09:56:54,950:INFO:Epoch: 0380 loss_train: 24.1188 acc_train: 0.8605 acc_val: 0.2910
2024-04-20 09:57:00,456:INFO:Epoch: 0381 loss_train: 27.2161 acc_train: 0.8376 acc_val: 0.2869
2024-04-20 09:57:05,967:INFO:Epoch: 0382 loss_train: 23.2710 acc_train: 0.8568 acc_val: 0.3074
2024-04-20 09:57:11,469:INFO:Epoch: 0383 loss_train: 23.8685 acc_train: 0.8558 acc_val: 0.2705
2024-04-20 09:57:16,957:INFO:Epoch: 0384 loss_train: 28.1774 acc_train: 0.8209 acc_val: 0.2705
2024-04-20 09:57:22,445:INFO:Epoch: 0385 loss_train: 23.9671 acc_train: 0.8589 acc_val: 0.2746
2024-04-20 09:57:27,922:INFO:Epoch: 0386 loss_train: 38.8000 acc_train: 0.7663 acc_val: 0.2746
2024-04-20 09:57:33,412:INFO:Epoch: 0387 loss_train: 27.3237 acc_train: 0.8381 acc_val: 0.2828
2024-04-20 09:57:38,903:INFO:Epoch: 0388 loss_train: 41.9812 acc_train: 0.7475 acc_val: 0.2869
2024-04-20 09:57:44,488:INFO:Epoch: 0389 loss_train: 25.2513 acc_train: 0.8438 acc_val: 0.2828
2024-04-20 09:57:49,982:INFO:Epoch: 0390 loss_train: 25.3395 acc_train: 0.8459 acc_val: 0.2869
2024-04-20 09:57:55,472:INFO:Epoch: 0391 loss_train: 22.9118 acc_train: 0.8693 acc_val: 0.2746
2024-04-20 09:58:00,959:INFO:Epoch: 0392 loss_train: 22.4930 acc_train: 0.8667 acc_val: 0.2664
2024-04-20 09:58:06,448:INFO:Epoch: 0393 loss_train: 22.2057 acc_train: 0.8652 acc_val: 0.2910
2024-04-20 09:58:11,945:INFO:Epoch: 0394 loss_train: 22.4764 acc_train: 0.8615 acc_val: 0.2623
2024-04-20 09:58:17,438:INFO:Epoch: 0395 loss_train: 24.8481 acc_train: 0.8485 acc_val: 0.2705
2024-04-20 09:58:22,926:INFO:Epoch: 0396 loss_train: 24.0149 acc_train: 0.8636 acc_val: 0.2582
2024-04-20 09:58:28,420:INFO:Epoch: 0397 loss_train: 28.7202 acc_train: 0.8272 acc_val: 0.2623
2024-04-20 09:58:33,915:INFO:Epoch: 0398 loss_train: 22.3957 acc_train: 0.8589 acc_val: 0.2746
2024-04-20 09:58:39,406:INFO:Epoch: 0399 loss_train: 21.5896 acc_train: 0.8735 acc_val: 0.2664
2024-04-20 09:58:45,061:INFO:Epoch: 0400 loss_train: 20.5525 acc_train: 0.8709 acc_val: 0.2828
2024-04-20 09:58:50,556:INFO:Epoch: 0401 loss_train: 23.4941 acc_train: 0.8621 acc_val: 0.2869
2024-04-20 09:58:56,048:INFO:Epoch: 0402 loss_train: 28.6411 acc_train: 0.8293 acc_val: 0.2787
2024-04-20 09:59:01,541:INFO:Epoch: 0403 loss_train: 22.3060 acc_train: 0.8652 acc_val: 0.2541
2024-04-20 09:59:07,034:INFO:Epoch: 0404 loss_train: 23.1348 acc_train: 0.8662 acc_val: 0.2910
2024-04-20 09:59:12,536:INFO:Epoch: 0405 loss_train: 23.3424 acc_train: 0.8621 acc_val: 0.2992
2024-04-20 09:59:18,074:INFO:Epoch: 0406 loss_train: 22.6060 acc_train: 0.8579 acc_val: 0.2541
2024-04-20 09:59:23,649:INFO:Epoch: 0407 loss_train: 31.8159 acc_train: 0.8048 acc_val: 0.2951
2024-04-20 09:59:29,140:INFO:Epoch: 0408 loss_train: 25.8752 acc_train: 0.8496 acc_val: 0.2705
2024-04-20 09:59:34,630:INFO:Epoch: 0409 loss_train: 26.0441 acc_train: 0.8444 acc_val: 0.2746
2024-04-20 09:59:40,034:INFO:Epoch: 0410 loss_train: 22.2692 acc_train: 0.8662 acc_val: 0.2869
2024-04-20 09:59:45,400:INFO:Epoch: 0411 loss_train: 19.7704 acc_train: 0.8860 acc_val: 0.2787
2024-04-20 09:59:50,890:INFO:Epoch: 0412 loss_train: 21.7180 acc_train: 0.8751 acc_val: 0.3074
2024-04-20 09:59:56,382:INFO:Epoch: 0413 loss_train: 25.4283 acc_train: 0.8501 acc_val: 0.2787
2024-04-20 10:00:01,880:INFO:Epoch: 0414 loss_train: 32.9916 acc_train: 0.7959 acc_val: 0.2664
2024-04-20 10:00:07,418:INFO:Epoch: 0415 loss_train: 24.4461 acc_train: 0.8417 acc_val: 0.2623
2024-04-20 10:00:13,008:INFO:Epoch: 0416 loss_train: 25.3728 acc_train: 0.8496 acc_val: 0.2828
2024-04-20 10:00:18,544:INFO:Epoch: 0417 loss_train: 21.1012 acc_train: 0.8735 acc_val: 0.2869
2024-04-20 10:00:24,142:INFO:Epoch: 0418 loss_train: 21.4676 acc_train: 0.8740 acc_val: 0.2787
2024-04-20 10:00:29,763:INFO:Epoch: 0419 loss_train: 20.1865 acc_train: 0.8756 acc_val: 0.2951
2024-04-20 10:00:35,359:INFO:Epoch: 0420 loss_train: 21.4772 acc_train: 0.8704 acc_val: 0.2787
2024-04-20 10:00:40,901:INFO:Epoch: 0421 loss_train: 20.7096 acc_train: 0.8693 acc_val: 0.2787
2024-04-20 10:00:46,515:INFO:Epoch: 0422 loss_train: 19.7830 acc_train: 0.8756 acc_val: 0.2869
2024-04-20 10:00:52,165:INFO:Epoch: 0423 loss_train: 20.9368 acc_train: 0.8792 acc_val: 0.2541
2024-04-20 10:00:57,763:INFO:Epoch: 0424 loss_train: 25.6809 acc_train: 0.8391 acc_val: 0.2828
2024-04-20 10:01:03,370:INFO:Epoch: 0425 loss_train: 21.3130 acc_train: 0.8532 acc_val: 0.2910
2024-04-20 10:01:08,907:INFO:Epoch: 0426 loss_train: 19.6140 acc_train: 0.8725 acc_val: 0.2787
2024-04-20 10:01:14,522:INFO:Epoch: 0427 loss_train: 18.1307 acc_train: 0.8985 acc_val: 0.2869
2024-04-20 10:01:20,247:INFO:Epoch: 0428 loss_train: 18.7061 acc_train: 0.8896 acc_val: 0.2787
2024-04-20 10:01:25,845:INFO:Epoch: 0429 loss_train: 18.7901 acc_train: 0.8933 acc_val: 0.2828
2024-04-20 10:01:31,486:INFO:Epoch: 0430 loss_train: 26.9679 acc_train: 0.8417 acc_val: 0.2992
2024-04-20 10:01:37,033:INFO:Epoch: 0431 loss_train: 30.7809 acc_train: 0.8303 acc_val: 0.2910
2024-04-20 10:01:42,619:INFO:Epoch: 0432 loss_train: 35.2101 acc_train: 0.8022 acc_val: 0.2828
2024-04-20 10:01:48,241:INFO:Epoch: 0433 loss_train: 21.4189 acc_train: 0.8647 acc_val: 0.2623
2024-04-20 10:01:53,913:INFO:Epoch: 0434 loss_train: 19.4619 acc_train: 0.8891 acc_val: 0.2828
2024-04-20 10:01:59,561:INFO:Epoch: 0435 loss_train: 17.8634 acc_train: 0.9047 acc_val: 0.2500
2024-04-20 10:02:05,102:INFO:Epoch: 0436 loss_train: 17.6258 acc_train: 0.8980 acc_val: 0.2746
2024-04-20 10:02:10,691:INFO:Epoch: 0437 loss_train: 30.2941 acc_train: 0.8131 acc_val: 0.2623
2024-04-20 10:02:16,272:INFO:Epoch: 0438 loss_train: 21.7990 acc_train: 0.8641 acc_val: 0.2828
2024-04-20 10:02:21,811:INFO:Epoch: 0439 loss_train: 28.4762 acc_train: 0.8293 acc_val: 0.2910
2024-04-20 10:02:27,358:INFO:Epoch: 0440 loss_train: 18.3504 acc_train: 0.8943 acc_val: 0.2623
2024-04-20 10:02:32,954:INFO:Epoch: 0441 loss_train: 15.9419 acc_train: 0.9188 acc_val: 0.2623
2024-04-20 10:02:38,365:INFO:Epoch: 0442 loss_train: 17.4926 acc_train: 0.9079 acc_val: 0.2787
2024-04-20 10:02:43,824:INFO:Epoch: 0443 loss_train: 60.0188 acc_train: 0.7059 acc_val: 0.2910
2024-04-20 10:02:49,284:INFO:Epoch: 0444 loss_train: 29.7111 acc_train: 0.8329 acc_val: 0.3074
2024-04-20 10:02:54,671:INFO:Epoch: 0445 loss_train: 47.4675 acc_train: 0.7413 acc_val: 0.3074
2024-04-20 10:03:00,240:INFO:Epoch: 0446 loss_train: 38.5987 acc_train: 0.7579 acc_val: 0.2869
2024-04-20 10:03:05,924:INFO:Epoch: 0447 loss_train: 22.5563 acc_train: 0.8709 acc_val: 0.2828
2024-04-20 10:03:11,657:INFO:Epoch: 0448 loss_train: 18.5932 acc_train: 0.8933 acc_val: 0.2787
2024-04-20 10:03:17,354:INFO:Epoch: 0449 loss_train: 17.3818 acc_train: 0.9032 acc_val: 0.2623
2024-04-20 10:03:23,051:INFO:Epoch: 0450 loss_train: 16.8626 acc_train: 0.9016 acc_val: 0.2787
2024-04-20 10:03:28,748:INFO:Epoch: 0451 loss_train: 15.8425 acc_train: 0.9125 acc_val: 0.2787
2024-04-20 10:03:34,452:INFO:Epoch: 0452 loss_train: 18.7279 acc_train: 0.8855 acc_val: 0.2705
2024-04-20 10:03:40,494:INFO:Epoch: 0453 loss_train: 18.6228 acc_train: 0.8907 acc_val: 0.2869
2024-04-20 10:03:46,390:INFO:Epoch: 0454 loss_train: 16.0126 acc_train: 0.9079 acc_val: 0.2869
2024-04-20 10:03:51,884:INFO:Epoch: 0455 loss_train: 17.7897 acc_train: 0.8990 acc_val: 0.2787
2024-04-20 10:03:57,382:INFO:Epoch: 0456 loss_train: 37.0352 acc_train: 0.7996 acc_val: 0.2992
2024-04-20 10:04:02,876:INFO:Epoch: 0457 loss_train: 18.2989 acc_train: 0.8959 acc_val: 0.2746
2024-04-20 10:04:08,372:INFO:Epoch: 0458 loss_train: 16.3766 acc_train: 0.9110 acc_val: 0.2787
2024-04-20 10:04:13,868:INFO:Epoch: 0459 loss_train: 20.1116 acc_train: 0.8782 acc_val: 0.2910
2024-04-20 10:04:19,364:INFO:Epoch: 0460 loss_train: 17.8000 acc_train: 0.8948 acc_val: 0.2746
2024-04-20 10:04:24,859:INFO:Epoch: 0461 loss_train: 15.3851 acc_train: 0.9146 acc_val: 0.2664
2024-04-20 10:04:30,356:INFO:Epoch: 0462 loss_train: 14.9005 acc_train: 0.9094 acc_val: 0.2746
2024-04-20 10:04:35,853:INFO:Epoch: 0463 loss_train: 16.1333 acc_train: 0.9032 acc_val: 0.2787
2024-04-20 10:04:41,392:INFO:Epoch: 0464 loss_train: 18.7988 acc_train: 0.8787 acc_val: 0.2705
2024-04-20 10:04:46,929:INFO:Epoch: 0465 loss_train: 14.9077 acc_train: 0.9146 acc_val: 0.2910
2024-04-20 10:04:52,464:INFO:Epoch: 0466 loss_train: 22.2269 acc_train: 0.8740 acc_val: 0.2787
2024-04-20 10:04:58,025:INFO:Epoch: 0467 loss_train: 25.7034 acc_train: 0.8407 acc_val: 0.2787
2024-04-20 10:05:03,532:INFO:Epoch: 0468 loss_train: 18.4630 acc_train: 0.8902 acc_val: 0.2869
2024-04-20 10:05:09,039:INFO:Epoch: 0469 loss_train: 15.5223 acc_train: 0.9141 acc_val: 0.2746
2024-04-20 10:05:14,545:INFO:Epoch: 0470 loss_train: 17.0394 acc_train: 0.8922 acc_val: 0.2664
2024-04-20 10:05:20,054:INFO:Epoch: 0471 loss_train: 18.9299 acc_train: 0.8798 acc_val: 0.2582
2024-04-20 10:05:25,566:INFO:Epoch: 0472 loss_train: 16.7386 acc_train: 0.8985 acc_val: 0.2541
2024-04-20 10:05:31,073:INFO:Epoch: 0473 loss_train: 18.1475 acc_train: 0.8818 acc_val: 0.2910
2024-04-20 10:05:36,571:INFO:Epoch: 0474 loss_train: 17.4448 acc_train: 0.8928 acc_val: 0.2377
2024-04-20 10:05:42,047:INFO:Epoch: 0475 loss_train: 16.4098 acc_train: 0.8974 acc_val: 0.2418
2024-04-20 10:05:47,555:INFO:Epoch: 0476 loss_train: 16.0311 acc_train: 0.9021 acc_val: 0.2951
2024-04-20 10:05:53,084:INFO:Epoch: 0477 loss_train: 71.0403 acc_train: 0.6767 acc_val: 0.2992
2024-04-20 10:05:58,604:INFO:Epoch: 0478 loss_train: 26.2866 acc_train: 0.8506 acc_val: 0.2869
2024-04-20 10:06:04,094:INFO:Epoch: 0479 loss_train: 22.3535 acc_train: 0.8641 acc_val: 0.2541
2024-04-20 10:06:09,577:INFO:Epoch: 0480 loss_train: 15.4332 acc_train: 0.9157 acc_val: 0.2746
2024-04-20 10:06:15,058:INFO:Epoch: 0481 loss_train: 13.8877 acc_train: 0.9297 acc_val: 0.2541
2024-04-20 10:06:20,726:INFO:Epoch: 0482 loss_train: 14.9974 acc_train: 0.9193 acc_val: 0.2623
2024-04-20 10:06:26,270:INFO:Epoch: 0483 loss_train: 15.4761 acc_train: 0.9099 acc_val: 0.2582
2024-04-20 10:06:31,756:INFO:Epoch: 0484 loss_train: 14.1915 acc_train: 0.9204 acc_val: 0.2582
2024-04-20 10:06:37,251:INFO:Epoch: 0485 loss_train: 14.3633 acc_train: 0.9162 acc_val: 0.2459
2024-04-20 10:06:42,726:INFO:Epoch: 0486 loss_train: 14.4574 acc_train: 0.9178 acc_val: 0.2500
2024-04-20 10:06:48,200:INFO:Epoch: 0487 loss_train: 13.6465 acc_train: 0.9250 acc_val: 0.2623
2024-04-20 10:06:53,674:INFO:Epoch: 0488 loss_train: 17.4776 acc_train: 0.8902 acc_val: 0.2746
2024-04-20 10:06:59,148:INFO:Epoch: 0489 loss_train: 20.2414 acc_train: 0.8782 acc_val: 0.2541
2024-04-20 10:07:04,627:INFO:Epoch: 0490 loss_train: 23.8757 acc_train: 0.8673 acc_val: 0.2828
2024-04-20 10:07:10,104:INFO:Epoch: 0491 loss_train: 42.4456 acc_train: 0.7699 acc_val: 0.2705
2024-04-20 10:07:15,569:INFO:Epoch: 0492 loss_train: 23.6159 acc_train: 0.8522 acc_val: 0.2664
2024-04-20 10:07:21,031:INFO:Epoch: 0493 loss_train: 19.5045 acc_train: 0.8787 acc_val: 0.2582
2024-04-20 10:07:26,488:INFO:Epoch: 0494 loss_train: 13.9644 acc_train: 0.9209 acc_val: 0.2746
2024-04-20 10:07:31,945:INFO:Epoch: 0495 loss_train: 13.4579 acc_train: 0.9292 acc_val: 0.2623
2024-04-20 10:07:37,405:INFO:Epoch: 0496 loss_train: 12.9556 acc_train: 0.9271 acc_val: 0.2623
2024-04-20 10:07:42,865:INFO:Epoch: 0497 loss_train: 13.8814 acc_train: 0.9323 acc_val: 0.2541
2024-04-20 10:07:48,324:INFO:Epoch: 0498 loss_train: 31.4011 acc_train: 0.8183 acc_val: 0.2705
2024-04-20 10:07:53,785:INFO:Epoch: 0499 loss_train: 17.7956 acc_train: 0.8922 acc_val: 0.2869
2024-04-20 10:07:59,242:INFO:Epoch: 0500 loss_train: 15.5130 acc_train: 0.9136 acc_val: 0.2541
2024-04-20 10:07:59,246:INFO:Optimization Finished! Total time elapsed: 2733.716320
