2024-04-20 10:08:03,252:INFO:Current date and time:2024-04-20 10:08:03.252803
2024-04-20 10:08:03,253:INFO:{'dataset_name': 'hpo_metab', 'learning_rate': 0.001, 'weight_decay': 0.01, 'batch_size': 32, 'augment': 1, 'epochs': 500, 'patience': 100, 'hidden_dim': 16, 'mamba_dim': 16, 'seqlength': 5000, 'hops': 3, 'num_classes': 6, 'multilabel': False, 'embeddings_filename': 'graphsaint_gcn_embeddings.pth'}
2024-04-20 10:08:14,389:INFO:Epoch: 0001 loss_train: 112.9385 acc_train: 0.1853 acc_val: 0.1926
2024-04-20 10:08:21,704:INFO:Epoch: 0002 loss_train: 107.7329 acc_train: 0.2249 acc_val: 0.1721
2024-04-20 10:08:28,392:INFO:Epoch: 0003 loss_train: 106.8888 acc_train: 0.2249 acc_val: 0.2869
2024-04-20 10:08:35,047:INFO:Epoch: 0004 loss_train: 105.2466 acc_train: 0.2322 acc_val: 0.2295
2024-04-20 10:08:41,720:INFO:Epoch: 0005 loss_train: 105.6014 acc_train: 0.2499 acc_val: 0.2910
2024-04-20 10:08:48,386:INFO:Epoch: 0006 loss_train: 105.6077 acc_train: 0.2332 acc_val: 0.2213
2024-04-20 10:08:55,044:INFO:Epoch: 0007 loss_train: 104.9060 acc_train: 0.2462 acc_val: 0.2090
2024-04-20 10:09:01,688:INFO:Epoch: 0008 loss_train: 105.0330 acc_train: 0.2561 acc_val: 0.2336
2024-04-20 10:09:08,335:INFO:Epoch: 0009 loss_train: 104.4754 acc_train: 0.2613 acc_val: 0.1885
2024-04-20 10:09:14,984:INFO:Epoch: 0010 loss_train: 104.8365 acc_train: 0.2509 acc_val: 0.2131
2024-04-20 10:09:21,706:INFO:Epoch: 0011 loss_train: 103.4398 acc_train: 0.2686 acc_val: 0.2418
2024-04-20 10:09:28,388:INFO:Epoch: 0012 loss_train: 104.2941 acc_train: 0.2842 acc_val: 0.2910
2024-04-20 10:09:35,045:INFO:Epoch: 0013 loss_train: 103.3612 acc_train: 0.2795 acc_val: 0.2746
2024-04-20 10:09:41,883:INFO:Epoch: 0014 loss_train: 103.4605 acc_train: 0.2905 acc_val: 0.2910
2024-04-20 10:09:48,736:INFO:Epoch: 0015 loss_train: 103.6567 acc_train: 0.2842 acc_val: 0.1885
2024-04-20 10:09:55,765:INFO:Epoch: 0016 loss_train: 103.5882 acc_train: 0.2863 acc_val: 0.2213
2024-04-20 10:10:02,651:INFO:Epoch: 0017 loss_train: 101.5705 acc_train: 0.3066 acc_val: 0.2582
2024-04-20 10:10:09,552:INFO:Epoch: 0018 loss_train: 101.4773 acc_train: 0.3165 acc_val: 0.2336
2024-04-20 10:10:16,275:INFO:Epoch: 0019 loss_train: 103.7054 acc_train: 0.2868 acc_val: 0.2664
2024-04-20 10:10:22,908:INFO:Epoch: 0020 loss_train: 101.9613 acc_train: 0.3087 acc_val: 0.2295
2024-04-20 10:10:29,548:INFO:Epoch: 0021 loss_train: 102.5158 acc_train: 0.2998 acc_val: 0.2336
2024-04-20 10:10:36,182:INFO:Epoch: 0022 loss_train: 101.9130 acc_train: 0.3165 acc_val: 0.2295
2024-04-20 10:10:42,824:INFO:Epoch: 0023 loss_train: 102.6567 acc_train: 0.2863 acc_val: 0.2459
2024-04-20 10:10:49,455:INFO:Epoch: 0024 loss_train: 101.8594 acc_train: 0.2957 acc_val: 0.2459
2024-04-20 10:10:56,102:INFO:Epoch: 0025 loss_train: 101.5718 acc_train: 0.3004 acc_val: 0.2336
2024-04-20 10:11:02,750:INFO:Epoch: 0026 loss_train: 100.0583 acc_train: 0.3337 acc_val: 0.2705
2024-04-20 10:11:09,412:INFO:Epoch: 0027 loss_train: 100.1314 acc_train: 0.3222 acc_val: 0.2541
2024-04-20 10:11:16,252:INFO:Epoch: 0028 loss_train: 99.4118 acc_train: 0.3170 acc_val: 0.2582
2024-04-20 10:11:22,904:INFO:Epoch: 0029 loss_train: 99.0518 acc_train: 0.3373 acc_val: 0.2500
2024-04-20 10:11:29,568:INFO:Epoch: 0030 loss_train: 98.1174 acc_train: 0.3378 acc_val: 0.2377
2024-04-20 10:11:36,223:INFO:Epoch: 0031 loss_train: 98.6681 acc_train: 0.3238 acc_val: 0.2254
2024-04-20 10:11:42,873:INFO:Epoch: 0032 loss_train: 98.1584 acc_train: 0.3399 acc_val: 0.2951
2024-04-20 10:11:49,522:INFO:Epoch: 0033 loss_train: 96.7030 acc_train: 0.3607 acc_val: 0.2787
2024-04-20 10:11:56,171:INFO:Epoch: 0034 loss_train: 95.6798 acc_train: 0.3493 acc_val: 0.2787
2024-04-20 10:12:02,832:INFO:Epoch: 0035 loss_train: 97.4284 acc_train: 0.3550 acc_val: 0.2828
2024-04-20 10:12:09,486:INFO:Epoch: 0036 loss_train: 94.4434 acc_train: 0.3691 acc_val: 0.2910
2024-04-20 10:12:16,132:INFO:Epoch: 0037 loss_train: 93.5938 acc_train: 0.3805 acc_val: 0.2746
2024-04-20 10:12:22,778:INFO:Epoch: 0038 loss_train: 92.7654 acc_train: 0.3764 acc_val: 0.3033
2024-04-20 10:12:29,425:INFO:Epoch: 0039 loss_train: 91.6015 acc_train: 0.4014 acc_val: 0.2828
2024-04-20 10:12:36,090:INFO:Epoch: 0040 loss_train: 91.0363 acc_train: 0.4097 acc_val: 0.2746
2024-04-20 10:12:42,739:INFO:Epoch: 0041 loss_train: 89.4938 acc_train: 0.4071 acc_val: 0.2828
2024-04-20 10:12:49,388:INFO:Epoch: 0042 loss_train: 88.7018 acc_train: 0.4237 acc_val: 0.2336
2024-04-20 10:12:56,045:INFO:Epoch: 0043 loss_train: 88.2413 acc_train: 0.4336 acc_val: 0.3115
2024-04-20 10:13:02,703:INFO:Epoch: 0044 loss_train: 87.3760 acc_train: 0.4279 acc_val: 0.2131
2024-04-20 10:13:09,353:INFO:Epoch: 0045 loss_train: 88.6267 acc_train: 0.4211 acc_val: 0.2582
2024-04-20 10:13:16,000:INFO:Epoch: 0046 loss_train: 85.8473 acc_train: 0.4399 acc_val: 0.2746
2024-04-20 10:13:22,648:INFO:Epoch: 0047 loss_train: 87.8082 acc_train: 0.4399 acc_val: 0.2951
2024-04-20 10:13:29,296:INFO:Epoch: 0048 loss_train: 91.5056 acc_train: 0.3920 acc_val: 0.3115
2024-04-20 10:13:35,943:INFO:Epoch: 0049 loss_train: 87.4711 acc_train: 0.4352 acc_val: 0.2623
2024-04-20 10:13:42,589:INFO:Epoch: 0050 loss_train: 85.8108 acc_train: 0.4498 acc_val: 0.2828
2024-04-20 10:13:49,238:INFO:Epoch: 0051 loss_train: 85.6201 acc_train: 0.4399 acc_val: 0.2951
2024-04-20 10:13:56,084:INFO:Epoch: 0052 loss_train: 83.4216 acc_train: 0.4586 acc_val: 0.3156
2024-04-20 10:14:02,737:INFO:Epoch: 0053 loss_train: 81.9596 acc_train: 0.4638 acc_val: 0.2746
2024-04-20 10:14:09,391:INFO:Epoch: 0054 loss_train: 80.5555 acc_train: 0.4841 acc_val: 0.3115
2024-04-20 10:14:16,056:INFO:Epoch: 0055 loss_train: 79.5326 acc_train: 0.4992 acc_val: 0.3238
2024-04-20 10:14:22,728:INFO:Epoch: 0056 loss_train: 81.0125 acc_train: 0.4878 acc_val: 0.3033
2024-04-20 10:14:29,391:INFO:Epoch: 0057 loss_train: 77.7464 acc_train: 0.4867 acc_val: 0.2869
2024-04-20 10:14:36,067:INFO:Epoch: 0058 loss_train: 77.9335 acc_train: 0.5049 acc_val: 0.3033
2024-04-20 10:14:42,733:INFO:Epoch: 0059 loss_train: 79.8571 acc_train: 0.4878 acc_val: 0.2828
2024-04-20 10:14:49,404:INFO:Epoch: 0060 loss_train: 76.3709 acc_train: 0.5221 acc_val: 0.3115
2024-04-20 10:14:56,067:INFO:Epoch: 0061 loss_train: 79.9566 acc_train: 0.4805 acc_val: 0.3443
2024-04-20 10:15:02,714:INFO:Epoch: 0062 loss_train: 81.8492 acc_train: 0.4820 acc_val: 0.3156
2024-04-20 10:15:09,361:INFO:Epoch: 0063 loss_train: 73.5551 acc_train: 0.5398 acc_val: 0.2869
2024-04-20 10:15:16,004:INFO:Epoch: 0064 loss_train: 73.0729 acc_train: 0.5398 acc_val: 0.3115
2024-04-20 10:15:22,642:INFO:Epoch: 0065 loss_train: 71.5239 acc_train: 0.5341 acc_val: 0.2869
2024-04-20 10:15:29,281:INFO:Epoch: 0066 loss_train: 71.1729 acc_train: 0.5424 acc_val: 0.2705
2024-04-20 10:15:35,925:INFO:Epoch: 0067 loss_train: 70.3746 acc_train: 0.5528 acc_val: 0.3033
2024-04-20 10:15:42,578:INFO:Epoch: 0068 loss_train: 71.2346 acc_train: 0.5419 acc_val: 0.2459
2024-04-20 10:15:49,245:INFO:Epoch: 0069 loss_train: 67.8401 acc_train: 0.5643 acc_val: 0.3074
2024-04-20 10:15:55,887:INFO:Epoch: 0070 loss_train: 68.4124 acc_train: 0.5705 acc_val: 0.2705
2024-04-20 10:16:02,534:INFO:Epoch: 0071 loss_train: 67.6290 acc_train: 0.5794 acc_val: 0.3197
2024-04-20 10:16:09,178:INFO:Epoch: 0072 loss_train: 69.4276 acc_train: 0.5638 acc_val: 0.2582
2024-04-20 10:16:15,821:INFO:Epoch: 0073 loss_train: 65.2525 acc_train: 0.5846 acc_val: 0.2828
2024-04-20 10:16:22,473:INFO:Epoch: 0074 loss_train: 66.1949 acc_train: 0.5888 acc_val: 0.2623
2024-04-20 10:16:29,133:INFO:Epoch: 0075 loss_train: 80.3327 acc_train: 0.4997 acc_val: 0.3402
2024-04-20 10:16:35,777:INFO:Epoch: 0076 loss_train: 66.3529 acc_train: 0.5877 acc_val: 0.2951
2024-04-20 10:16:42,418:INFO:Epoch: 0077 loss_train: 63.9057 acc_train: 0.5903 acc_val: 0.2869
2024-04-20 10:16:49,058:INFO:Epoch: 0078 loss_train: 62.6879 acc_train: 0.6075 acc_val: 0.2910
2024-04-20 10:16:55,727:INFO:Epoch: 0079 loss_train: 62.9983 acc_train: 0.5955 acc_val: 0.2787
2024-04-20 10:17:02,382:INFO:Epoch: 0080 loss_train: 58.9348 acc_train: 0.6163 acc_val: 0.2951
2024-04-20 10:17:09,041:INFO:Epoch: 0081 loss_train: 59.7341 acc_train: 0.6257 acc_val: 0.2664
2024-04-20 10:17:15,887:INFO:Epoch: 0082 loss_train: 61.4336 acc_train: 0.6049 acc_val: 0.2336
2024-04-20 10:17:22,556:INFO:Epoch: 0083 loss_train: 59.6424 acc_train: 0.6340 acc_val: 0.2951
2024-04-20 10:17:29,212:INFO:Epoch: 0084 loss_train: 59.0094 acc_train: 0.6268 acc_val: 0.2541
2024-04-20 10:17:35,859:INFO:Epoch: 0085 loss_train: 57.6971 acc_train: 0.6512 acc_val: 0.2787
2024-04-20 10:17:42,508:INFO:Epoch: 0086 loss_train: 76.9748 acc_train: 0.5341 acc_val: 0.2992
2024-04-20 10:17:49,164:INFO:Epoch: 0087 loss_train: 63.2101 acc_train: 0.6101 acc_val: 0.2787
2024-04-20 10:17:55,813:INFO:Epoch: 0088 loss_train: 58.2082 acc_train: 0.6512 acc_val: 0.2500
2024-04-20 10:18:02,466:INFO:Epoch: 0089 loss_train: 60.2084 acc_train: 0.6174 acc_val: 0.2869
2024-04-20 10:18:09,114:INFO:Epoch: 0090 loss_train: 53.5504 acc_train: 0.6653 acc_val: 0.2623
2024-04-20 10:18:15,766:INFO:Epoch: 0091 loss_train: 56.1561 acc_train: 0.6627 acc_val: 0.2377
2024-04-20 10:18:22,456:INFO:Epoch: 0092 loss_train: 60.4914 acc_train: 0.6304 acc_val: 0.2418
2024-04-20 10:18:29,127:INFO:Epoch: 0093 loss_train: 53.6414 acc_train: 0.6778 acc_val: 0.2582
2024-04-20 10:18:35,788:INFO:Epoch: 0094 loss_train: 54.3398 acc_train: 0.6559 acc_val: 0.2541
2024-04-20 10:18:42,444:INFO:Epoch: 0095 loss_train: 48.8769 acc_train: 0.6970 acc_val: 0.2664
2024-04-20 10:18:49,125:INFO:Epoch: 0096 loss_train: 49.2911 acc_train: 0.6996 acc_val: 0.2541
2024-04-20 10:18:56,235:INFO:Epoch: 0097 loss_train: 64.1216 acc_train: 0.6054 acc_val: 0.2582
2024-04-20 10:19:03,130:INFO:Epoch: 0098 loss_train: 49.7287 acc_train: 0.6991 acc_val: 0.2541
2024-04-20 10:19:10,045:INFO:Epoch: 0099 loss_train: 46.6252 acc_train: 0.7210 acc_val: 0.2500
2024-04-20 10:19:16,839:INFO:Epoch: 0100 loss_train: 55.2794 acc_train: 0.6653 acc_val: 0.2295
2024-04-20 10:19:23,740:INFO:Epoch: 0101 loss_train: 48.6049 acc_train: 0.7168 acc_val: 0.2336
2024-04-20 10:19:30,526:INFO:Epoch: 0102 loss_train: 46.8566 acc_train: 0.6996 acc_val: 0.2500
2024-04-20 10:19:37,301:INFO:Epoch: 0103 loss_train: 42.9190 acc_train: 0.7387 acc_val: 0.2500
2024-04-20 10:19:44,105:INFO:Epoch: 0104 loss_train: 48.4285 acc_train: 0.7059 acc_val: 0.2541
2024-04-20 10:19:50,946:INFO:Epoch: 0105 loss_train: 40.9676 acc_train: 0.7454 acc_val: 0.2377
2024-04-20 10:19:57,957:INFO:Epoch: 0106 loss_train: 41.3396 acc_train: 0.7517 acc_val: 0.2787
2024-04-20 10:20:04,795:INFO:Epoch: 0107 loss_train: 47.6130 acc_train: 0.7017 acc_val: 0.2377
2024-04-20 10:20:11,439:INFO:Epoch: 0108 loss_train: 38.9611 acc_train: 0.7631 acc_val: 0.2582
2024-04-20 10:20:18,148:INFO:Epoch: 0109 loss_train: 43.0741 acc_train: 0.7538 acc_val: 0.2828
2024-04-20 10:20:24,896:INFO:Epoch: 0110 loss_train: 72.0297 acc_train: 0.5523 acc_val: 0.2664
2024-04-20 10:20:31,619:INFO:Epoch: 0111 loss_train: 46.6072 acc_train: 0.7173 acc_val: 0.2418
2024-04-20 10:20:38,383:INFO:Epoch: 0112 loss_train: 44.5168 acc_train: 0.7356 acc_val: 0.2541
2024-04-20 10:20:45,071:INFO:Epoch: 0113 loss_train: 43.5294 acc_train: 0.7361 acc_val: 0.2541
2024-04-20 10:20:51,718:INFO:Epoch: 0114 loss_train: 39.7691 acc_train: 0.7767 acc_val: 0.2090
2024-04-20 10:20:58,373:INFO:Epoch: 0115 loss_train: 42.5091 acc_train: 0.7356 acc_val: 0.2582
2024-04-20 10:21:05,035:INFO:Epoch: 0116 loss_train: 38.0918 acc_train: 0.7834 acc_val: 0.2254
2024-04-20 10:21:11,679:INFO:Epoch: 0117 loss_train: 40.5999 acc_train: 0.7486 acc_val: 0.2418
2024-04-20 10:21:18,327:INFO:Epoch: 0118 loss_train: 35.3322 acc_train: 0.7907 acc_val: 0.2541
2024-04-20 10:21:25,141:INFO:Epoch: 0119 loss_train: 36.4694 acc_train: 0.7808 acc_val: 0.2418
2024-04-20 10:21:31,824:INFO:Epoch: 0120 loss_train: 40.0347 acc_train: 0.7496 acc_val: 0.2336
2024-04-20 10:21:38,494:INFO:Epoch: 0121 loss_train: 32.9435 acc_train: 0.7923 acc_val: 0.2008
2024-04-20 10:21:45,159:INFO:Epoch: 0122 loss_train: 31.5672 acc_train: 0.8157 acc_val: 0.2377
2024-04-20 10:21:51,834:INFO:Epoch: 0123 loss_train: 31.7393 acc_train: 0.8116 acc_val: 0.2213
2024-04-20 10:21:58,512:INFO:Epoch: 0124 loss_train: 51.9926 acc_train: 0.6950 acc_val: 0.2500
2024-04-20 10:22:05,172:INFO:Epoch: 0125 loss_train: 43.2153 acc_train: 0.7251 acc_val: 0.2172
2024-04-20 10:22:11,837:INFO:Epoch: 0126 loss_train: 32.3191 acc_train: 0.8261 acc_val: 0.2295
2024-04-20 10:22:18,496:INFO:Epoch: 0127 loss_train: 43.5701 acc_train: 0.7444 acc_val: 0.2582
2024-04-20 10:22:25,164:INFO:Epoch: 0128 loss_train: 35.9435 acc_train: 0.7814 acc_val: 0.2213
2024-04-20 10:22:31,846:INFO:Epoch: 0129 loss_train: 29.8384 acc_train: 0.8303 acc_val: 0.2336
2024-04-20 10:22:38,533:INFO:Epoch: 0130 loss_train: 39.0935 acc_train: 0.7631 acc_val: 0.2541
2024-04-20 10:22:45,196:INFO:Epoch: 0131 loss_train: 34.4827 acc_train: 0.7944 acc_val: 0.2582
2024-04-20 10:22:51,865:INFO:Epoch: 0132 loss_train: 33.0252 acc_train: 0.8001 acc_val: 0.2418
2024-04-20 10:22:58,533:INFO:Epoch: 0133 loss_train: 27.0375 acc_train: 0.8386 acc_val: 0.2459
2024-04-20 10:23:05,388:INFO:Epoch: 0134 loss_train: 27.0042 acc_train: 0.8360 acc_val: 0.2254
2024-04-20 10:23:12,040:INFO:Epoch: 0135 loss_train: 26.4194 acc_train: 0.8313 acc_val: 0.2254
2024-04-20 10:23:18,689:INFO:Epoch: 0136 loss_train: 44.8341 acc_train: 0.7418 acc_val: 0.2541
2024-04-20 10:23:25,337:INFO:Epoch: 0137 loss_train: 39.2939 acc_train: 0.7626 acc_val: 0.2418
2024-04-20 10:23:31,977:INFO:Epoch: 0138 loss_train: 28.8043 acc_train: 0.8365 acc_val: 0.2295
2024-04-20 10:23:38,624:INFO:Epoch: 0139 loss_train: 27.1459 acc_train: 0.8412 acc_val: 0.2049
2024-04-20 10:23:45,263:INFO:Epoch: 0140 loss_train: 28.2865 acc_train: 0.8277 acc_val: 0.2500
2024-04-20 10:23:51,908:INFO:Epoch: 0141 loss_train: 27.4630 acc_train: 0.8365 acc_val: 0.2254
2024-04-20 10:23:58,564:INFO:Epoch: 0142 loss_train: 21.3592 acc_train: 0.8782 acc_val: 0.2090
2024-04-20 10:24:05,255:INFO:Epoch: 0143 loss_train: 46.3019 acc_train: 0.7257 acc_val: 0.2377
2024-04-20 10:24:11,898:INFO:Epoch: 0144 loss_train: 35.1868 acc_train: 0.7949 acc_val: 0.2377
2024-04-20 10:24:18,539:INFO:Epoch: 0145 loss_train: 29.5034 acc_train: 0.8126 acc_val: 0.2295
2024-04-20 10:24:25,177:INFO:Epoch: 0146 loss_train: 22.3109 acc_train: 0.8647 acc_val: 0.2418
2024-04-20 10:24:31,811:INFO:Epoch: 0147 loss_train: 20.0459 acc_train: 0.8844 acc_val: 0.2213
2024-04-20 10:24:38,470:INFO:Epoch: 0148 loss_train: 21.3605 acc_train: 0.8881 acc_val: 0.2541
2024-04-20 10:24:45,137:INFO:Epoch: 0149 loss_train: 27.7214 acc_train: 0.8334 acc_val: 0.2336
2024-04-20 10:24:51,782:INFO:Epoch: 0150 loss_train: 23.8892 acc_train: 0.8542 acc_val: 0.2131
2024-04-20 10:24:58,422:INFO:Epoch: 0151 loss_train: 19.9662 acc_train: 0.8771 acc_val: 0.2131
2024-04-20 10:25:05,060:INFO:Epoch: 0152 loss_train: 19.4623 acc_train: 0.8865 acc_val: 0.2295
2024-04-20 10:25:11,702:INFO:Epoch: 0153 loss_train: 20.4290 acc_train: 0.8787 acc_val: 0.2295
2024-04-20 10:25:18,348:INFO:Epoch: 0154 loss_train: 23.4097 acc_train: 0.8621 acc_val: 0.2131
2024-04-20 10:25:24,997:INFO:Epoch: 0155 loss_train: 20.0197 acc_train: 0.8803 acc_val: 0.2500
2024-04-20 10:25:31,644:INFO:Epoch: 0156 loss_train: 32.2361 acc_train: 0.8121 acc_val: 0.2172
2024-04-20 10:25:38,291:INFO:Epoch: 0157 loss_train: 37.6725 acc_train: 0.7803 acc_val: 0.2295
2024-04-20 10:25:44,935:INFO:Epoch: 0158 loss_train: 22.2266 acc_train: 0.8777 acc_val: 0.2295
2024-04-20 10:25:51,582:INFO:Epoch: 0159 loss_train: 31.2874 acc_train: 0.8079 acc_val: 0.2254
2024-04-20 10:25:58,418:INFO:Epoch: 0160 loss_train: 19.6750 acc_train: 0.8876 acc_val: 0.2049
2024-04-20 10:26:05,059:INFO:Epoch: 0161 loss_train: 16.3433 acc_train: 0.9105 acc_val: 0.2418
2024-04-20 10:26:05,064:INFO:PATIENCE THRESHOLD PASSED; DETECTED OVERFITTING
2024-04-20 10:26:11,747:INFO:Epoch: 0162 loss_train: 16.3655 acc_train: 0.9131 acc_val: 0.2541
2024-04-20 10:26:18,554:INFO:Epoch: 0163 loss_train: 29.9461 acc_train: 0.8178 acc_val: 0.2459
2024-04-20 10:26:25,372:INFO:Epoch: 0164 loss_train: 22.5735 acc_train: 0.8657 acc_val: 0.2090
2024-04-20 10:26:32,149:INFO:Epoch: 0165 loss_train: 17.6447 acc_train: 0.8974 acc_val: 0.2090
2024-04-20 10:26:38,975:INFO:Epoch: 0166 loss_train: 15.5102 acc_train: 0.9120 acc_val: 0.2295
2024-04-20 10:26:45,717:INFO:Epoch: 0167 loss_train: 18.3761 acc_train: 0.8881 acc_val: 0.1803
2024-04-20 10:26:52,720:INFO:Epoch: 0168 loss_train: 16.1296 acc_train: 0.9063 acc_val: 0.2377
2024-04-20 10:26:59,548:INFO:Epoch: 0169 loss_train: 17.1750 acc_train: 0.8959 acc_val: 0.2131
2024-04-20 10:27:06,370:INFO:Epoch: 0170 loss_train: 14.2678 acc_train: 0.9131 acc_val: 0.1885
2024-04-20 10:27:13,059:INFO:Epoch: 0171 loss_train: 12.6120 acc_train: 0.9344 acc_val: 0.2295
2024-04-20 10:27:19,714:INFO:Epoch: 0172 loss_train: 13.4643 acc_train: 0.9245 acc_val: 0.2049
2024-04-20 10:27:26,373:INFO:Epoch: 0173 loss_train: 13.1836 acc_train: 0.9240 acc_val: 0.1967
2024-04-20 10:27:33,014:INFO:Epoch: 0174 loss_train: 34.1467 acc_train: 0.8152 acc_val: 0.2090
2024-04-20 10:27:39,651:INFO:Epoch: 0175 loss_train: 39.7669 acc_train: 0.7668 acc_val: 0.2377
2024-04-20 10:27:46,282:INFO:Epoch: 0176 loss_train: 17.8542 acc_train: 0.9068 acc_val: 0.2582
2024-04-20 10:27:52,928:INFO:Epoch: 0177 loss_train: 19.9948 acc_train: 0.8855 acc_val: 0.2377
2024-04-20 10:27:59,568:INFO:Epoch: 0178 loss_train: 12.9764 acc_train: 0.9266 acc_val: 0.2090
2024-04-20 10:28:06,214:INFO:Epoch: 0179 loss_train: 11.4186 acc_train: 0.9381 acc_val: 0.2213
2024-04-20 10:28:12,859:INFO:Epoch: 0180 loss_train: 12.1419 acc_train: 0.9313 acc_val: 0.1926
2024-04-20 10:28:19,531:INFO:Epoch: 0181 loss_train: 11.7406 acc_train: 0.9355 acc_val: 0.2090
2024-04-20 10:28:26,192:INFO:Epoch: 0182 loss_train: 10.0895 acc_train: 0.9443 acc_val: 0.2172
2024-04-20 10:28:32,855:INFO:Epoch: 0183 loss_train: 13.8468 acc_train: 0.9183 acc_val: 0.2254
2024-04-20 10:28:39,518:INFO:Epoch: 0184 loss_train: 13.4707 acc_train: 0.9167 acc_val: 0.2295
2024-04-20 10:28:46,162:INFO:Epoch: 0185 loss_train: 19.4559 acc_train: 0.8912 acc_val: 0.2213
2024-04-20 10:28:53,057:INFO:Epoch: 0186 loss_train: 16.4600 acc_train: 0.9011 acc_val: 0.2295
2024-04-20 10:28:59,714:INFO:Epoch: 0187 loss_train: 10.4682 acc_train: 0.9433 acc_val: 0.2131
2024-04-20 10:29:06,386:INFO:Epoch: 0188 loss_train: 12.2001 acc_train: 0.9282 acc_val: 0.1885
2024-04-20 10:29:13,061:INFO:Epoch: 0189 loss_train: 14.4500 acc_train: 0.9115 acc_val: 0.1926
2024-04-20 10:29:19,729:INFO:Epoch: 0190 loss_train: 16.2845 acc_train: 0.9073 acc_val: 0.2172
2024-04-20 10:29:26,433:INFO:Epoch: 0191 loss_train: 21.5485 acc_train: 0.8865 acc_val: 0.2131
2024-04-20 10:29:33,119:INFO:Epoch: 0192 loss_train: 42.0346 acc_train: 0.7803 acc_val: 0.2377
2024-04-20 10:29:39,792:INFO:Epoch: 0193 loss_train: 29.2875 acc_train: 0.8214 acc_val: 0.2008
2024-04-20 10:29:46,765:INFO:Epoch: 0194 loss_train: 13.7878 acc_train: 0.9224 acc_val: 0.2254
2024-04-20 10:29:53,594:INFO:Epoch: 0195 loss_train: 8.7261 acc_train: 0.9604 acc_val: 0.2377
2024-04-20 10:30:00,510:INFO:Epoch: 0196 loss_train: 6.9519 acc_train: 0.9714 acc_val: 0.2213
2024-04-20 10:30:07,373:INFO:Epoch: 0197 loss_train: 6.7575 acc_train: 0.9672 acc_val: 0.2377
2024-04-20 10:30:14,232:INFO:Epoch: 0198 loss_train: 5.6691 acc_train: 0.9797 acc_val: 0.2090
2024-04-20 10:30:21,022:INFO:Epoch: 0199 loss_train: 7.0227 acc_train: 0.9615 acc_val: 0.2254
2024-04-20 10:30:27,795:INFO:Epoch: 0200 loss_train: 10.4218 acc_train: 0.9459 acc_val: 0.1926
2024-04-20 10:30:34,637:INFO:Epoch: 0201 loss_train: 17.5979 acc_train: 0.8964 acc_val: 0.2213
2024-04-20 10:30:41,441:INFO:Epoch: 0202 loss_train: 19.7044 acc_train: 0.8886 acc_val: 0.2254
2024-04-20 10:30:48,215:INFO:Epoch: 0203 loss_train: 27.9107 acc_train: 0.8412 acc_val: 0.2131
2024-04-20 10:30:54,903:INFO:Epoch: 0204 loss_train: 10.1086 acc_train: 0.9464 acc_val: 0.2254
2024-04-20 10:31:01,925:INFO:Epoch: 0205 loss_train: 9.9586 acc_train: 0.9672 acc_val: 0.2213
2024-04-20 10:31:08,803:INFO:Epoch: 0206 loss_train: 37.7302 acc_train: 0.8006 acc_val: 0.1967
2024-04-20 10:31:15,711:INFO:Epoch: 0207 loss_train: 17.3000 acc_train: 0.9016 acc_val: 0.2090
2024-04-20 10:31:23,153:INFO:Epoch: 0208 loss_train: 9.0706 acc_train: 0.9547 acc_val: 0.2172
2024-04-20 10:31:30,079:INFO:Epoch: 0209 loss_train: 6.9453 acc_train: 0.9708 acc_val: 0.1885
2024-04-20 10:31:37,057:INFO:Epoch: 0210 loss_train: 5.4082 acc_train: 0.9771 acc_val: 0.2131
2024-04-20 10:31:44,170:INFO:Epoch: 0211 loss_train: 7.7752 acc_train: 0.9578 acc_val: 0.1967
2024-04-20 10:31:51,285:INFO:Epoch: 0212 loss_train: 9.8559 acc_train: 0.9443 acc_val: 0.2254
2024-04-20 10:31:58,362:INFO:Epoch: 0213 loss_train: 17.1025 acc_train: 0.9001 acc_val: 0.2213
2024-04-20 10:32:05,271:INFO:Epoch: 0214 loss_train: 11.3058 acc_train: 0.9407 acc_val: 0.2336
2024-04-20 10:32:12,291:INFO:Epoch: 0215 loss_train: 21.4070 acc_train: 0.8751 acc_val: 0.2295
2024-04-20 10:32:19,480:INFO:Epoch: 0216 loss_train: 8.8822 acc_train: 0.9537 acc_val: 0.2008
2024-04-20 10:32:26,417:INFO:Epoch: 0217 loss_train: 6.5796 acc_train: 0.9620 acc_val: 0.2090
2024-04-20 10:32:33,478:INFO:Epoch: 0218 loss_train: 4.4333 acc_train: 0.9792 acc_val: 0.2090
2024-04-20 10:32:40,133:INFO:Epoch: 0219 loss_train: 4.0355 acc_train: 0.9828 acc_val: 0.2213
2024-04-20 10:32:46,795:INFO:Epoch: 0220 loss_train: 4.2222 acc_train: 0.9802 acc_val: 0.2213
2024-04-20 10:32:53,437:INFO:Epoch: 0221 loss_train: 3.6702 acc_train: 0.9859 acc_val: 0.2090
2024-04-20 10:33:00,081:INFO:Epoch: 0222 loss_train: 3.9975 acc_train: 0.9807 acc_val: 0.2418
2024-04-20 10:33:06,727:INFO:Epoch: 0223 loss_train: 10.4959 acc_train: 0.9433 acc_val: 0.2213
2024-04-20 10:33:13,369:INFO:Epoch: 0224 loss_train: 23.7409 acc_train: 0.8600 acc_val: 0.2008
2024-04-20 10:33:20,017:INFO:Epoch: 0225 loss_train: 13.4071 acc_train: 0.9250 acc_val: 0.2213
2024-04-20 10:33:26,658:INFO:Epoch: 0226 loss_train: 24.4716 acc_train: 0.8704 acc_val: 0.2172
2024-04-20 10:33:33,300:INFO:Epoch: 0227 loss_train: 7.3005 acc_train: 0.9615 acc_val: 0.2213
2024-04-20 10:33:39,941:INFO:Epoch: 0228 loss_train: 5.2051 acc_train: 0.9776 acc_val: 0.2254
2024-04-20 10:33:46,582:INFO:Epoch: 0229 loss_train: 18.1155 acc_train: 0.9047 acc_val: 0.2254
2024-04-20 10:33:53,447:INFO:Epoch: 0230 loss_train: 10.0606 acc_train: 0.9386 acc_val: 0.2131
2024-04-20 10:34:00,089:INFO:Epoch: 0231 loss_train: 5.2151 acc_train: 0.9740 acc_val: 0.2336
2024-04-20 10:34:06,729:INFO:Epoch: 0232 loss_train: 5.5060 acc_train: 0.9724 acc_val: 0.2008
2024-04-20 10:34:13,369:INFO:Epoch: 0233 loss_train: 8.4500 acc_train: 0.9521 acc_val: 0.2459
2024-04-20 10:34:20,009:INFO:Epoch: 0234 loss_train: 15.4219 acc_train: 0.9099 acc_val: 0.2213
2024-04-20 10:34:26,652:INFO:Epoch: 0235 loss_train: 8.5039 acc_train: 0.9604 acc_val: 0.2254
2024-04-20 10:34:33,298:INFO:Epoch: 0236 loss_train: 7.8481 acc_train: 0.9526 acc_val: 0.2172
2024-04-20 10:34:39,952:INFO:Epoch: 0237 loss_train: 5.3851 acc_train: 0.9740 acc_val: 0.2336
2024-04-20 10:34:46,600:INFO:Epoch: 0238 loss_train: 4.6729 acc_train: 0.9781 acc_val: 0.2131
2024-04-20 10:34:53,483:INFO:Epoch: 0239 loss_train: 3.7959 acc_train: 0.9828 acc_val: 0.2582
2024-04-20 10:35:00,127:INFO:Epoch: 0240 loss_train: 3.8524 acc_train: 0.9807 acc_val: 0.2500
2024-04-20 10:35:06,772:INFO:Epoch: 0241 loss_train: 4.1662 acc_train: 0.9781 acc_val: 0.2541
2024-04-20 10:35:13,415:INFO:Epoch: 0242 loss_train: 5.1542 acc_train: 0.9729 acc_val: 0.2377
2024-04-20 10:35:20,199:INFO:Epoch: 0243 loss_train: 19.1580 acc_train: 0.8980 acc_val: 0.2213
2024-04-20 10:35:26,958:INFO:Epoch: 0244 loss_train: 14.6937 acc_train: 0.9094 acc_val: 0.2295
2024-04-20 10:35:33,764:INFO:Epoch: 0245 loss_train: 12.7519 acc_train: 0.9120 acc_val: 0.2254
2024-04-20 10:35:40,608:INFO:Epoch: 0246 loss_train: 7.0957 acc_train: 0.9594 acc_val: 0.2459
2024-04-20 10:35:47,693:INFO:Epoch: 0247 loss_train: 6.0078 acc_train: 0.9787 acc_val: 0.2336
2024-04-20 10:35:54,532:INFO:Epoch: 0248 loss_train: 29.3958 acc_train: 0.8433 acc_val: 0.2008
2024-04-20 10:36:01,365:INFO:Epoch: 0249 loss_train: 12.2311 acc_train: 0.9313 acc_val: 0.2172
2024-04-20 10:36:08,194:INFO:Epoch: 0250 loss_train: 6.4995 acc_train: 0.9677 acc_val: 0.2295
2024-04-20 10:36:15,030:INFO:Epoch: 0251 loss_train: 3.6283 acc_train: 0.9865 acc_val: 0.2336
2024-04-20 10:36:21,862:INFO:Epoch: 0252 loss_train: 2.3791 acc_train: 0.9932 acc_val: 0.2295
2024-04-20 10:36:28,738:INFO:Epoch: 0253 loss_train: 1.9816 acc_train: 0.9974 acc_val: 0.2336
2024-04-20 10:36:35,390:INFO:Epoch: 0254 loss_train: 3.8016 acc_train: 0.9865 acc_val: 0.2295
2024-04-20 10:36:42,014:INFO:Epoch: 0255 loss_train: 22.3345 acc_train: 0.8761 acc_val: 0.2336
2024-04-20 10:36:48,635:INFO:Epoch: 0256 loss_train: 15.5590 acc_train: 0.9125 acc_val: 0.2172
2024-04-20 10:36:55,304:INFO:Epoch: 0257 loss_train: 20.5726 acc_train: 0.8922 acc_val: 0.2377
2024-04-20 10:37:02,474:INFO:Epoch: 0258 loss_train: 7.6736 acc_train: 0.9610 acc_val: 0.2295
2024-04-20 10:37:09,317:INFO:Epoch: 0259 loss_train: 4.4407 acc_train: 0.9807 acc_val: 0.2459
2024-04-20 10:37:16,149:INFO:Epoch: 0260 loss_train: 5.0328 acc_train: 0.9729 acc_val: 0.2705
2024-04-20 10:37:22,990:INFO:Epoch: 0261 loss_train: 2.7637 acc_train: 0.9927 acc_val: 0.2377
2024-04-20 10:37:29,861:INFO:Epoch: 0262 loss_train: 2.6185 acc_train: 0.9922 acc_val: 0.2213
2024-04-20 10:37:36,743:INFO:Epoch: 0263 loss_train: 2.7769 acc_train: 0.9891 acc_val: 0.2254
2024-04-20 10:37:43,619:INFO:Epoch: 0264 loss_train: 3.6774 acc_train: 0.9802 acc_val: 0.2459
2024-04-20 10:37:50,494:INFO:Epoch: 0265 loss_train: 5.1986 acc_train: 0.9714 acc_val: 0.2336
2024-04-20 10:37:57,366:INFO:Epoch: 0266 loss_train: 8.6378 acc_train: 0.9495 acc_val: 0.2295
2024-04-20 10:38:04,244:INFO:Epoch: 0267 loss_train: 20.9275 acc_train: 0.8761 acc_val: 0.2008
2024-04-20 10:38:11,440:INFO:Epoch: 0268 loss_train: 8.8970 acc_train: 0.9584 acc_val: 0.2172
2024-04-20 10:38:18,524:INFO:Epoch: 0269 loss_train: 25.8473 acc_train: 0.8652 acc_val: 0.2213
2024-04-20 10:38:25,624:INFO:Epoch: 0270 loss_train: 10.9253 acc_train: 0.9433 acc_val: 0.2172
2024-04-20 10:38:32,560:INFO:Epoch: 0271 loss_train: 3.1259 acc_train: 0.9922 acc_val: 0.2131
2024-04-20 10:38:39,418:INFO:Epoch: 0272 loss_train: 2.1176 acc_train: 0.9969 acc_val: 0.2049
2024-04-20 10:38:46,278:INFO:Epoch: 0273 loss_train: 1.3880 acc_train: 0.9995 acc_val: 0.2049
2024-04-20 10:38:52,949:INFO:Epoch: 0274 loss_train: 1.3376 acc_train: 0.9969 acc_val: 0.2172
2024-04-20 10:38:59,575:INFO:Epoch: 0275 loss_train: 1.0414 acc_train: 0.9990 acc_val: 0.2459
2024-04-20 10:39:06,207:INFO:Epoch: 0276 loss_train: 1.0979 acc_train: 0.9974 acc_val: 0.2131
2024-04-20 10:39:12,834:INFO:Epoch: 0277 loss_train: 0.7632 acc_train: 0.9995 acc_val: 0.2377
2024-04-20 10:39:19,465:INFO:Epoch: 0278 loss_train: 0.6200 acc_train: 1.0000 acc_val: 0.2049
2024-04-20 10:39:26,105:INFO:Epoch: 0279 loss_train: 0.5208 acc_train: 1.0000 acc_val: 0.2131
2024-04-20 10:39:32,908:INFO:Epoch: 0280 loss_train: 0.4397 acc_train: 1.0000 acc_val: 0.2213
2024-04-20 10:39:39,602:INFO:Epoch: 0281 loss_train: 0.3866 acc_train: 1.0000 acc_val: 0.2295
2024-04-20 10:39:46,237:INFO:Epoch: 0282 loss_train: 0.3101 acc_train: 1.0000 acc_val: 0.2295
2024-04-20 10:39:52,870:INFO:Epoch: 0283 loss_train: 0.3194 acc_train: 1.0000 acc_val: 0.2254
2024-04-20 10:39:59,506:INFO:Epoch: 0284 loss_train: 0.2573 acc_train: 1.0000 acc_val: 0.2131
2024-04-20 10:40:06,139:INFO:Epoch: 0285 loss_train: 0.3114 acc_train: 1.0000 acc_val: 0.2254
2024-04-20 10:40:12,768:INFO:Epoch: 0286 loss_train: 0.3616 acc_train: 1.0000 acc_val: 0.2090
2024-04-20 10:40:19,401:INFO:Epoch: 0287 loss_train: 2.3433 acc_train: 0.9922 acc_val: 0.2254
2024-04-20 10:40:26,030:INFO:Epoch: 0288 loss_train: 43.3441 acc_train: 0.7777 acc_val: 0.1926
2024-04-20 10:40:32,655:INFO:Epoch: 0289 loss_train: 20.5155 acc_train: 0.8792 acc_val: 0.2377
2024-04-20 10:40:39,281:INFO:Epoch: 0290 loss_train: 25.5573 acc_train: 0.8548 acc_val: 0.2172
2024-04-20 10:40:45,907:INFO:Epoch: 0291 loss_train: 14.9793 acc_train: 0.9198 acc_val: 0.2090
2024-04-20 10:40:52,534:INFO:Epoch: 0292 loss_train: 5.5867 acc_train: 0.9781 acc_val: 0.2213
2024-04-20 10:40:59,184:INFO:Epoch: 0293 loss_train: 22.4014 acc_train: 0.8641 acc_val: 0.2049
2024-04-20 10:41:05,823:INFO:Epoch: 0294 loss_train: 7.4902 acc_train: 0.9662 acc_val: 0.2459
2024-04-20 10:41:12,457:INFO:Epoch: 0295 loss_train: 4.3736 acc_train: 0.9828 acc_val: 0.2254
2024-04-20 10:41:19,247:INFO:Epoch: 0296 loss_train: 4.4806 acc_train: 0.9797 acc_val: 0.2418
2024-04-20 10:41:25,883:INFO:Epoch: 0297 loss_train: 3.9261 acc_train: 0.9844 acc_val: 0.2459
2024-04-20 10:41:32,536:INFO:Epoch: 0298 loss_train: 40.6172 acc_train: 0.8074 acc_val: 0.2746
2024-04-20 10:41:39,174:INFO:Epoch: 0299 loss_train: 51.3774 acc_train: 0.7501 acc_val: 0.2418
2024-04-20 10:41:45,819:INFO:Epoch: 0300 loss_train: 15.8442 acc_train: 0.9261 acc_val: 0.2500
2024-04-20 10:41:52,460:INFO:Epoch: 0301 loss_train: 8.7284 acc_train: 0.9584 acc_val: 0.2377
2024-04-20 10:41:59,225:INFO:Epoch: 0302 loss_train: 6.3332 acc_train: 0.9870 acc_val: 0.2541
2024-04-20 10:42:05,989:INFO:Epoch: 0303 loss_train: 20.2472 acc_train: 0.8980 acc_val: 0.2418
2024-04-20 10:42:12,810:INFO:Epoch: 0304 loss_train: 6.3405 acc_train: 0.9745 acc_val: 0.2295
2024-04-20 10:42:19,614:INFO:Epoch: 0305 loss_train: 3.1606 acc_train: 0.9948 acc_val: 0.2254
2024-04-20 10:42:26,352:INFO:Epoch: 0306 loss_train: 2.3936 acc_train: 0.9948 acc_val: 0.2213
2024-04-20 10:42:33,161:INFO:Epoch: 0307 loss_train: 1.8742 acc_train: 0.9964 acc_val: 0.2295
2024-04-20 10:42:39,881:INFO:Epoch: 0308 loss_train: 1.4032 acc_train: 0.9995 acc_val: 0.2295
2024-04-20 10:42:46,635:INFO:Epoch: 0309 loss_train: 1.1937 acc_train: 0.9990 acc_val: 0.2008
2024-04-20 10:42:53,388:INFO:Epoch: 0310 loss_train: 1.0957 acc_train: 0.9984 acc_val: 0.2131
2024-04-20 10:43:00,225:INFO:Epoch: 0311 loss_train: 0.9846 acc_train: 0.9995 acc_val: 0.2254
2024-04-20 10:43:07,040:INFO:Epoch: 0312 loss_train: 0.8357 acc_train: 0.9995 acc_val: 0.2213
2024-04-20 10:43:13,831:INFO:Epoch: 0313 loss_train: 0.6234 acc_train: 0.9995 acc_val: 0.2213
2024-04-20 10:43:20,610:INFO:Epoch: 0314 loss_train: 0.6528 acc_train: 1.0000 acc_val: 0.2377
2024-04-20 10:43:27,469:INFO:Epoch: 0315 loss_train: 9.3734 acc_train: 0.9610 acc_val: 0.2459
2024-04-20 10:43:34,384:INFO:Epoch: 0316 loss_train: 106.6285 acc_train: 0.5289 acc_val: 0.2746
2024-04-20 10:43:41,258:INFO:Epoch: 0317 loss_train: 43.0880 acc_train: 0.7283 acc_val: 0.2377
2024-04-20 10:43:48,006:INFO:Epoch: 0318 loss_train: 24.8312 acc_train: 0.8610 acc_val: 0.2377
2024-04-20 10:43:54,802:INFO:Epoch: 0319 loss_train: 15.2905 acc_train: 0.9157 acc_val: 0.2336
2024-04-20 10:44:01,622:INFO:Epoch: 0320 loss_train: 10.1332 acc_train: 0.9469 acc_val: 0.2582
2024-04-20 10:44:08,266:INFO:Epoch: 0321 loss_train: 7.2862 acc_train: 0.9766 acc_val: 0.2418
2024-04-20 10:44:14,911:INFO:Epoch: 0322 loss_train: 9.4795 acc_train: 0.9547 acc_val: 0.2500
2024-04-20 10:44:21,555:INFO:Epoch: 0323 loss_train: 4.9742 acc_train: 0.9802 acc_val: 0.2541
2024-04-20 10:44:28,208:INFO:Epoch: 0324 loss_train: 3.7228 acc_train: 0.9865 acc_val: 0.2582
2024-04-20 10:44:34,859:INFO:Epoch: 0325 loss_train: 2.6598 acc_train: 0.9932 acc_val: 0.2459
2024-04-20 10:44:41,503:INFO:Epoch: 0326 loss_train: 2.4041 acc_train: 0.9932 acc_val: 0.2541
2024-04-20 10:44:48,192:INFO:Epoch: 0327 loss_train: 1.9258 acc_train: 0.9948 acc_val: 0.2582
2024-04-20 10:44:54,855:INFO:Epoch: 0328 loss_train: 1.3190 acc_train: 0.9969 acc_val: 0.2664
2024-04-20 10:45:01,570:INFO:Epoch: 0329 loss_train: 1.7930 acc_train: 0.9958 acc_val: 0.2377
2024-04-20 10:45:08,227:INFO:Epoch: 0330 loss_train: 13.7864 acc_train: 0.9250 acc_val: 0.2172
2024-04-20 10:45:14,875:INFO:Epoch: 0331 loss_train: 10.7914 acc_train: 0.9302 acc_val: 0.2623
2024-04-20 10:45:21,531:INFO:Epoch: 0332 loss_train: 5.3586 acc_train: 0.9740 acc_val: 0.2459
2024-04-20 10:45:28,207:INFO:Epoch: 0333 loss_train: 15.4843 acc_train: 0.9073 acc_val: 0.2418
2024-04-20 10:45:34,876:INFO:Epoch: 0334 loss_train: 7.0498 acc_train: 0.9610 acc_val: 0.2336
2024-04-20 10:45:41,548:INFO:Epoch: 0335 loss_train: 3.2856 acc_train: 0.9828 acc_val: 0.2213
2024-04-20 10:45:48,203:INFO:Epoch: 0336 loss_train: 1.3931 acc_train: 0.9979 acc_val: 0.2131
2024-04-20 10:45:54,952:INFO:Epoch: 0337 loss_train: 1.4332 acc_train: 0.9995 acc_val: 0.2213
2024-04-20 10:46:01,734:INFO:Epoch: 0338 loss_train: 17.8690 acc_train: 0.9079 acc_val: 0.2213
2024-04-20 10:46:08,537:INFO:Epoch: 0339 loss_train: 8.5387 acc_train: 0.9547 acc_val: 0.2459
2024-04-20 10:46:15,356:INFO:Epoch: 0340 loss_train: 6.6915 acc_train: 0.9646 acc_val: 0.2418
2024-04-20 10:46:22,215:INFO:Epoch: 0341 loss_train: 5.1711 acc_train: 0.9724 acc_val: 0.2336
2024-04-20 10:46:28,985:INFO:Epoch: 0342 loss_train: 2.8739 acc_train: 0.9906 acc_val: 0.2336
2024-04-20 10:46:35,667:INFO:Epoch: 0343 loss_train: 1.6646 acc_train: 0.9958 acc_val: 0.2459
2024-04-20 10:46:42,336:INFO:Epoch: 0344 loss_train: 0.9283 acc_train: 0.9995 acc_val: 0.2418
2024-04-20 10:46:49,130:INFO:Epoch: 0345 loss_train: 0.5543 acc_train: 1.0000 acc_val: 0.2582
2024-04-20 10:46:55,772:INFO:Epoch: 0346 loss_train: 0.3878 acc_train: 1.0000 acc_val: 0.2377
2024-04-20 10:47:02,600:INFO:Epoch: 0347 loss_train: 0.3492 acc_train: 1.0000 acc_val: 0.2459
2024-04-20 10:47:09,290:INFO:Epoch: 0348 loss_train: 0.3511 acc_train: 1.0000 acc_val: 0.2459
2024-04-20 10:47:15,984:INFO:Epoch: 0349 loss_train: 0.3305 acc_train: 1.0000 acc_val: 0.2336
2024-04-20 10:47:22,791:INFO:Epoch: 0350 loss_train: 0.2750 acc_train: 1.0000 acc_val: 0.2377
2024-04-20 10:47:29,624:INFO:Epoch: 0351 loss_train: 0.2256 acc_train: 1.0000 acc_val: 0.2418
2024-04-20 10:47:36,422:INFO:Epoch: 0352 loss_train: 0.1905 acc_train: 1.0000 acc_val: 0.2541
2024-04-20 10:47:43,301:INFO:Epoch: 0353 loss_train: 0.2660 acc_train: 0.9995 acc_val: 0.2213
2024-04-20 10:47:49,953:INFO:Epoch: 0354 loss_train: 2.5786 acc_train: 0.9865 acc_val: 0.2582
2024-04-20 10:47:56,602:INFO:Epoch: 0355 loss_train: 46.5483 acc_train: 0.7725 acc_val: 0.2254
2024-04-20 10:48:03,252:INFO:Epoch: 0356 loss_train: 13.7722 acc_train: 0.9230 acc_val: 0.2213
2024-04-20 10:48:09,899:INFO:Epoch: 0357 loss_train: 5.0734 acc_train: 0.9807 acc_val: 0.2213
2024-04-20 10:48:16,538:INFO:Epoch: 0358 loss_train: 4.8941 acc_train: 0.9787 acc_val: 0.2336
2024-04-20 10:48:23,190:INFO:Epoch: 0359 loss_train: 2.3837 acc_train: 0.9917 acc_val: 0.2459
2024-04-20 10:48:29,833:INFO:Epoch: 0360 loss_train: 1.2934 acc_train: 0.9990 acc_val: 0.2541
2024-04-20 10:48:36,478:INFO:Epoch: 0361 loss_train: 0.8665 acc_train: 0.9990 acc_val: 0.2418
2024-04-20 10:48:43,121:INFO:Epoch: 0362 loss_train: 0.9197 acc_train: 0.9979 acc_val: 0.2377
2024-04-20 10:48:49,759:INFO:Epoch: 0363 loss_train: 0.4979 acc_train: 1.0000 acc_val: 0.2541
2024-04-20 10:48:56,820:INFO:Epoch: 0364 loss_train: 0.3491 acc_train: 1.0000 acc_val: 0.2582
2024-04-20 10:49:03,471:INFO:Epoch: 0365 loss_train: 0.3038 acc_train: 1.0000 acc_val: 0.2582
2024-04-20 10:49:10,113:INFO:Epoch: 0366 loss_train: 0.2681 acc_train: 1.0000 acc_val: 0.2582
2024-04-20 10:49:16,782:INFO:Epoch: 0367 loss_train: 0.2456 acc_train: 1.0000 acc_val: 0.2705
2024-04-20 10:49:23,484:INFO:Epoch: 0368 loss_train: 2.4596 acc_train: 0.9854 acc_val: 0.2172
2024-04-20 10:49:30,397:INFO:Epoch: 0369 loss_train: 23.8169 acc_train: 0.8652 acc_val: 0.2459
2024-04-20 10:49:37,062:INFO:Epoch: 0370 loss_train: 19.2536 acc_train: 0.8818 acc_val: 0.2500
2024-04-20 10:49:43,852:INFO:Epoch: 0371 loss_train: 9.6175 acc_train: 0.9443 acc_val: 0.2664
2024-04-20 10:49:50,493:INFO:Epoch: 0372 loss_train: 8.3103 acc_train: 0.9558 acc_val: 0.2664
2024-04-20 10:49:57,134:INFO:Epoch: 0373 loss_train: 2.6770 acc_train: 0.9917 acc_val: 0.2377
2024-04-20 10:50:03,781:INFO:Epoch: 0374 loss_train: 1.3036 acc_train: 1.0000 acc_val: 0.2541
2024-04-20 10:50:10,422:INFO:Epoch: 0375 loss_train: 1.2116 acc_train: 0.9974 acc_val: 0.2459
2024-04-20 10:50:17,066:INFO:Epoch: 0376 loss_train: 0.8771 acc_train: 1.0000 acc_val: 0.2418
2024-04-20 10:50:23,708:INFO:Epoch: 0377 loss_train: 0.5888 acc_train: 1.0000 acc_val: 0.2418
2024-04-20 10:50:30,351:INFO:Epoch: 0378 loss_train: 0.3592 acc_train: 1.0000 acc_val: 0.2418
2024-04-20 10:50:36,994:INFO:Epoch: 0379 loss_train: 0.2877 acc_train: 1.0000 acc_val: 0.2623
2024-04-20 10:50:43,636:INFO:Epoch: 0380 loss_train: 0.2574 acc_train: 1.0000 acc_val: 0.2500
2024-04-20 10:50:50,277:INFO:Epoch: 0381 loss_train: 0.2348 acc_train: 1.0000 acc_val: 0.2500
2024-04-20 10:50:56,922:INFO:Epoch: 0382 loss_train: 0.2046 acc_train: 1.0000 acc_val: 0.2541
2024-04-20 10:51:03,565:INFO:Epoch: 0383 loss_train: 0.1733 acc_train: 1.0000 acc_val: 0.2500
2024-04-20 10:51:10,212:INFO:Epoch: 0384 loss_train: 0.1535 acc_train: 1.0000 acc_val: 0.2582
2024-04-20 10:51:16,856:INFO:Epoch: 0385 loss_train: 0.1439 acc_train: 1.0000 acc_val: 0.2459
2024-04-20 10:51:23,498:INFO:Epoch: 0386 loss_train: 0.1813 acc_train: 1.0000 acc_val: 0.2418
2024-04-20 10:51:30,138:INFO:Epoch: 0387 loss_train: 0.1340 acc_train: 1.0000 acc_val: 0.2582
2024-04-20 10:51:36,795:INFO:Epoch: 0388 loss_train: 0.1181 acc_train: 1.0000 acc_val: 0.2500
2024-04-20 10:51:43,480:INFO:Epoch: 0389 loss_train: 0.1207 acc_train: 1.0000 acc_val: 0.2500
2024-04-20 10:51:50,159:INFO:Epoch: 0390 loss_train: 0.0995 acc_train: 1.0000 acc_val: 0.2336
2024-04-20 10:51:56,841:INFO:Epoch: 0391 loss_train: 0.0931 acc_train: 1.0000 acc_val: 0.2418
2024-04-20 10:52:03,526:INFO:Epoch: 0392 loss_train: 0.0915 acc_train: 1.0000 acc_val: 0.2500
2024-04-20 10:52:10,183:INFO:Epoch: 0393 loss_train: 0.0897 acc_train: 1.0000 acc_val: 0.2500
2024-04-20 10:52:16,832:INFO:Epoch: 0394 loss_train: 0.0847 acc_train: 1.0000 acc_val: 0.2377
2024-04-20 10:52:23,472:INFO:Epoch: 0395 loss_train: 0.0803 acc_train: 1.0000 acc_val: 0.2418
2024-04-20 10:52:30,112:INFO:Epoch: 0396 loss_train: 0.0682 acc_train: 1.0000 acc_val: 0.2377
2024-04-20 10:52:36,905:INFO:Epoch: 0397 loss_train: 0.0656 acc_train: 1.0000 acc_val: 0.2418
2024-04-20 10:52:43,549:INFO:Epoch: 0398 loss_train: 0.0619 acc_train: 1.0000 acc_val: 0.2459
2024-04-20 10:52:50,201:INFO:Epoch: 0399 loss_train: 0.0721 acc_train: 1.0000 acc_val: 0.2377
2024-04-20 10:52:56,846:INFO:Epoch: 0400 loss_train: 0.0593 acc_train: 1.0000 acc_val: 0.2582
2024-04-20 10:53:03,538:INFO:Epoch: 0401 loss_train: 0.0612 acc_train: 1.0000 acc_val: 0.2582
2024-04-20 10:53:10,203:INFO:Epoch: 0402 loss_train: 0.0536 acc_train: 1.0000 acc_val: 0.2500
2024-04-20 10:53:16,846:INFO:Epoch: 0403 loss_train: 0.0504 acc_train: 1.0000 acc_val: 0.2418
2024-04-20 10:53:23,497:INFO:Epoch: 0404 loss_train: 0.0509 acc_train: 1.0000 acc_val: 0.2459
2024-04-20 10:53:30,808:INFO:Epoch: 0405 loss_train: 0.0568 acc_train: 1.0000 acc_val: 0.2377
2024-04-20 10:53:37,815:INFO:Epoch: 0406 loss_train: 0.0636 acc_train: 1.0000 acc_val: 0.2336
2024-04-20 10:53:44,874:INFO:Epoch: 0407 loss_train: 0.0530 acc_train: 1.0000 acc_val: 0.2418
2024-04-20 10:53:51,946:INFO:Epoch: 0408 loss_train: 0.0508 acc_train: 1.0000 acc_val: 0.2377
2024-04-20 10:53:58,921:INFO:Epoch: 0409 loss_train: 0.0625 acc_train: 1.0000 acc_val: 0.2500
2024-04-20 10:54:05,851:INFO:Epoch: 0410 loss_train: 0.0479 acc_train: 1.0000 acc_val: 0.2582
2024-04-20 10:54:12,867:INFO:Epoch: 0411 loss_train: 0.0416 acc_train: 1.0000 acc_val: 0.2418
2024-04-20 10:54:19,839:INFO:Epoch: 0412 loss_train: 0.0358 acc_train: 1.0000 acc_val: 0.2500
2024-04-20 10:54:26,764:INFO:Epoch: 0413 loss_train: 0.0359 acc_train: 1.0000 acc_val: 0.2459
2024-04-20 10:54:33,736:INFO:Epoch: 0414 loss_train: 0.0329 acc_train: 1.0000 acc_val: 0.2541
2024-04-20 10:54:40,657:INFO:Epoch: 0415 loss_train: 0.0311 acc_train: 1.0000 acc_val: 0.2418
2024-04-20 10:54:47,702:INFO:Epoch: 0416 loss_train: 0.0433 acc_train: 1.0000 acc_val: 0.2582
2024-04-20 10:54:54,676:INFO:Epoch: 0417 loss_train: 0.0594 acc_train: 1.0000 acc_val: 0.2377
2024-04-20 10:55:01,608:INFO:Epoch: 0418 loss_train: 88.0816 acc_train: 0.6033 acc_val: 0.2254
2024-04-20 10:55:08,545:INFO:Epoch: 0419 loss_train: 67.1856 acc_train: 0.5882 acc_val: 0.2623
2024-04-20 10:55:15,531:INFO:Epoch: 0420 loss_train: 42.9604 acc_train: 0.7413 acc_val: 0.2213
2024-04-20 10:55:22,491:INFO:Epoch: 0421 loss_train: 20.9091 acc_train: 0.8730 acc_val: 0.2705
2024-04-20 10:55:29,494:INFO:Epoch: 0422 loss_train: 12.5715 acc_train: 0.9339 acc_val: 0.2213
2024-04-20 10:55:36,547:INFO:Epoch: 0423 loss_train: 10.9257 acc_train: 0.9355 acc_val: 0.2336
2024-04-20 10:55:43,662:INFO:Epoch: 0424 loss_train: 8.5930 acc_train: 0.9542 acc_val: 0.2500
2024-04-20 10:55:50,303:INFO:Epoch: 0425 loss_train: 11.5815 acc_train: 0.9381 acc_val: 0.2131
2024-04-20 10:55:56,945:INFO:Epoch: 0426 loss_train: 29.7171 acc_train: 0.8267 acc_val: 0.2869
2024-04-20 10:56:03,808:INFO:Epoch: 0427 loss_train: 8.2559 acc_train: 0.9625 acc_val: 0.2295
2024-04-20 10:56:10,539:INFO:Epoch: 0428 loss_train: 10.1213 acc_train: 0.9433 acc_val: 0.2500
2024-04-20 10:56:17,280:INFO:Epoch: 0429 loss_train: 4.6598 acc_train: 0.9802 acc_val: 0.2418
2024-04-20 10:56:24,142:INFO:Epoch: 0430 loss_train: 8.1902 acc_train: 0.9547 acc_val: 0.2213
2024-04-20 10:56:30,894:INFO:Epoch: 0431 loss_train: 5.4134 acc_train: 0.9740 acc_val: 0.2582
2024-04-20 10:56:37,593:INFO:Epoch: 0432 loss_train: 4.7963 acc_train: 0.9755 acc_val: 0.2295
2024-04-20 10:56:44,229:INFO:Epoch: 0433 loss_train: 3.3079 acc_train: 0.9854 acc_val: 0.2377
2024-04-20 10:56:50,860:INFO:Epoch: 0434 loss_train: 15.6027 acc_train: 0.9178 acc_val: 0.2254
2024-04-20 10:56:57,497:INFO:Epoch: 0435 loss_train: 34.3282 acc_train: 0.8053 acc_val: 0.2418
2024-04-20 10:57:04,137:INFO:Epoch: 0436 loss_train: 9.6143 acc_train: 0.9500 acc_val: 0.2131
2024-04-20 10:57:10,769:INFO:Epoch: 0437 loss_train: 4.9747 acc_train: 0.9859 acc_val: 0.2131
2024-04-20 10:57:17,404:INFO:Epoch: 0438 loss_train: 14.1792 acc_train: 0.9214 acc_val: 0.2377
2024-04-20 10:57:24,036:INFO:Epoch: 0439 loss_train: 3.8867 acc_train: 0.9875 acc_val: 0.2295
2024-04-20 10:57:30,666:INFO:Epoch: 0440 loss_train: 7.3871 acc_train: 0.9563 acc_val: 0.2336
2024-04-20 10:57:37,301:INFO:Epoch: 0441 loss_train: 3.6319 acc_train: 0.9844 acc_val: 0.2377
2024-04-20 10:57:43,935:INFO:Epoch: 0442 loss_train: 1.8841 acc_train: 0.9964 acc_val: 0.2090
2024-04-20 10:57:50,569:INFO:Epoch: 0443 loss_train: 0.8674 acc_train: 0.9995 acc_val: 0.2172
2024-04-20 10:57:57,205:INFO:Epoch: 0444 loss_train: 0.6046 acc_train: 1.0000 acc_val: 0.2131
2024-04-20 10:58:03,849:INFO:Epoch: 0445 loss_train: 0.4694 acc_train: 1.0000 acc_val: 0.2295
2024-04-20 10:58:10,476:INFO:Epoch: 0446 loss_train: 0.3763 acc_train: 1.0000 acc_val: 0.2213
2024-04-20 10:58:17,099:INFO:Epoch: 0447 loss_train: 0.3206 acc_train: 1.0000 acc_val: 0.2172
2024-04-20 10:58:23,724:INFO:Epoch: 0448 loss_train: 0.2601 acc_train: 1.0000 acc_val: 0.2090
2024-04-20 10:58:30,383:INFO:Epoch: 0449 loss_train: 0.2587 acc_train: 1.0000 acc_val: 0.2336
2024-04-20 10:58:37,011:INFO:Epoch: 0450 loss_train: 0.2295 acc_train: 1.0000 acc_val: 0.2295
2024-04-20 10:58:43,796:INFO:Epoch: 0451 loss_train: 0.2361 acc_train: 1.0000 acc_val: 0.2254
2024-04-20 10:58:50,431:INFO:Epoch: 0452 loss_train: 0.1909 acc_train: 1.0000 acc_val: 0.2295
2024-04-20 10:58:57,073:INFO:Epoch: 0453 loss_train: 0.1744 acc_train: 1.0000 acc_val: 0.2213
2024-04-20 10:59:03,717:INFO:Epoch: 0454 loss_train: 0.1517 acc_train: 1.0000 acc_val: 0.2213
2024-04-20 10:59:10,360:INFO:Epoch: 0455 loss_train: 0.1620 acc_train: 1.0000 acc_val: 0.2336
2024-04-20 10:59:17,005:INFO:Epoch: 0456 loss_train: 0.1724 acc_train: 1.0000 acc_val: 0.2254
2024-04-20 10:59:23,674:INFO:Epoch: 0457 loss_train: 0.1239 acc_train: 1.0000 acc_val: 0.2213
2024-04-20 10:59:30,321:INFO:Epoch: 0458 loss_train: 0.1243 acc_train: 1.0000 acc_val: 0.2254
2024-04-20 10:59:36,971:INFO:Epoch: 0459 loss_train: 0.1114 acc_train: 1.0000 acc_val: 0.2336
2024-04-20 10:59:43,691:INFO:Epoch: 0460 loss_train: 0.1061 acc_train: 1.0000 acc_val: 0.2213
2024-04-20 10:59:50,556:INFO:Epoch: 0461 loss_train: 0.1032 acc_train: 1.0000 acc_val: 0.2213
2024-04-20 10:59:57,322:INFO:Epoch: 0462 loss_train: 0.0893 acc_train: 1.0000 acc_val: 0.2254
2024-04-20 11:00:04,520:INFO:Epoch: 0463 loss_train: 0.0904 acc_train: 1.0000 acc_val: 0.2295
2024-04-20 11:00:11,456:INFO:Epoch: 0464 loss_train: 0.0871 acc_train: 1.0000 acc_val: 0.2172
2024-04-20 11:00:18,346:INFO:Epoch: 0465 loss_train: 0.0852 acc_train: 1.0000 acc_val: 0.2254
2024-04-20 11:00:25,198:INFO:Epoch: 0466 loss_train: 0.0755 acc_train: 1.0000 acc_val: 0.2213
2024-04-20 11:00:32,048:INFO:Epoch: 0467 loss_train: 0.0763 acc_train: 1.0000 acc_val: 0.2213
2024-04-20 11:00:39,115:INFO:Epoch: 0468 loss_train: 0.0718 acc_train: 1.0000 acc_val: 0.2172
2024-04-20 11:00:46,041:INFO:Epoch: 0469 loss_train: 0.0778 acc_train: 1.0000 acc_val: 0.2254
2024-04-20 11:00:53,055:INFO:Epoch: 0470 loss_train: 0.0739 acc_train: 1.0000 acc_val: 0.2213
2024-04-20 11:00:59,901:INFO:Epoch: 0471 loss_train: 0.0822 acc_train: 1.0000 acc_val: 0.2336
2024-04-20 11:01:06,754:INFO:Epoch: 0472 loss_train: 43.7738 acc_train: 0.8355 acc_val: 0.2008
2024-04-20 11:01:13,602:INFO:Epoch: 0473 loss_train: 44.3750 acc_train: 0.7246 acc_val: 0.1967
2024-04-20 11:01:20,523:INFO:Epoch: 0474 loss_train: 16.1994 acc_train: 0.9198 acc_val: 0.2418
2024-04-20 11:01:27,379:INFO:Epoch: 0475 loss_train: 21.0009 acc_train: 0.8761 acc_val: 0.2418
2024-04-20 11:01:34,236:INFO:Epoch: 0476 loss_train: 7.7127 acc_train: 0.9651 acc_val: 0.2295
2024-04-20 11:01:41,090:INFO:Epoch: 0477 loss_train: 9.8440 acc_train: 0.9438 acc_val: 0.2664
2024-04-20 11:01:47,950:INFO:Epoch: 0478 loss_train: 4.4012 acc_train: 0.9807 acc_val: 0.2459
2024-04-20 11:01:54,817:INFO:Epoch: 0479 loss_train: 3.6537 acc_train: 0.9859 acc_val: 0.2418
2024-04-20 11:02:01,861:INFO:Epoch: 0480 loss_train: 12.1101 acc_train: 0.9297 acc_val: 0.2172
2024-04-20 11:02:08,728:INFO:Epoch: 0481 loss_train: 8.1794 acc_train: 0.9656 acc_val: 0.2377
2024-04-20 11:02:15,597:INFO:Epoch: 0482 loss_train: 71.0131 acc_train: 0.6476 acc_val: 0.2377
2024-04-20 11:02:22,453:INFO:Epoch: 0483 loss_train: 22.0704 acc_train: 0.8678 acc_val: 0.2172
2024-04-20 11:02:29,311:INFO:Epoch: 0484 loss_train: 8.1950 acc_train: 0.9610 acc_val: 0.2377
2024-04-20 11:02:36,172:INFO:Epoch: 0485 loss_train: 4.4998 acc_train: 0.9875 acc_val: 0.2418
2024-04-20 11:02:43,047:INFO:Epoch: 0486 loss_train: 3.1168 acc_train: 0.9938 acc_val: 0.2131
2024-04-20 11:02:49,906:INFO:Epoch: 0487 loss_train: 8.9466 acc_train: 0.9474 acc_val: 0.2008
2024-04-20 11:02:56,758:INFO:Epoch: 0488 loss_train: 3.4944 acc_train: 0.9891 acc_val: 0.2254
2024-04-20 11:03:03,595:INFO:Epoch: 0489 loss_train: 2.4282 acc_train: 0.9922 acc_val: 0.2295
2024-04-20 11:03:10,440:INFO:Epoch: 0490 loss_train: 2.0036 acc_train: 0.9958 acc_val: 0.2254
2024-04-20 11:03:17,274:INFO:Epoch: 0491 loss_train: 1.3244 acc_train: 0.9964 acc_val: 0.2295
2024-04-20 11:03:24,102:INFO:Epoch: 0492 loss_train: 0.6770 acc_train: 1.0000 acc_val: 0.2377
2024-04-20 11:03:30,941:INFO:Epoch: 0493 loss_train: 0.4563 acc_train: 1.0000 acc_val: 0.2295
2024-04-20 11:03:37,768:INFO:Epoch: 0494 loss_train: 0.3706 acc_train: 1.0000 acc_val: 0.2254
2024-04-20 11:03:44,620:INFO:Epoch: 0495 loss_train: 0.3237 acc_train: 1.0000 acc_val: 0.2336
2024-04-20 11:03:51,445:INFO:Epoch: 0496 loss_train: 0.2561 acc_train: 1.0000 acc_val: 0.2295
2024-04-20 11:03:58,265:INFO:Epoch: 0497 loss_train: 0.2386 acc_train: 1.0000 acc_val: 0.2254
2024-04-20 11:04:05,086:INFO:Epoch: 0498 loss_train: 0.2097 acc_train: 1.0000 acc_val: 0.2213
2024-04-20 11:04:12,243:INFO:Epoch: 0499 loss_train: 0.1763 acc_train: 1.0000 acc_val: 0.2295
2024-04-20 11:04:19,096:INFO:Epoch: 0500 loss_train: 0.1625 acc_train: 1.0000 acc_val: 0.2254
2024-04-20 11:04:19,101:INFO:Optimization Finished! Total time elapsed: 3373.393111
