2024-04-20 11:04:30,766:INFO:Freezing Mamba layers to compare performance
2024-04-20 11:04:30,768:INFO:Current date and time:2024-04-20 11:04:30.768598
2024-04-20 11:04:30,768:INFO:{'dataset_name': 'hpo_metab', 'learning_rate': 0.001, 'weight_decay': 0.01, 'batch_size': 32, 'augment': 1, 'epochs': 500, 'patience': 100, 'hidden_dim': 16, 'mamba_dim': 16, 'seqlength': 5000, 'hops': 3, 'num_classes': 6, 'multilabel': False, 'embeddings_filename': 'graphsaint_gcn_embeddings.pth'}
2024-04-20 11:04:40,215:INFO:Epoch: 0001 loss_train: 110.2066 acc_train: 0.1650 acc_val: 0.1680
2024-04-20 11:04:45,109:INFO:Epoch: 0002 loss_train: 108.8937 acc_train: 0.1749 acc_val: 0.1803
2024-04-20 11:04:49,695:INFO:Epoch: 0003 loss_train: 108.5314 acc_train: 0.1702 acc_val: 0.1721
2024-04-20 11:04:54,267:INFO:Epoch: 0004 loss_train: 108.4731 acc_train: 0.2051 acc_val: 0.1803
2024-04-20 11:04:59,004:INFO:Epoch: 0005 loss_train: 108.4124 acc_train: 0.2202 acc_val: 0.1844
2024-04-20 11:05:03,573:INFO:Epoch: 0006 loss_train: 108.1083 acc_train: 0.2197 acc_val: 0.1844
2024-04-20 11:05:08,158:INFO:Epoch: 0007 loss_train: 107.7323 acc_train: 0.2343 acc_val: 0.2090
2024-04-20 11:05:12,797:INFO:Epoch: 0008 loss_train: 107.2129 acc_train: 0.2431 acc_val: 0.2131
2024-04-20 11:05:17,396:INFO:Epoch: 0009 loss_train: 107.2736 acc_train: 0.2317 acc_val: 0.2336
2024-04-20 11:05:22,033:INFO:Epoch: 0010 loss_train: 106.2771 acc_train: 0.2499 acc_val: 0.2131
2024-04-20 11:05:26,638:INFO:Epoch: 0011 loss_train: 105.9018 acc_train: 0.2405 acc_val: 0.2090
2024-04-20 11:05:31,232:INFO:Epoch: 0012 loss_train: 105.5312 acc_train: 0.2441 acc_val: 0.2254
2024-04-20 11:05:35,813:INFO:Epoch: 0013 loss_train: 105.0987 acc_train: 0.2249 acc_val: 0.2336
2024-04-20 11:05:40,399:INFO:Epoch: 0014 loss_train: 104.2690 acc_train: 0.2598 acc_val: 0.2295
2024-04-20 11:05:44,943:INFO:Epoch: 0015 loss_train: 104.6321 acc_train: 0.2665 acc_val: 0.2213
2024-04-20 11:05:49,491:INFO:Epoch: 0016 loss_train: 103.5757 acc_train: 0.2639 acc_val: 0.1803
2024-04-20 11:05:54,051:INFO:Epoch: 0017 loss_train: 105.0244 acc_train: 0.2535 acc_val: 0.2090
2024-04-20 11:05:58,765:INFO:Epoch: 0018 loss_train: 104.3904 acc_train: 0.2525 acc_val: 0.2336
2024-04-20 11:06:03,380:INFO:Epoch: 0019 loss_train: 103.6682 acc_train: 0.2639 acc_val: 0.2172
2024-04-20 11:06:07,922:INFO:Epoch: 0020 loss_train: 103.6899 acc_train: 0.2691 acc_val: 0.2090
2024-04-20 11:06:12,467:INFO:Epoch: 0021 loss_train: 103.8902 acc_train: 0.2551 acc_val: 0.2664
2024-04-20 11:06:17,050:INFO:Epoch: 0022 loss_train: 103.4683 acc_train: 0.2582 acc_val: 0.2254
2024-04-20 11:06:21,602:INFO:Epoch: 0023 loss_train: 103.7787 acc_train: 0.2691 acc_val: 0.2459
2024-04-20 11:06:26,213:INFO:Epoch: 0024 loss_train: 104.1058 acc_train: 0.2665 acc_val: 0.2172
2024-04-20 11:06:30,791:INFO:Epoch: 0025 loss_train: 104.1186 acc_train: 0.2733 acc_val: 0.2008
2024-04-20 11:06:35,341:INFO:Epoch: 0026 loss_train: 103.8265 acc_train: 0.2728 acc_val: 0.2623
2024-04-20 11:06:39,898:INFO:Epoch: 0027 loss_train: 103.9601 acc_train: 0.2644 acc_val: 0.2377
2024-04-20 11:06:44,698:INFO:Epoch: 0028 loss_train: 103.5133 acc_train: 0.2759 acc_val: 0.2090
2024-04-20 11:06:49,341:INFO:Epoch: 0029 loss_train: 103.5122 acc_train: 0.2790 acc_val: 0.2213
2024-04-20 11:06:53,905:INFO:Epoch: 0030 loss_train: 103.3885 acc_train: 0.2780 acc_val: 0.2090
2024-04-20 11:06:58,457:INFO:Epoch: 0031 loss_train: 103.5023 acc_train: 0.2801 acc_val: 0.2049
2024-04-20 11:07:03,011:INFO:Epoch: 0032 loss_train: 103.1870 acc_train: 0.2733 acc_val: 0.2541
2024-04-20 11:07:07,562:INFO:Epoch: 0033 loss_train: 103.3674 acc_train: 0.2686 acc_val: 0.2254
2024-04-20 11:07:12,123:INFO:Epoch: 0034 loss_train: 102.8847 acc_train: 0.2785 acc_val: 0.2131
2024-04-20 11:07:16,718:INFO:Epoch: 0035 loss_train: 102.6629 acc_train: 0.2811 acc_val: 0.2090
2024-04-20 11:07:21,299:INFO:Epoch: 0036 loss_train: 103.5084 acc_train: 0.2686 acc_val: 0.2377
2024-04-20 11:07:25,900:INFO:Epoch: 0037 loss_train: 103.2119 acc_train: 0.2785 acc_val: 0.2049
2024-04-20 11:07:30,593:INFO:Epoch: 0038 loss_train: 102.1726 acc_train: 0.2858 acc_val: 0.2459
2024-04-20 11:07:35,160:INFO:Epoch: 0039 loss_train: 102.9822 acc_train: 0.2827 acc_val: 0.2500
2024-04-20 11:07:39,752:INFO:Epoch: 0040 loss_train: 102.9616 acc_train: 0.2889 acc_val: 0.2254
2024-04-20 11:07:44,387:INFO:Epoch: 0041 loss_train: 103.1216 acc_train: 0.2837 acc_val: 0.2418
2024-04-20 11:07:48,994:INFO:Epoch: 0042 loss_train: 102.9339 acc_train: 0.2889 acc_val: 0.2418
2024-04-20 11:07:53,631:INFO:Epoch: 0043 loss_train: 103.4944 acc_train: 0.2764 acc_val: 0.2336
2024-04-20 11:07:58,264:INFO:Epoch: 0044 loss_train: 102.2905 acc_train: 0.2894 acc_val: 0.2295
2024-04-20 11:08:02,907:INFO:Epoch: 0045 loss_train: 103.3893 acc_train: 0.2884 acc_val: 0.2377
2024-04-20 11:08:07,576:INFO:Epoch: 0046 loss_train: 102.5898 acc_train: 0.2915 acc_val: 0.2459
2024-04-20 11:08:12,196:INFO:Epoch: 0047 loss_train: 101.9791 acc_train: 0.2868 acc_val: 0.2336
2024-04-20 11:08:16,760:INFO:Epoch: 0048 loss_train: 103.3219 acc_train: 0.2858 acc_val: 0.2295
2024-04-20 11:08:21,365:INFO:Epoch: 0049 loss_train: 102.8168 acc_train: 0.2821 acc_val: 0.2377
2024-04-20 11:08:26,003:INFO:Epoch: 0050 loss_train: 102.7330 acc_train: 0.2905 acc_val: 0.2213
2024-04-20 11:08:30,659:INFO:Epoch: 0051 loss_train: 102.6352 acc_train: 0.2884 acc_val: 0.2254
2024-04-20 11:08:35,226:INFO:Epoch: 0052 loss_train: 102.7301 acc_train: 0.2868 acc_val: 0.2377
2024-04-20 11:08:39,872:INFO:Epoch: 0053 loss_train: 102.7182 acc_train: 0.2931 acc_val: 0.2295
2024-04-20 11:08:44,481:INFO:Epoch: 0054 loss_train: 102.0547 acc_train: 0.2967 acc_val: 0.2295
2024-04-20 11:08:49,041:INFO:Epoch: 0055 loss_train: 102.6445 acc_train: 0.2780 acc_val: 0.2582
2024-04-20 11:08:53,677:INFO:Epoch: 0056 loss_train: 102.6438 acc_train: 0.2801 acc_val: 0.2418
2024-04-20 11:08:58,715:INFO:Epoch: 0057 loss_train: 102.7568 acc_train: 0.2978 acc_val: 0.2541
2024-04-20 11:09:03,346:INFO:Epoch: 0058 loss_train: 102.6707 acc_train: 0.2920 acc_val: 0.2418
2024-04-20 11:09:07,960:INFO:Epoch: 0059 loss_train: 102.3627 acc_train: 0.2847 acc_val: 0.2418
2024-04-20 11:09:12,524:INFO:Epoch: 0060 loss_train: 102.4583 acc_train: 0.2842 acc_val: 0.2582
2024-04-20 11:09:17,173:INFO:Epoch: 0061 loss_train: 102.2222 acc_train: 0.2936 acc_val: 0.2295
2024-04-20 11:09:21,775:INFO:Epoch: 0062 loss_train: 103.5195 acc_train: 0.2905 acc_val: 0.2418
2024-04-20 11:09:26,352:INFO:Epoch: 0063 loss_train: 102.4762 acc_train: 0.2931 acc_val: 0.2541
2024-04-20 11:09:30,912:INFO:Epoch: 0064 loss_train: 102.4230 acc_train: 0.3009 acc_val: 0.2336
2024-04-20 11:09:35,469:INFO:Epoch: 0065 loss_train: 102.4935 acc_train: 0.2910 acc_val: 0.2377
2024-04-20 11:09:40,037:INFO:Epoch: 0066 loss_train: 102.7866 acc_train: 0.2858 acc_val: 0.2459
2024-04-20 11:09:44,606:INFO:Epoch: 0067 loss_train: 102.4944 acc_train: 0.2905 acc_val: 0.2090
2024-04-20 11:09:49,313:INFO:Epoch: 0068 loss_train: 102.7065 acc_train: 0.2957 acc_val: 0.2623
2024-04-20 11:09:53,877:INFO:Epoch: 0069 loss_train: 102.0424 acc_train: 0.2946 acc_val: 0.2541
2024-04-20 11:09:58,430:INFO:Epoch: 0070 loss_train: 102.0025 acc_train: 0.2920 acc_val: 0.2090
2024-04-20 11:10:02,989:INFO:Epoch: 0071 loss_train: 101.7413 acc_train: 0.2920 acc_val: 0.2213
2024-04-20 11:10:07,584:INFO:Epoch: 0072 loss_train: 102.4716 acc_train: 0.2998 acc_val: 0.2500
2024-04-20 11:10:12,144:INFO:Epoch: 0073 loss_train: 102.6464 acc_train: 0.2988 acc_val: 0.2336
2024-04-20 11:10:16,703:INFO:Epoch: 0074 loss_train: 101.7346 acc_train: 0.2910 acc_val: 0.2541
2024-04-20 11:10:21,299:INFO:Epoch: 0075 loss_train: 102.7548 acc_train: 0.2957 acc_val: 0.2787
2024-04-20 11:10:25,852:INFO:Epoch: 0076 loss_train: 102.9429 acc_train: 0.2926 acc_val: 0.2664
2024-04-20 11:10:30,418:INFO:Epoch: 0077 loss_train: 101.5960 acc_train: 0.2910 acc_val: 0.2459
2024-04-20 11:10:34,978:INFO:Epoch: 0078 loss_train: 101.8841 acc_train: 0.2957 acc_val: 0.2336
2024-04-20 11:10:39,581:INFO:Epoch: 0079 loss_train: 102.6291 acc_train: 0.2988 acc_val: 0.2705
2024-04-20 11:10:44,162:INFO:Epoch: 0080 loss_train: 102.1312 acc_train: 0.2978 acc_val: 0.2213
2024-04-20 11:10:48,817:INFO:Epoch: 0081 loss_train: 102.5598 acc_train: 0.2931 acc_val: 0.2295
2024-04-20 11:10:53,649:INFO:Epoch: 0082 loss_train: 102.0907 acc_train: 0.2926 acc_val: 0.2336
2024-04-20 11:10:58,307:INFO:Epoch: 0083 loss_train: 101.9481 acc_train: 0.2910 acc_val: 0.2377
2024-04-20 11:11:03,080:INFO:Epoch: 0084 loss_train: 102.5029 acc_train: 0.2952 acc_val: 0.2418
2024-04-20 11:11:07,636:INFO:Epoch: 0085 loss_train: 102.1785 acc_train: 0.2915 acc_val: 0.2541
2024-04-20 11:11:12,213:INFO:Epoch: 0086 loss_train: 102.0481 acc_train: 0.3014 acc_val: 0.2582
2024-04-20 11:11:16,782:INFO:Epoch: 0087 loss_train: 102.0562 acc_train: 0.3050 acc_val: 0.2131
2024-04-20 11:11:21,767:INFO:Epoch: 0088 loss_train: 102.6541 acc_train: 0.2936 acc_val: 0.2418
2024-04-20 11:11:26,330:INFO:Epoch: 0089 loss_train: 102.8062 acc_train: 0.3019 acc_val: 0.2623
2024-04-20 11:11:30,907:INFO:Epoch: 0090 loss_train: 101.6603 acc_train: 0.2910 acc_val: 0.2541
2024-04-20 11:11:35,467:INFO:Epoch: 0091 loss_train: 101.6416 acc_train: 0.2967 acc_val: 0.2705
2024-04-20 11:11:40,042:INFO:Epoch: 0092 loss_train: 101.7401 acc_train: 0.2998 acc_val: 0.2582
2024-04-20 11:11:44,623:INFO:Epoch: 0093 loss_train: 102.3836 acc_train: 0.2967 acc_val: 0.2541
2024-04-20 11:11:49,191:INFO:Epoch: 0094 loss_train: 101.8663 acc_train: 0.2915 acc_val: 0.2623
2024-04-20 11:11:53,760:INFO:Epoch: 0095 loss_train: 102.1737 acc_train: 0.2936 acc_val: 0.2746
2024-04-20 11:11:58,337:INFO:Epoch: 0096 loss_train: 103.0547 acc_train: 0.2884 acc_val: 0.2377
2024-04-20 11:12:03,014:INFO:Epoch: 0097 loss_train: 103.5826 acc_train: 0.3035 acc_val: 0.2705
2024-04-20 11:12:07,653:INFO:Epoch: 0098 loss_train: 102.2845 acc_train: 0.2972 acc_val: 0.2582
2024-04-20 11:12:12,300:INFO:Epoch: 0099 loss_train: 102.6428 acc_train: 0.2967 acc_val: 0.2131
2024-04-20 11:12:16,936:INFO:Epoch: 0100 loss_train: 102.7665 acc_train: 0.2952 acc_val: 0.2500
2024-04-20 11:12:21,582:INFO:Epoch: 0101 loss_train: 102.2989 acc_train: 0.3004 acc_val: 0.2377
2024-04-20 11:12:26,218:INFO:Epoch: 0102 loss_train: 102.2311 acc_train: 0.2915 acc_val: 0.2541
2024-04-20 11:12:30,902:INFO:Epoch: 0103 loss_train: 101.8553 acc_train: 0.2926 acc_val: 0.2623
2024-04-20 11:12:35,516:INFO:Epoch: 0104 loss_train: 102.0403 acc_train: 0.2972 acc_val: 0.2582
2024-04-20 11:12:40,101:INFO:Epoch: 0105 loss_train: 102.1034 acc_train: 0.2952 acc_val: 0.2377
2024-04-20 11:12:44,651:INFO:Epoch: 0106 loss_train: 101.6629 acc_train: 0.3061 acc_val: 0.2705
2024-04-20 11:12:49,203:INFO:Epoch: 0107 loss_train: 101.4709 acc_train: 0.3024 acc_val: 0.2828
2024-04-20 11:12:53,762:INFO:Epoch: 0108 loss_train: 102.1992 acc_train: 0.3024 acc_val: 0.2664
2024-04-20 11:12:58,311:INFO:Epoch: 0109 loss_train: 103.3480 acc_train: 0.2967 acc_val: 0.2131
2024-04-20 11:13:02,910:INFO:Epoch: 0110 loss_train: 102.9640 acc_train: 0.2972 acc_val: 0.2049
2024-04-20 11:13:07,595:INFO:Epoch: 0111 loss_train: 102.8277 acc_train: 0.2905 acc_val: 0.2131
2024-04-20 11:13:12,360:INFO:Epoch: 0112 loss_train: 101.0726 acc_train: 0.2952 acc_val: 0.2131
2024-04-20 11:13:16,936:INFO:Epoch: 0113 loss_train: 102.3473 acc_train: 0.2983 acc_val: 0.2459
2024-04-20 11:13:21,577:INFO:Epoch: 0114 loss_train: 102.1696 acc_train: 0.2967 acc_val: 0.2500
2024-04-20 11:13:26,214:INFO:Epoch: 0115 loss_train: 102.5226 acc_train: 0.2988 acc_val: 0.2500
2024-04-20 11:13:30,857:INFO:Epoch: 0116 loss_train: 102.2001 acc_train: 0.2962 acc_val: 0.2623
2024-04-20 11:13:35,506:INFO:Epoch: 0117 loss_train: 101.7610 acc_train: 0.3019 acc_val: 0.2418
2024-04-20 11:13:40,203:INFO:Epoch: 0118 loss_train: 102.2364 acc_train: 0.2915 acc_val: 0.2541
2024-04-20 11:13:44,839:INFO:Epoch: 0119 loss_train: 101.6742 acc_train: 0.2952 acc_val: 0.2582
2024-04-20 11:13:49,467:INFO:Epoch: 0120 loss_train: 102.4484 acc_train: 0.3061 acc_val: 0.2664
2024-04-20 11:13:54,110:INFO:Epoch: 0121 loss_train: 101.9257 acc_train: 0.3024 acc_val: 0.2418
2024-04-20 11:13:58,744:INFO:Epoch: 0122 loss_train: 101.8200 acc_train: 0.2926 acc_val: 0.2500
2024-04-20 11:14:03,373:INFO:Epoch: 0123 loss_train: 102.2460 acc_train: 0.3077 acc_val: 0.2705
2024-04-20 11:14:08,000:INFO:Epoch: 0124 loss_train: 101.4902 acc_train: 0.2967 acc_val: 0.2746
2024-04-20 11:14:12,634:INFO:Epoch: 0125 loss_train: 101.7794 acc_train: 0.3035 acc_val: 0.2418
2024-04-20 11:14:17,310:INFO:Epoch: 0126 loss_train: 101.6360 acc_train: 0.3004 acc_val: 0.2541
2024-04-20 11:14:21,956:INFO:Epoch: 0127 loss_train: 101.7483 acc_train: 0.2941 acc_val: 0.2623
2024-04-20 11:14:26,663:INFO:Epoch: 0128 loss_train: 102.3505 acc_train: 0.3019 acc_val: 0.2459
2024-04-20 11:14:31,259:INFO:Epoch: 0129 loss_train: 101.9477 acc_train: 0.2941 acc_val: 0.2131
2024-04-20 11:14:35,818:INFO:Epoch: 0130 loss_train: 102.3359 acc_train: 0.2910 acc_val: 0.2500
2024-04-20 11:14:40,419:INFO:Epoch: 0131 loss_train: 101.8200 acc_train: 0.2962 acc_val: 0.2541
2024-04-20 11:14:44,983:INFO:Epoch: 0132 loss_train: 102.2107 acc_train: 0.2998 acc_val: 0.2705
2024-04-20 11:14:49,540:INFO:Epoch: 0133 loss_train: 101.9639 acc_train: 0.3045 acc_val: 0.2582
2024-04-20 11:14:54,114:INFO:Epoch: 0134 loss_train: 101.9829 acc_train: 0.2884 acc_val: 0.2500
2024-04-20 11:14:58,772:INFO:Epoch: 0135 loss_train: 101.9628 acc_train: 0.2972 acc_val: 0.2705
2024-04-20 11:15:03,388:INFO:Epoch: 0136 loss_train: 101.7919 acc_train: 0.3056 acc_val: 0.2377
2024-04-20 11:15:07,934:INFO:Epoch: 0137 loss_train: 101.2853 acc_train: 0.3087 acc_val: 0.2623
2024-04-20 11:15:12,486:INFO:Epoch: 0138 loss_train: 102.6448 acc_train: 0.3009 acc_val: 0.2664
2024-04-20 11:15:17,027:INFO:Epoch: 0139 loss_train: 102.5220 acc_train: 0.3004 acc_val: 0.2582
2024-04-20 11:15:22,005:INFO:Epoch: 0140 loss_train: 101.7813 acc_train: 0.3024 acc_val: 0.2541
2024-04-20 11:15:26,565:INFO:Epoch: 0141 loss_train: 101.2448 acc_train: 0.2993 acc_val: 0.2500
2024-04-20 11:15:31,341:INFO:Epoch: 0142 loss_train: 101.6815 acc_train: 0.3019 acc_val: 0.2828
2024-04-20 11:15:36,027:INFO:Epoch: 0143 loss_train: 102.1717 acc_train: 0.2941 acc_val: 0.2623
2024-04-20 11:15:40,574:INFO:Epoch: 0144 loss_train: 101.6788 acc_train: 0.3056 acc_val: 0.2459
2024-04-20 11:15:45,128:INFO:Epoch: 0145 loss_train: 101.9980 acc_train: 0.2900 acc_val: 0.2623
2024-04-20 11:15:49,669:INFO:Epoch: 0146 loss_train: 101.5260 acc_train: 0.2983 acc_val: 0.2705
2024-04-20 11:15:54,234:INFO:Epoch: 0147 loss_train: 102.9296 acc_train: 0.2978 acc_val: 0.2705
2024-04-20 11:15:59,148:INFO:Epoch: 0148 loss_train: 101.7249 acc_train: 0.3024 acc_val: 0.2336
2024-04-20 11:16:03,712:INFO:Epoch: 0149 loss_train: 101.6464 acc_train: 0.2978 acc_val: 0.2459
2024-04-20 11:16:08,293:INFO:Epoch: 0150 loss_train: 101.9233 acc_train: 0.2983 acc_val: 0.2541
2024-04-20 11:16:12,870:INFO:Epoch: 0151 loss_train: 102.2584 acc_train: 0.2967 acc_val: 0.2172
2024-04-20 11:16:17,468:INFO:Epoch: 0152 loss_train: 101.6159 acc_train: 0.2894 acc_val: 0.2664
2024-04-20 11:16:22,039:INFO:Epoch: 0153 loss_train: 101.5239 acc_train: 0.2967 acc_val: 0.2459
2024-04-20 11:16:26,601:INFO:Epoch: 0154 loss_train: 102.7151 acc_train: 0.2889 acc_val: 0.2582
2024-04-20 11:16:31,152:INFO:Epoch: 0155 loss_train: 101.0234 acc_train: 0.2983 acc_val: 0.2910
2024-04-20 11:16:35,702:INFO:Epoch: 0156 loss_train: 101.7918 acc_train: 0.3035 acc_val: 0.2869
2024-04-20 11:16:40,272:INFO:Epoch: 0157 loss_train: 101.5548 acc_train: 0.3014 acc_val: 0.2664
2024-04-20 11:16:44,841:INFO:Epoch: 0158 loss_train: 101.6883 acc_train: 0.2998 acc_val: 0.2336
2024-04-20 11:16:49,402:INFO:Epoch: 0159 loss_train: 101.8004 acc_train: 0.2936 acc_val: 0.2705
2024-04-20 11:16:53,972:INFO:Epoch: 0160 loss_train: 101.6203 acc_train: 0.3024 acc_val: 0.2582
2024-04-20 11:16:58,543:INFO:Epoch: 0161 loss_train: 101.6288 acc_train: 0.2941 acc_val: 0.2131
2024-04-20 11:17:03,124:INFO:Epoch: 0162 loss_train: 102.1087 acc_train: 0.2962 acc_val: 0.2582
2024-04-20 11:17:07,678:INFO:Epoch: 0163 loss_train: 101.5268 acc_train: 0.2988 acc_val: 0.2459
2024-04-20 11:17:12,230:INFO:Epoch: 0164 loss_train: 101.4125 acc_train: 0.2993 acc_val: 0.2705
2024-04-20 11:17:16,786:INFO:Epoch: 0165 loss_train: 101.8968 acc_train: 0.3082 acc_val: 0.2664
2024-04-20 11:17:21,384:INFO:Epoch: 0166 loss_train: 101.1201 acc_train: 0.2988 acc_val: 0.2500
2024-04-20 11:17:25,932:INFO:Epoch: 0167 loss_train: 100.9096 acc_train: 0.2978 acc_val: 0.2623
2024-04-20 11:17:30,494:INFO:Epoch: 0168 loss_train: 101.5967 acc_train: 0.3019 acc_val: 0.2828
2024-04-20 11:17:35,057:INFO:Epoch: 0169 loss_train: 101.2395 acc_train: 0.2978 acc_val: 0.2664
2024-04-20 11:17:39,800:INFO:Epoch: 0170 loss_train: 102.2498 acc_train: 0.2967 acc_val: 0.2623
2024-04-20 11:17:44,484:INFO:Epoch: 0171 loss_train: 102.3168 acc_train: 0.2993 acc_val: 0.2459
2024-04-20 11:17:49,039:INFO:Epoch: 0172 loss_train: 102.4140 acc_train: 0.2926 acc_val: 0.2664
2024-04-20 11:17:53,647:INFO:Epoch: 0173 loss_train: 101.2236 acc_train: 0.2957 acc_val: 0.2418
2024-04-20 11:17:58,201:INFO:Epoch: 0174 loss_train: 101.0294 acc_train: 0.3009 acc_val: 0.2459
2024-04-20 11:18:03,019:INFO:Epoch: 0175 loss_train: 101.9846 acc_train: 0.2967 acc_val: 0.2541
2024-04-20 11:18:07,656:INFO:Epoch: 0176 loss_train: 101.3933 acc_train: 0.2952 acc_val: 0.2541
2024-04-20 11:18:12,247:INFO:Epoch: 0177 loss_train: 102.8097 acc_train: 0.2946 acc_val: 0.2459
2024-04-20 11:18:17,032:INFO:Epoch: 0178 loss_train: 101.2729 acc_train: 0.2926 acc_val: 0.2541
2024-04-20 11:18:21,610:INFO:Epoch: 0179 loss_train: 101.8154 acc_train: 0.2952 acc_val: 0.2623
2024-04-20 11:18:26,265:INFO:Epoch: 0180 loss_train: 102.1056 acc_train: 0.2910 acc_val: 0.2705
2024-04-20 11:18:30,830:INFO:Epoch: 0181 loss_train: 101.6035 acc_train: 0.3004 acc_val: 0.2459
2024-04-20 11:18:35,379:INFO:Epoch: 0182 loss_train: 102.1290 acc_train: 0.3082 acc_val: 0.2582
2024-04-20 11:18:39,932:INFO:Epoch: 0183 loss_train: 102.2220 acc_train: 0.2946 acc_val: 0.2500
2024-04-20 11:18:44,570:INFO:Epoch: 0184 loss_train: 102.1016 acc_train: 0.3004 acc_val: 0.2664
2024-04-20 11:18:49,191:INFO:Epoch: 0185 loss_train: 101.6762 acc_train: 0.3004 acc_val: 0.2787
2024-04-20 11:18:53,826:INFO:Epoch: 0186 loss_train: 101.9544 acc_train: 0.2863 acc_val: 0.2541
2024-04-20 11:18:58,381:INFO:Epoch: 0187 loss_train: 100.7492 acc_train: 0.2972 acc_val: 0.2500
2024-04-20 11:19:02,951:INFO:Epoch: 0188 loss_train: 102.4664 acc_train: 0.2998 acc_val: 0.2664
2024-04-20 11:19:08,795:INFO:Epoch: 0189 loss_train: 101.6357 acc_train: 0.2915 acc_val: 0.2623
2024-04-20 11:19:13,373:INFO:Epoch: 0190 loss_train: 101.1127 acc_train: 0.2988 acc_val: 0.2500
2024-04-20 11:19:17,923:INFO:Epoch: 0191 loss_train: 101.3347 acc_train: 0.3045 acc_val: 0.2582
2024-04-20 11:19:22,490:INFO:Epoch: 0192 loss_train: 101.3559 acc_train: 0.2993 acc_val: 0.2623
2024-04-20 11:19:27,052:INFO:Epoch: 0193 loss_train: 100.7333 acc_train: 0.2988 acc_val: 0.2787
2024-04-20 11:19:31,924:INFO:Epoch: 0194 loss_train: 101.7145 acc_train: 0.2910 acc_val: 0.2377
2024-04-20 11:19:36,820:INFO:Epoch: 0195 loss_train: 102.1799 acc_train: 0.3004 acc_val: 0.2746
2024-04-20 11:19:41,840:INFO:Epoch: 0196 loss_train: 101.1915 acc_train: 0.3014 acc_val: 0.2336
2024-04-20 11:19:46,645:INFO:Epoch: 0197 loss_train: 101.6038 acc_train: 0.2998 acc_val: 0.2377
2024-04-20 11:19:51,350:INFO:Epoch: 0198 loss_train: 101.4411 acc_train: 0.3004 acc_val: 0.2459
2024-04-20 11:19:55,939:INFO:Epoch: 0199 loss_train: 101.5922 acc_train: 0.3071 acc_val: 0.2746
2024-04-20 11:20:00,503:INFO:Epoch: 0200 loss_train: 101.5231 acc_train: 0.3035 acc_val: 0.2582
2024-04-20 11:20:05,473:INFO:Epoch: 0201 loss_train: 100.5142 acc_train: 0.3040 acc_val: 0.2828
2024-04-20 11:20:10,285:INFO:Epoch: 0202 loss_train: 101.1525 acc_train: 0.2998 acc_val: 0.2541
2024-04-20 11:20:14,993:INFO:Epoch: 0203 loss_train: 100.5227 acc_train: 0.3113 acc_val: 0.2746
2024-04-20 11:20:20,144:INFO:Epoch: 0204 loss_train: 100.4878 acc_train: 0.3092 acc_val: 0.2377
2024-04-20 11:20:24,756:INFO:Epoch: 0205 loss_train: 101.3834 acc_train: 0.3019 acc_val: 0.2828
2024-04-20 11:20:29,441:INFO:Epoch: 0206 loss_train: 101.1273 acc_train: 0.3019 acc_val: 0.2705
2024-04-20 11:20:34,107:INFO:Epoch: 0207 loss_train: 100.9871 acc_train: 0.3030 acc_val: 0.2336
2024-04-20 11:20:38,824:INFO:Epoch: 0208 loss_train: 100.8913 acc_train: 0.2978 acc_val: 0.2869
2024-04-20 11:20:43,546:INFO:Epoch: 0209 loss_train: 101.3511 acc_train: 0.3040 acc_val: 0.2623
2024-04-20 11:20:48,317:INFO:Epoch: 0210 loss_train: 100.9912 acc_train: 0.3071 acc_val: 0.2090
2024-04-20 11:20:53,017:INFO:Epoch: 0211 loss_train: 100.9598 acc_train: 0.3097 acc_val: 0.2541
2024-04-20 11:20:57,562:INFO:Epoch: 0212 loss_train: 101.9328 acc_train: 0.3045 acc_val: 0.2377
2024-04-20 11:21:02,230:INFO:Epoch: 0213 loss_train: 101.8313 acc_train: 0.3035 acc_val: 0.2254
2024-04-20 11:21:06,779:INFO:Epoch: 0214 loss_train: 101.6788 acc_train: 0.2941 acc_val: 0.2869
2024-04-20 11:21:11,318:INFO:Epoch: 0215 loss_train: 101.3222 acc_train: 0.3004 acc_val: 0.2254
2024-04-20 11:21:15,855:INFO:Epoch: 0216 loss_train: 101.7373 acc_train: 0.3035 acc_val: 0.2541
2024-04-20 11:21:20,399:INFO:Epoch: 0217 loss_train: 101.1863 acc_train: 0.2962 acc_val: 0.2295
2024-04-20 11:21:24,945:INFO:Epoch: 0218 loss_train: 100.3586 acc_train: 0.2978 acc_val: 0.2664
2024-04-20 11:21:29,492:INFO:Epoch: 0219 loss_train: 100.8392 acc_train: 0.3056 acc_val: 0.2910
2024-04-20 11:21:34,036:INFO:Epoch: 0220 loss_train: 100.6840 acc_train: 0.3061 acc_val: 0.2418
2024-04-20 11:21:38,577:INFO:Epoch: 0221 loss_train: 101.5916 acc_train: 0.3009 acc_val: 0.2664
2024-04-20 11:21:43,123:INFO:Epoch: 0222 loss_train: 101.4711 acc_train: 0.2952 acc_val: 0.2582
2024-04-20 11:21:47,666:INFO:Epoch: 0223 loss_train: 100.7582 acc_train: 0.3045 acc_val: 0.2828
2024-04-20 11:21:52,199:INFO:Epoch: 0224 loss_train: 100.9751 acc_train: 0.2920 acc_val: 0.2254
2024-04-20 11:21:56,803:INFO:Epoch: 0225 loss_train: 100.9156 acc_train: 0.3014 acc_val: 0.2336
2024-04-20 11:22:01,409:INFO:Epoch: 0226 loss_train: 102.0168 acc_train: 0.2946 acc_val: 0.2500
2024-04-20 11:22:06,025:INFO:Epoch: 0227 loss_train: 101.6301 acc_train: 0.2889 acc_val: 0.2705
2024-04-20 11:22:10,636:INFO:Epoch: 0228 loss_train: 101.1191 acc_train: 0.3030 acc_val: 0.2377
2024-04-20 11:22:15,239:INFO:Epoch: 0229 loss_train: 101.6045 acc_train: 0.3019 acc_val: 0.2746
2024-04-20 11:22:19,835:INFO:Epoch: 0230 loss_train: 101.2336 acc_train: 0.3009 acc_val: 0.2418
2024-04-20 11:22:24,852:INFO:Epoch: 0231 loss_train: 101.3727 acc_train: 0.2926 acc_val: 0.2828
2024-04-20 11:22:29,386:INFO:Epoch: 0232 loss_train: 101.9793 acc_train: 0.2941 acc_val: 0.2623
2024-04-20 11:22:33,960:INFO:Epoch: 0233 loss_train: 100.8667 acc_train: 0.3030 acc_val: 0.2910
2024-04-20 11:22:38,510:INFO:Epoch: 0234 loss_train: 101.1494 acc_train: 0.3014 acc_val: 0.2582
2024-04-20 11:22:43,086:INFO:Epoch: 0235 loss_train: 100.9055 acc_train: 0.3050 acc_val: 0.2787
2024-04-20 11:22:47,635:INFO:Epoch: 0236 loss_train: 101.3697 acc_train: 0.3035 acc_val: 0.2746
2024-04-20 11:22:52,176:INFO:Epoch: 0237 loss_train: 101.1199 acc_train: 0.2998 acc_val: 0.2705
2024-04-20 11:22:56,767:INFO:Epoch: 0238 loss_train: 101.9525 acc_train: 0.3004 acc_val: 0.2623
2024-04-20 11:23:01,313:INFO:Epoch: 0239 loss_train: 101.4733 acc_train: 0.2962 acc_val: 0.2336
2024-04-20 11:23:05,850:INFO:Epoch: 0240 loss_train: 103.8478 acc_train: 0.2915 acc_val: 0.2459
2024-04-20 11:23:10,395:INFO:Epoch: 0241 loss_train: 101.8318 acc_train: 0.2889 acc_val: 0.2459
2024-04-20 11:23:14,942:INFO:Epoch: 0242 loss_train: 100.7704 acc_train: 0.2972 acc_val: 0.2541
2024-04-20 11:23:19,510:INFO:Epoch: 0243 loss_train: 101.2731 acc_train: 0.2946 acc_val: 0.2336
2024-04-20 11:23:24,082:INFO:Epoch: 0244 loss_train: 100.8281 acc_train: 0.3061 acc_val: 0.2459
2024-04-20 11:23:28,637:INFO:Epoch: 0245 loss_train: 101.2026 acc_train: 0.2962 acc_val: 0.2664
2024-04-20 11:23:33,183:INFO:Epoch: 0246 loss_train: 100.2985 acc_train: 0.3061 acc_val: 0.2418
2024-04-20 11:23:37,732:INFO:Epoch: 0247 loss_train: 100.8866 acc_train: 0.2915 acc_val: 0.2623
2024-04-20 11:23:42,273:INFO:Epoch: 0248 loss_train: 100.4495 acc_train: 0.3014 acc_val: 0.2541
2024-04-20 11:23:46,861:INFO:Epoch: 0249 loss_train: 101.1511 acc_train: 0.3056 acc_val: 0.2459
2024-04-20 11:23:51,691:INFO:Epoch: 0250 loss_train: 101.0584 acc_train: 0.3030 acc_val: 0.2746
2024-04-20 11:23:56,239:INFO:Epoch: 0251 loss_train: 101.4396 acc_train: 0.2967 acc_val: 0.2582
2024-04-20 11:24:00,786:INFO:Epoch: 0252 loss_train: 100.7713 acc_train: 0.3030 acc_val: 0.2705
2024-04-20 11:24:05,497:INFO:Epoch: 0253 loss_train: 101.0543 acc_train: 0.2926 acc_val: 0.2582
2024-04-20 11:24:10,289:INFO:Epoch: 0254 loss_train: 100.5369 acc_train: 0.2988 acc_val: 0.2623
2024-04-20 11:24:15,068:INFO:Epoch: 0255 loss_train: 101.3180 acc_train: 0.2931 acc_val: 0.2746
2024-04-20 11:24:15,071:INFO:PATIENCE THRESHOLD PASSED; DETECTED OVERFITTING
2024-04-20 11:24:19,865:INFO:Epoch: 0256 loss_train: 101.0075 acc_train: 0.2993 acc_val: 0.2746
2024-04-20 11:24:24,829:INFO:Epoch: 0257 loss_train: 100.8144 acc_train: 0.2952 acc_val: 0.2459
2024-04-20 11:24:29,634:INFO:Epoch: 0258 loss_train: 101.6512 acc_train: 0.2946 acc_val: 0.2664
2024-04-20 11:24:34,380:INFO:Epoch: 0259 loss_train: 101.0291 acc_train: 0.2998 acc_val: 0.2541
2024-04-20 11:24:39,005:INFO:Epoch: 0260 loss_train: 101.2962 acc_train: 0.2972 acc_val: 0.2705
2024-04-20 11:24:43,621:INFO:Epoch: 0261 loss_train: 100.7132 acc_train: 0.3040 acc_val: 0.2828
2024-04-20 11:24:48,291:INFO:Epoch: 0262 loss_train: 100.6038 acc_train: 0.2998 acc_val: 0.2828
2024-04-20 11:24:52,903:INFO:Epoch: 0263 loss_train: 101.1558 acc_train: 0.3056 acc_val: 0.2623
2024-04-20 11:24:57,448:INFO:Epoch: 0264 loss_train: 101.1737 acc_train: 0.2993 acc_val: 0.2459
2024-04-20 11:25:02,728:INFO:Epoch: 0265 loss_train: 100.4012 acc_train: 0.2915 acc_val: 0.2541
2024-04-20 11:25:07,273:INFO:Epoch: 0266 loss_train: 100.8154 acc_train: 0.2884 acc_val: 0.2582
2024-04-20 11:25:11,854:INFO:Epoch: 0267 loss_train: 101.5770 acc_train: 0.2946 acc_val: 0.2459
2024-04-20 11:25:16,451:INFO:Epoch: 0268 loss_train: 101.1727 acc_train: 0.2941 acc_val: 0.2541
2024-04-20 11:25:20,990:INFO:Epoch: 0269 loss_train: 100.9719 acc_train: 0.3009 acc_val: 0.2746
2024-04-20 11:25:25,598:INFO:Epoch: 0270 loss_train: 101.0662 acc_train: 0.3108 acc_val: 0.2705
2024-04-20 11:25:30,133:INFO:Epoch: 0271 loss_train: 101.3176 acc_train: 0.2988 acc_val: 0.2623
2024-04-20 11:25:34,723:INFO:Epoch: 0272 loss_train: 99.5503 acc_train: 0.3030 acc_val: 0.2787
2024-04-20 11:25:39,337:INFO:Epoch: 0273 loss_train: 100.6910 acc_train: 0.3071 acc_val: 0.2664
2024-04-20 11:25:43,905:INFO:Epoch: 0274 loss_train: 101.0690 acc_train: 0.3077 acc_val: 0.2582
2024-04-20 11:25:48,565:INFO:Epoch: 0275 loss_train: 100.5951 acc_train: 0.3045 acc_val: 0.2418
2024-04-20 11:25:53,236:INFO:Epoch: 0276 loss_train: 100.6196 acc_train: 0.3050 acc_val: 0.2705
2024-04-20 11:25:57,859:INFO:Epoch: 0277 loss_train: 100.7120 acc_train: 0.3035 acc_val: 0.2664
2024-04-20 11:26:02,470:INFO:Epoch: 0278 loss_train: 101.5145 acc_train: 0.3030 acc_val: 0.2418
2024-04-20 11:26:07,098:INFO:Epoch: 0279 loss_train: 101.3081 acc_train: 0.3056 acc_val: 0.2623
2024-04-20 11:26:11,808:INFO:Epoch: 0280 loss_train: 100.3676 acc_train: 0.3030 acc_val: 0.2582
2024-04-20 11:26:16,425:INFO:Epoch: 0281 loss_train: 100.6590 acc_train: 0.3045 acc_val: 0.2582
2024-04-20 11:26:22,248:INFO:Epoch: 0282 loss_train: 101.1457 acc_train: 0.2900 acc_val: 0.2582
2024-04-20 11:26:27,856:INFO:Epoch: 0283 loss_train: 100.5487 acc_train: 0.2972 acc_val: 0.2664
2024-04-20 11:26:32,736:INFO:Epoch: 0284 loss_train: 101.2078 acc_train: 0.3014 acc_val: 0.2541
2024-04-20 11:26:37,462:INFO:Epoch: 0285 loss_train: 101.4023 acc_train: 0.3071 acc_val: 0.2459
2024-04-20 11:26:42,106:INFO:Epoch: 0286 loss_train: 100.6360 acc_train: 0.3030 acc_val: 0.2582
2024-04-20 11:26:46,929:INFO:Epoch: 0287 loss_train: 101.1679 acc_train: 0.2936 acc_val: 0.2705
2024-04-20 11:26:51,540:INFO:Epoch: 0288 loss_train: 101.9874 acc_train: 0.3014 acc_val: 0.2705
2024-04-20 11:26:56,161:INFO:Epoch: 0289 loss_train: 100.8815 acc_train: 0.3030 acc_val: 0.2377
2024-04-20 11:27:00,785:INFO:Epoch: 0290 loss_train: 101.3111 acc_train: 0.2983 acc_val: 0.2664
2024-04-20 11:27:05,374:INFO:Epoch: 0291 loss_train: 101.3123 acc_train: 0.3066 acc_val: 0.2787
2024-04-20 11:27:10,343:INFO:Epoch: 0292 loss_train: 99.8538 acc_train: 0.3103 acc_val: 0.2787
2024-04-20 11:27:14,963:INFO:Epoch: 0293 loss_train: 100.7905 acc_train: 0.3030 acc_val: 0.2582
2024-04-20 11:27:19,567:INFO:Epoch: 0294 loss_train: 100.7861 acc_train: 0.3134 acc_val: 0.2787
2024-04-20 11:27:24,188:INFO:Epoch: 0295 loss_train: 101.4851 acc_train: 0.3030 acc_val: 0.2541
2024-04-20 11:27:28,724:INFO:Epoch: 0296 loss_train: 100.7018 acc_train: 0.2988 acc_val: 0.2623
2024-04-20 11:27:33,394:INFO:Epoch: 0297 loss_train: 101.2652 acc_train: 0.2988 acc_val: 0.2623
2024-04-20 11:27:38,026:INFO:Epoch: 0298 loss_train: 101.0797 acc_train: 0.3040 acc_val: 0.2787
2024-04-20 11:27:42,759:INFO:Epoch: 0299 loss_train: 100.4995 acc_train: 0.3103 acc_val: 0.2582
2024-04-20 11:27:47,313:INFO:Epoch: 0300 loss_train: 101.3216 acc_train: 0.2806 acc_val: 0.2418
2024-04-20 11:27:52,117:INFO:Epoch: 0301 loss_train: 100.4524 acc_train: 0.3160 acc_val: 0.2705
2024-04-20 11:27:56,902:INFO:Epoch: 0302 loss_train: 100.8508 acc_train: 0.3056 acc_val: 0.2787
2024-04-20 11:28:01,643:INFO:Epoch: 0303 loss_train: 100.3517 acc_train: 0.3097 acc_val: 0.2787
2024-04-20 11:28:06,379:INFO:Epoch: 0304 loss_train: 100.4453 acc_train: 0.3097 acc_val: 0.2500
2024-04-20 11:28:11,122:INFO:Epoch: 0305 loss_train: 101.0412 acc_train: 0.3082 acc_val: 0.2705
2024-04-20 11:28:15,862:INFO:Epoch: 0306 loss_train: 100.3836 acc_train: 0.2978 acc_val: 0.2582
2024-04-20 11:28:20,598:INFO:Epoch: 0307 loss_train: 100.8413 acc_train: 0.2952 acc_val: 0.2541
2024-04-20 11:28:25,342:INFO:Epoch: 0308 loss_train: 100.0935 acc_train: 0.3097 acc_val: 0.2541
2024-04-20 11:28:30,116:INFO:Epoch: 0309 loss_train: 100.3157 acc_train: 0.2998 acc_val: 0.2705
2024-04-20 11:28:34,869:INFO:Epoch: 0310 loss_train: 101.0283 acc_train: 0.3035 acc_val: 0.2828
2024-04-20 11:28:39,654:INFO:Epoch: 0311 loss_train: 100.5654 acc_train: 0.3212 acc_val: 0.2582
2024-04-20 11:28:44,393:INFO:Epoch: 0312 loss_train: 101.4553 acc_train: 0.2962 acc_val: 0.2746
2024-04-20 11:28:49,124:INFO:Epoch: 0313 loss_train: 100.5521 acc_train: 0.3097 acc_val: 0.2541
2024-04-20 11:28:53,856:INFO:Epoch: 0314 loss_train: 100.2798 acc_train: 0.3024 acc_val: 0.2664
2024-04-20 11:28:58,628:INFO:Epoch: 0315 loss_train: 100.4257 acc_train: 0.2988 acc_val: 0.2746
2024-04-20 11:29:03,373:INFO:Epoch: 0316 loss_train: 100.8704 acc_train: 0.3040 acc_val: 0.2664
2024-04-20 11:29:08,123:INFO:Epoch: 0317 loss_train: 100.6763 acc_train: 0.3030 acc_val: 0.2664
2024-04-20 11:29:12,968:INFO:Epoch: 0318 loss_train: 101.0059 acc_train: 0.3097 acc_val: 0.2623
2024-04-20 11:29:18,007:INFO:Epoch: 0319 loss_train: 100.3002 acc_train: 0.3129 acc_val: 0.2459
2024-04-20 11:29:22,743:INFO:Epoch: 0320 loss_train: 100.8557 acc_train: 0.3004 acc_val: 0.2623
2024-04-20 11:29:27,513:INFO:Epoch: 0321 loss_train: 100.3665 acc_train: 0.3087 acc_val: 0.2664
2024-04-20 11:29:32,237:INFO:Epoch: 0322 loss_train: 100.6764 acc_train: 0.2920 acc_val: 0.2582
2024-04-20 11:29:36,948:INFO:Epoch: 0323 loss_train: 100.4354 acc_train: 0.3050 acc_val: 0.2664
2024-04-20 11:29:41,660:INFO:Epoch: 0324 loss_train: 100.3692 acc_train: 0.3014 acc_val: 0.2582
2024-04-20 11:29:46,368:INFO:Epoch: 0325 loss_train: 100.2208 acc_train: 0.3113 acc_val: 0.2664
2024-04-20 11:29:51,084:INFO:Epoch: 0326 loss_train: 100.1188 acc_train: 0.3056 acc_val: 0.2541
2024-04-20 11:29:55,844:INFO:Epoch: 0327 loss_train: 100.6669 acc_train: 0.3066 acc_val: 0.2664
2024-04-20 11:30:00,603:INFO:Epoch: 0328 loss_train: 100.9468 acc_train: 0.3024 acc_val: 0.2705
2024-04-20 11:30:05,328:INFO:Epoch: 0329 loss_train: 100.8290 acc_train: 0.2993 acc_val: 0.2623
2024-04-20 11:30:10,060:INFO:Epoch: 0330 loss_train: 99.8977 acc_train: 0.3035 acc_val: 0.2623
2024-04-20 11:30:14,796:INFO:Epoch: 0331 loss_train: 100.2623 acc_train: 0.3056 acc_val: 0.2705
2024-04-20 11:30:19,524:INFO:Epoch: 0332 loss_train: 100.7592 acc_train: 0.3024 acc_val: 0.2541
2024-04-20 11:30:24,274:INFO:Epoch: 0333 loss_train: 100.4945 acc_train: 0.3071 acc_val: 0.2541
2024-04-20 11:30:29,001:INFO:Epoch: 0334 loss_train: 100.8433 acc_train: 0.3077 acc_val: 0.2459
2024-04-20 11:30:33,730:INFO:Epoch: 0335 loss_train: 100.4915 acc_train: 0.3019 acc_val: 0.2664
2024-04-20 11:30:38,462:INFO:Epoch: 0336 loss_train: 101.0421 acc_train: 0.3050 acc_val: 0.2623
2024-04-20 11:30:43,187:INFO:Epoch: 0337 loss_train: 100.6506 acc_train: 0.3077 acc_val: 0.2541
2024-04-20 11:30:47,977:INFO:Epoch: 0338 loss_train: 100.5645 acc_train: 0.3123 acc_val: 0.2500
2024-04-20 11:30:52,711:INFO:Epoch: 0339 loss_train: 100.4795 acc_train: 0.3139 acc_val: 0.2705
2024-04-20 11:30:57,439:INFO:Epoch: 0340 loss_train: 100.3347 acc_train: 0.3175 acc_val: 0.2664
2024-04-20 11:31:02,176:INFO:Epoch: 0341 loss_train: 101.0509 acc_train: 0.3092 acc_val: 0.2623
2024-04-20 11:31:06,902:INFO:Epoch: 0342 loss_train: 100.8000 acc_train: 0.2978 acc_val: 0.2746
2024-04-20 11:31:11,632:INFO:Epoch: 0343 loss_train: 100.7797 acc_train: 0.2910 acc_val: 0.2582
2024-04-20 11:31:16,522:INFO:Epoch: 0344 loss_train: 101.0360 acc_train: 0.3035 acc_val: 0.2746
2024-04-20 11:31:21,264:INFO:Epoch: 0345 loss_train: 100.2745 acc_train: 0.3045 acc_val: 0.2623
2024-04-20 11:31:25,996:INFO:Epoch: 0346 loss_train: 100.6993 acc_train: 0.3092 acc_val: 0.2705
2024-04-20 11:31:30,737:INFO:Epoch: 0347 loss_train: 100.4576 acc_train: 0.3087 acc_val: 0.2787
2024-04-20 11:31:35,472:INFO:Epoch: 0348 loss_train: 100.1882 acc_train: 0.3201 acc_val: 0.2746
2024-04-20 11:31:40,210:INFO:Epoch: 0349 loss_train: 101.1759 acc_train: 0.3040 acc_val: 0.2623
2024-04-20 11:31:44,952:INFO:Epoch: 0350 loss_train: 100.6262 acc_train: 0.3082 acc_val: 0.2746
2024-04-20 11:31:49,714:INFO:Epoch: 0351 loss_train: 100.4828 acc_train: 0.3045 acc_val: 0.2664
2024-04-20 11:31:54,478:INFO:Epoch: 0352 loss_train: 101.4926 acc_train: 0.3139 acc_val: 0.2623
2024-04-20 11:31:59,204:INFO:Epoch: 0353 loss_train: 100.4643 acc_train: 0.2998 acc_val: 0.2787
2024-04-20 11:32:03,978:INFO:Epoch: 0354 loss_train: 100.7005 acc_train: 0.3113 acc_val: 0.2582
2024-04-20 11:32:08,752:INFO:Epoch: 0355 loss_train: 101.2627 acc_train: 0.3103 acc_val: 0.2459
2024-04-20 11:32:13,527:INFO:Epoch: 0356 loss_train: 101.3979 acc_train: 0.3045 acc_val: 0.2705
2024-04-20 11:32:18,285:INFO:Epoch: 0357 loss_train: 100.4296 acc_train: 0.3061 acc_val: 0.2541
2024-04-20 11:32:23,074:INFO:Epoch: 0358 loss_train: 101.0721 acc_train: 0.3077 acc_val: 0.2828
2024-04-20 11:32:27,803:INFO:Epoch: 0359 loss_train: 100.6721 acc_train: 0.3035 acc_val: 0.2869
2024-04-20 11:32:32,540:INFO:Epoch: 0360 loss_train: 100.8193 acc_train: 0.3113 acc_val: 0.2582
2024-04-20 11:32:37,271:INFO:Epoch: 0361 loss_train: 100.1375 acc_train: 0.3009 acc_val: 0.2828
2024-04-20 11:32:42,014:INFO:Epoch: 0362 loss_train: 100.4441 acc_train: 0.3139 acc_val: 0.2541
2024-04-20 11:32:46,732:INFO:Epoch: 0363 loss_train: 100.0184 acc_train: 0.2983 acc_val: 0.2582
2024-04-20 11:32:51,475:INFO:Epoch: 0364 loss_train: 100.1220 acc_train: 0.3113 acc_val: 0.2623
2024-04-20 11:32:56,205:INFO:Epoch: 0365 loss_train: 100.5839 acc_train: 0.3071 acc_val: 0.2664
2024-04-20 11:33:00,950:INFO:Epoch: 0366 loss_train: 100.4879 acc_train: 0.2993 acc_val: 0.2623
2024-04-20 11:33:05,696:INFO:Epoch: 0367 loss_train: 100.9832 acc_train: 0.3050 acc_val: 0.2746
2024-04-20 11:33:10,454:INFO:Epoch: 0368 loss_train: 100.8769 acc_train: 0.3035 acc_val: 0.2828
2024-04-20 11:33:15,200:INFO:Epoch: 0369 loss_train: 100.5885 acc_train: 0.3129 acc_val: 0.2787
2024-04-20 11:33:19,946:INFO:Epoch: 0370 loss_train: 99.5400 acc_train: 0.3165 acc_val: 0.2541
2024-04-20 11:33:24,701:INFO:Epoch: 0371 loss_train: 100.1198 acc_train: 0.3113 acc_val: 0.2541
2024-04-20 11:33:29,446:INFO:Epoch: 0372 loss_train: 100.8262 acc_train: 0.3160 acc_val: 0.2664
2024-04-20 11:33:34,197:INFO:Epoch: 0373 loss_train: 100.2501 acc_train: 0.3066 acc_val: 0.2705
2024-04-20 11:33:39,104:INFO:Epoch: 0374 loss_train: 101.1383 acc_train: 0.3024 acc_val: 0.2418
2024-04-20 11:33:43,859:INFO:Epoch: 0375 loss_train: 100.2980 acc_train: 0.3035 acc_val: 0.2541
2024-04-20 11:33:48,605:INFO:Epoch: 0376 loss_train: 99.9958 acc_train: 0.3071 acc_val: 0.2828
2024-04-20 11:33:53,360:INFO:Epoch: 0377 loss_train: 100.5227 acc_train: 0.3014 acc_val: 0.2992
2024-04-20 11:33:58,104:INFO:Epoch: 0378 loss_train: 100.7634 acc_train: 0.3092 acc_val: 0.2541
2024-04-20 11:34:02,877:INFO:Epoch: 0379 loss_train: 100.1784 acc_train: 0.3056 acc_val: 0.2664
2024-04-20 11:34:07,604:INFO:Epoch: 0380 loss_train: 100.2791 acc_train: 0.3118 acc_val: 0.2705
2024-04-20 11:34:12,333:INFO:Epoch: 0381 loss_train: 101.0479 acc_train: 0.3087 acc_val: 0.2664
2024-04-20 11:34:17,060:INFO:Epoch: 0382 loss_train: 101.2890 acc_train: 0.3103 acc_val: 0.2582
2024-04-20 11:34:21,800:INFO:Epoch: 0383 loss_train: 100.6560 acc_train: 0.3030 acc_val: 0.2705
2024-04-20 11:34:26,660:INFO:Epoch: 0384 loss_train: 100.2399 acc_train: 0.3113 acc_val: 0.2541
2024-04-20 11:34:31,446:INFO:Epoch: 0385 loss_train: 99.8306 acc_train: 0.3103 acc_val: 0.2828
2024-04-20 11:34:36,179:INFO:Epoch: 0386 loss_train: 100.2738 acc_train: 0.3103 acc_val: 0.2705
2024-04-20 11:34:40,925:INFO:Epoch: 0387 loss_train: 100.6086 acc_train: 0.3113 acc_val: 0.2664
2024-04-20 11:34:45,655:INFO:Epoch: 0388 loss_train: 100.3717 acc_train: 0.2978 acc_val: 0.2541
2024-04-20 11:34:50,395:INFO:Epoch: 0389 loss_train: 99.8001 acc_train: 0.3129 acc_val: 0.2787
2024-04-20 11:34:55,135:INFO:Epoch: 0390 loss_train: 100.4759 acc_train: 0.3087 acc_val: 0.2541
2024-04-20 11:34:59,864:INFO:Epoch: 0391 loss_train: 100.5481 acc_train: 0.3134 acc_val: 0.2869
2024-04-20 11:35:04,604:INFO:Epoch: 0392 loss_train: 100.3858 acc_train: 0.3217 acc_val: 0.2582
2024-04-20 11:35:09,333:INFO:Epoch: 0393 loss_train: 100.3673 acc_train: 0.3082 acc_val: 0.2746
2024-04-20 11:35:14,077:INFO:Epoch: 0394 loss_train: 100.5750 acc_train: 0.3103 acc_val: 0.2705
2024-04-20 11:35:18,821:INFO:Epoch: 0395 loss_train: 100.0759 acc_train: 0.3071 acc_val: 0.2664
2024-04-20 11:35:23,562:INFO:Epoch: 0396 loss_train: 100.8116 acc_train: 0.2972 acc_val: 0.2705
2024-04-20 11:35:28,295:INFO:Epoch: 0397 loss_train: 100.5850 acc_train: 0.2993 acc_val: 0.2623
2024-04-20 11:35:33,032:INFO:Epoch: 0398 loss_train: 100.3007 acc_train: 0.3092 acc_val: 0.2623
2024-04-20 11:35:37,764:INFO:Epoch: 0399 loss_train: 101.0959 acc_train: 0.3129 acc_val: 0.2623
2024-04-20 11:35:42,499:INFO:Epoch: 0400 loss_train: 100.1942 acc_train: 0.3097 acc_val: 0.2541
2024-04-20 11:35:47,265:INFO:Epoch: 0401 loss_train: 100.2682 acc_train: 0.3082 acc_val: 0.2787
2024-04-20 11:35:52,090:INFO:Epoch: 0402 loss_train: 100.4770 acc_train: 0.3087 acc_val: 0.2664
2024-04-20 11:35:56,886:INFO:Epoch: 0403 loss_train: 100.4592 acc_train: 0.3077 acc_val: 0.2705
2024-04-20 11:36:01,616:INFO:Epoch: 0404 loss_train: 100.8576 acc_train: 0.3092 acc_val: 0.2664
2024-04-20 11:36:06,887:INFO:Epoch: 0405 loss_train: 100.2738 acc_train: 0.3118 acc_val: 0.2418
2024-04-20 11:36:11,654:INFO:Epoch: 0406 loss_train: 100.6915 acc_train: 0.3024 acc_val: 0.2787
2024-04-20 11:36:16,566:INFO:Epoch: 0407 loss_train: 101.0318 acc_train: 0.3097 acc_val: 0.2705
2024-04-20 11:36:21,327:INFO:Epoch: 0408 loss_train: 99.8181 acc_train: 0.3087 acc_val: 0.2541
2024-04-20 11:36:26,087:INFO:Epoch: 0409 loss_train: 99.6120 acc_train: 0.3092 acc_val: 0.2623
2024-04-20 11:36:30,835:INFO:Epoch: 0410 loss_train: 100.5123 acc_train: 0.3118 acc_val: 0.2664
2024-04-20 11:36:35,577:INFO:Epoch: 0411 loss_train: 100.8452 acc_train: 0.3004 acc_val: 0.2705
2024-04-20 11:36:40,328:INFO:Epoch: 0412 loss_train: 100.8639 acc_train: 0.3165 acc_val: 0.2746
2024-04-20 11:36:45,234:INFO:Epoch: 0413 loss_train: 100.3477 acc_train: 0.3035 acc_val: 0.2582
2024-04-20 11:36:50,164:INFO:Epoch: 0414 loss_train: 99.4013 acc_train: 0.3066 acc_val: 0.2664
2024-04-20 11:36:54,928:INFO:Epoch: 0415 loss_train: 99.4720 acc_train: 0.3056 acc_val: 0.2951
2024-04-20 11:36:59,657:INFO:Epoch: 0416 loss_train: 100.5326 acc_train: 0.3014 acc_val: 0.2623
2024-04-20 11:37:04,392:INFO:Epoch: 0417 loss_train: 99.7313 acc_train: 0.3134 acc_val: 0.2664
2024-04-20 11:37:09,128:INFO:Epoch: 0418 loss_train: 100.9199 acc_train: 0.3035 acc_val: 0.2910
2024-04-20 11:37:13,873:INFO:Epoch: 0419 loss_train: 101.0678 acc_train: 0.3134 acc_val: 0.2746
2024-04-20 11:37:18,607:INFO:Epoch: 0420 loss_train: 100.7417 acc_train: 0.3050 acc_val: 0.2746
2024-04-20 11:37:23,351:INFO:Epoch: 0421 loss_train: 99.5926 acc_train: 0.3108 acc_val: 0.2828
2024-04-20 11:37:28,084:INFO:Epoch: 0422 loss_train: 100.0648 acc_train: 0.3113 acc_val: 0.2705
2024-04-20 11:37:32,827:INFO:Epoch: 0423 loss_train: 100.2933 acc_train: 0.3082 acc_val: 0.2869
2024-04-20 11:37:37,569:INFO:Epoch: 0424 loss_train: 99.8468 acc_train: 0.3149 acc_val: 0.2582
2024-04-20 11:37:42,304:INFO:Epoch: 0425 loss_train: 100.6906 acc_train: 0.3113 acc_val: 0.2705
2024-04-20 11:37:47,044:INFO:Epoch: 0426 loss_train: 99.6222 acc_train: 0.3082 acc_val: 0.2746
2024-04-20 11:37:51,778:INFO:Epoch: 0427 loss_train: 101.1747 acc_train: 0.3144 acc_val: 0.2787
2024-04-20 11:37:56,525:INFO:Epoch: 0428 loss_train: 101.4723 acc_train: 0.3077 acc_val: 0.2787
2024-04-20 11:38:01,269:INFO:Epoch: 0429 loss_train: 100.1546 acc_train: 0.3160 acc_val: 0.2459
2024-04-20 11:38:06,064:INFO:Epoch: 0430 loss_train: 100.8157 acc_train: 0.3092 acc_val: 0.2623
2024-04-20 11:38:10,805:INFO:Epoch: 0431 loss_train: 100.2918 acc_train: 0.3118 acc_val: 0.2869
2024-04-20 11:38:15,536:INFO:Epoch: 0432 loss_train: 100.1963 acc_train: 0.3134 acc_val: 0.2910
2024-04-20 11:38:20,339:INFO:Epoch: 0433 loss_train: 99.5581 acc_train: 0.3118 acc_val: 0.2746
2024-04-20 11:38:25,109:INFO:Epoch: 0434 loss_train: 100.1815 acc_train: 0.3097 acc_val: 0.2582
2024-04-20 11:38:30,051:INFO:Epoch: 0435 loss_train: 100.4073 acc_train: 0.3071 acc_val: 0.2951
2024-04-20 11:38:34,845:INFO:Epoch: 0436 loss_train: 100.0016 acc_train: 0.3149 acc_val: 0.2582
2024-04-20 11:38:39,608:INFO:Epoch: 0437 loss_train: 99.9545 acc_train: 0.3097 acc_val: 0.2828
2024-04-20 11:38:44,353:INFO:Epoch: 0438 loss_train: 100.2528 acc_train: 0.3134 acc_val: 0.2787
2024-04-20 11:38:49,175:INFO:Epoch: 0439 loss_train: 100.7384 acc_train: 0.3123 acc_val: 0.2787
2024-04-20 11:38:53,967:INFO:Epoch: 0440 loss_train: 100.0992 acc_train: 0.3165 acc_val: 0.2582
2024-04-20 11:38:58,738:INFO:Epoch: 0441 loss_train: 99.3821 acc_train: 0.3082 acc_val: 0.2705
2024-04-20 11:39:03,474:INFO:Epoch: 0442 loss_train: 100.2092 acc_train: 0.3149 acc_val: 0.2623
2024-04-20 11:39:08,205:INFO:Epoch: 0443 loss_train: 99.7142 acc_train: 0.3113 acc_val: 0.2664
2024-04-20 11:39:12,948:INFO:Epoch: 0444 loss_train: 99.5186 acc_train: 0.3175 acc_val: 0.2664
2024-04-20 11:39:17,688:INFO:Epoch: 0445 loss_train: 100.3782 acc_train: 0.3092 acc_val: 0.2951
2024-04-20 11:39:22,425:INFO:Epoch: 0446 loss_train: 99.9545 acc_train: 0.3139 acc_val: 0.2787
2024-04-20 11:39:27,162:INFO:Epoch: 0447 loss_train: 100.8128 acc_train: 0.3160 acc_val: 0.2664
2024-04-20 11:39:31,899:INFO:Epoch: 0448 loss_train: 100.1215 acc_train: 0.3113 acc_val: 0.2746
2024-04-20 11:39:36,638:INFO:Epoch: 0449 loss_train: 99.7950 acc_train: 0.3160 acc_val: 0.2705
2024-04-20 11:39:41,382:INFO:Epoch: 0450 loss_train: 100.4937 acc_train: 0.3129 acc_val: 0.2664
2024-04-20 11:39:46,141:INFO:Epoch: 0451 loss_train: 101.1023 acc_train: 0.3092 acc_val: 0.2664
2024-04-20 11:39:50,884:INFO:Epoch: 0452 loss_train: 100.6899 acc_train: 0.3071 acc_val: 0.2746
2024-04-20 11:39:55,706:INFO:Epoch: 0453 loss_train: 100.3461 acc_train: 0.3123 acc_val: 0.2582
2024-04-20 11:40:00,446:INFO:Epoch: 0454 loss_train: 100.2047 acc_train: 0.3118 acc_val: 0.2869
2024-04-20 11:40:05,190:INFO:Epoch: 0455 loss_train: 100.2140 acc_train: 0.3181 acc_val: 0.2787
2024-04-20 11:40:10,029:INFO:Epoch: 0456 loss_train: 100.3541 acc_train: 0.3077 acc_val: 0.2705
2024-04-20 11:40:14,782:INFO:Epoch: 0457 loss_train: 99.6407 acc_train: 0.3175 acc_val: 0.2787
2024-04-20 11:40:19,512:INFO:Epoch: 0458 loss_train: 99.0934 acc_train: 0.3191 acc_val: 0.2500
2024-04-20 11:40:24,257:INFO:Epoch: 0459 loss_train: 100.0622 acc_train: 0.3118 acc_val: 0.2951
2024-04-20 11:40:29,059:INFO:Epoch: 0460 loss_train: 100.0981 acc_train: 0.3175 acc_val: 0.2951
2024-04-20 11:40:33,787:INFO:Epoch: 0461 loss_train: 99.8324 acc_train: 0.3181 acc_val: 0.2746
2024-04-20 11:40:38,550:INFO:Epoch: 0462 loss_train: 99.7049 acc_train: 0.3113 acc_val: 0.2664
2024-04-20 11:40:43,269:INFO:Epoch: 0463 loss_train: 99.7271 acc_train: 0.3227 acc_val: 0.3033
2024-04-20 11:40:48,137:INFO:Epoch: 0464 loss_train: 99.6244 acc_train: 0.3363 acc_val: 0.2787
2024-04-20 11:40:52,936:INFO:Epoch: 0465 loss_train: 99.8490 acc_train: 0.3212 acc_val: 0.2541
2024-04-20 11:40:57,712:INFO:Epoch: 0466 loss_train: 99.4696 acc_train: 0.3191 acc_val: 0.2582
2024-04-20 11:41:02,436:INFO:Epoch: 0467 loss_train: 99.7352 acc_train: 0.3160 acc_val: 0.2746
2024-04-20 11:41:07,148:INFO:Epoch: 0468 loss_train: 98.7561 acc_train: 0.3285 acc_val: 0.2787
2024-04-20 11:41:11,863:INFO:Epoch: 0469 loss_train: 99.9828 acc_train: 0.3238 acc_val: 0.3033
2024-04-20 11:41:16,585:INFO:Epoch: 0470 loss_train: 99.6231 acc_train: 0.3165 acc_val: 0.2869
2024-04-20 11:41:21,299:INFO:Epoch: 0471 loss_train: 99.4480 acc_train: 0.3285 acc_val: 0.2500
2024-04-20 11:41:26,013:INFO:Epoch: 0472 loss_train: 100.6444 acc_train: 0.3149 acc_val: 0.2992
2024-04-20 11:41:30,737:INFO:Epoch: 0473 loss_train: 99.7280 acc_train: 0.3186 acc_val: 0.2541
2024-04-20 11:41:35,518:INFO:Epoch: 0474 loss_train: 100.0754 acc_train: 0.3254 acc_val: 0.2869
2024-04-20 11:41:40,254:INFO:Epoch: 0475 loss_train: 101.2483 acc_train: 0.3097 acc_val: 0.3074
2024-04-20 11:41:44,990:INFO:Epoch: 0476 loss_train: 99.6543 acc_train: 0.3243 acc_val: 0.2910
2024-04-20 11:41:49,716:INFO:Epoch: 0477 loss_train: 99.6988 acc_train: 0.3264 acc_val: 0.2828
2024-04-20 11:41:54,449:INFO:Epoch: 0478 loss_train: 99.4796 acc_train: 0.3165 acc_val: 0.2418
2024-04-20 11:41:59,174:INFO:Epoch: 0479 loss_train: 99.0564 acc_train: 0.3134 acc_val: 0.2828
2024-04-20 11:42:03,902:INFO:Epoch: 0480 loss_train: 100.3401 acc_train: 0.3170 acc_val: 0.2869
2024-04-20 11:42:08,636:INFO:Epoch: 0481 loss_train: 99.2797 acc_train: 0.3243 acc_val: 0.2746
2024-04-20 11:42:13,372:INFO:Epoch: 0482 loss_train: 99.6812 acc_train: 0.3186 acc_val: 0.2992
2024-04-20 11:42:18,104:INFO:Epoch: 0483 loss_train: 99.3351 acc_train: 0.3274 acc_val: 0.2828
2024-04-20 11:42:22,836:INFO:Epoch: 0484 loss_train: 100.0760 acc_train: 0.3332 acc_val: 0.2746
2024-04-20 11:42:27,564:INFO:Epoch: 0485 loss_train: 98.9470 acc_train: 0.3212 acc_val: 0.2787
2024-04-20 11:42:32,312:INFO:Epoch: 0486 loss_train: 99.6833 acc_train: 0.3118 acc_val: 0.2869
2024-04-20 11:42:37,045:INFO:Epoch: 0487 loss_train: 100.6407 acc_train: 0.3321 acc_val: 0.2664
2024-04-20 11:42:41,789:INFO:Epoch: 0488 loss_train: 99.6771 acc_train: 0.3155 acc_val: 0.2787
2024-04-20 11:42:46,520:INFO:Epoch: 0489 loss_train: 99.6852 acc_train: 0.3227 acc_val: 0.2869
2024-04-20 11:42:51,317:INFO:Epoch: 0490 loss_train: 98.9888 acc_train: 0.3259 acc_val: 0.2541
2024-04-20 11:42:56,089:INFO:Epoch: 0491 loss_train: 100.5356 acc_train: 0.3316 acc_val: 0.2910
2024-04-20 11:43:00,897:INFO:Epoch: 0492 loss_train: 99.0631 acc_train: 0.3342 acc_val: 0.2910
2024-04-20 11:43:05,611:INFO:Epoch: 0493 loss_train: 98.7591 acc_train: 0.3332 acc_val: 0.2582
2024-04-20 11:43:10,490:INFO:Epoch: 0494 loss_train: 98.9956 acc_train: 0.3352 acc_val: 0.2951
2024-04-20 11:43:15,206:INFO:Epoch: 0495 loss_train: 99.5155 acc_train: 0.3290 acc_val: 0.2582
2024-04-20 11:43:19,926:INFO:Epoch: 0496 loss_train: 98.8737 acc_train: 0.3290 acc_val: 0.2869
2024-04-20 11:43:24,655:INFO:Epoch: 0497 loss_train: 99.0464 acc_train: 0.3306 acc_val: 0.2787
2024-04-20 11:43:29,896:INFO:Epoch: 0498 loss_train: 99.4416 acc_train: 0.3321 acc_val: 0.2746
2024-04-20 11:43:34,662:INFO:Epoch: 0499 loss_train: 100.0415 acc_train: 0.3233 acc_val: 0.2869
2024-04-20 11:43:39,374:INFO:Epoch: 0500 loss_train: 98.8105 acc_train: 0.3259 acc_val: 0.2828
2024-04-20 11:43:39,377:INFO:Optimization Finished! Total time elapsed: 2346.117432
