2024-04-20 11:43:43,343:INFO:Current date and time:2024-04-20 11:43:43.343766
2024-04-20 11:43:43,344:INFO:{'dataset_name': 'hpo_metab', 'learning_rate': 0.001, 'weight_decay': 0.01, 'batch_size': 32, 'augment': 1, 'epochs': 500, 'patience': 100, 'hidden_dim': 16, 'mamba_dim': 16, 'seqlength': 5000, 'hops': 3, 'num_classes': 6, 'multilabel': False, 'embeddings_filename': 'graphsaint_gcn_embeddings.pth'}
2024-04-20 11:43:52,514:INFO:Epoch: 0001 loss_train: 110.3208 acc_train: 0.1536 acc_val: 0.1680
2024-04-20 11:43:58,146:INFO:Epoch: 0002 loss_train: 109.4801 acc_train: 0.1687 acc_val: 0.2254
2024-04-20 11:44:03,174:INFO:Epoch: 0003 loss_train: 109.4636 acc_train: 0.1707 acc_val: 0.1926
2024-04-20 11:44:08,049:INFO:Epoch: 0004 loss_train: 109.4382 acc_train: 0.1744 acc_val: 0.1516
2024-04-20 11:44:12,664:INFO:Epoch: 0005 loss_train: 109.5272 acc_train: 0.1760 acc_val: 0.1516
2024-04-20 11:44:17,291:INFO:Epoch: 0006 loss_train: 109.3165 acc_train: 0.1676 acc_val: 0.1516
2024-04-20 11:44:21,929:INFO:Epoch: 0007 loss_train: 109.2021 acc_train: 0.1718 acc_val: 0.2254
2024-04-20 11:44:26,522:INFO:Epoch: 0008 loss_train: 109.1433 acc_train: 0.1775 acc_val: 0.1393
2024-04-20 11:44:31,153:INFO:Epoch: 0009 loss_train: 109.1307 acc_train: 0.1713 acc_val: 0.2131
2024-04-20 11:44:35,764:INFO:Epoch: 0010 loss_train: 109.0147 acc_train: 0.1770 acc_val: 0.2090
2024-04-20 11:44:40,408:INFO:Epoch: 0011 loss_train: 108.9217 acc_train: 0.1848 acc_val: 0.1926
2024-04-20 11:44:44,999:INFO:Epoch: 0012 loss_train: 108.2547 acc_train: 0.1936 acc_val: 0.1598
2024-04-20 11:44:49,620:INFO:Epoch: 0013 loss_train: 106.7162 acc_train: 0.2197 acc_val: 0.2295
2024-04-20 11:44:54,261:INFO:Epoch: 0014 loss_train: 106.6773 acc_train: 0.2415 acc_val: 0.2377
2024-04-20 11:44:58,839:INFO:Epoch: 0015 loss_train: 105.6576 acc_train: 0.2473 acc_val: 0.2459
2024-04-20 11:45:03,528:INFO:Epoch: 0016 loss_train: 105.5552 acc_train: 0.2525 acc_val: 0.2090
2024-04-20 11:45:08,110:INFO:Epoch: 0017 loss_train: 105.0265 acc_train: 0.2655 acc_val: 0.2172
2024-04-20 11:45:12,772:INFO:Epoch: 0018 loss_train: 104.8352 acc_train: 0.2702 acc_val: 0.2008
2024-04-20 11:45:17,359:INFO:Epoch: 0019 loss_train: 104.8216 acc_train: 0.2644 acc_val: 0.2541
2024-04-20 11:45:21,960:INFO:Epoch: 0020 loss_train: 103.8317 acc_train: 0.2629 acc_val: 0.2008
2024-04-20 11:45:26,566:INFO:Epoch: 0021 loss_train: 104.3672 acc_train: 0.2577 acc_val: 0.2213
2024-04-20 11:45:31,201:INFO:Epoch: 0022 loss_train: 104.1296 acc_train: 0.2603 acc_val: 0.2254
2024-04-20 11:45:35,849:INFO:Epoch: 0023 loss_train: 103.3865 acc_train: 0.2743 acc_val: 0.2090
2024-04-20 11:45:40,498:INFO:Epoch: 0024 loss_train: 104.0857 acc_train: 0.2702 acc_val: 0.2541
2024-04-20 11:45:45,090:INFO:Epoch: 0025 loss_train: 104.0737 acc_train: 0.2780 acc_val: 0.2377
2024-04-20 11:45:49,727:INFO:Epoch: 0026 loss_train: 104.0396 acc_train: 0.2676 acc_val: 0.2541
2024-04-20 11:45:54,415:INFO:Epoch: 0027 loss_train: 104.0908 acc_train: 0.2644 acc_val: 0.2377
2024-04-20 11:45:59,065:INFO:Epoch: 0028 loss_train: 105.1019 acc_train: 0.2738 acc_val: 0.2131
2024-04-20 11:46:03,748:INFO:Epoch: 0029 loss_train: 104.5758 acc_train: 0.2634 acc_val: 0.2623
2024-04-20 11:46:08,759:INFO:Epoch: 0030 loss_train: 103.3754 acc_train: 0.2738 acc_val: 0.2336
2024-04-20 11:46:13,361:INFO:Epoch: 0031 loss_train: 103.5410 acc_train: 0.2790 acc_val: 0.2664
2024-04-20 11:46:18,009:INFO:Epoch: 0032 loss_train: 103.6743 acc_train: 0.2816 acc_val: 0.2500
2024-04-20 11:46:22,639:INFO:Epoch: 0033 loss_train: 103.2249 acc_train: 0.2795 acc_val: 0.2377
2024-04-20 11:46:27,220:INFO:Epoch: 0034 loss_train: 102.8923 acc_train: 0.2806 acc_val: 0.2705
2024-04-20 11:46:31,869:INFO:Epoch: 0035 loss_train: 102.9994 acc_train: 0.2795 acc_val: 0.2582
2024-04-20 11:46:36,488:INFO:Epoch: 0036 loss_train: 101.9361 acc_train: 0.2946 acc_val: 0.2336
2024-04-20 11:46:41,181:INFO:Epoch: 0037 loss_train: 102.8503 acc_train: 0.2874 acc_val: 0.2500
2024-04-20 11:46:45,851:INFO:Epoch: 0038 loss_train: 103.0884 acc_train: 0.2993 acc_val: 0.2336
2024-04-20 11:46:50,509:INFO:Epoch: 0039 loss_train: 103.0156 acc_train: 0.2941 acc_val: 0.2418
2024-04-20 11:46:55,099:INFO:Epoch: 0040 loss_train: 103.2389 acc_train: 0.2946 acc_val: 0.2582
2024-04-20 11:46:59,770:INFO:Epoch: 0041 loss_train: 102.2734 acc_train: 0.2931 acc_val: 0.2623
2024-04-20 11:47:04,393:INFO:Epoch: 0042 loss_train: 101.6460 acc_train: 0.2998 acc_val: 0.2377
2024-04-20 11:47:09,021:INFO:Epoch: 0043 loss_train: 102.2449 acc_train: 0.2936 acc_val: 0.2090
2024-04-20 11:47:13,632:INFO:Epoch: 0044 loss_train: 102.0839 acc_train: 0.2952 acc_val: 0.2295
2024-04-20 11:47:18,239:INFO:Epoch: 0045 loss_train: 101.5302 acc_train: 0.3082 acc_val: 0.2008
2024-04-20 11:47:22,923:INFO:Epoch: 0046 loss_train: 101.8635 acc_train: 0.2926 acc_val: 0.2336
2024-04-20 11:47:27,532:INFO:Epoch: 0047 loss_train: 101.6140 acc_train: 0.3196 acc_val: 0.2213
2024-04-20 11:47:32,221:INFO:Epoch: 0048 loss_train: 102.2908 acc_train: 0.3061 acc_val: 0.2664
2024-04-20 11:47:36,836:INFO:Epoch: 0049 loss_train: 102.1403 acc_train: 0.2978 acc_val: 0.2008
2024-04-20 11:47:41,441:INFO:Epoch: 0050 loss_train: 100.6597 acc_train: 0.3024 acc_val: 0.2377
2024-04-20 11:47:46,042:INFO:Epoch: 0051 loss_train: 102.3576 acc_train: 0.3066 acc_val: 0.2582
2024-04-20 11:47:50,671:INFO:Epoch: 0052 loss_train: 101.4470 acc_train: 0.3082 acc_val: 0.2418
2024-04-20 11:47:55,295:INFO:Epoch: 0053 loss_train: 101.9008 acc_train: 0.3144 acc_val: 0.2459
2024-04-20 11:47:59,938:INFO:Epoch: 0054 loss_train: 101.1881 acc_train: 0.3097 acc_val: 0.2254
2024-04-20 11:48:04,593:INFO:Epoch: 0055 loss_train: 101.2936 acc_train: 0.3077 acc_val: 0.2582
2024-04-20 11:48:09,260:INFO:Epoch: 0056 loss_train: 100.7340 acc_train: 0.3227 acc_val: 0.2254
2024-04-20 11:48:14,622:INFO:Epoch: 0057 loss_train: 100.5758 acc_train: 0.3155 acc_val: 0.2582
2024-04-20 11:48:19,259:INFO:Epoch: 0058 loss_train: 101.2615 acc_train: 0.3254 acc_val: 0.2295
2024-04-20 11:48:23,874:INFO:Epoch: 0059 loss_train: 102.6458 acc_train: 0.3217 acc_val: 0.2623
2024-04-20 11:48:28,475:INFO:Epoch: 0060 loss_train: 103.2531 acc_train: 0.2790 acc_val: 0.2459
2024-04-20 11:48:33,082:INFO:Epoch: 0061 loss_train: 101.2200 acc_train: 0.3212 acc_val: 0.2951
2024-04-20 11:48:37,740:INFO:Epoch: 0062 loss_train: 100.6662 acc_train: 0.3217 acc_val: 0.2910
2024-04-20 11:48:42,344:INFO:Epoch: 0063 loss_train: 100.4185 acc_train: 0.3306 acc_val: 0.2623
2024-04-20 11:48:46,953:INFO:Epoch: 0064 loss_train: 99.4938 acc_train: 0.3316 acc_val: 0.2992
2024-04-20 11:48:51,558:INFO:Epoch: 0065 loss_train: 100.3320 acc_train: 0.3300 acc_val: 0.2828
2024-04-20 11:48:56,165:INFO:Epoch: 0066 loss_train: 100.4007 acc_train: 0.3170 acc_val: 0.2377
2024-04-20 11:49:00,775:INFO:Epoch: 0067 loss_train: 98.8538 acc_train: 0.3306 acc_val: 0.2746
2024-04-20 11:49:05,377:INFO:Epoch: 0068 loss_train: 98.8296 acc_train: 0.3321 acc_val: 0.2623
2024-04-20 11:49:09,995:INFO:Epoch: 0069 loss_train: 99.5409 acc_train: 0.3238 acc_val: 0.2500
2024-04-20 11:49:14,641:INFO:Epoch: 0070 loss_train: 99.0365 acc_train: 0.3378 acc_val: 0.2910
2024-04-20 11:49:19,243:INFO:Epoch: 0071 loss_train: 99.0004 acc_train: 0.3207 acc_val: 0.2951
2024-04-20 11:49:23,846:INFO:Epoch: 0072 loss_train: 98.2024 acc_train: 0.3363 acc_val: 0.2254
2024-04-20 11:49:28,447:INFO:Epoch: 0073 loss_train: 98.7423 acc_train: 0.3363 acc_val: 0.3115
2024-04-20 11:49:33,052:INFO:Epoch: 0074 loss_train: 99.6325 acc_train: 0.3280 acc_val: 0.2295
2024-04-20 11:49:37,643:INFO:Epoch: 0075 loss_train: 97.8362 acc_train: 0.3358 acc_val: 0.2951
2024-04-20 11:49:42,276:INFO:Epoch: 0076 loss_train: 98.4218 acc_train: 0.3457 acc_val: 0.2828
2024-04-20 11:49:46,871:INFO:Epoch: 0077 loss_train: 97.8343 acc_train: 0.3404 acc_val: 0.2541
2024-04-20 11:49:51,520:INFO:Epoch: 0078 loss_train: 98.1762 acc_train: 0.3368 acc_val: 0.2541
2024-04-20 11:49:56,124:INFO:Epoch: 0079 loss_train: 98.2333 acc_train: 0.3389 acc_val: 0.2992
2024-04-20 11:50:00,742:INFO:Epoch: 0080 loss_train: 97.6935 acc_train: 0.3467 acc_val: 0.2623
2024-04-20 11:50:05,361:INFO:Epoch: 0081 loss_train: 98.3129 acc_train: 0.3493 acc_val: 0.2910
2024-04-20 11:50:09,960:INFO:Epoch: 0082 loss_train: 98.2215 acc_train: 0.3493 acc_val: 0.3074
2024-04-20 11:50:14,564:INFO:Epoch: 0083 loss_train: 97.3725 acc_train: 0.3488 acc_val: 0.2787
2024-04-20 11:50:19,170:INFO:Epoch: 0084 loss_train: 96.8196 acc_train: 0.3623 acc_val: 0.2500
2024-04-20 11:50:24,046:INFO:Epoch: 0085 loss_train: 95.8249 acc_train: 0.3602 acc_val: 0.3033
2024-04-20 11:50:28,647:INFO:Epoch: 0086 loss_train: 96.4878 acc_train: 0.3602 acc_val: 0.2295
2024-04-20 11:50:33,301:INFO:Epoch: 0087 loss_train: 97.9444 acc_train: 0.3566 acc_val: 0.2705
2024-04-20 11:50:37,903:INFO:Epoch: 0088 loss_train: 95.6508 acc_train: 0.3581 acc_val: 0.2582
2024-04-20 11:50:42,603:INFO:Epoch: 0089 loss_train: 96.6107 acc_train: 0.3618 acc_val: 0.2746
2024-04-20 11:50:47,241:INFO:Epoch: 0090 loss_train: 95.2993 acc_train: 0.3675 acc_val: 0.2705
2024-04-20 11:50:51,866:INFO:Epoch: 0091 loss_train: 95.1012 acc_train: 0.3623 acc_val: 0.2787
2024-04-20 11:50:56,500:INFO:Epoch: 0092 loss_train: 94.9167 acc_train: 0.3649 acc_val: 0.2787
2024-04-20 11:51:01,114:INFO:Epoch: 0093 loss_train: 95.9621 acc_train: 0.3581 acc_val: 0.2500
2024-04-20 11:51:05,710:INFO:Epoch: 0094 loss_train: 95.0030 acc_train: 0.3675 acc_val: 0.2992
2024-04-20 11:51:10,587:INFO:Epoch: 0095 loss_train: 96.4071 acc_train: 0.3706 acc_val: 0.2705
2024-04-20 11:51:15,426:INFO:Epoch: 0096 loss_train: 93.3890 acc_train: 0.3748 acc_val: 0.2828
2024-04-20 11:51:20,052:INFO:Epoch: 0097 loss_train: 94.7108 acc_train: 0.3743 acc_val: 0.2623
2024-04-20 11:51:24,660:INFO:Epoch: 0098 loss_train: 94.6123 acc_train: 0.3795 acc_val: 0.2500
2024-04-20 11:51:29,280:INFO:Epoch: 0099 loss_train: 94.5726 acc_train: 0.3660 acc_val: 0.2828
2024-04-20 11:51:33,898:INFO:Epoch: 0100 loss_train: 94.3491 acc_train: 0.3701 acc_val: 0.2787
2024-04-20 11:51:38,499:INFO:Epoch: 0101 loss_train: 94.3284 acc_train: 0.3758 acc_val: 0.2500
2024-04-20 11:51:43,121:INFO:Epoch: 0102 loss_train: 93.4061 acc_train: 0.3904 acc_val: 0.2623
2024-04-20 11:51:48,492:INFO:Epoch: 0103 loss_train: 93.2381 acc_train: 0.3826 acc_val: 0.2623
2024-04-20 11:51:53,229:INFO:Epoch: 0104 loss_train: 93.0834 acc_train: 0.3878 acc_val: 0.2582
2024-04-20 11:51:57,838:INFO:Epoch: 0105 loss_train: 93.6844 acc_train: 0.3920 acc_val: 0.2869
2024-04-20 11:52:02,477:INFO:Epoch: 0106 loss_train: 93.4656 acc_train: 0.3889 acc_val: 0.2500
2024-04-20 11:52:07,088:INFO:Epoch: 0107 loss_train: 93.1052 acc_train: 0.3868 acc_val: 0.2664
2024-04-20 11:52:11,709:INFO:Epoch: 0108 loss_train: 92.5105 acc_train: 0.3784 acc_val: 0.2951
2024-04-20 11:52:16,340:INFO:Epoch: 0109 loss_train: 91.4582 acc_train: 0.3915 acc_val: 0.2336
2024-04-20 11:52:20,995:INFO:Epoch: 0110 loss_train: 93.4650 acc_train: 0.3930 acc_val: 0.3033
2024-04-20 11:52:25,674:INFO:Epoch: 0111 loss_train: 94.4949 acc_train: 0.3769 acc_val: 0.2787
2024-04-20 11:52:30,370:INFO:Epoch: 0112 loss_train: 91.2783 acc_train: 0.4019 acc_val: 0.2951
2024-04-20 11:52:35,055:INFO:Epoch: 0113 loss_train: 92.2162 acc_train: 0.4029 acc_val: 0.2992
2024-04-20 11:52:39,908:INFO:Epoch: 0114 loss_train: 91.7546 acc_train: 0.4060 acc_val: 0.2705
2024-04-20 11:52:44,576:INFO:Epoch: 0115 loss_train: 91.6095 acc_train: 0.3972 acc_val: 0.2746
2024-04-20 11:52:49,243:INFO:Epoch: 0116 loss_train: 90.2407 acc_train: 0.4097 acc_val: 0.2746
2024-04-20 11:52:53,909:INFO:Epoch: 0117 loss_train: 92.0576 acc_train: 0.4040 acc_val: 0.2541
2024-04-20 11:52:58,523:INFO:Epoch: 0118 loss_train: 91.7348 acc_train: 0.3961 acc_val: 0.3033
2024-04-20 11:53:03,125:INFO:Epoch: 0119 loss_train: 91.5100 acc_train: 0.4185 acc_val: 0.2869
2024-04-20 11:53:07,738:INFO:Epoch: 0120 loss_train: 90.6742 acc_train: 0.4175 acc_val: 0.2746
2024-04-20 11:53:12,380:INFO:Epoch: 0121 loss_train: 90.1529 acc_train: 0.4092 acc_val: 0.2705
2024-04-20 11:53:17,008:INFO:Epoch: 0122 loss_train: 90.6105 acc_train: 0.3982 acc_val: 0.2705
2024-04-20 11:53:21,657:INFO:Epoch: 0123 loss_train: 90.6129 acc_train: 0.4107 acc_val: 0.2623
2024-04-20 11:53:26,277:INFO:Epoch: 0124 loss_train: 90.8257 acc_train: 0.4055 acc_val: 0.2582
2024-04-20 11:53:30,960:INFO:Epoch: 0125 loss_train: 90.7053 acc_train: 0.4185 acc_val: 0.2992
2024-04-20 11:53:35,571:INFO:Epoch: 0126 loss_train: 90.4097 acc_train: 0.4248 acc_val: 0.2418
2024-04-20 11:53:40,184:INFO:Epoch: 0127 loss_train: 90.6026 acc_train: 0.4191 acc_val: 0.2623
2024-04-20 11:53:44,810:INFO:Epoch: 0128 loss_train: 89.5454 acc_train: 0.4144 acc_val: 0.2500
2024-04-20 11:53:49,421:INFO:Epoch: 0129 loss_train: 89.7200 acc_train: 0.4321 acc_val: 0.2500
2024-04-20 11:53:54,096:INFO:Epoch: 0130 loss_train: 89.9685 acc_train: 0.4170 acc_val: 0.2787
2024-04-20 11:53:58,714:INFO:Epoch: 0131 loss_train: 89.4312 acc_train: 0.4222 acc_val: 0.2828
2024-04-20 11:54:03,701:INFO:Epoch: 0132 loss_train: 88.4770 acc_train: 0.4274 acc_val: 0.2787
2024-04-20 11:54:08,317:INFO:Epoch: 0133 loss_train: 88.2786 acc_train: 0.4253 acc_val: 0.2828
2024-04-20 11:54:12,936:INFO:Epoch: 0134 loss_train: 88.0695 acc_train: 0.4269 acc_val: 0.3033
2024-04-20 11:54:17,553:INFO:Epoch: 0135 loss_train: 89.0185 acc_train: 0.4243 acc_val: 0.2951
2024-04-20 11:54:22,175:INFO:Epoch: 0136 loss_train: 87.5625 acc_train: 0.4321 acc_val: 0.2377
2024-04-20 11:54:26,788:INFO:Epoch: 0137 loss_train: 87.6788 acc_train: 0.4326 acc_val: 0.2869
2024-04-20 11:54:31,488:INFO:Epoch: 0138 loss_train: 87.6569 acc_train: 0.4352 acc_val: 0.2623
2024-04-20 11:54:36,090:INFO:Epoch: 0139 loss_train: 88.3013 acc_train: 0.4430 acc_val: 0.2910
2024-04-20 11:54:40,797:INFO:Epoch: 0140 loss_train: 90.0360 acc_train: 0.4107 acc_val: 0.2705
2024-04-20 11:54:45,604:INFO:Epoch: 0141 loss_train: 89.4842 acc_train: 0.4388 acc_val: 0.2787
2024-04-20 11:54:50,207:INFO:Epoch: 0142 loss_train: 87.4757 acc_train: 0.4289 acc_val: 0.2664
2024-04-20 11:54:54,854:INFO:Epoch: 0143 loss_train: 89.2618 acc_train: 0.4347 acc_val: 0.2500
2024-04-20 11:54:59,464:INFO:Epoch: 0144 loss_train: 86.7603 acc_train: 0.4446 acc_val: 0.2664
2024-04-20 11:55:04,170:INFO:Epoch: 0145 loss_train: 86.4820 acc_train: 0.4456 acc_val: 0.2213
2024-04-20 11:55:08,784:INFO:Epoch: 0146 loss_train: 87.0295 acc_train: 0.4524 acc_val: 0.2869
2024-04-20 11:55:13,391:INFO:Epoch: 0147 loss_train: 87.9562 acc_train: 0.4492 acc_val: 0.2787
2024-04-20 11:55:18,066:INFO:Epoch: 0148 loss_train: 86.8787 acc_train: 0.4498 acc_val: 0.2705
2024-04-20 11:55:22,663:INFO:Epoch: 0149 loss_train: 88.1817 acc_train: 0.4430 acc_val: 0.2787
2024-04-20 11:55:27,256:INFO:Epoch: 0150 loss_train: 86.9420 acc_train: 0.4461 acc_val: 0.2623
2024-04-20 11:55:31,915:INFO:Epoch: 0151 loss_train: 87.3392 acc_train: 0.4508 acc_val: 0.2705
2024-04-20 11:55:36,526:INFO:Epoch: 0152 loss_train: 88.1143 acc_train: 0.4513 acc_val: 0.2951
2024-04-20 11:55:41,135:INFO:Epoch: 0153 loss_train: 87.8930 acc_train: 0.4492 acc_val: 0.2582
2024-04-20 11:55:45,726:INFO:Epoch: 0154 loss_train: 85.1059 acc_train: 0.4399 acc_val: 0.2746
2024-04-20 11:55:50,327:INFO:Epoch: 0155 loss_train: 85.3922 acc_train: 0.4446 acc_val: 0.2705
2024-04-20 11:55:54,916:INFO:Epoch: 0156 loss_train: 86.1202 acc_train: 0.4545 acc_val: 0.2951
2024-04-20 11:55:59,504:INFO:Epoch: 0157 loss_train: 85.2236 acc_train: 0.4492 acc_val: 0.2787
2024-04-20 11:56:04,101:INFO:Epoch: 0158 loss_train: 85.7519 acc_train: 0.4487 acc_val: 0.2828
2024-04-20 11:56:08,691:INFO:Epoch: 0159 loss_train: 84.3078 acc_train: 0.4602 acc_val: 0.2828
2024-04-20 11:56:13,282:INFO:Epoch: 0160 loss_train: 85.2827 acc_train: 0.4607 acc_val: 0.2828
2024-04-20 11:56:17,870:INFO:Epoch: 0161 loss_train: 86.1649 acc_train: 0.4492 acc_val: 0.2582
2024-04-20 11:56:22,488:INFO:Epoch: 0162 loss_train: 85.1797 acc_train: 0.4394 acc_val: 0.2992
2024-04-20 11:56:27,101:INFO:Epoch: 0163 loss_train: 86.5692 acc_train: 0.4357 acc_val: 0.2500
2024-04-20 11:56:31,719:INFO:Epoch: 0164 loss_train: 84.4835 acc_train: 0.4565 acc_val: 0.2623
2024-04-20 11:56:37,359:INFO:Epoch: 0165 loss_train: 85.8168 acc_train: 0.4591 acc_val: 0.2541
2024-04-20 11:56:42,002:INFO:Epoch: 0166 loss_train: 85.3756 acc_train: 0.4456 acc_val: 0.2828
2024-04-20 11:56:46,603:INFO:Epoch: 0167 loss_train: 84.4477 acc_train: 0.4643 acc_val: 0.2664
2024-04-20 11:56:51,215:INFO:Epoch: 0168 loss_train: 84.8980 acc_train: 0.4649 acc_val: 0.2910
2024-04-20 11:56:55,830:INFO:Epoch: 0169 loss_train: 83.2880 acc_train: 0.4721 acc_val: 0.2705
2024-04-20 11:57:00,466:INFO:Epoch: 0170 loss_train: 83.1927 acc_train: 0.4737 acc_val: 0.2459
2024-04-20 11:57:05,097:INFO:Epoch: 0171 loss_train: 84.8887 acc_train: 0.4607 acc_val: 0.2951
2024-04-20 11:57:09,887:INFO:Epoch: 0172 loss_train: 86.2949 acc_train: 0.4404 acc_val: 0.2664
2024-04-20 11:57:14,491:INFO:Epoch: 0173 loss_train: 85.1850 acc_train: 0.4545 acc_val: 0.2459
2024-04-20 11:57:14,494:INFO:PATIENCE THRESHOLD PASSED; DETECTED OVERFITTING
2024-04-20 11:57:19,113:INFO:Epoch: 0174 loss_train: 85.0314 acc_train: 0.4388 acc_val: 0.2705
2024-04-20 11:57:23,729:INFO:Epoch: 0175 loss_train: 85.5108 acc_train: 0.4675 acc_val: 0.2992
2024-04-20 11:57:28,327:INFO:Epoch: 0176 loss_train: 84.5590 acc_train: 0.4727 acc_val: 0.2500
2024-04-20 11:57:32,964:INFO:Epoch: 0177 loss_train: 83.4679 acc_train: 0.4675 acc_val: 0.2910
2024-04-20 11:57:37,564:INFO:Epoch: 0178 loss_train: 83.6595 acc_train: 0.4529 acc_val: 0.2746
2024-04-20 11:57:42,186:INFO:Epoch: 0179 loss_train: 82.6206 acc_train: 0.4727 acc_val: 0.2664
2024-04-20 11:57:46,836:INFO:Epoch: 0180 loss_train: 83.2266 acc_train: 0.4664 acc_val: 0.2869
2024-04-20 11:57:51,451:INFO:Epoch: 0181 loss_train: 84.1904 acc_train: 0.4690 acc_val: 0.2664
2024-04-20 11:57:56,056:INFO:Epoch: 0182 loss_train: 82.6376 acc_train: 0.4654 acc_val: 0.2541
2024-04-20 11:58:00,810:INFO:Epoch: 0183 loss_train: 83.9994 acc_train: 0.4763 acc_val: 0.2500
2024-04-20 11:58:05,415:INFO:Epoch: 0184 loss_train: 82.8126 acc_train: 0.4721 acc_val: 0.2705
2024-04-20 11:58:10,118:INFO:Epoch: 0185 loss_train: 81.9044 acc_train: 0.4774 acc_val: 0.2787
2024-04-20 11:58:14,784:INFO:Epoch: 0186 loss_train: 82.7645 acc_train: 0.4841 acc_val: 0.2910
2024-04-20 11:58:20,264:INFO:Epoch: 0187 loss_train: 81.3214 acc_train: 0.4690 acc_val: 0.3033
2024-04-20 11:58:24,858:INFO:Epoch: 0188 loss_train: 84.0714 acc_train: 0.4758 acc_val: 0.3033
2024-04-20 11:58:29,443:INFO:Epoch: 0189 loss_train: 83.0940 acc_train: 0.4680 acc_val: 0.2951
2024-04-20 11:58:34,074:INFO:Epoch: 0190 loss_train: 81.8318 acc_train: 0.4789 acc_val: 0.2951
2024-04-20 11:58:38,670:INFO:Epoch: 0191 loss_train: 80.9264 acc_train: 0.4820 acc_val: 0.2992
2024-04-20 11:58:43,274:INFO:Epoch: 0192 loss_train: 82.7297 acc_train: 0.4888 acc_val: 0.2828
2024-04-20 11:58:47,867:INFO:Epoch: 0193 loss_train: 83.0863 acc_train: 0.4654 acc_val: 0.2869
2024-04-20 11:58:52,465:INFO:Epoch: 0194 loss_train: 81.1784 acc_train: 0.4820 acc_val: 0.2951
2024-04-20 11:58:57,060:INFO:Epoch: 0195 loss_train: 83.2114 acc_train: 0.4805 acc_val: 0.2500
2024-04-20 11:59:01,689:INFO:Epoch: 0196 loss_train: 83.4763 acc_train: 0.4690 acc_val: 0.2705
2024-04-20 11:59:06,303:INFO:Epoch: 0197 loss_train: 83.1357 acc_train: 0.4831 acc_val: 0.2582
2024-04-20 11:59:10,912:INFO:Epoch: 0198 loss_train: 82.0103 acc_train: 0.4919 acc_val: 0.2828
2024-04-20 11:59:15,510:INFO:Epoch: 0199 loss_train: 80.9173 acc_train: 0.4826 acc_val: 0.2910
2024-04-20 11:59:20,104:INFO:Epoch: 0200 loss_train: 82.3887 acc_train: 0.4925 acc_val: 0.2623
2024-04-20 11:59:24,703:INFO:Epoch: 0201 loss_train: 80.6640 acc_train: 0.4836 acc_val: 0.2664
2024-04-20 11:59:29,519:INFO:Epoch: 0202 loss_train: 80.2883 acc_train: 0.4820 acc_val: 0.2500
2024-04-20 11:59:34,113:INFO:Epoch: 0203 loss_train: 83.0540 acc_train: 0.4753 acc_val: 0.2705
2024-04-20 11:59:38,720:INFO:Epoch: 0204 loss_train: 79.3813 acc_train: 0.4883 acc_val: 0.2869
2024-04-20 11:59:43,330:INFO:Epoch: 0205 loss_train: 82.4015 acc_train: 0.4810 acc_val: 0.2787
2024-04-20 11:59:47,928:INFO:Epoch: 0206 loss_train: 80.6045 acc_train: 0.4914 acc_val: 0.2869
2024-04-20 11:59:52,534:INFO:Epoch: 0207 loss_train: 79.1381 acc_train: 0.4982 acc_val: 0.3033
2024-04-20 11:59:57,129:INFO:Epoch: 0208 loss_train: 79.4878 acc_train: 0.4898 acc_val: 0.2992
2024-04-20 12:00:01,740:INFO:Epoch: 0209 loss_train: 82.3124 acc_train: 0.4789 acc_val: 0.2910
2024-04-20 12:00:06,507:INFO:Epoch: 0210 loss_train: 81.6276 acc_train: 0.4649 acc_val: 0.2787
2024-04-20 12:00:11,446:INFO:Epoch: 0211 loss_train: 79.6832 acc_train: 0.4883 acc_val: 0.2828
2024-04-20 12:00:16,106:INFO:Epoch: 0212 loss_train: 79.6142 acc_train: 0.4883 acc_val: 0.2910
2024-04-20 12:00:20,772:INFO:Epoch: 0213 loss_train: 79.5564 acc_train: 0.4904 acc_val: 0.2828
2024-04-20 12:00:25,429:INFO:Epoch: 0214 loss_train: 79.5311 acc_train: 0.4945 acc_val: 0.2910
2024-04-20 12:00:30,083:INFO:Epoch: 0215 loss_train: 78.2859 acc_train: 0.5018 acc_val: 0.2746
2024-04-20 12:00:34,874:INFO:Epoch: 0216 loss_train: 78.1400 acc_train: 0.4919 acc_val: 0.2787
2024-04-20 12:00:39,539:INFO:Epoch: 0217 loss_train: 78.2505 acc_train: 0.5003 acc_val: 0.2746
2024-04-20 12:00:44,208:INFO:Epoch: 0218 loss_train: 78.1959 acc_train: 0.5081 acc_val: 0.2582
2024-04-20 12:00:48,859:INFO:Epoch: 0219 loss_train: 79.3330 acc_train: 0.4997 acc_val: 0.2705
2024-04-20 12:00:53,512:INFO:Epoch: 0220 loss_train: 80.3914 acc_train: 0.4914 acc_val: 0.2664
2024-04-20 12:00:58,188:INFO:Epoch: 0221 loss_train: 77.4788 acc_train: 0.5039 acc_val: 0.2664
2024-04-20 12:01:03,055:INFO:Epoch: 0222 loss_train: 78.0128 acc_train: 0.5029 acc_val: 0.2623
2024-04-20 12:01:07,766:INFO:Epoch: 0223 loss_train: 78.4256 acc_train: 0.4987 acc_val: 0.2828
2024-04-20 12:01:12,450:INFO:Epoch: 0224 loss_train: 76.9024 acc_train: 0.5039 acc_val: 0.2295
2024-04-20 12:01:17,130:INFO:Epoch: 0225 loss_train: 78.1207 acc_train: 0.5044 acc_val: 0.2910
2024-04-20 12:01:21,866:INFO:Epoch: 0226 loss_train: 79.1956 acc_train: 0.4867 acc_val: 0.2951
2024-04-20 12:01:26,789:INFO:Epoch: 0227 loss_train: 77.8623 acc_train: 0.5091 acc_val: 0.3033
2024-04-20 12:01:31,461:INFO:Epoch: 0228 loss_train: 76.9295 acc_train: 0.5055 acc_val: 0.2418
2024-04-20 12:01:36,110:INFO:Epoch: 0229 loss_train: 80.0387 acc_train: 0.5055 acc_val: 0.2582
2024-04-20 12:01:40,808:INFO:Epoch: 0230 loss_train: 81.0420 acc_train: 0.4862 acc_val: 0.2828
2024-04-20 12:01:45,537:INFO:Epoch: 0231 loss_train: 78.3625 acc_train: 0.4977 acc_val: 0.2664
2024-04-20 12:01:50,206:INFO:Epoch: 0232 loss_train: 79.0721 acc_train: 0.5039 acc_val: 0.2500
2024-04-20 12:01:54,877:INFO:Epoch: 0233 loss_train: 76.8997 acc_train: 0.5029 acc_val: 0.2787
2024-04-20 12:01:59,551:INFO:Epoch: 0234 loss_train: 77.1843 acc_train: 0.5044 acc_val: 0.2705
2024-04-20 12:02:04,423:INFO:Epoch: 0235 loss_train: 77.8627 acc_train: 0.4997 acc_val: 0.2541
2024-04-20 12:02:09,108:INFO:Epoch: 0236 loss_train: 77.4463 acc_train: 0.5065 acc_val: 0.2746
2024-04-20 12:02:13,788:INFO:Epoch: 0237 loss_train: 76.3143 acc_train: 0.5164 acc_val: 0.2746
2024-04-20 12:02:18,467:INFO:Epoch: 0238 loss_train: 75.9486 acc_train: 0.5096 acc_val: 0.2623
2024-04-20 12:02:23,167:INFO:Epoch: 0239 loss_train: 79.6335 acc_train: 0.5086 acc_val: 0.2828
2024-04-20 12:02:27,882:INFO:Epoch: 0240 loss_train: 78.9370 acc_train: 0.5055 acc_val: 0.2828
2024-04-20 12:02:32,565:INFO:Epoch: 0241 loss_train: 77.2228 acc_train: 0.5081 acc_val: 0.2541
2024-04-20 12:02:37,247:INFO:Epoch: 0242 loss_train: 78.9365 acc_train: 0.5128 acc_val: 0.2705
2024-04-20 12:02:41,931:INFO:Epoch: 0243 loss_train: 78.5378 acc_train: 0.4919 acc_val: 0.2828
2024-04-20 12:02:46,601:INFO:Epoch: 0244 loss_train: 76.9202 acc_train: 0.5096 acc_val: 0.2705
2024-04-20 12:02:51,294:INFO:Epoch: 0245 loss_train: 76.4355 acc_train: 0.5102 acc_val: 0.2828
2024-04-20 12:02:55,991:INFO:Epoch: 0246 loss_train: 76.7879 acc_train: 0.5091 acc_val: 0.2541
2024-04-20 12:03:00,767:INFO:Epoch: 0247 loss_train: 76.9214 acc_train: 0.5190 acc_val: 0.2582
2024-04-20 12:03:05,532:INFO:Epoch: 0248 loss_train: 76.1230 acc_train: 0.5112 acc_val: 0.2582
2024-04-20 12:03:10,303:INFO:Epoch: 0249 loss_train: 75.0832 acc_train: 0.5206 acc_val: 0.2705
2024-04-20 12:03:15,085:INFO:Epoch: 0250 loss_train: 76.0323 acc_train: 0.5216 acc_val: 0.2787
2024-04-20 12:03:19,888:INFO:Epoch: 0251 loss_train: 78.3275 acc_train: 0.5284 acc_val: 0.2787
2024-04-20 12:03:24,709:INFO:Epoch: 0252 loss_train: 79.7551 acc_train: 0.4867 acc_val: 0.2951
2024-04-20 12:03:29,488:INFO:Epoch: 0253 loss_train: 76.2011 acc_train: 0.5268 acc_val: 0.2869
2024-04-20 12:03:34,305:INFO:Epoch: 0254 loss_train: 74.9495 acc_train: 0.5169 acc_val: 0.2500
2024-04-20 12:03:39,114:INFO:Epoch: 0255 loss_train: 76.4439 acc_train: 0.5221 acc_val: 0.2705
2024-04-20 12:03:43,885:INFO:Epoch: 0256 loss_train: 75.7563 acc_train: 0.5112 acc_val: 0.2746
2024-04-20 12:03:48,653:INFO:Epoch: 0257 loss_train: 75.6464 acc_train: 0.5279 acc_val: 0.2869
2024-04-20 12:03:53,386:INFO:Epoch: 0258 loss_train: 76.6368 acc_train: 0.4982 acc_val: 0.2705
2024-04-20 12:03:58,238:INFO:Epoch: 0259 loss_train: 75.9627 acc_train: 0.5211 acc_val: 0.2623
2024-04-20 12:04:03,029:INFO:Epoch: 0260 loss_train: 77.8341 acc_train: 0.4940 acc_val: 0.2869
2024-04-20 12:04:07,854:INFO:Epoch: 0261 loss_train: 76.2342 acc_train: 0.5164 acc_val: 0.2910
2024-04-20 12:04:12,882:INFO:Epoch: 0262 loss_train: 76.8697 acc_train: 0.4987 acc_val: 0.3156
2024-04-20 12:04:17,674:INFO:Epoch: 0263 loss_train: 74.9479 acc_train: 0.5268 acc_val: 0.2664
2024-04-20 12:04:22,473:INFO:Epoch: 0264 loss_train: 76.5251 acc_train: 0.5133 acc_val: 0.2705
2024-04-20 12:04:27,295:INFO:Epoch: 0265 loss_train: 78.8853 acc_train: 0.5128 acc_val: 0.2787
2024-04-20 12:04:32,093:INFO:Epoch: 0266 loss_train: 74.3972 acc_train: 0.5216 acc_val: 0.2664
2024-04-20 12:04:36,862:INFO:Epoch: 0267 loss_train: 75.7982 acc_train: 0.5299 acc_val: 0.2787
2024-04-20 12:04:41,638:INFO:Epoch: 0268 loss_train: 84.5199 acc_train: 0.4576 acc_val: 0.2500
2024-04-20 12:04:46,755:INFO:Epoch: 0269 loss_train: 78.2182 acc_train: 0.4883 acc_val: 0.2705
2024-04-20 12:04:51,547:INFO:Epoch: 0270 loss_train: 76.2297 acc_train: 0.5086 acc_val: 0.2746
2024-04-20 12:04:56,751:INFO:Epoch: 0271 loss_train: 76.7864 acc_train: 0.5232 acc_val: 0.2787
2024-04-20 12:05:01,729:INFO:Epoch: 0272 loss_train: 76.0080 acc_train: 0.5362 acc_val: 0.2869
2024-04-20 12:05:06,628:INFO:Epoch: 0273 loss_train: 76.0513 acc_train: 0.5195 acc_val: 0.2910
2024-04-20 12:05:11,470:INFO:Epoch: 0274 loss_train: 75.0480 acc_train: 0.5226 acc_val: 0.2582
2024-04-20 12:05:16,256:INFO:Epoch: 0275 loss_train: 74.8553 acc_train: 0.5299 acc_val: 0.2623
2024-04-20 12:05:21,068:INFO:Epoch: 0276 loss_train: 74.6733 acc_train: 0.5232 acc_val: 0.2828
2024-04-20 12:05:25,870:INFO:Epoch: 0277 loss_train: 75.7813 acc_train: 0.5102 acc_val: 0.2746
2024-04-20 12:05:30,676:INFO:Epoch: 0278 loss_train: 73.9717 acc_train: 0.5200 acc_val: 0.2664
2024-04-20 12:05:35,508:INFO:Epoch: 0279 loss_train: 72.7014 acc_train: 0.5216 acc_val: 0.2541
2024-04-20 12:05:40,337:INFO:Epoch: 0280 loss_train: 74.6497 acc_train: 0.5195 acc_val: 0.2992
2024-04-20 12:05:45,140:INFO:Epoch: 0281 loss_train: 76.5760 acc_train: 0.5143 acc_val: 0.2746
2024-04-20 12:05:49,975:INFO:Epoch: 0282 loss_train: 75.4753 acc_train: 0.5263 acc_val: 0.2992
2024-04-20 12:05:54,768:INFO:Epoch: 0283 loss_train: 74.7894 acc_train: 0.5279 acc_val: 0.2992
2024-04-20 12:05:59,569:INFO:Epoch: 0284 loss_train: 73.8721 acc_train: 0.5237 acc_val: 0.2787
2024-04-20 12:06:04,379:INFO:Epoch: 0285 loss_train: 74.9267 acc_train: 0.5377 acc_val: 0.2910
2024-04-20 12:06:09,168:INFO:Epoch: 0286 loss_train: 73.6988 acc_train: 0.5320 acc_val: 0.2910
2024-04-20 12:06:13,945:INFO:Epoch: 0287 loss_train: 72.6512 acc_train: 0.5325 acc_val: 0.2500
2024-04-20 12:06:18,741:INFO:Epoch: 0288 loss_train: 72.6616 acc_train: 0.5403 acc_val: 0.2992
2024-04-20 12:06:23,523:INFO:Epoch: 0289 loss_train: 72.4768 acc_train: 0.5383 acc_val: 0.2869
2024-04-20 12:06:28,294:INFO:Epoch: 0290 loss_train: 72.3806 acc_train: 0.5346 acc_val: 0.2869
2024-04-20 12:06:33,107:INFO:Epoch: 0291 loss_train: 72.7293 acc_train: 0.5435 acc_val: 0.2746
2024-04-20 12:06:37,879:INFO:Epoch: 0292 loss_train: 75.7589 acc_train: 0.5138 acc_val: 0.2705
2024-04-20 12:06:42,659:INFO:Epoch: 0293 loss_train: 73.2705 acc_train: 0.5258 acc_val: 0.3074
2024-04-20 12:06:47,335:INFO:Epoch: 0294 loss_train: 74.6372 acc_train: 0.5362 acc_val: 0.2746
2024-04-20 12:06:52,089:INFO:Epoch: 0295 loss_train: 74.1616 acc_train: 0.5336 acc_val: 0.2828
2024-04-20 12:06:56,673:INFO:Epoch: 0296 loss_train: 74.5574 acc_train: 0.5258 acc_val: 0.2582
2024-04-20 12:07:01,260:INFO:Epoch: 0297 loss_train: 75.8549 acc_train: 0.5065 acc_val: 0.2623
2024-04-20 12:07:05,969:INFO:Epoch: 0298 loss_train: 75.1779 acc_train: 0.5159 acc_val: 0.2992
2024-04-20 12:07:10,632:INFO:Epoch: 0299 loss_train: 72.4881 acc_train: 0.5424 acc_val: 0.2869
2024-04-20 12:07:15,231:INFO:Epoch: 0300 loss_train: 73.2276 acc_train: 0.5320 acc_val: 0.2869
2024-04-20 12:07:20,726:INFO:Epoch: 0301 loss_train: 72.3525 acc_train: 0.5357 acc_val: 0.2951
2024-04-20 12:07:25,397:INFO:Epoch: 0302 loss_train: 73.8682 acc_train: 0.5180 acc_val: 0.2951
2024-04-20 12:07:29,986:INFO:Epoch: 0303 loss_train: 73.3895 acc_train: 0.5211 acc_val: 0.2664
2024-04-20 12:07:34,595:INFO:Epoch: 0304 loss_train: 73.4422 acc_train: 0.5299 acc_val: 0.2746
2024-04-20 12:07:39,552:INFO:Epoch: 0305 loss_train: 76.2673 acc_train: 0.5029 acc_val: 0.2705
2024-04-20 12:07:44,221:INFO:Epoch: 0306 loss_train: 72.6747 acc_train: 0.5211 acc_val: 0.2541
2024-04-20 12:07:48,816:INFO:Epoch: 0307 loss_train: 73.0968 acc_train: 0.5252 acc_val: 0.2828
2024-04-20 12:07:53,438:INFO:Epoch: 0308 loss_train: 75.4373 acc_train: 0.5294 acc_val: 0.2992
2024-04-20 12:07:58,025:INFO:Epoch: 0309 loss_train: 73.1875 acc_train: 0.5362 acc_val: 0.2787
2024-04-20 12:08:02,624:INFO:Epoch: 0310 loss_train: 72.5228 acc_train: 0.5372 acc_val: 0.2623
2024-04-20 12:08:07,227:INFO:Epoch: 0311 loss_train: 72.0609 acc_train: 0.5346 acc_val: 0.2746
2024-04-20 12:08:11,867:INFO:Epoch: 0312 loss_train: 72.5989 acc_train: 0.5263 acc_val: 0.2623
2024-04-20 12:08:16,512:INFO:Epoch: 0313 loss_train: 71.9678 acc_train: 0.5357 acc_val: 0.2951
2024-04-20 12:08:21,103:INFO:Epoch: 0314 loss_train: 72.4354 acc_train: 0.5310 acc_val: 0.3156
2024-04-20 12:08:25,744:INFO:Epoch: 0315 loss_train: 73.1552 acc_train: 0.5367 acc_val: 0.2828
2024-04-20 12:08:30,343:INFO:Epoch: 0316 loss_train: 73.0390 acc_train: 0.5377 acc_val: 0.2992
2024-04-20 12:08:34,948:INFO:Epoch: 0317 loss_train: 72.6174 acc_train: 0.5232 acc_val: 0.2787
2024-04-20 12:08:39,549:INFO:Epoch: 0318 loss_train: 71.6728 acc_train: 0.5320 acc_val: 0.3279
2024-04-20 12:08:44,150:INFO:Epoch: 0319 loss_train: 71.5320 acc_train: 0.5273 acc_val: 0.2828
2024-04-20 12:08:48,749:INFO:Epoch: 0320 loss_train: 71.6797 acc_train: 0.5461 acc_val: 0.3074
2024-04-20 12:08:53,352:INFO:Epoch: 0321 loss_train: 71.3756 acc_train: 0.5393 acc_val: 0.2787
2024-04-20 12:08:57,950:INFO:Epoch: 0322 loss_train: 71.0223 acc_train: 0.5554 acc_val: 0.2787
2024-04-20 12:09:02,718:INFO:Epoch: 0323 loss_train: 72.5231 acc_train: 0.5351 acc_val: 0.2787
2024-04-20 12:09:07,318:INFO:Epoch: 0324 loss_train: 71.4088 acc_train: 0.5403 acc_val: 0.2705
2024-04-20 12:09:11,932:INFO:Epoch: 0325 loss_train: 73.4194 acc_train: 0.5357 acc_val: 0.2664
2024-04-20 12:09:16,542:INFO:Epoch: 0326 loss_train: 73.5812 acc_train: 0.5268 acc_val: 0.2951
2024-04-20 12:09:21,388:INFO:Epoch: 0327 loss_train: 70.6297 acc_train: 0.5445 acc_val: 0.2992
2024-04-20 12:09:25,979:INFO:Epoch: 0328 loss_train: 70.1723 acc_train: 0.5528 acc_val: 0.2951
2024-04-20 12:09:30,575:INFO:Epoch: 0329 loss_train: 71.0537 acc_train: 0.5445 acc_val: 0.2664
2024-04-20 12:09:35,176:INFO:Epoch: 0330 loss_train: 70.8594 acc_train: 0.5393 acc_val: 0.2869
2024-04-20 12:09:39,784:INFO:Epoch: 0331 loss_train: 71.2639 acc_train: 0.5429 acc_val: 0.2869
2024-04-20 12:09:44,438:INFO:Epoch: 0332 loss_train: 73.5757 acc_train: 0.5388 acc_val: 0.2869
2024-04-20 12:09:49,126:INFO:Epoch: 0333 loss_train: 72.4082 acc_train: 0.5414 acc_val: 0.2869
2024-04-20 12:09:53,738:INFO:Epoch: 0334 loss_train: 76.7764 acc_train: 0.5226 acc_val: 0.2746
2024-04-20 12:09:58,377:INFO:Epoch: 0335 loss_train: 72.5139 acc_train: 0.5383 acc_val: 0.2828
2024-04-20 12:10:03,154:INFO:Epoch: 0336 loss_train: 70.4471 acc_train: 0.5393 acc_val: 0.2951
2024-04-20 12:10:07,820:INFO:Epoch: 0337 loss_train: 70.2992 acc_train: 0.5528 acc_val: 0.2910
2024-04-20 12:10:12,479:INFO:Epoch: 0338 loss_train: 74.5578 acc_train: 0.5528 acc_val: 0.2746
2024-04-20 12:10:17,148:INFO:Epoch: 0339 loss_train: 77.0620 acc_train: 0.5154 acc_val: 0.2951
2024-04-20 12:10:21,821:INFO:Epoch: 0340 loss_train: 72.1206 acc_train: 0.5393 acc_val: 0.2951
2024-04-20 12:10:26,550:INFO:Epoch: 0341 loss_train: 72.3574 acc_train: 0.5331 acc_val: 0.2951
2024-04-20 12:10:31,265:INFO:Epoch: 0342 loss_train: 72.5303 acc_train: 0.5471 acc_val: 0.3115
2024-04-20 12:10:36,305:INFO:Epoch: 0343 loss_train: 76.7694 acc_train: 0.5268 acc_val: 0.3156
2024-04-20 12:10:40,955:INFO:Epoch: 0344 loss_train: 70.8966 acc_train: 0.5565 acc_val: 0.2992
2024-04-20 12:10:45,775:INFO:Epoch: 0345 loss_train: 71.7076 acc_train: 0.5351 acc_val: 0.3033
2024-04-20 12:10:50,481:INFO:Epoch: 0346 loss_train: 70.9608 acc_train: 0.5455 acc_val: 0.2869
2024-04-20 12:10:55,180:INFO:Epoch: 0347 loss_train: 71.7855 acc_train: 0.5539 acc_val: 0.2992
2024-04-20 12:10:59,826:INFO:Epoch: 0348 loss_train: 69.6120 acc_train: 0.5601 acc_val: 0.2869
2024-04-20 12:11:04,482:INFO:Epoch: 0349 loss_train: 69.8133 acc_train: 0.5575 acc_val: 0.2910
2024-04-20 12:11:09,312:INFO:Epoch: 0350 loss_train: 72.8560 acc_train: 0.5372 acc_val: 0.2828
2024-04-20 12:11:13,983:INFO:Epoch: 0351 loss_train: 69.8061 acc_train: 0.5518 acc_val: 0.3115
2024-04-20 12:11:18,634:INFO:Epoch: 0352 loss_train: 72.9066 acc_train: 0.5383 acc_val: 0.2910
2024-04-20 12:11:23,298:INFO:Epoch: 0353 loss_train: 71.9011 acc_train: 0.5508 acc_val: 0.3156
2024-04-20 12:11:27,959:INFO:Epoch: 0354 loss_train: 70.1553 acc_train: 0.5497 acc_val: 0.2910
2024-04-20 12:11:32,924:INFO:Epoch: 0355 loss_train: 70.9172 acc_train: 0.5450 acc_val: 0.3033
2024-04-20 12:11:37,583:INFO:Epoch: 0356 loss_train: 72.5327 acc_train: 0.5357 acc_val: 0.2992
2024-04-20 12:11:42,246:INFO:Epoch: 0357 loss_train: 72.1894 acc_train: 0.5492 acc_val: 0.2828
2024-04-20 12:11:46,939:INFO:Epoch: 0358 loss_train: 74.8670 acc_train: 0.5226 acc_val: 0.3033
2024-04-20 12:11:51,656:INFO:Epoch: 0359 loss_train: 70.1978 acc_train: 0.5461 acc_val: 0.3115
2024-04-20 12:11:56,321:INFO:Epoch: 0360 loss_train: 70.3098 acc_train: 0.5570 acc_val: 0.2828
2024-04-20 12:12:01,151:INFO:Epoch: 0361 loss_train: 70.8050 acc_train: 0.5596 acc_val: 0.2910
2024-04-20 12:12:05,921:INFO:Epoch: 0362 loss_train: 72.6529 acc_train: 0.5497 acc_val: 0.3033
2024-04-20 12:12:10,548:INFO:Epoch: 0363 loss_train: 71.9008 acc_train: 0.5377 acc_val: 0.2828
2024-04-20 12:12:15,148:INFO:Epoch: 0364 loss_train: 70.7941 acc_train: 0.5528 acc_val: 0.3033
2024-04-20 12:12:19,803:INFO:Epoch: 0365 loss_train: 69.9164 acc_train: 0.5523 acc_val: 0.2992
2024-04-20 12:12:24,404:INFO:Epoch: 0366 loss_train: 69.3786 acc_train: 0.5544 acc_val: 0.2910
2024-04-20 12:12:29,030:INFO:Epoch: 0367 loss_train: 71.3423 acc_train: 0.5513 acc_val: 0.2992
2024-04-20 12:12:33,619:INFO:Epoch: 0368 loss_train: 73.9311 acc_train: 0.5440 acc_val: 0.3033
2024-04-20 12:12:38,191:INFO:Epoch: 0369 loss_train: 75.2604 acc_train: 0.5065 acc_val: 0.2828
2024-04-20 12:12:42,768:INFO:Epoch: 0370 loss_train: 69.9403 acc_train: 0.5508 acc_val: 0.3074
2024-04-20 12:12:47,401:INFO:Epoch: 0371 loss_train: 70.9140 acc_train: 0.5502 acc_val: 0.2992
2024-04-20 12:12:52,025:INFO:Epoch: 0372 loss_train: 69.3768 acc_train: 0.5601 acc_val: 0.3156
2024-04-20 12:12:56,600:INFO:Epoch: 0373 loss_train: 68.3188 acc_train: 0.5601 acc_val: 0.3115
2024-04-20 12:13:01,189:INFO:Epoch: 0374 loss_train: 68.9704 acc_train: 0.5632 acc_val: 0.3115
2024-04-20 12:13:06,052:INFO:Epoch: 0375 loss_train: 69.9118 acc_train: 0.5518 acc_val: 0.3074
2024-04-20 12:13:10,984:INFO:Epoch: 0376 loss_train: 70.2277 acc_train: 0.5596 acc_val: 0.2951
2024-04-20 12:13:15,594:INFO:Epoch: 0377 loss_train: 70.2655 acc_train: 0.5534 acc_val: 0.3279
2024-04-20 12:13:20,185:INFO:Epoch: 0378 loss_train: 70.0422 acc_train: 0.5565 acc_val: 0.3156
2024-04-20 12:13:24,771:INFO:Epoch: 0379 loss_train: 70.0304 acc_train: 0.5476 acc_val: 0.2992
2024-04-20 12:13:29,341:INFO:Epoch: 0380 loss_train: 68.4479 acc_train: 0.5565 acc_val: 0.3115
2024-04-20 12:13:33,925:INFO:Epoch: 0381 loss_train: 68.0408 acc_train: 0.5534 acc_val: 0.2869
2024-04-20 12:13:38,547:INFO:Epoch: 0382 loss_train: 69.6502 acc_train: 0.5580 acc_val: 0.2951
2024-04-20 12:13:43,354:INFO:Epoch: 0383 loss_train: 71.4997 acc_train: 0.5429 acc_val: 0.3033
2024-04-20 12:13:48,002:INFO:Epoch: 0384 loss_train: 67.7009 acc_train: 0.5622 acc_val: 0.3197
2024-04-20 12:13:52,696:INFO:Epoch: 0385 loss_train: 69.0182 acc_train: 0.5539 acc_val: 0.2910
2024-04-20 12:13:57,291:INFO:Epoch: 0386 loss_train: 68.3144 acc_train: 0.5627 acc_val: 0.2910
2024-04-20 12:14:01,881:INFO:Epoch: 0387 loss_train: 70.1360 acc_train: 0.5549 acc_val: 0.3074
2024-04-20 12:14:06,460:INFO:Epoch: 0388 loss_train: 68.5463 acc_train: 0.5659 acc_val: 0.2787
2024-04-20 12:14:11,412:INFO:Epoch: 0389 loss_train: 68.0514 acc_train: 0.5685 acc_val: 0.3074
2024-04-20 12:14:15,989:INFO:Epoch: 0390 loss_train: 71.9294 acc_train: 0.5492 acc_val: 0.2992
2024-04-20 12:14:20,638:INFO:Epoch: 0391 loss_train: 70.0788 acc_train: 0.5617 acc_val: 0.3033
2024-04-20 12:14:25,390:INFO:Epoch: 0392 loss_train: 69.2060 acc_train: 0.5638 acc_val: 0.2951
2024-04-20 12:14:30,316:INFO:Epoch: 0393 loss_train: 67.9243 acc_train: 0.5648 acc_val: 0.3115
2024-04-20 12:14:35,063:INFO:Epoch: 0394 loss_train: 68.0819 acc_train: 0.5659 acc_val: 0.2910
2024-04-20 12:14:39,767:INFO:Epoch: 0395 loss_train: 68.9753 acc_train: 0.5596 acc_val: 0.2951
2024-04-20 12:14:44,529:INFO:Epoch: 0396 loss_train: 69.0649 acc_train: 0.5497 acc_val: 0.2992
2024-04-20 12:14:49,111:INFO:Epoch: 0397 loss_train: 67.8899 acc_train: 0.5695 acc_val: 0.2992
2024-04-20 12:14:53,687:INFO:Epoch: 0398 loss_train: 68.9501 acc_train: 0.5731 acc_val: 0.3074
2024-04-20 12:14:58,307:INFO:Epoch: 0399 loss_train: 68.7269 acc_train: 0.5450 acc_val: 0.3156
2024-04-20 12:15:02,884:INFO:Epoch: 0400 loss_train: 67.0760 acc_train: 0.5685 acc_val: 0.3033
2024-04-20 12:15:07,463:INFO:Epoch: 0401 loss_train: 66.0654 acc_train: 0.5700 acc_val: 0.3074
2024-04-20 12:15:12,083:INFO:Epoch: 0402 loss_train: 67.9155 acc_train: 0.5846 acc_val: 0.3115
2024-04-20 12:15:16,660:INFO:Epoch: 0403 loss_train: 68.6733 acc_train: 0.5539 acc_val: 0.2951
2024-04-20 12:15:21,235:INFO:Epoch: 0404 loss_train: 67.8522 acc_train: 0.5554 acc_val: 0.2951
2024-04-20 12:15:25,837:INFO:Epoch: 0405 loss_train: 67.9203 acc_train: 0.5752 acc_val: 0.2992
2024-04-20 12:15:30,416:INFO:Epoch: 0406 loss_train: 69.1136 acc_train: 0.5554 acc_val: 0.2869
2024-04-20 12:15:34,989:INFO:Epoch: 0407 loss_train: 68.1061 acc_train: 0.5643 acc_val: 0.2910
2024-04-20 12:15:39,601:INFO:Epoch: 0408 loss_train: 71.3637 acc_train: 0.5554 acc_val: 0.3320
2024-04-20 12:15:44,368:INFO:Epoch: 0409 loss_train: 68.0021 acc_train: 0.5617 acc_val: 0.2992
2024-04-20 12:15:49,027:INFO:Epoch: 0410 loss_train: 68.0142 acc_train: 0.5737 acc_val: 0.3156
2024-04-20 12:15:53,645:INFO:Epoch: 0411 loss_train: 70.7681 acc_train: 0.5476 acc_val: 0.2951
2024-04-20 12:15:58,217:INFO:Epoch: 0412 loss_train: 68.5054 acc_train: 0.5601 acc_val: 0.2992
2024-04-20 12:16:02,794:INFO:Epoch: 0413 loss_train: 67.5222 acc_train: 0.5627 acc_val: 0.2910
2024-04-20 12:16:07,370:INFO:Epoch: 0414 loss_train: 70.3046 acc_train: 0.5539 acc_val: 0.3197
2024-04-20 12:16:12,105:INFO:Epoch: 0415 loss_train: 66.9547 acc_train: 0.5643 acc_val: 0.3156
2024-04-20 12:16:16,683:INFO:Epoch: 0416 loss_train: 66.6479 acc_train: 0.5794 acc_val: 0.2869
2024-04-20 12:16:21,270:INFO:Epoch: 0417 loss_train: 67.6574 acc_train: 0.5544 acc_val: 0.3156
2024-04-20 12:16:25,850:INFO:Epoch: 0418 loss_train: 66.4126 acc_train: 0.5825 acc_val: 0.3074
2024-04-20 12:16:30,470:INFO:Epoch: 0419 loss_train: 69.3407 acc_train: 0.5544 acc_val: 0.2869
2024-04-20 12:16:35,066:INFO:Epoch: 0420 loss_train: 71.0764 acc_train: 0.5659 acc_val: 0.3238
2024-04-20 12:16:39,709:INFO:Epoch: 0421 loss_train: 69.2128 acc_train: 0.5492 acc_val: 0.2951
2024-04-20 12:16:44,317:INFO:Epoch: 0422 loss_train: 70.8889 acc_train: 0.5424 acc_val: 0.2951
2024-04-20 12:16:48,967:INFO:Epoch: 0423 loss_train: 67.1148 acc_train: 0.5862 acc_val: 0.3074
2024-04-20 12:16:53,571:INFO:Epoch: 0424 loss_train: 65.8116 acc_train: 0.5867 acc_val: 0.3156
2024-04-20 12:16:58,172:INFO:Epoch: 0425 loss_train: 66.7249 acc_train: 0.5705 acc_val: 0.3197
2024-04-20 12:17:02,770:INFO:Epoch: 0426 loss_train: 69.7656 acc_train: 0.5799 acc_val: 0.2951
2024-04-20 12:17:07,372:INFO:Epoch: 0427 loss_train: 70.3786 acc_train: 0.5601 acc_val: 0.3074
2024-04-20 12:17:12,048:INFO:Epoch: 0428 loss_train: 66.7852 acc_train: 0.5700 acc_val: 0.3074
2024-04-20 12:17:16,690:INFO:Epoch: 0429 loss_train: 67.8930 acc_train: 0.5773 acc_val: 0.3074
2024-04-20 12:17:21,365:INFO:Epoch: 0430 loss_train: 69.0308 acc_train: 0.5549 acc_val: 0.2910
2024-04-20 12:17:26,035:INFO:Epoch: 0431 loss_train: 84.7410 acc_train: 0.4789 acc_val: 0.3279
2024-04-20 12:17:30,779:INFO:Epoch: 0432 loss_train: 72.7616 acc_train: 0.5383 acc_val: 0.3115
2024-04-20 12:17:35,450:INFO:Epoch: 0433 loss_train: 69.0945 acc_train: 0.5508 acc_val: 0.3238
2024-04-20 12:17:40,117:INFO:Epoch: 0434 loss_train: 69.4015 acc_train: 0.5513 acc_val: 0.3361
2024-04-20 12:17:44,784:INFO:Epoch: 0435 loss_train: 68.2830 acc_train: 0.5445 acc_val: 0.3238
2024-04-20 12:17:49,450:INFO:Epoch: 0436 loss_train: 66.5919 acc_train: 0.5820 acc_val: 0.3279
2024-04-20 12:17:54,236:INFO:Epoch: 0437 loss_train: 67.9798 acc_train: 0.5716 acc_val: 0.3197
2024-04-20 12:17:58,900:INFO:Epoch: 0438 loss_train: 69.0108 acc_train: 0.5685 acc_val: 0.3074
2024-04-20 12:18:03,573:INFO:Epoch: 0439 loss_train: 66.7773 acc_train: 0.5716 acc_val: 0.3115
2024-04-20 12:18:08,237:INFO:Epoch: 0440 loss_train: 65.7688 acc_train: 0.5747 acc_val: 0.2828
2024-04-20 12:18:12,919:INFO:Epoch: 0441 loss_train: 65.2976 acc_train: 0.5836 acc_val: 0.2992
2024-04-20 12:18:17,582:INFO:Epoch: 0442 loss_train: 65.4589 acc_train: 0.5809 acc_val: 0.2869
2024-04-20 12:18:22,426:INFO:Epoch: 0443 loss_train: 66.5597 acc_train: 0.5893 acc_val: 0.3033
2024-04-20 12:18:27,094:INFO:Epoch: 0444 loss_train: 69.5330 acc_train: 0.5653 acc_val: 0.3156
2024-04-20 12:18:31,766:INFO:Epoch: 0445 loss_train: 67.7852 acc_train: 0.5586 acc_val: 0.3115
2024-04-20 12:18:36,480:INFO:Epoch: 0446 loss_train: 67.2532 acc_train: 0.5815 acc_val: 0.3074
2024-04-20 12:18:41,152:INFO:Epoch: 0447 loss_train: 67.8779 acc_train: 0.5627 acc_val: 0.3197
2024-04-20 12:18:45,819:INFO:Epoch: 0448 loss_train: 66.2335 acc_train: 0.5877 acc_val: 0.2951
2024-04-20 12:18:50,544:INFO:Epoch: 0449 loss_train: 66.6794 acc_train: 0.5627 acc_val: 0.2746
2024-04-20 12:18:55,211:INFO:Epoch: 0450 loss_train: 68.4902 acc_train: 0.5695 acc_val: 0.3197
2024-04-20 12:18:59,879:INFO:Epoch: 0451 loss_train: 67.6892 acc_train: 0.5643 acc_val: 0.3033
2024-04-20 12:19:04,553:INFO:Epoch: 0452 loss_train: 64.9025 acc_train: 0.5794 acc_val: 0.3197
2024-04-20 12:19:09,227:INFO:Epoch: 0453 loss_train: 64.7379 acc_train: 0.5841 acc_val: 0.3115
2024-04-20 12:19:13,892:INFO:Epoch: 0454 loss_train: 64.6239 acc_train: 0.5908 acc_val: 0.3115
2024-04-20 12:19:18,556:INFO:Epoch: 0455 loss_train: 67.3143 acc_train: 0.5747 acc_val: 0.3033
2024-04-20 12:19:23,216:INFO:Epoch: 0456 loss_train: 67.2014 acc_train: 0.5763 acc_val: 0.3279
2024-04-20 12:19:28,308:INFO:Epoch: 0457 loss_train: 66.3640 acc_train: 0.5846 acc_val: 0.3074
2024-04-20 12:19:33,067:INFO:Epoch: 0458 loss_train: 67.0109 acc_train: 0.5695 acc_val: 0.3115
2024-04-20 12:19:37,731:INFO:Epoch: 0459 loss_train: 64.9268 acc_train: 0.5789 acc_val: 0.2951
2024-04-20 12:19:42,411:INFO:Epoch: 0460 loss_train: 65.2513 acc_train: 0.5804 acc_val: 0.3115
2024-04-20 12:19:47,069:INFO:Epoch: 0461 loss_train: 65.5050 acc_train: 0.5659 acc_val: 0.2828
2024-04-20 12:19:51,740:INFO:Epoch: 0462 loss_train: 70.9673 acc_train: 0.5617 acc_val: 0.2992
2024-04-20 12:19:56,418:INFO:Epoch: 0463 loss_train: 68.1143 acc_train: 0.5721 acc_val: 0.3361
2024-04-20 12:20:01,087:INFO:Epoch: 0464 loss_train: 64.5385 acc_train: 0.5882 acc_val: 0.3238
2024-04-20 12:20:05,758:INFO:Epoch: 0465 loss_train: 63.9094 acc_train: 0.5851 acc_val: 0.2869
2024-04-20 12:20:10,460:INFO:Epoch: 0466 loss_train: 65.8559 acc_train: 0.5825 acc_val: 0.2910
2024-04-20 12:20:15,108:INFO:Epoch: 0467 loss_train: 63.8512 acc_train: 0.5934 acc_val: 0.3033
2024-04-20 12:20:19,764:INFO:Epoch: 0468 loss_train: 63.8433 acc_train: 0.5846 acc_val: 0.3115
2024-04-20 12:20:24,531:INFO:Epoch: 0469 loss_train: 66.9326 acc_train: 0.5742 acc_val: 0.3074
2024-04-20 12:20:29,180:INFO:Epoch: 0470 loss_train: 66.0415 acc_train: 0.5752 acc_val: 0.3156
2024-04-20 12:20:33,789:INFO:Epoch: 0471 loss_train: 67.2050 acc_train: 0.5820 acc_val: 0.3156
2024-04-20 12:20:38,416:INFO:Epoch: 0472 loss_train: 64.0151 acc_train: 0.5882 acc_val: 0.3156
2024-04-20 12:20:43,156:INFO:Epoch: 0473 loss_train: 64.2021 acc_train: 0.5872 acc_val: 0.3115
2024-04-20 12:20:47,736:INFO:Epoch: 0474 loss_train: 63.7401 acc_train: 0.6018 acc_val: 0.3074
2024-04-20 12:20:52,335:INFO:Epoch: 0475 loss_train: 65.6322 acc_train: 0.5945 acc_val: 0.3115
2024-04-20 12:20:56,977:INFO:Epoch: 0476 loss_train: 66.0169 acc_train: 0.5908 acc_val: 0.3074
2024-04-20 12:21:01,570:INFO:Epoch: 0477 loss_train: 65.2328 acc_train: 0.5825 acc_val: 0.3074
2024-04-20 12:21:06,155:INFO:Epoch: 0478 loss_train: 63.4391 acc_train: 0.5950 acc_val: 0.2992
2024-04-20 12:21:10,747:INFO:Epoch: 0479 loss_train: 62.8359 acc_train: 0.6002 acc_val: 0.2992
2024-04-20 12:21:15,377:INFO:Epoch: 0480 loss_train: 64.0912 acc_train: 0.5888 acc_val: 0.3033
2024-04-20 12:21:19,959:INFO:Epoch: 0481 loss_train: 73.8752 acc_train: 0.5492 acc_val: 0.2910
2024-04-20 12:21:24,542:INFO:Epoch: 0482 loss_train: 68.3645 acc_train: 0.5664 acc_val: 0.3033
2024-04-20 12:21:29,122:INFO:Epoch: 0483 loss_train: 65.8296 acc_train: 0.5664 acc_val: 0.3197
2024-04-20 12:21:33,701:INFO:Epoch: 0484 loss_train: 66.7484 acc_train: 0.6002 acc_val: 0.3033
2024-04-20 12:21:38,286:INFO:Epoch: 0485 loss_train: 66.8409 acc_train: 0.5721 acc_val: 0.3033
2024-04-20 12:21:42,928:INFO:Epoch: 0486 loss_train: 64.7763 acc_train: 0.5960 acc_val: 0.3156
2024-04-20 12:21:47,609:INFO:Epoch: 0487 loss_train: 70.4424 acc_train: 0.5570 acc_val: 0.3033
2024-04-20 12:21:52,220:INFO:Epoch: 0488 loss_train: 68.3226 acc_train: 0.5737 acc_val: 0.3156
2024-04-20 12:21:56,816:INFO:Epoch: 0489 loss_train: 65.4830 acc_train: 0.5820 acc_val: 0.3156
2024-04-20 12:22:01,414:INFO:Epoch: 0490 loss_train: 63.8944 acc_train: 0.5945 acc_val: 0.3033
2024-04-20 12:22:06,008:INFO:Epoch: 0491 loss_train: 63.8560 acc_train: 0.6075 acc_val: 0.3238
2024-04-20 12:22:10,662:INFO:Epoch: 0492 loss_train: 66.3897 acc_train: 0.5747 acc_val: 0.2992
2024-04-20 12:22:15,246:INFO:Epoch: 0493 loss_train: 67.8614 acc_train: 0.5867 acc_val: 0.3279
2024-04-20 12:22:19,879:INFO:Epoch: 0494 loss_train: 67.4938 acc_train: 0.5632 acc_val: 0.3156
2024-04-20 12:22:24,542:INFO:Epoch: 0495 loss_train: 65.3084 acc_train: 0.5804 acc_val: 0.3115
2024-04-20 12:22:29,135:INFO:Epoch: 0496 loss_train: 63.2599 acc_train: 0.5976 acc_val: 0.3074
2024-04-20 12:22:33,745:INFO:Epoch: 0497 loss_train: 64.9175 acc_train: 0.6091 acc_val: 0.3156
2024-04-20 12:22:38,374:INFO:Epoch: 0498 loss_train: 68.0236 acc_train: 0.5737 acc_val: 0.3443
2024-04-20 12:22:42,965:INFO:Epoch: 0499 loss_train: 63.1894 acc_train: 0.5955 acc_val: 0.3320
2024-04-20 12:22:47,544:INFO:Epoch: 0500 loss_train: 61.7419 acc_train: 0.6132 acc_val: 0.3074
2024-04-20 12:22:47,547:INFO:Optimization Finished! Total time elapsed: 2341.762675
