2024-04-20 13:01:50,655:INFO:Current date and time:2024-04-20 13:01:50.655266
2024-04-20 13:01:50,656:INFO:{'dataset_name': 'hpo_metab', 'learning_rate': 0.001, 'weight_decay': 0.01, 'batch_size': 32, 'augment': 1, 'epochs': 500, 'patience': 100, 'hidden_dim': 16, 'mamba_dim': 16, 'seqlength': 5000, 'hops': 3, 'num_classes': 6, 'multilabel': False, 'embeddings_filename': 'graphsaint_gcn_embeddings.pth'}
2024-04-20 13:01:59,870:INFO:Epoch: 0001 loss_train: 111.3358 acc_train: 0.1733 acc_val: 0.1762
2024-04-20 13:02:05,672:INFO:Epoch: 0002 loss_train: 108.7908 acc_train: 0.1921 acc_val: 0.1967
2024-04-20 13:02:10,115:INFO:Epoch: 0003 loss_train: 108.2630 acc_train: 0.2150 acc_val: 0.2746
2024-04-20 13:02:14,450:INFO:Epoch: 0004 loss_train: 106.5740 acc_train: 0.2082 acc_val: 0.2705
2024-04-20 13:02:18,773:INFO:Epoch: 0005 loss_train: 106.1563 acc_train: 0.2264 acc_val: 0.2295
2024-04-20 13:02:23,178:INFO:Epoch: 0006 loss_train: 105.4296 acc_train: 0.2572 acc_val: 0.1762
2024-04-20 13:02:27,553:INFO:Epoch: 0007 loss_train: 105.2442 acc_train: 0.2540 acc_val: 0.2090
2024-04-20 13:02:31,874:INFO:Epoch: 0008 loss_train: 105.1190 acc_train: 0.2535 acc_val: 0.2090
2024-04-20 13:02:36,188:INFO:Epoch: 0009 loss_train: 105.4891 acc_train: 0.2592 acc_val: 0.2090
2024-04-20 13:02:40,513:INFO:Epoch: 0010 loss_train: 105.1963 acc_train: 0.2556 acc_val: 0.2131
2024-04-20 13:02:44,811:INFO:Epoch: 0011 loss_train: 104.8226 acc_train: 0.2566 acc_val: 0.2623
2024-04-20 13:02:49,113:INFO:Epoch: 0012 loss_train: 104.5083 acc_train: 0.2520 acc_val: 0.2500
2024-04-20 13:02:53,506:INFO:Epoch: 0013 loss_train: 103.9258 acc_train: 0.2650 acc_val: 0.2459
2024-04-20 13:02:57,813:INFO:Epoch: 0014 loss_train: 104.1111 acc_train: 0.2712 acc_val: 0.2459
2024-04-20 13:03:02,130:INFO:Epoch: 0015 loss_train: 103.7716 acc_train: 0.2676 acc_val: 0.2787
2024-04-20 13:03:06,498:INFO:Epoch: 0016 loss_train: 103.0898 acc_train: 0.2743 acc_val: 0.2541
2024-04-20 13:03:10,817:INFO:Epoch: 0017 loss_train: 103.5741 acc_train: 0.2769 acc_val: 0.2131
2024-04-20 13:03:15,120:INFO:Epoch: 0018 loss_train: 101.9944 acc_train: 0.2832 acc_val: 0.2213
2024-04-20 13:03:19,559:INFO:Epoch: 0019 loss_train: 102.4950 acc_train: 0.2879 acc_val: 0.2336
2024-04-20 13:03:23,924:INFO:Epoch: 0020 loss_train: 103.5645 acc_train: 0.2884 acc_val: 0.2828
2024-04-20 13:03:28,233:INFO:Epoch: 0021 loss_train: 102.5552 acc_train: 0.2910 acc_val: 0.2336
2024-04-20 13:03:32,616:INFO:Epoch: 0022 loss_train: 102.9025 acc_train: 0.2847 acc_val: 0.2459
2024-04-20 13:03:36,943:INFO:Epoch: 0023 loss_train: 102.9158 acc_train: 0.2821 acc_val: 0.2377
2024-04-20 13:03:41,263:INFO:Epoch: 0024 loss_train: 102.5188 acc_train: 0.2832 acc_val: 0.2213
2024-04-20 13:03:45,575:INFO:Epoch: 0025 loss_train: 102.7211 acc_train: 0.2790 acc_val: 0.2582
2024-04-20 13:03:49,900:INFO:Epoch: 0026 loss_train: 102.6486 acc_train: 0.2785 acc_val: 0.2295
2024-04-20 13:03:54,218:INFO:Epoch: 0027 loss_train: 102.4274 acc_train: 0.2915 acc_val: 0.2172
2024-04-20 13:03:58,518:INFO:Epoch: 0028 loss_train: 102.9954 acc_train: 0.2993 acc_val: 0.2295
2024-04-20 13:04:02,831:INFO:Epoch: 0029 loss_train: 102.7600 acc_train: 0.2738 acc_val: 0.2623
2024-04-20 13:04:07,522:INFO:Epoch: 0030 loss_train: 102.8196 acc_train: 0.2821 acc_val: 0.2500
2024-04-20 13:04:11,831:INFO:Epoch: 0031 loss_train: 101.7362 acc_train: 0.2900 acc_val: 0.2008
2024-04-20 13:04:16,506:INFO:Epoch: 0032 loss_train: 103.1802 acc_train: 0.2743 acc_val: 0.2090
2024-04-20 13:04:20,887:INFO:Epoch: 0033 loss_train: 102.9805 acc_train: 0.2670 acc_val: 0.2254
2024-04-20 13:04:25,188:INFO:Epoch: 0034 loss_train: 101.8726 acc_train: 0.2837 acc_val: 0.2418
2024-04-20 13:04:29,688:INFO:Epoch: 0035 loss_train: 102.3823 acc_train: 0.2853 acc_val: 0.2131
2024-04-20 13:04:34,137:INFO:Epoch: 0036 loss_train: 103.1670 acc_train: 0.2738 acc_val: 0.2541
2024-04-20 13:04:38,818:INFO:Epoch: 0037 loss_train: 102.4017 acc_train: 0.2889 acc_val: 0.2254
2024-04-20 13:04:43,312:INFO:Epoch: 0038 loss_train: 102.4641 acc_train: 0.2957 acc_val: 0.2254
2024-04-20 13:04:47,780:INFO:Epoch: 0039 loss_train: 103.8384 acc_train: 0.2863 acc_val: 0.2500
2024-04-20 13:04:52,251:INFO:Epoch: 0040 loss_train: 102.0720 acc_train: 0.2957 acc_val: 0.2582
2024-04-20 13:04:56,676:INFO:Epoch: 0041 loss_train: 101.9404 acc_train: 0.2853 acc_val: 0.2500
2024-04-20 13:05:00,981:INFO:Epoch: 0042 loss_train: 102.4239 acc_train: 0.2941 acc_val: 0.2623
2024-04-20 13:05:05,278:INFO:Epoch: 0043 loss_train: 101.8130 acc_train: 0.2972 acc_val: 0.2295
2024-04-20 13:05:09,547:INFO:Epoch: 0044 loss_train: 102.2395 acc_train: 0.2920 acc_val: 0.2664
2024-04-20 13:05:13,819:INFO:Epoch: 0045 loss_train: 102.5278 acc_train: 0.2920 acc_val: 0.2664
2024-04-20 13:05:18,089:INFO:Epoch: 0046 loss_train: 101.9464 acc_train: 0.2894 acc_val: 0.2705
2024-04-20 13:05:22,391:INFO:Epoch: 0047 loss_train: 102.2743 acc_train: 0.3014 acc_val: 0.2377
2024-04-20 13:05:26,873:INFO:Epoch: 0048 loss_train: 101.5160 acc_train: 0.2936 acc_val: 0.2459
2024-04-20 13:05:31,407:INFO:Epoch: 0049 loss_train: 101.8249 acc_train: 0.2946 acc_val: 0.2295
2024-04-20 13:05:35,938:INFO:Epoch: 0050 loss_train: 102.8012 acc_train: 0.2941 acc_val: 0.2582
2024-04-20 13:05:40,528:INFO:Epoch: 0051 loss_train: 102.0663 acc_train: 0.2941 acc_val: 0.2500
2024-04-20 13:05:45,054:INFO:Epoch: 0052 loss_train: 101.9086 acc_train: 0.2941 acc_val: 0.2418
2024-04-20 13:05:49,596:INFO:Epoch: 0053 loss_train: 100.8731 acc_train: 0.2889 acc_val: 0.2541
2024-04-20 13:05:54,190:INFO:Epoch: 0054 loss_train: 101.8790 acc_train: 0.2910 acc_val: 0.2336
2024-04-20 13:05:58,761:INFO:Epoch: 0055 loss_train: 101.7243 acc_train: 0.2957 acc_val: 0.2623
2024-04-20 13:06:03,249:INFO:Epoch: 0056 loss_train: 101.5695 acc_train: 0.2894 acc_val: 0.2705
2024-04-20 13:06:07,727:INFO:Epoch: 0057 loss_train: 101.8640 acc_train: 0.2900 acc_val: 0.2418
2024-04-20 13:06:12,189:INFO:Epoch: 0058 loss_train: 101.9526 acc_train: 0.2988 acc_val: 0.2418
2024-04-20 13:06:16,717:INFO:Epoch: 0059 loss_train: 101.4672 acc_train: 0.2962 acc_val: 0.2500
2024-04-20 13:06:21,253:INFO:Epoch: 0060 loss_train: 103.3496 acc_train: 0.3082 acc_val: 0.2787
2024-04-20 13:06:26,064:INFO:Epoch: 0061 loss_train: 102.7448 acc_train: 0.2853 acc_val: 0.2418
2024-04-20 13:06:30,577:INFO:Epoch: 0062 loss_train: 101.8890 acc_train: 0.2967 acc_val: 0.2377
2024-04-20 13:06:35,091:INFO:Epoch: 0063 loss_train: 101.7996 acc_train: 0.2983 acc_val: 0.2705
2024-04-20 13:06:39,545:INFO:Epoch: 0064 loss_train: 100.9451 acc_train: 0.3040 acc_val: 0.2623
2024-04-20 13:06:44,059:INFO:Epoch: 0065 loss_train: 102.4701 acc_train: 0.2946 acc_val: 0.2418
2024-04-20 13:06:48,524:INFO:Epoch: 0066 loss_train: 101.7868 acc_train: 0.3118 acc_val: 0.2664
2024-04-20 13:06:52,899:INFO:Epoch: 0067 loss_train: 105.5607 acc_train: 0.2993 acc_val: 0.2541
2024-04-20 13:06:57,339:INFO:Epoch: 0068 loss_train: 102.5389 acc_train: 0.2967 acc_val: 0.2951
2024-04-20 13:07:01,619:INFO:Epoch: 0069 loss_train: 102.3864 acc_train: 0.3040 acc_val: 0.2295
2024-04-20 13:07:05,920:INFO:Epoch: 0070 loss_train: 102.6325 acc_train: 0.2795 acc_val: 0.2582
2024-04-20 13:07:10,191:INFO:Epoch: 0071 loss_train: 100.9040 acc_train: 0.3030 acc_val: 0.2705
2024-04-20 13:07:14,449:INFO:Epoch: 0072 loss_train: 100.6709 acc_train: 0.3071 acc_val: 0.2746
2024-04-20 13:07:18,701:INFO:Epoch: 0073 loss_train: 100.4362 acc_train: 0.2983 acc_val: 0.2623
2024-04-20 13:07:22,959:INFO:Epoch: 0074 loss_train: 101.6408 acc_train: 0.3040 acc_val: 0.2500
2024-04-20 13:07:27,218:INFO:Epoch: 0075 loss_train: 100.4266 acc_train: 0.3014 acc_val: 0.2705
2024-04-20 13:07:31,519:INFO:Epoch: 0076 loss_train: 101.0311 acc_train: 0.3061 acc_val: 0.2623
2024-04-20 13:07:35,838:INFO:Epoch: 0077 loss_train: 100.3986 acc_train: 0.3066 acc_val: 0.2705
2024-04-20 13:07:40,178:INFO:Epoch: 0078 loss_train: 101.2067 acc_train: 0.3050 acc_val: 0.2869
2024-04-20 13:07:44,429:INFO:Epoch: 0079 loss_train: 99.8675 acc_train: 0.3050 acc_val: 0.3033
2024-04-20 13:07:48,861:INFO:Epoch: 0080 loss_train: 100.1493 acc_train: 0.3061 acc_val: 0.2500
2024-04-20 13:07:53,149:INFO:Epoch: 0081 loss_train: 100.2767 acc_train: 0.3077 acc_val: 0.2664
2024-04-20 13:07:57,435:INFO:Epoch: 0082 loss_train: 99.8677 acc_train: 0.3050 acc_val: 0.2705
2024-04-20 13:08:02,059:INFO:Epoch: 0083 loss_train: 100.1832 acc_train: 0.3108 acc_val: 0.2746
2024-04-20 13:08:06,308:INFO:Epoch: 0084 loss_train: 100.5319 acc_train: 0.3077 acc_val: 0.2418
2024-04-20 13:08:10,563:INFO:Epoch: 0085 loss_train: 100.2822 acc_train: 0.2988 acc_val: 0.2787
2024-04-20 13:08:14,814:INFO:Epoch: 0086 loss_train: 101.3416 acc_train: 0.2910 acc_val: 0.2623
2024-04-20 13:08:19,221:INFO:Epoch: 0087 loss_train: 100.1484 acc_train: 0.3024 acc_val: 0.2664
2024-04-20 13:08:23,472:INFO:Epoch: 0088 loss_train: 99.9275 acc_train: 0.3123 acc_val: 0.2664
2024-04-20 13:08:27,723:INFO:Epoch: 0089 loss_train: 100.5753 acc_train: 0.3035 acc_val: 0.2787
2024-04-20 13:08:32,028:INFO:Epoch: 0090 loss_train: 99.6482 acc_train: 0.3071 acc_val: 0.2541
2024-04-20 13:08:36,908:INFO:Epoch: 0091 loss_train: 101.3159 acc_train: 0.3014 acc_val: 0.2500
2024-04-20 13:08:41,190:INFO:Epoch: 0092 loss_train: 102.7615 acc_train: 0.2894 acc_val: 0.2459
2024-04-20 13:08:45,464:INFO:Epoch: 0093 loss_train: 103.0551 acc_train: 0.3035 acc_val: 0.2582
2024-04-20 13:08:49,732:INFO:Epoch: 0094 loss_train: 100.9421 acc_train: 0.2993 acc_val: 0.2705
2024-04-20 13:08:54,006:INFO:Epoch: 0095 loss_train: 99.5377 acc_train: 0.3071 acc_val: 0.2910
2024-04-20 13:08:58,262:INFO:Epoch: 0096 loss_train: 100.1205 acc_train: 0.3123 acc_val: 0.2664
2024-04-20 13:09:02,518:INFO:Epoch: 0097 loss_train: 100.0173 acc_train: 0.3035 acc_val: 0.2910
2024-04-20 13:09:06,781:INFO:Epoch: 0098 loss_train: 99.6532 acc_train: 0.3019 acc_val: 0.2910
2024-04-20 13:09:11,046:INFO:Epoch: 0099 loss_train: 99.1175 acc_train: 0.3097 acc_val: 0.2787
2024-04-20 13:09:15,302:INFO:Epoch: 0100 loss_train: 100.1072 acc_train: 0.3004 acc_val: 0.2746
2024-04-20 13:09:19,557:INFO:Epoch: 0101 loss_train: 99.5941 acc_train: 0.3004 acc_val: 0.2992
2024-04-20 13:09:23,827:INFO:Epoch: 0102 loss_train: 99.4913 acc_train: 0.3238 acc_val: 0.2459
2024-04-20 13:09:28,100:INFO:Epoch: 0103 loss_train: 98.8198 acc_train: 0.3160 acc_val: 0.2705
2024-04-20 13:09:32,364:INFO:Epoch: 0104 loss_train: 98.9634 acc_train: 0.3077 acc_val: 0.2664
2024-04-20 13:09:36,627:INFO:Epoch: 0105 loss_train: 99.5538 acc_train: 0.3118 acc_val: 0.2582
2024-04-20 13:09:40,886:INFO:Epoch: 0106 loss_train: 99.2641 acc_train: 0.3056 acc_val: 0.2787
2024-04-20 13:09:45,143:INFO:Epoch: 0107 loss_train: 99.3742 acc_train: 0.3227 acc_val: 0.2910
2024-04-20 13:09:49,473:INFO:Epoch: 0108 loss_train: 98.7924 acc_train: 0.3196 acc_val: 0.2951
2024-04-20 13:09:53,857:INFO:Epoch: 0109 loss_train: 98.9950 acc_train: 0.3071 acc_val: 0.2787
2024-04-20 13:09:58,184:INFO:Epoch: 0110 loss_train: 98.3319 acc_train: 0.3191 acc_val: 0.2623
2024-04-20 13:10:02,556:INFO:Epoch: 0111 loss_train: 99.1269 acc_train: 0.3207 acc_val: 0.2705
2024-04-20 13:10:06,880:INFO:Epoch: 0112 loss_train: 99.2756 acc_train: 0.3222 acc_val: 0.2664
2024-04-20 13:10:11,272:INFO:Epoch: 0113 loss_train: 98.4217 acc_train: 0.3207 acc_val: 0.2664
2024-04-20 13:10:15,542:INFO:Epoch: 0114 loss_train: 98.9313 acc_train: 0.3196 acc_val: 0.2910
2024-04-20 13:10:19,852:INFO:Epoch: 0115 loss_train: 99.2994 acc_train: 0.3201 acc_val: 0.2787
2024-04-20 13:10:24,110:INFO:Epoch: 0116 loss_train: 99.1059 acc_train: 0.3175 acc_val: 0.2705
2024-04-20 13:10:28,575:INFO:Epoch: 0117 loss_train: 99.8841 acc_train: 0.3227 acc_val: 0.2582
2024-04-20 13:10:32,901:INFO:Epoch: 0118 loss_train: 98.7027 acc_train: 0.3181 acc_val: 0.2869
2024-04-20 13:10:37,174:INFO:Epoch: 0119 loss_train: 97.9569 acc_train: 0.3201 acc_val: 0.2705
2024-04-20 13:10:41,444:INFO:Epoch: 0120 loss_train: 99.0311 acc_train: 0.3201 acc_val: 0.2869
2024-04-20 13:10:45,717:INFO:Epoch: 0121 loss_train: 98.5138 acc_train: 0.3155 acc_val: 0.2623
2024-04-20 13:10:49,978:INFO:Epoch: 0122 loss_train: 98.5854 acc_train: 0.3269 acc_val: 0.2623
2024-04-20 13:10:54,260:INFO:Epoch: 0123 loss_train: 98.3871 acc_train: 0.3217 acc_val: 0.2828
2024-04-20 13:10:58,601:INFO:Epoch: 0124 loss_train: 98.0218 acc_train: 0.3191 acc_val: 0.2664
2024-04-20 13:11:03,685:INFO:Epoch: 0125 loss_train: 98.7429 acc_train: 0.3212 acc_val: 0.2705
2024-04-20 13:11:07,949:INFO:Epoch: 0126 loss_train: 97.9360 acc_train: 0.3269 acc_val: 0.2623
2024-04-20 13:11:12,211:INFO:Epoch: 0127 loss_train: 98.4145 acc_train: 0.3254 acc_val: 0.2787
2024-04-20 13:11:16,498:INFO:Epoch: 0128 loss_train: 97.6969 acc_train: 0.3160 acc_val: 0.2295
2024-04-20 13:11:20,780:INFO:Epoch: 0129 loss_train: 97.7197 acc_train: 0.3306 acc_val: 0.2828
2024-04-20 13:11:25,094:INFO:Epoch: 0130 loss_train: 97.9394 acc_train: 0.3316 acc_val: 0.2623
2024-04-20 13:11:29,346:INFO:Epoch: 0131 loss_train: 97.7137 acc_train: 0.3243 acc_val: 0.2910
2024-04-20 13:11:33,616:INFO:Epoch: 0132 loss_train: 98.2055 acc_train: 0.3186 acc_val: 0.2746
2024-04-20 13:11:37,871:INFO:Epoch: 0133 loss_train: 98.3657 acc_train: 0.3290 acc_val: 0.2541
2024-04-20 13:11:42,122:INFO:Epoch: 0134 loss_train: 98.7227 acc_train: 0.3290 acc_val: 0.2623
2024-04-20 13:11:46,381:INFO:Epoch: 0135 loss_train: 99.2118 acc_train: 0.3201 acc_val: 0.2746
2024-04-20 13:11:50,631:INFO:Epoch: 0136 loss_train: 96.2007 acc_train: 0.3347 acc_val: 0.2787
2024-04-20 13:11:54,930:INFO:Epoch: 0137 loss_train: 98.2619 acc_train: 0.3201 acc_val: 0.2582
2024-04-20 13:11:59,180:INFO:Epoch: 0138 loss_train: 97.9716 acc_train: 0.3290 acc_val: 0.2664
2024-04-20 13:12:03,444:INFO:Epoch: 0139 loss_train: 97.1866 acc_train: 0.3238 acc_val: 0.2746
2024-04-20 13:12:07,695:INFO:Epoch: 0140 loss_train: 96.6116 acc_train: 0.3321 acc_val: 0.2623
2024-04-20 13:12:11,969:INFO:Epoch: 0141 loss_train: 97.6426 acc_train: 0.3285 acc_val: 0.2623
2024-04-20 13:12:16,251:INFO:Epoch: 0142 loss_train: 97.5402 acc_train: 0.3274 acc_val: 0.2705
2024-04-20 13:12:20,535:INFO:Epoch: 0143 loss_train: 97.8336 acc_train: 0.3274 acc_val: 0.2664
2024-04-20 13:12:25,009:INFO:Epoch: 0144 loss_train: 97.8618 acc_train: 0.3306 acc_val: 0.2582
2024-04-20 13:12:29,311:INFO:Epoch: 0145 loss_train: 97.8901 acc_train: 0.3326 acc_val: 0.2664
2024-04-20 13:12:33,600:INFO:Epoch: 0146 loss_train: 97.2411 acc_train: 0.3316 acc_val: 0.2541
2024-04-20 13:12:37,937:INFO:Epoch: 0147 loss_train: 97.1378 acc_train: 0.3233 acc_val: 0.2664
2024-04-20 13:12:42,290:INFO:Epoch: 0148 loss_train: 96.8836 acc_train: 0.3269 acc_val: 0.2664
2024-04-20 13:12:46,589:INFO:Epoch: 0149 loss_train: 97.5894 acc_train: 0.3352 acc_val: 0.2295
2024-04-20 13:12:50,833:INFO:Epoch: 0150 loss_train: 97.2954 acc_train: 0.3155 acc_val: 0.2623
2024-04-20 13:12:55,076:INFO:Epoch: 0151 loss_train: 97.9336 acc_train: 0.3326 acc_val: 0.2582
2024-04-20 13:12:59,318:INFO:Epoch: 0152 loss_train: 97.6653 acc_train: 0.3425 acc_val: 0.2746
2024-04-20 13:13:03,566:INFO:Epoch: 0153 loss_train: 99.5305 acc_train: 0.3264 acc_val: 0.2582
2024-04-20 13:13:07,816:INFO:Epoch: 0154 loss_train: 97.9262 acc_train: 0.3243 acc_val: 0.2623
2024-04-20 13:13:12,061:INFO:Epoch: 0155 loss_train: 96.7031 acc_train: 0.3295 acc_val: 0.2705
2024-04-20 13:13:16,371:INFO:Epoch: 0156 loss_train: 98.6910 acc_train: 0.3311 acc_val: 0.2500
2024-04-20 13:13:20,720:INFO:Epoch: 0157 loss_train: 96.8531 acc_train: 0.3238 acc_val: 0.2582
2024-04-20 13:13:24,961:INFO:Epoch: 0158 loss_train: 97.6583 acc_train: 0.3285 acc_val: 0.2664
2024-04-20 13:13:29,203:INFO:Epoch: 0159 loss_train: 96.8813 acc_train: 0.3394 acc_val: 0.2664
2024-04-20 13:13:33,446:INFO:Epoch: 0160 loss_train: 97.0175 acc_train: 0.3373 acc_val: 0.2582
2024-04-20 13:13:37,694:INFO:Epoch: 0161 loss_train: 97.1670 acc_train: 0.3415 acc_val: 0.2623
2024-04-20 13:13:42,121:INFO:Epoch: 0162 loss_train: 97.2222 acc_train: 0.3342 acc_val: 0.2705
2024-04-20 13:13:46,374:INFO:Epoch: 0163 loss_train: 96.1416 acc_train: 0.3420 acc_val: 0.2582
2024-04-20 13:13:50,624:INFO:Epoch: 0164 loss_train: 96.9486 acc_train: 0.3352 acc_val: 0.2705
2024-04-20 13:13:54,873:INFO:Epoch: 0165 loss_train: 96.6885 acc_train: 0.3451 acc_val: 0.2623
2024-04-20 13:13:59,111:INFO:Epoch: 0166 loss_train: 96.2396 acc_train: 0.3431 acc_val: 0.2623
2024-04-20 13:14:03,348:INFO:Epoch: 0167 loss_train: 95.4188 acc_train: 0.3431 acc_val: 0.2664
2024-04-20 13:14:07,615:INFO:Epoch: 0168 loss_train: 95.9919 acc_train: 0.3503 acc_val: 0.2582
2024-04-20 13:14:11,963:INFO:Epoch: 0169 loss_train: 96.2188 acc_train: 0.3425 acc_val: 0.2582
2024-04-20 13:14:16,262:INFO:Epoch: 0170 loss_train: 97.2533 acc_train: 0.3316 acc_val: 0.2746
2024-04-20 13:14:20,525:INFO:Epoch: 0171 loss_train: 95.6358 acc_train: 0.3493 acc_val: 0.2664
2024-04-20 13:14:24,820:INFO:Epoch: 0172 loss_train: 95.5889 acc_train: 0.3529 acc_val: 0.2787
2024-04-20 13:14:29,067:INFO:Epoch: 0173 loss_train: 95.6051 acc_train: 0.3498 acc_val: 0.2623
2024-04-20 13:14:33,312:INFO:Epoch: 0174 loss_train: 94.9295 acc_train: 0.3613 acc_val: 0.2787
2024-04-20 13:14:37,562:INFO:Epoch: 0175 loss_train: 96.0200 acc_train: 0.3472 acc_val: 0.2992
2024-04-20 13:14:41,819:INFO:Epoch: 0176 loss_train: 97.0766 acc_train: 0.3519 acc_val: 0.2705
2024-04-20 13:14:46,264:INFO:Epoch: 0177 loss_train: 95.4340 acc_train: 0.3467 acc_val: 0.2705
2024-04-20 13:14:50,510:INFO:Epoch: 0178 loss_train: 95.2994 acc_train: 0.3545 acc_val: 0.2664
2024-04-20 13:14:54,757:INFO:Epoch: 0179 loss_train: 97.1263 acc_train: 0.3509 acc_val: 0.2787
2024-04-20 13:14:54,759:INFO:PATIENCE THRESHOLD PASSED; DETECTED OVERFITTING
2024-04-20 13:14:59,003:INFO:Epoch: 0180 loss_train: 97.4543 acc_train: 0.3436 acc_val: 0.2582
2024-04-20 13:15:03,250:INFO:Epoch: 0181 loss_train: 96.6735 acc_train: 0.3561 acc_val: 0.2910
2024-04-20 13:15:07,496:INFO:Epoch: 0182 loss_train: 96.0132 acc_train: 0.3561 acc_val: 0.2705
2024-04-20 13:15:11,814:INFO:Epoch: 0183 loss_train: 97.0067 acc_train: 0.3347 acc_val: 0.2746
2024-04-20 13:15:16,310:INFO:Epoch: 0184 loss_train: 94.5717 acc_train: 0.3597 acc_val: 0.2582
2024-04-20 13:15:20,798:INFO:Epoch: 0185 loss_train: 95.4618 acc_train: 0.3618 acc_val: 0.2828
2024-04-20 13:15:25,277:INFO:Epoch: 0186 loss_train: 94.7845 acc_train: 0.3555 acc_val: 0.2787
2024-04-20 13:15:29,559:INFO:Epoch: 0187 loss_train: 95.3100 acc_train: 0.3446 acc_val: 0.2664
2024-04-20 13:15:33,833:INFO:Epoch: 0188 loss_train: 94.4270 acc_train: 0.3566 acc_val: 0.2869
2024-04-20 13:15:38,095:INFO:Epoch: 0189 loss_train: 95.0580 acc_train: 0.3576 acc_val: 0.2746
2024-04-20 13:15:42,362:INFO:Epoch: 0190 loss_train: 94.7031 acc_train: 0.3545 acc_val: 0.2787
2024-04-20 13:15:46,624:INFO:Epoch: 0191 loss_train: 94.7100 acc_train: 0.3607 acc_val: 0.2459
2024-04-20 13:15:50,902:INFO:Epoch: 0192 loss_train: 95.1544 acc_train: 0.3524 acc_val: 0.2787
2024-04-20 13:15:55,174:INFO:Epoch: 0193 loss_train: 94.7363 acc_train: 0.3581 acc_val: 0.2500
2024-04-20 13:15:59,445:INFO:Epoch: 0194 loss_train: 95.0173 acc_train: 0.3529 acc_val: 0.2336
2024-04-20 13:16:03,782:INFO:Epoch: 0195 loss_train: 95.0248 acc_train: 0.3597 acc_val: 0.2705
2024-04-20 13:16:08,046:INFO:Epoch: 0196 loss_train: 96.1899 acc_train: 0.3566 acc_val: 0.2828
2024-04-20 13:16:12,389:INFO:Epoch: 0197 loss_train: 95.0713 acc_train: 0.3639 acc_val: 0.2705
2024-04-20 13:16:16,752:INFO:Epoch: 0198 loss_train: 94.7514 acc_train: 0.3571 acc_val: 0.2828
2024-04-20 13:16:21,013:INFO:Epoch: 0199 loss_train: 95.6853 acc_train: 0.3545 acc_val: 0.2828
2024-04-20 13:16:25,334:INFO:Epoch: 0200 loss_train: 94.4571 acc_train: 0.3623 acc_val: 0.2992
2024-04-20 13:16:29,576:INFO:Epoch: 0201 loss_train: 94.2982 acc_train: 0.3680 acc_val: 0.2705
2024-04-20 13:16:33,822:INFO:Epoch: 0202 loss_train: 95.2252 acc_train: 0.3509 acc_val: 0.2582
2024-04-20 13:16:38,065:INFO:Epoch: 0203 loss_train: 94.8754 acc_train: 0.3654 acc_val: 0.2705
2024-04-20 13:16:42,309:INFO:Epoch: 0204 loss_train: 94.1502 acc_train: 0.3623 acc_val: 0.2623
2024-04-20 13:16:46,553:INFO:Epoch: 0205 loss_train: 94.0298 acc_train: 0.3686 acc_val: 0.2541
2024-04-20 13:16:50,797:INFO:Epoch: 0206 loss_train: 94.8985 acc_train: 0.3587 acc_val: 0.2664
2024-04-20 13:16:55,138:INFO:Epoch: 0207 loss_train: 94.2243 acc_train: 0.3597 acc_val: 0.2459
2024-04-20 13:16:59,409:INFO:Epoch: 0208 loss_train: 93.4617 acc_train: 0.3660 acc_val: 0.2828
2024-04-20 13:17:03,956:INFO:Epoch: 0209 loss_train: 94.0444 acc_train: 0.3462 acc_val: 0.2623
2024-04-20 13:17:08,218:INFO:Epoch: 0210 loss_train: 95.2933 acc_train: 0.3686 acc_val: 0.2910
2024-04-20 13:17:12,473:INFO:Epoch: 0211 loss_train: 95.5364 acc_train: 0.3493 acc_val: 0.2705
2024-04-20 13:17:16,735:INFO:Epoch: 0212 loss_train: 93.1679 acc_train: 0.3639 acc_val: 0.2828
2024-04-20 13:17:20,990:INFO:Epoch: 0213 loss_train: 93.4634 acc_train: 0.3701 acc_val: 0.2992
2024-04-20 13:17:25,244:INFO:Epoch: 0214 loss_train: 94.4927 acc_train: 0.3660 acc_val: 0.2254
2024-04-20 13:17:29,498:INFO:Epoch: 0215 loss_train: 95.2273 acc_train: 0.3571 acc_val: 0.2541
2024-04-20 13:17:33,767:INFO:Epoch: 0216 loss_train: 94.0852 acc_train: 0.3540 acc_val: 0.2869
2024-04-20 13:17:38,033:INFO:Epoch: 0217 loss_train: 94.6164 acc_train: 0.3618 acc_val: 0.2828
2024-04-20 13:17:42,297:INFO:Epoch: 0218 loss_train: 93.0403 acc_train: 0.3764 acc_val: 0.2828
2024-04-20 13:17:46,576:INFO:Epoch: 0219 loss_train: 93.8601 acc_train: 0.3691 acc_val: 0.2828
2024-04-20 13:17:50,839:INFO:Epoch: 0220 loss_train: 92.9758 acc_train: 0.3623 acc_val: 0.3156
2024-04-20 13:17:55,133:INFO:Epoch: 0221 loss_train: 93.1125 acc_train: 0.3722 acc_val: 0.2951
2024-04-20 13:17:59,402:INFO:Epoch: 0222 loss_train: 96.2139 acc_train: 0.3623 acc_val: 0.2910
2024-04-20 13:18:03,664:INFO:Epoch: 0223 loss_train: 94.3417 acc_train: 0.3712 acc_val: 0.2705
2024-04-20 13:18:07,940:INFO:Epoch: 0224 loss_train: 95.2422 acc_train: 0.3545 acc_val: 0.2992
2024-04-20 13:18:12,204:INFO:Epoch: 0225 loss_train: 92.9479 acc_train: 0.3696 acc_val: 0.3115
2024-04-20 13:18:16,468:INFO:Epoch: 0226 loss_train: 93.0588 acc_train: 0.3738 acc_val: 0.2910
2024-04-20 13:18:20,731:INFO:Epoch: 0227 loss_train: 94.9662 acc_train: 0.3800 acc_val: 0.2869
2024-04-20 13:18:24,993:INFO:Epoch: 0228 loss_train: 93.8003 acc_train: 0.3675 acc_val: 0.2951
2024-04-20 13:18:29,248:INFO:Epoch: 0229 loss_train: 93.4824 acc_train: 0.3805 acc_val: 0.3074
2024-04-20 13:18:33,504:INFO:Epoch: 0230 loss_train: 92.0667 acc_train: 0.3800 acc_val: 0.2828
2024-04-20 13:18:37,759:INFO:Epoch: 0231 loss_train: 93.7402 acc_train: 0.3748 acc_val: 0.2828
2024-04-20 13:18:42,018:INFO:Epoch: 0232 loss_train: 93.5005 acc_train: 0.3654 acc_val: 0.2910
2024-04-20 13:18:46,269:INFO:Epoch: 0233 loss_train: 93.2815 acc_train: 0.3753 acc_val: 0.2746
2024-04-20 13:18:50,525:INFO:Epoch: 0234 loss_train: 93.7791 acc_train: 0.3758 acc_val: 0.2869
2024-04-20 13:18:54,830:INFO:Epoch: 0235 loss_train: 92.2664 acc_train: 0.3712 acc_val: 0.2828
2024-04-20 13:18:59,228:INFO:Epoch: 0236 loss_train: 92.7228 acc_train: 0.3831 acc_val: 0.2705
2024-04-20 13:19:03,497:INFO:Epoch: 0237 loss_train: 93.2730 acc_train: 0.3665 acc_val: 0.2541
2024-04-20 13:19:07,811:INFO:Epoch: 0238 loss_train: 92.9584 acc_train: 0.3758 acc_val: 0.2910
2024-04-20 13:19:12,317:INFO:Epoch: 0239 loss_train: 92.3706 acc_train: 0.3727 acc_val: 0.2869
2024-04-20 13:19:16,598:INFO:Epoch: 0240 loss_train: 95.2252 acc_train: 0.3758 acc_val: 0.3074
2024-04-20 13:19:20,905:INFO:Epoch: 0241 loss_train: 93.5381 acc_train: 0.3738 acc_val: 0.3033
2024-04-20 13:19:25,173:INFO:Epoch: 0242 loss_train: 92.3640 acc_train: 0.3784 acc_val: 0.2705
2024-04-20 13:19:29,481:INFO:Epoch: 0243 loss_train: 92.7530 acc_train: 0.3857 acc_val: 0.2992
2024-04-20 13:19:33,740:INFO:Epoch: 0244 loss_train: 92.2848 acc_train: 0.3821 acc_val: 0.3033
2024-04-20 13:19:37,998:INFO:Epoch: 0245 loss_train: 94.6086 acc_train: 0.3758 acc_val: 0.2869
2024-04-20 13:19:42,251:INFO:Epoch: 0246 loss_train: 94.9085 acc_train: 0.3660 acc_val: 0.2787
2024-04-20 13:19:46,502:INFO:Epoch: 0247 loss_train: 94.3977 acc_train: 0.3654 acc_val: 0.2623
2024-04-20 13:19:50,749:INFO:Epoch: 0248 loss_train: 92.1271 acc_train: 0.3790 acc_val: 0.2746
2024-04-20 13:19:54,998:INFO:Epoch: 0249 loss_train: 91.9986 acc_train: 0.3795 acc_val: 0.2664
2024-04-20 13:19:59,242:INFO:Epoch: 0250 loss_train: 92.3532 acc_train: 0.3852 acc_val: 0.2910
2024-04-20 13:20:03,496:INFO:Epoch: 0251 loss_train: 91.7913 acc_train: 0.3899 acc_val: 0.2951
2024-04-20 13:20:07,747:INFO:Epoch: 0252 loss_train: 92.2807 acc_train: 0.3743 acc_val: 0.2746
2024-04-20 13:20:11,999:INFO:Epoch: 0253 loss_train: 92.7491 acc_train: 0.3878 acc_val: 0.2869
2024-04-20 13:20:16,254:INFO:Epoch: 0254 loss_train: 92.2605 acc_train: 0.3873 acc_val: 0.2869
2024-04-20 13:20:20,509:INFO:Epoch: 0255 loss_train: 91.7704 acc_train: 0.3821 acc_val: 0.2623
2024-04-20 13:20:24,755:INFO:Epoch: 0256 loss_train: 92.3668 acc_train: 0.3753 acc_val: 0.2869
2024-04-20 13:20:28,999:INFO:Epoch: 0257 loss_train: 91.6923 acc_train: 0.3795 acc_val: 0.2623
2024-04-20 13:20:33,250:INFO:Epoch: 0258 loss_train: 92.2437 acc_train: 0.3852 acc_val: 0.2787
2024-04-20 13:20:37,517:INFO:Epoch: 0259 loss_train: 92.5155 acc_train: 0.3758 acc_val: 0.2951
2024-04-20 13:20:41,827:INFO:Epoch: 0260 loss_train: 91.1968 acc_train: 0.3727 acc_val: 0.2746
2024-04-20 13:20:46,146:INFO:Epoch: 0261 loss_train: 92.3977 acc_train: 0.3904 acc_val: 0.2746
2024-04-20 13:20:50,456:INFO:Epoch: 0262 loss_train: 92.8127 acc_train: 0.3826 acc_val: 0.2869
2024-04-20 13:20:54,786:INFO:Epoch: 0263 loss_train: 93.0170 acc_train: 0.3863 acc_val: 0.2951
2024-04-20 13:20:59,110:INFO:Epoch: 0264 loss_train: 92.5339 acc_train: 0.3795 acc_val: 0.2746
2024-04-20 13:21:03,468:INFO:Epoch: 0265 loss_train: 91.6204 acc_train: 0.3920 acc_val: 0.2951
2024-04-20 13:21:07,822:INFO:Epoch: 0266 loss_train: 92.6145 acc_train: 0.3873 acc_val: 0.2746
2024-04-20 13:21:12,166:INFO:Epoch: 0267 loss_train: 93.1632 acc_train: 0.3904 acc_val: 0.2705
2024-04-20 13:21:16,510:INFO:Epoch: 0268 loss_train: 91.2798 acc_train: 0.3868 acc_val: 0.2828
2024-04-20 13:21:20,860:INFO:Epoch: 0269 loss_train: 92.2757 acc_train: 0.3878 acc_val: 0.2828
2024-04-20 13:21:25,195:INFO:Epoch: 0270 loss_train: 91.1279 acc_train: 0.3873 acc_val: 0.2910
2024-04-20 13:21:29,522:INFO:Epoch: 0271 loss_train: 91.6562 acc_train: 0.3800 acc_val: 0.2951
2024-04-20 13:21:34,032:INFO:Epoch: 0272 loss_train: 92.1339 acc_train: 0.3956 acc_val: 0.2664
2024-04-20 13:21:38,354:INFO:Epoch: 0273 loss_train: 94.1914 acc_train: 0.3753 acc_val: 0.2992
2024-04-20 13:21:42,666:INFO:Epoch: 0274 loss_train: 91.6205 acc_train: 0.3925 acc_val: 0.2869
2024-04-20 13:21:47,033:INFO:Epoch: 0275 loss_train: 90.3354 acc_train: 0.4029 acc_val: 0.2951
2024-04-20 13:21:51,361:INFO:Epoch: 0276 loss_train: 90.9728 acc_train: 0.3941 acc_val: 0.2828
2024-04-20 13:21:55,688:INFO:Epoch: 0277 loss_train: 90.9442 acc_train: 0.3920 acc_val: 0.2828
2024-04-20 13:22:00,017:INFO:Epoch: 0278 loss_train: 92.2722 acc_train: 0.3998 acc_val: 0.2910
2024-04-20 13:22:04,279:INFO:Epoch: 0279 loss_train: 91.4634 acc_train: 0.3894 acc_val: 0.2869
2024-04-20 13:22:08,545:INFO:Epoch: 0280 loss_train: 91.2336 acc_train: 0.3961 acc_val: 0.2623
2024-04-20 13:22:12,805:INFO:Epoch: 0281 loss_train: 91.3291 acc_train: 0.3925 acc_val: 0.2705
2024-04-20 13:22:17,066:INFO:Epoch: 0282 loss_train: 91.3587 acc_train: 0.4024 acc_val: 0.2582
2024-04-20 13:22:21,331:INFO:Epoch: 0283 loss_train: 90.9433 acc_train: 0.3873 acc_val: 0.2705
2024-04-20 13:22:25,641:INFO:Epoch: 0284 loss_train: 91.0366 acc_train: 0.3956 acc_val: 0.2705
2024-04-20 13:22:29,899:INFO:Epoch: 0285 loss_train: 90.6774 acc_train: 0.3967 acc_val: 0.2705
2024-04-20 13:22:34,164:INFO:Epoch: 0286 loss_train: 90.2282 acc_train: 0.4060 acc_val: 0.2828
2024-04-20 13:22:38,446:INFO:Epoch: 0287 loss_train: 90.0468 acc_train: 0.4071 acc_val: 0.2787
2024-04-20 13:22:42,781:INFO:Epoch: 0288 loss_train: 91.1396 acc_train: 0.3909 acc_val: 0.2664
2024-04-20 13:22:47,027:INFO:Epoch: 0289 loss_train: 90.4202 acc_train: 0.3878 acc_val: 0.2664
2024-04-20 13:22:51,280:INFO:Epoch: 0290 loss_train: 89.3771 acc_train: 0.4008 acc_val: 0.2910
2024-04-20 13:22:55,553:INFO:Epoch: 0291 loss_train: 92.0238 acc_train: 0.4034 acc_val: 0.2746
2024-04-20 13:22:59,868:INFO:Epoch: 0292 loss_train: 93.7633 acc_train: 0.3680 acc_val: 0.2746
2024-04-20 13:23:04,187:INFO:Epoch: 0293 loss_train: 90.1368 acc_train: 0.3920 acc_val: 0.2992
2024-04-20 13:23:08,512:INFO:Epoch: 0294 loss_train: 89.7062 acc_train: 0.3956 acc_val: 0.2500
2024-04-20 13:23:12,834:INFO:Epoch: 0295 loss_train: 91.5247 acc_train: 0.3967 acc_val: 0.2746
2024-04-20 13:23:17,215:INFO:Epoch: 0296 loss_train: 90.6640 acc_train: 0.3935 acc_val: 0.2500
2024-04-20 13:23:21,595:INFO:Epoch: 0297 loss_train: 91.1434 acc_train: 0.3935 acc_val: 0.2418
2024-04-20 13:23:26,097:INFO:Epoch: 0298 loss_train: 89.5620 acc_train: 0.3982 acc_val: 0.2705
2024-04-20 13:23:30,412:INFO:Epoch: 0299 loss_train: 91.0103 acc_train: 0.4003 acc_val: 0.2705
2024-04-20 13:23:34,728:INFO:Epoch: 0300 loss_train: 91.8068 acc_train: 0.4102 acc_val: 0.2746
2024-04-20 13:23:39,072:INFO:Epoch: 0301 loss_train: 91.5800 acc_train: 0.3899 acc_val: 0.2623
2024-04-20 13:23:43,536:INFO:Epoch: 0302 loss_train: 89.7472 acc_train: 0.4024 acc_val: 0.2664
2024-04-20 13:23:47,982:INFO:Epoch: 0303 loss_train: 90.6409 acc_train: 0.4055 acc_val: 0.2459
2024-04-20 13:23:52,469:INFO:Epoch: 0304 loss_train: 93.3877 acc_train: 0.3811 acc_val: 0.2910
2024-04-20 13:23:56,929:INFO:Epoch: 0305 loss_train: 91.4940 acc_train: 0.3977 acc_val: 0.2787
2024-04-20 13:24:01,374:INFO:Epoch: 0306 loss_train: 91.3377 acc_train: 0.4045 acc_val: 0.2705
2024-04-20 13:24:05,819:INFO:Epoch: 0307 loss_train: 90.7796 acc_train: 0.3863 acc_val: 0.2541
2024-04-20 13:24:10,245:INFO:Epoch: 0308 loss_train: 89.9565 acc_train: 0.4019 acc_val: 0.2869
2024-04-20 13:24:14,564:INFO:Epoch: 0309 loss_train: 90.6053 acc_train: 0.4019 acc_val: 0.2787
2024-04-20 13:24:18,936:INFO:Epoch: 0310 loss_train: 90.6050 acc_train: 0.3977 acc_val: 0.2910
2024-04-20 13:24:23,259:INFO:Epoch: 0311 loss_train: 89.4482 acc_train: 0.4003 acc_val: 0.2705
2024-04-20 13:24:27,613:INFO:Epoch: 0312 loss_train: 89.8100 acc_train: 0.4076 acc_val: 0.2623
2024-04-20 13:24:31,936:INFO:Epoch: 0313 loss_train: 88.7932 acc_train: 0.4175 acc_val: 0.2705
2024-04-20 13:24:36,268:INFO:Epoch: 0314 loss_train: 89.5203 acc_train: 0.4102 acc_val: 0.2910
2024-04-20 13:24:40,591:INFO:Epoch: 0315 loss_train: 89.9974 acc_train: 0.4014 acc_val: 0.2582
2024-04-20 13:24:44,922:INFO:Epoch: 0316 loss_train: 89.2190 acc_train: 0.4003 acc_val: 0.2500
2024-04-20 13:24:49,254:INFO:Epoch: 0317 loss_train: 90.0022 acc_train: 0.3972 acc_val: 0.2869
2024-04-20 13:24:53,619:INFO:Epoch: 0318 loss_train: 88.4523 acc_train: 0.3998 acc_val: 0.2582
2024-04-20 13:24:57,996:INFO:Epoch: 0319 loss_train: 89.1682 acc_train: 0.4019 acc_val: 0.2418
2024-04-20 13:25:02,338:INFO:Epoch: 0320 loss_train: 91.2161 acc_train: 0.4040 acc_val: 0.2459
2024-04-20 13:25:02,341:INFO:PATIENCE THRESHOLD PASSED; DETECTED OVERFITTING
2024-04-20 13:25:06,710:INFO:Epoch: 0321 loss_train: 90.5453 acc_train: 0.3993 acc_val: 0.2500
2024-04-20 13:25:11,082:INFO:Epoch: 0322 loss_train: 88.7362 acc_train: 0.4164 acc_val: 0.2951
2024-04-20 13:25:15,418:INFO:Epoch: 0323 loss_train: 90.9476 acc_train: 0.4154 acc_val: 0.2787
2024-04-20 13:25:19,754:INFO:Epoch: 0324 loss_train: 90.9118 acc_train: 0.4045 acc_val: 0.2746
2024-04-20 13:25:24,267:INFO:Epoch: 0325 loss_train: 88.7047 acc_train: 0.4232 acc_val: 0.2541
2024-04-20 13:25:28,673:INFO:Epoch: 0326 loss_train: 89.7807 acc_train: 0.4092 acc_val: 0.2664
2024-04-20 13:25:33,009:INFO:Epoch: 0327 loss_train: 89.4183 acc_train: 0.4107 acc_val: 0.2623
2024-04-20 13:25:37,347:INFO:Epoch: 0328 loss_train: 88.7996 acc_train: 0.4149 acc_val: 0.2664
2024-04-20 13:25:41,723:INFO:Epoch: 0329 loss_train: 88.8324 acc_train: 0.4060 acc_val: 0.2705
2024-04-20 13:25:46,048:INFO:Epoch: 0330 loss_train: 90.1482 acc_train: 0.4138 acc_val: 0.2705
2024-04-20 13:25:50,401:INFO:Epoch: 0331 loss_train: 88.9115 acc_train: 0.4144 acc_val: 0.2664
2024-04-20 13:25:54,721:INFO:Epoch: 0332 loss_train: 88.1861 acc_train: 0.4159 acc_val: 0.2541
2024-04-20 13:25:59,038:INFO:Epoch: 0333 loss_train: 90.2415 acc_train: 0.4029 acc_val: 0.2500
2024-04-20 13:26:03,386:INFO:Epoch: 0334 loss_train: 90.9413 acc_train: 0.4040 acc_val: 0.2377
2024-04-20 13:26:07,700:INFO:Epoch: 0335 loss_train: 89.1299 acc_train: 0.4149 acc_val: 0.2746
2024-04-20 13:26:12,013:INFO:Epoch: 0336 loss_train: 90.3549 acc_train: 0.4154 acc_val: 0.2664
2024-04-20 13:26:16,332:INFO:Epoch: 0337 loss_train: 89.2943 acc_train: 0.4133 acc_val: 0.2377
2024-04-20 13:26:20,682:INFO:Epoch: 0338 loss_train: 89.6956 acc_train: 0.4055 acc_val: 0.2254
2024-04-20 13:26:25,080:INFO:Epoch: 0339 loss_train: 88.3896 acc_train: 0.4258 acc_val: 0.2705
2024-04-20 13:26:29,447:INFO:Epoch: 0340 loss_train: 90.1896 acc_train: 0.4097 acc_val: 0.2500
2024-04-20 13:26:33,759:INFO:Epoch: 0341 loss_train: 90.0203 acc_train: 0.3915 acc_val: 0.2582
2024-04-20 13:26:38,072:INFO:Epoch: 0342 loss_train: 87.5323 acc_train: 0.4118 acc_val: 0.2746
2024-04-20 13:26:42,439:INFO:Epoch: 0343 loss_train: 88.6128 acc_train: 0.4055 acc_val: 0.2828
2024-04-20 13:26:46,753:INFO:Epoch: 0344 loss_train: 89.5940 acc_train: 0.4118 acc_val: 0.2254
2024-04-20 13:26:51,065:INFO:Epoch: 0345 loss_train: 89.2211 acc_train: 0.3988 acc_val: 0.2746
2024-04-20 13:26:55,381:INFO:Epoch: 0346 loss_train: 89.0517 acc_train: 0.4149 acc_val: 0.2664
2024-04-20 13:26:59,762:INFO:Epoch: 0347 loss_train: 88.9058 acc_train: 0.4191 acc_val: 0.2623
2024-04-20 13:27:04,074:INFO:Epoch: 0348 loss_train: 89.1490 acc_train: 0.4086 acc_val: 0.2582
2024-04-20 13:27:08,438:INFO:Epoch: 0349 loss_train: 87.8458 acc_train: 0.4211 acc_val: 0.2869
2024-04-20 13:27:12,854:INFO:Epoch: 0350 loss_train: 89.1283 acc_train: 0.4217 acc_val: 0.2746
2024-04-20 13:27:17,125:INFO:Epoch: 0351 loss_train: 89.9713 acc_train: 0.4055 acc_val: 0.2459
2024-04-20 13:27:21,371:INFO:Epoch: 0352 loss_train: 87.5385 acc_train: 0.4185 acc_val: 0.2787
2024-04-20 13:27:25,610:INFO:Epoch: 0353 loss_train: 87.5803 acc_train: 0.4253 acc_val: 0.2705
2024-04-20 13:27:29,921:INFO:Epoch: 0354 loss_train: 88.0271 acc_train: 0.4154 acc_val: 0.2869
2024-04-20 13:27:34,367:INFO:Epoch: 0355 loss_train: 87.7589 acc_train: 0.4289 acc_val: 0.2787
2024-04-20 13:27:38,880:INFO:Epoch: 0356 loss_train: 87.9606 acc_train: 0.4274 acc_val: 0.2582
2024-04-20 13:27:43,370:INFO:Epoch: 0357 loss_train: 89.0195 acc_train: 0.4201 acc_val: 0.2869
2024-04-20 13:27:48,542:INFO:Epoch: 0358 loss_train: 87.3491 acc_train: 0.4191 acc_val: 0.2623
2024-04-20 13:27:52,987:INFO:Epoch: 0359 loss_train: 87.6403 acc_train: 0.4237 acc_val: 0.2541
2024-04-20 13:27:57,441:INFO:Epoch: 0360 loss_train: 87.7220 acc_train: 0.4180 acc_val: 0.2664
2024-04-20 13:28:01,895:INFO:Epoch: 0361 loss_train: 88.4080 acc_train: 0.4185 acc_val: 0.2705
2024-04-20 13:28:06,916:INFO:Epoch: 0362 loss_train: 87.7819 acc_train: 0.4315 acc_val: 0.2787
2024-04-20 13:28:11,173:INFO:Epoch: 0363 loss_train: 90.6094 acc_train: 0.4081 acc_val: 0.2746
2024-04-20 13:28:15,433:INFO:Epoch: 0364 loss_train: 86.7283 acc_train: 0.4357 acc_val: 0.2500
2024-04-20 13:28:19,728:INFO:Epoch: 0365 loss_train: 88.4410 acc_train: 0.4201 acc_val: 0.2500
2024-04-20 13:28:23,978:INFO:Epoch: 0366 loss_train: 87.6191 acc_train: 0.4253 acc_val: 0.2869
2024-04-20 13:28:28,245:INFO:Epoch: 0367 loss_train: 88.7682 acc_train: 0.4217 acc_val: 0.2377
2024-04-20 13:28:32,553:INFO:Epoch: 0368 loss_train: 87.0795 acc_train: 0.4196 acc_val: 0.2459
2024-04-20 13:28:36,808:INFO:Epoch: 0369 loss_train: 88.8368 acc_train: 0.4206 acc_val: 0.2541
2024-04-20 13:28:41,063:INFO:Epoch: 0370 loss_train: 87.4897 acc_train: 0.4331 acc_val: 0.2746
2024-04-20 13:28:45,325:INFO:Epoch: 0371 loss_train: 87.2867 acc_train: 0.4092 acc_val: 0.2459
2024-04-20 13:28:49,582:INFO:Epoch: 0372 loss_train: 87.8274 acc_train: 0.4331 acc_val: 0.2992
2024-04-20 13:28:53,841:INFO:Epoch: 0373 loss_train: 89.0005 acc_train: 0.4118 acc_val: 0.2705
2024-04-20 13:28:58,097:INFO:Epoch: 0374 loss_train: 88.2981 acc_train: 0.4336 acc_val: 0.2746
2024-04-20 13:29:02,353:INFO:Epoch: 0375 loss_train: 87.8127 acc_train: 0.4232 acc_val: 0.2828
2024-04-20 13:29:06,616:INFO:Epoch: 0376 loss_train: 86.2370 acc_train: 0.4263 acc_val: 0.2869
2024-04-20 13:29:10,904:INFO:Epoch: 0377 loss_train: 87.1264 acc_train: 0.4269 acc_val: 0.2336
2024-04-20 13:29:15,211:INFO:Epoch: 0378 loss_train: 86.9249 acc_train: 0.4206 acc_val: 0.2500
2024-04-20 13:29:19,474:INFO:Epoch: 0379 loss_train: 88.0480 acc_train: 0.4341 acc_val: 0.2500
2024-04-20 13:29:23,760:INFO:Epoch: 0380 loss_train: 86.1617 acc_train: 0.4326 acc_val: 0.2746
2024-04-20 13:29:28,082:INFO:Epoch: 0381 loss_train: 86.9492 acc_train: 0.4305 acc_val: 0.2541
2024-04-20 13:29:32,412:INFO:Epoch: 0382 loss_train: 87.8057 acc_train: 0.4237 acc_val: 0.2828
2024-04-20 13:29:36,895:INFO:Epoch: 0383 loss_train: 87.2918 acc_train: 0.4341 acc_val: 0.2623
2024-04-20 13:29:41,231:INFO:Epoch: 0384 loss_train: 86.8713 acc_train: 0.4175 acc_val: 0.2541
2024-04-20 13:29:45,598:INFO:Epoch: 0385 loss_train: 88.1325 acc_train: 0.4211 acc_val: 0.2869
2024-04-20 13:29:51,289:INFO:Epoch: 0386 loss_train: 88.3367 acc_train: 0.4237 acc_val: 0.3033
2024-04-20 13:29:55,761:INFO:Epoch: 0387 loss_train: 86.9377 acc_train: 0.4352 acc_val: 0.2746
2024-04-20 13:30:00,433:INFO:Epoch: 0388 loss_train: 88.6000 acc_train: 0.4138 acc_val: 0.2787
2024-04-20 13:30:05,269:INFO:Epoch: 0389 loss_train: 87.0459 acc_train: 0.4217 acc_val: 0.2869
2024-04-20 13:30:09,721:INFO:Epoch: 0390 loss_train: 85.8458 acc_train: 0.4456 acc_val: 0.2459
2024-04-20 13:30:14,030:INFO:Epoch: 0391 loss_train: 88.1109 acc_train: 0.4289 acc_val: 0.2459
2024-04-20 13:30:18,346:INFO:Epoch: 0392 loss_train: 87.5447 acc_train: 0.4305 acc_val: 0.2869
2024-04-20 13:30:22,861:INFO:Epoch: 0393 loss_train: 87.7386 acc_train: 0.4263 acc_val: 0.2377
2024-04-20 13:30:27,104:INFO:Epoch: 0394 loss_train: 88.2349 acc_train: 0.4300 acc_val: 0.2828
2024-04-20 13:30:31,361:INFO:Epoch: 0395 loss_train: 86.7520 acc_train: 0.4289 acc_val: 0.2951
2024-04-20 13:30:35,948:INFO:Epoch: 0396 loss_train: 88.4473 acc_train: 0.4222 acc_val: 0.2623
2024-04-20 13:30:40,199:INFO:Epoch: 0397 loss_train: 87.4863 acc_train: 0.4201 acc_val: 0.2869
2024-04-20 13:30:44,450:INFO:Epoch: 0398 loss_train: 86.2757 acc_train: 0.4253 acc_val: 0.2705
2024-04-20 13:30:48,739:INFO:Epoch: 0399 loss_train: 86.4891 acc_train: 0.4258 acc_val: 0.2910
2024-04-20 13:30:52,983:INFO:Epoch: 0400 loss_train: 87.0310 acc_train: 0.4248 acc_val: 0.3033
2024-04-20 13:30:57,238:INFO:Epoch: 0401 loss_train: 86.7250 acc_train: 0.4206 acc_val: 0.2459
2024-04-20 13:31:01,490:INFO:Epoch: 0402 loss_train: 86.9805 acc_train: 0.4383 acc_val: 0.2787
2024-04-20 13:31:05,736:INFO:Epoch: 0403 loss_train: 86.8515 acc_train: 0.4258 acc_val: 0.2705
2024-04-20 13:31:09,981:INFO:Epoch: 0404 loss_train: 85.6538 acc_train: 0.4289 acc_val: 0.2828
2024-04-20 13:31:14,353:INFO:Epoch: 0405 loss_train: 86.7579 acc_train: 0.4295 acc_val: 0.2828
2024-04-20 13:31:18,604:INFO:Epoch: 0406 loss_train: 87.2209 acc_train: 0.4295 acc_val: 0.2992
2024-04-20 13:31:22,854:INFO:Epoch: 0407 loss_train: 86.6228 acc_train: 0.4300 acc_val: 0.2541
2024-04-20 13:31:27,114:INFO:Epoch: 0408 loss_train: 87.0875 acc_train: 0.4321 acc_val: 0.2746
2024-04-20 13:31:31,393:INFO:Epoch: 0409 loss_train: 86.8069 acc_train: 0.4310 acc_val: 0.2746
2024-04-20 13:31:35,663:INFO:Epoch: 0410 loss_train: 85.7246 acc_train: 0.4446 acc_val: 0.3074
2024-04-20 13:31:39,918:INFO:Epoch: 0411 loss_train: 85.9612 acc_train: 0.4284 acc_val: 0.3033
2024-04-20 13:31:44,170:INFO:Epoch: 0412 loss_train: 85.7134 acc_train: 0.4341 acc_val: 0.2664
2024-04-20 13:31:48,736:INFO:Epoch: 0413 loss_train: 86.2274 acc_train: 0.4269 acc_val: 0.2582
2024-04-20 13:31:52,986:INFO:Epoch: 0414 loss_train: 85.6147 acc_train: 0.4274 acc_val: 0.2951
2024-04-20 13:31:57,298:INFO:Epoch: 0415 loss_train: 86.9844 acc_train: 0.4378 acc_val: 0.2746
2024-04-20 13:32:01,617:INFO:Epoch: 0416 loss_train: 86.1937 acc_train: 0.4409 acc_val: 0.2910
2024-04-20 13:32:05,941:INFO:Epoch: 0417 loss_train: 87.7714 acc_train: 0.4185 acc_val: 0.2746
2024-04-20 13:32:10,270:INFO:Epoch: 0418 loss_train: 85.8347 acc_train: 0.4394 acc_val: 0.2951
2024-04-20 13:32:14,843:INFO:Epoch: 0419 loss_train: 84.7709 acc_train: 0.4414 acc_val: 0.2910
2024-04-20 13:32:19,162:INFO:Epoch: 0420 loss_train: 85.8191 acc_train: 0.4440 acc_val: 0.2828
2024-04-20 13:32:23,486:INFO:Epoch: 0421 loss_train: 85.5043 acc_train: 0.4435 acc_val: 0.2705
2024-04-20 13:32:27,805:INFO:Epoch: 0422 loss_train: 86.6519 acc_train: 0.4430 acc_val: 0.2951
2024-04-20 13:32:32,130:INFO:Epoch: 0423 loss_train: 86.6450 acc_train: 0.4435 acc_val: 0.2787
2024-04-20 13:32:36,458:INFO:Epoch: 0424 loss_train: 85.9702 acc_train: 0.4383 acc_val: 0.3033
2024-04-20 13:32:40,780:INFO:Epoch: 0425 loss_train: 86.1722 acc_train: 0.4420 acc_val: 0.2541
2024-04-20 13:32:45,105:INFO:Epoch: 0426 loss_train: 85.1802 acc_train: 0.4425 acc_val: 0.2582
2024-04-20 13:32:49,425:INFO:Epoch: 0427 loss_train: 84.8929 acc_train: 0.4435 acc_val: 0.2828
2024-04-20 13:32:53,749:INFO:Epoch: 0428 loss_train: 85.6159 acc_train: 0.4269 acc_val: 0.2582
2024-04-20 13:32:58,068:INFO:Epoch: 0429 loss_train: 84.5044 acc_train: 0.4362 acc_val: 0.2951
2024-04-20 13:33:02,395:INFO:Epoch: 0430 loss_train: 84.7236 acc_train: 0.4440 acc_val: 0.2951
2024-04-20 13:33:06,720:INFO:Epoch: 0431 loss_train: 84.1705 acc_train: 0.4289 acc_val: 0.2664
2024-04-20 13:33:11,042:INFO:Epoch: 0432 loss_train: 86.1862 acc_train: 0.4279 acc_val: 0.2787
2024-04-20 13:33:15,364:INFO:Epoch: 0433 loss_train: 84.7591 acc_train: 0.4550 acc_val: 0.2541
2024-04-20 13:33:19,689:INFO:Epoch: 0434 loss_train: 87.7671 acc_train: 0.4326 acc_val: 0.3156
2024-04-20 13:33:24,297:INFO:Epoch: 0435 loss_train: 84.8075 acc_train: 0.4394 acc_val: 0.2951
2024-04-20 13:33:28,621:INFO:Epoch: 0436 loss_train: 85.6732 acc_train: 0.4472 acc_val: 0.2992
2024-04-20 13:33:32,938:INFO:Epoch: 0437 loss_train: 85.4251 acc_train: 0.4466 acc_val: 0.2623
2024-04-20 13:33:37,254:INFO:Epoch: 0438 loss_train: 85.0418 acc_train: 0.4373 acc_val: 0.2910
2024-04-20 13:33:41,575:INFO:Epoch: 0439 loss_train: 85.7814 acc_train: 0.4435 acc_val: 0.2951
2024-04-20 13:33:45,895:INFO:Epoch: 0440 loss_train: 85.5422 acc_train: 0.4482 acc_val: 0.3320
2024-04-20 13:33:50,215:INFO:Epoch: 0441 loss_train: 86.9707 acc_train: 0.4347 acc_val: 0.3115
2024-04-20 13:33:54,557:INFO:Epoch: 0442 loss_train: 85.5829 acc_train: 0.4492 acc_val: 0.2992
2024-04-20 13:33:58,875:INFO:Epoch: 0443 loss_train: 86.0152 acc_train: 0.4399 acc_val: 0.2869
2024-04-20 13:34:03,185:INFO:Epoch: 0444 loss_train: 84.6081 acc_train: 0.4498 acc_val: 0.2746
2024-04-20 13:34:07,494:INFO:Epoch: 0445 loss_train: 85.0870 acc_train: 0.4529 acc_val: 0.2746
2024-04-20 13:34:11,837:INFO:Epoch: 0446 loss_train: 87.0253 acc_train: 0.4284 acc_val: 0.2828
2024-04-20 13:34:16,181:INFO:Epoch: 0447 loss_train: 84.8140 acc_train: 0.4409 acc_val: 0.2869
2024-04-20 13:34:20,526:INFO:Epoch: 0448 loss_train: 84.7865 acc_train: 0.4534 acc_val: 0.2869
2024-04-20 13:34:24,879:INFO:Epoch: 0449 loss_train: 84.4643 acc_train: 0.4394 acc_val: 0.2951
2024-04-20 13:34:29,219:INFO:Epoch: 0450 loss_train: 83.7810 acc_train: 0.4477 acc_val: 0.2828
2024-04-20 13:34:33,562:INFO:Epoch: 0451 loss_train: 84.6682 acc_train: 0.4586 acc_val: 0.2705
2024-04-20 13:34:38,060:INFO:Epoch: 0452 loss_train: 85.5578 acc_train: 0.4529 acc_val: 0.2828
2024-04-20 13:34:42,411:INFO:Epoch: 0453 loss_train: 84.4538 acc_train: 0.4492 acc_val: 0.2787
2024-04-20 13:34:46,723:INFO:Epoch: 0454 loss_train: 85.2277 acc_train: 0.4461 acc_val: 0.3115
2024-04-20 13:34:51,149:INFO:Epoch: 0455 loss_train: 85.1103 acc_train: 0.4435 acc_val: 0.2910
2024-04-20 13:34:55,466:INFO:Epoch: 0456 loss_train: 84.1694 acc_train: 0.4571 acc_val: 0.2828
2024-04-20 13:34:59,777:INFO:Epoch: 0457 loss_train: 87.3767 acc_train: 0.4336 acc_val: 0.2623
2024-04-20 13:35:04,087:INFO:Epoch: 0458 loss_train: 84.4556 acc_train: 0.4534 acc_val: 0.2746
2024-04-20 13:35:08,398:INFO:Epoch: 0459 loss_train: 83.9736 acc_train: 0.4591 acc_val: 0.2910
2024-04-20 13:35:12,714:INFO:Epoch: 0460 loss_train: 83.5747 acc_train: 0.4545 acc_val: 0.2664
2024-04-20 13:35:17,028:INFO:Epoch: 0461 loss_train: 85.3543 acc_train: 0.4539 acc_val: 0.3074
2024-04-20 13:35:21,341:INFO:Epoch: 0462 loss_train: 85.1848 acc_train: 0.4336 acc_val: 0.3115
2024-04-20 13:35:25,654:INFO:Epoch: 0463 loss_train: 86.5148 acc_train: 0.4503 acc_val: 0.3033
2024-04-20 13:35:30,391:INFO:Epoch: 0464 loss_train: 85.3113 acc_train: 0.4425 acc_val: 0.2869
2024-04-20 13:35:34,714:INFO:Epoch: 0465 loss_train: 84.9210 acc_train: 0.4477 acc_val: 0.3197
2024-04-20 13:35:39,031:INFO:Epoch: 0466 loss_train: 85.8853 acc_train: 0.4383 acc_val: 0.2705
2024-04-20 13:35:43,401:INFO:Epoch: 0467 loss_train: 85.0353 acc_train: 0.4518 acc_val: 0.2869
2024-04-20 13:35:47,706:INFO:Epoch: 0468 loss_train: 83.7590 acc_train: 0.4498 acc_val: 0.2828
2024-04-20 13:35:51,959:INFO:Epoch: 0469 loss_train: 84.7098 acc_train: 0.4550 acc_val: 0.3115
2024-04-20 13:35:56,213:INFO:Epoch: 0470 loss_train: 86.1654 acc_train: 0.4545 acc_val: 0.3074
2024-04-20 13:36:00,463:INFO:Epoch: 0471 loss_train: 84.2675 acc_train: 0.4503 acc_val: 0.2992
2024-04-20 13:36:04,795:INFO:Epoch: 0472 loss_train: 86.5190 acc_train: 0.4623 acc_val: 0.2787
2024-04-20 13:36:09,141:INFO:Epoch: 0473 loss_train: 86.6429 acc_train: 0.4305 acc_val: 0.2828
2024-04-20 13:36:13,479:INFO:Epoch: 0474 loss_train: 83.5723 acc_train: 0.4518 acc_val: 0.3074
2024-04-20 13:36:17,826:INFO:Epoch: 0475 loss_train: 83.3818 acc_train: 0.4560 acc_val: 0.3115
2024-04-20 13:36:22,082:INFO:Epoch: 0476 loss_train: 83.3239 acc_train: 0.4597 acc_val: 0.3238
2024-04-20 13:36:26,336:INFO:Epoch: 0477 loss_train: 82.9060 acc_train: 0.4487 acc_val: 0.2869
2024-04-20 13:36:30,584:INFO:Epoch: 0478 loss_train: 82.7529 acc_train: 0.4706 acc_val: 0.3115
2024-04-20 13:36:34,848:INFO:Epoch: 0479 loss_train: 83.6045 acc_train: 0.4451 acc_val: 0.2992
2024-04-20 13:36:39,107:INFO:Epoch: 0480 loss_train: 85.1772 acc_train: 0.4508 acc_val: 0.2869
2024-04-20 13:36:43,363:INFO:Epoch: 0481 loss_train: 84.6792 acc_train: 0.4378 acc_val: 0.2787
2024-04-20 13:36:47,621:INFO:Epoch: 0482 loss_train: 84.9502 acc_train: 0.4534 acc_val: 0.2869
2024-04-20 13:36:52,028:INFO:Epoch: 0483 loss_train: 84.7213 acc_train: 0.4524 acc_val: 0.2910
2024-04-20 13:36:56,285:INFO:Epoch: 0484 loss_train: 83.6723 acc_train: 0.4539 acc_val: 0.3074
2024-04-20 13:37:00,547:INFO:Epoch: 0485 loss_train: 83.4070 acc_train: 0.4576 acc_val: 0.3033
2024-04-20 13:37:04,798:INFO:Epoch: 0486 loss_train: 83.1600 acc_train: 0.4659 acc_val: 0.2746
2024-04-20 13:37:09,048:INFO:Epoch: 0487 loss_train: 83.4372 acc_train: 0.4550 acc_val: 0.3033
2024-04-20 13:37:13,301:INFO:Epoch: 0488 loss_train: 83.4265 acc_train: 0.4617 acc_val: 0.3033
2024-04-20 13:37:17,577:INFO:Epoch: 0489 loss_train: 83.3118 acc_train: 0.4581 acc_val: 0.3033
2024-04-20 13:37:21,867:INFO:Epoch: 0490 loss_train: 84.6102 acc_train: 0.4477 acc_val: 0.2910
2024-04-20 13:37:26,157:INFO:Epoch: 0491 loss_train: 85.2091 acc_train: 0.4503 acc_val: 0.2992
2024-04-20 13:37:30,449:INFO:Epoch: 0492 loss_train: 82.7858 acc_train: 0.4597 acc_val: 0.3156
2024-04-20 13:37:34,769:INFO:Epoch: 0493 loss_train: 82.9622 acc_train: 0.4664 acc_val: 0.2951
2024-04-20 13:37:39,028:INFO:Epoch: 0494 loss_train: 82.9005 acc_train: 0.4472 acc_val: 0.2746
2024-04-20 13:37:43,313:INFO:Epoch: 0495 loss_train: 83.7341 acc_train: 0.4643 acc_val: 0.2746
2024-04-20 13:37:47,626:INFO:Epoch: 0496 loss_train: 86.3335 acc_train: 0.4560 acc_val: 0.3115
2024-04-20 13:37:51,881:INFO:Epoch: 0497 loss_train: 85.2138 acc_train: 0.4451 acc_val: 0.3074
2024-04-20 13:37:56,136:INFO:Epoch: 0498 loss_train: 83.6970 acc_train: 0.4524 acc_val: 0.2910
2024-04-20 13:38:00,392:INFO:Epoch: 0499 loss_train: 83.8330 acc_train: 0.4597 acc_val: 0.2869
2024-04-20 13:38:04,649:INFO:Epoch: 0500 loss_train: 82.5594 acc_train: 0.4550 acc_val: 0.3115
2024-04-20 13:38:04,661:INFO:Optimization Finished! Total time elapsed: 2171.484010
