2024-04-20 12:22:51,745:INFO:Current date and time:2024-04-20 12:22:51.745132
2024-04-20 12:22:51,746:INFO:{'dataset_name': 'hpo_metab', 'learning_rate': 0.001, 'weight_decay': 0.01, 'batch_size': 32, 'augment': 1, 'epochs': 500, 'patience': 100, 'hidden_dim': 16, 'mamba_dim': 16, 'seqlength': 5000, 'hops': 3, 'num_classes': 6, 'multilabel': False, 'embeddings_filename': 'graphsaint_gcn_embeddings.pth'}
2024-04-20 12:22:59,711:INFO:Epoch: 0001 loss_train: 109.8219 acc_train: 0.1676 acc_val: 0.1516
2024-04-20 12:23:05,510:INFO:Epoch: 0002 loss_train: 109.3086 acc_train: 0.1879 acc_val: 0.1516
2024-04-20 12:23:10,133:INFO:Epoch: 0003 loss_train: 108.3143 acc_train: 0.2077 acc_val: 0.1926
2024-04-20 12:23:14,780:INFO:Epoch: 0004 loss_train: 107.0253 acc_train: 0.2098 acc_val: 0.1762
2024-04-20 12:23:19,416:INFO:Epoch: 0005 loss_train: 106.1885 acc_train: 0.2379 acc_val: 0.2213
2024-04-20 12:23:24,012:INFO:Epoch: 0006 loss_train: 105.5250 acc_train: 0.2447 acc_val: 0.2049
2024-04-20 12:23:28,605:INFO:Epoch: 0007 loss_train: 104.7843 acc_train: 0.2540 acc_val: 0.2008
2024-04-20 12:23:33,186:INFO:Epoch: 0008 loss_train: 104.3726 acc_train: 0.2514 acc_val: 0.2459
2024-04-20 12:23:37,811:INFO:Epoch: 0009 loss_train: 104.3645 acc_train: 0.2618 acc_val: 0.1926
2024-04-20 12:23:42,437:INFO:Epoch: 0010 loss_train: 104.5928 acc_train: 0.2712 acc_val: 0.1803
2024-04-20 12:23:47,026:INFO:Epoch: 0011 loss_train: 104.6628 acc_train: 0.2697 acc_val: 0.2172
2024-04-20 12:23:51,637:INFO:Epoch: 0012 loss_train: 103.7473 acc_train: 0.2847 acc_val: 0.2090
2024-04-20 12:23:56,231:INFO:Epoch: 0013 loss_train: 103.6891 acc_train: 0.2769 acc_val: 0.2541
2024-04-20 12:24:00,868:INFO:Epoch: 0014 loss_train: 103.4552 acc_train: 0.2832 acc_val: 0.2336
2024-04-20 12:24:05,445:INFO:Epoch: 0015 loss_train: 102.8233 acc_train: 0.2801 acc_val: 0.2541
2024-04-20 12:24:10,022:INFO:Epoch: 0016 loss_train: 101.8598 acc_train: 0.3024 acc_val: 0.2705
2024-04-20 12:24:14,598:INFO:Epoch: 0017 loss_train: 102.2933 acc_train: 0.2998 acc_val: 0.2377
2024-04-20 12:24:19,173:INFO:Epoch: 0018 loss_train: 102.7685 acc_train: 0.2952 acc_val: 0.2746
2024-04-20 12:24:23,759:INFO:Epoch: 0019 loss_train: 102.2352 acc_train: 0.2952 acc_val: 0.2623
2024-04-20 12:24:28,346:INFO:Epoch: 0020 loss_train: 101.1130 acc_train: 0.3087 acc_val: 0.2500
2024-04-20 12:24:32,922:INFO:Epoch: 0021 loss_train: 101.3594 acc_train: 0.3050 acc_val: 0.2910
2024-04-20 12:24:37,498:INFO:Epoch: 0022 loss_train: 101.2491 acc_train: 0.2936 acc_val: 0.2910
2024-04-20 12:24:42,087:INFO:Epoch: 0023 loss_train: 99.6637 acc_train: 0.3040 acc_val: 0.2582
2024-04-20 12:24:46,667:INFO:Epoch: 0024 loss_train: 100.0499 acc_train: 0.3191 acc_val: 0.2418
2024-04-20 12:24:51,298:INFO:Epoch: 0025 loss_train: 100.8458 acc_train: 0.3092 acc_val: 0.2992
2024-04-20 12:24:55,869:INFO:Epoch: 0026 loss_train: 100.1626 acc_train: 0.3097 acc_val: 0.2787
2024-04-20 12:25:00,624:INFO:Epoch: 0027 loss_train: 99.2997 acc_train: 0.3087 acc_val: 0.2582
2024-04-20 12:25:05,203:INFO:Epoch: 0028 loss_train: 101.1877 acc_train: 0.3227 acc_val: 0.2705
2024-04-20 12:25:09,775:INFO:Epoch: 0029 loss_train: 99.6117 acc_train: 0.3181 acc_val: 0.2992
2024-04-20 12:25:14,375:INFO:Epoch: 0030 loss_train: 100.1690 acc_train: 0.3170 acc_val: 0.2828
2024-04-20 12:25:18,978:INFO:Epoch: 0031 loss_train: 99.2432 acc_train: 0.3113 acc_val: 0.2664
2024-04-20 12:25:23,589:INFO:Epoch: 0032 loss_train: 99.0373 acc_train: 0.3295 acc_val: 0.2992
2024-04-20 12:25:28,200:INFO:Epoch: 0033 loss_train: 98.8742 acc_train: 0.3207 acc_val: 0.2992
2024-04-20 12:25:32,773:INFO:Epoch: 0034 loss_train: 98.7238 acc_train: 0.3254 acc_val: 0.2746
2024-04-20 12:25:37,391:INFO:Epoch: 0035 loss_train: 98.7379 acc_train: 0.3280 acc_val: 0.2787
2024-04-20 12:25:42,187:INFO:Epoch: 0036 loss_train: 98.4428 acc_train: 0.3332 acc_val: 0.2869
2024-04-20 12:25:46,943:INFO:Epoch: 0037 loss_train: 97.4129 acc_train: 0.3196 acc_val: 0.2787
2024-04-20 12:25:51,692:INFO:Epoch: 0038 loss_train: 97.7490 acc_train: 0.3248 acc_val: 0.2992
2024-04-20 12:25:56,441:INFO:Epoch: 0039 loss_train: 98.0873 acc_train: 0.3274 acc_val: 0.2869
2024-04-20 12:26:01,191:INFO:Epoch: 0040 loss_train: 97.6493 acc_train: 0.3207 acc_val: 0.2910
2024-04-20 12:26:05,943:INFO:Epoch: 0041 loss_train: 96.7894 acc_train: 0.3326 acc_val: 0.2910
2024-04-20 12:26:10,698:INFO:Epoch: 0042 loss_train: 96.7340 acc_train: 0.3404 acc_val: 0.3033
2024-04-20 12:26:15,448:INFO:Epoch: 0043 loss_train: 99.3231 acc_train: 0.3300 acc_val: 0.2541
2024-04-20 12:26:20,264:INFO:Epoch: 0044 loss_train: 98.4823 acc_train: 0.3280 acc_val: 0.3074
2024-04-20 12:26:25,177:INFO:Epoch: 0045 loss_train: 96.9236 acc_train: 0.3363 acc_val: 0.2746
2024-04-20 12:26:29,977:INFO:Epoch: 0046 loss_train: 96.8326 acc_train: 0.3451 acc_val: 0.2869
2024-04-20 12:26:34,738:INFO:Epoch: 0047 loss_train: 97.5252 acc_train: 0.3363 acc_val: 0.3074
2024-04-20 12:26:39,496:INFO:Epoch: 0048 loss_train: 96.7029 acc_train: 0.3358 acc_val: 0.2869
2024-04-20 12:26:44,362:INFO:Epoch: 0049 loss_train: 96.8579 acc_train: 0.3394 acc_val: 0.2828
2024-04-20 12:26:49,117:INFO:Epoch: 0050 loss_train: 96.9532 acc_train: 0.3467 acc_val: 0.2869
2024-04-20 12:26:53,933:INFO:Epoch: 0051 loss_train: 96.9819 acc_train: 0.3394 acc_val: 0.3115
2024-04-20 12:26:58,760:INFO:Epoch: 0052 loss_train: 95.8552 acc_train: 0.3555 acc_val: 0.3033
2024-04-20 12:27:03,535:INFO:Epoch: 0053 loss_train: 97.5509 acc_train: 0.3472 acc_val: 0.3033
2024-04-20 12:27:08,299:INFO:Epoch: 0054 loss_train: 96.4529 acc_train: 0.3467 acc_val: 0.2910
2024-04-20 12:27:13,131:INFO:Epoch: 0055 loss_train: 95.8785 acc_train: 0.3441 acc_val: 0.2869
2024-04-20 12:27:17,935:INFO:Epoch: 0056 loss_train: 95.1240 acc_train: 0.3665 acc_val: 0.2828
2024-04-20 12:27:22,892:INFO:Epoch: 0057 loss_train: 95.4643 acc_train: 0.3509 acc_val: 0.3115
2024-04-20 12:27:27,717:INFO:Epoch: 0058 loss_train: 96.0818 acc_train: 0.3576 acc_val: 0.3115
2024-04-20 12:27:32,536:INFO:Epoch: 0059 loss_train: 95.9669 acc_train: 0.3597 acc_val: 0.2705
2024-04-20 12:27:37,301:INFO:Epoch: 0060 loss_train: 95.3291 acc_train: 0.3555 acc_val: 0.2992
2024-04-20 12:27:42,094:INFO:Epoch: 0061 loss_train: 95.8304 acc_train: 0.3665 acc_val: 0.3033
2024-04-20 12:27:46,886:INFO:Epoch: 0062 loss_train: 95.6792 acc_train: 0.3535 acc_val: 0.2869
2024-04-20 12:27:51,697:INFO:Epoch: 0063 loss_train: 94.3196 acc_train: 0.3602 acc_val: 0.2951
2024-04-20 12:27:56,500:INFO:Epoch: 0064 loss_train: 95.0244 acc_train: 0.3524 acc_val: 0.2828
2024-04-20 12:28:01,244:INFO:Epoch: 0065 loss_train: 96.3243 acc_train: 0.3654 acc_val: 0.3197
2024-04-20 12:28:06,037:INFO:Epoch: 0066 loss_train: 95.7145 acc_train: 0.3691 acc_val: 0.2910
2024-04-20 12:28:10,606:INFO:Epoch: 0067 loss_train: 93.9487 acc_train: 0.3706 acc_val: 0.3156
2024-04-20 12:28:15,190:INFO:Epoch: 0068 loss_train: 94.3219 acc_train: 0.3571 acc_val: 0.3156
2024-04-20 12:28:19,787:INFO:Epoch: 0069 loss_train: 94.1234 acc_train: 0.3670 acc_val: 0.2582
2024-04-20 12:28:24,346:INFO:Epoch: 0070 loss_train: 94.9079 acc_train: 0.3670 acc_val: 0.3156
2024-04-20 12:28:28,979:INFO:Epoch: 0071 loss_train: 94.2948 acc_train: 0.3722 acc_val: 0.2951
2024-04-20 12:28:33,664:INFO:Epoch: 0072 loss_train: 94.0427 acc_train: 0.3811 acc_val: 0.2951
2024-04-20 12:28:38,675:INFO:Epoch: 0073 loss_train: 93.3431 acc_train: 0.3634 acc_val: 0.2459
2024-04-20 12:28:43,451:INFO:Epoch: 0074 loss_train: 93.7398 acc_train: 0.3686 acc_val: 0.3115
2024-04-20 12:28:48,279:INFO:Epoch: 0075 loss_train: 92.6696 acc_train: 0.3764 acc_val: 0.2828
2024-04-20 12:28:53,071:INFO:Epoch: 0076 loss_train: 93.4373 acc_train: 0.3847 acc_val: 0.3197
2024-04-20 12:28:57,930:INFO:Epoch: 0077 loss_train: 94.5908 acc_train: 0.3790 acc_val: 0.2787
2024-04-20 12:29:02,725:INFO:Epoch: 0078 loss_train: 94.6416 acc_train: 0.3811 acc_val: 0.2869
2024-04-20 12:29:07,565:INFO:Epoch: 0079 loss_train: 93.1843 acc_train: 0.3863 acc_val: 0.2951
2024-04-20 12:29:12,404:INFO:Epoch: 0080 loss_train: 92.6334 acc_train: 0.3805 acc_val: 0.2992
2024-04-20 12:29:17,187:INFO:Epoch: 0081 loss_train: 93.7856 acc_train: 0.3868 acc_val: 0.2951
2024-04-20 12:29:21,973:INFO:Epoch: 0082 loss_train: 93.9597 acc_train: 0.3826 acc_val: 0.2828
2024-04-20 12:29:26,743:INFO:Epoch: 0083 loss_train: 91.6074 acc_train: 0.3915 acc_val: 0.3033
2024-04-20 12:29:31,559:INFO:Epoch: 0084 loss_train: 92.0637 acc_train: 0.3857 acc_val: 0.2992
2024-04-20 12:29:36,334:INFO:Epoch: 0085 loss_train: 90.6638 acc_train: 0.3935 acc_val: 0.2869
2024-04-20 12:29:41,114:INFO:Epoch: 0086 loss_train: 92.0790 acc_train: 0.3982 acc_val: 0.2992
2024-04-20 12:29:45,890:INFO:Epoch: 0087 loss_train: 91.0415 acc_train: 0.3857 acc_val: 0.3074
2024-04-20 12:29:50,666:INFO:Epoch: 0088 loss_train: 93.5496 acc_train: 0.4008 acc_val: 0.2951
2024-04-20 12:29:55,473:INFO:Epoch: 0089 loss_train: 93.9549 acc_train: 0.3722 acc_val: 0.2992
2024-04-20 12:30:00,513:INFO:Epoch: 0090 loss_train: 92.0437 acc_train: 0.3857 acc_val: 0.2664
2024-04-20 12:30:05,412:INFO:Epoch: 0091 loss_train: 92.1212 acc_train: 0.3993 acc_val: 0.3320
2024-04-20 12:30:10,224:INFO:Epoch: 0092 loss_train: 92.8006 acc_train: 0.3883 acc_val: 0.3074
2024-04-20 12:30:15,056:INFO:Epoch: 0093 loss_train: 92.0576 acc_train: 0.4055 acc_val: 0.2869
2024-04-20 12:30:19,892:INFO:Epoch: 0094 loss_train: 93.6815 acc_train: 0.3904 acc_val: 0.3115
2024-04-20 12:30:24,727:INFO:Epoch: 0095 loss_train: 90.7298 acc_train: 0.4102 acc_val: 0.3238
2024-04-20 12:30:29,554:INFO:Epoch: 0096 loss_train: 90.9942 acc_train: 0.3935 acc_val: 0.3156
2024-04-20 12:30:34,334:INFO:Epoch: 0097 loss_train: 91.4861 acc_train: 0.4050 acc_val: 0.3279
2024-04-20 12:30:39,146:INFO:Epoch: 0098 loss_train: 91.1529 acc_train: 0.3972 acc_val: 0.2664
2024-04-20 12:30:44,012:INFO:Epoch: 0099 loss_train: 91.0375 acc_train: 0.4191 acc_val: 0.2910
2024-04-20 12:30:48,964:INFO:Epoch: 0100 loss_train: 90.7371 acc_train: 0.3956 acc_val: 0.2787
2024-04-20 12:30:53,784:INFO:Epoch: 0101 loss_train: 90.9544 acc_train: 0.4034 acc_val: 0.2992
2024-04-20 12:30:58,641:INFO:Epoch: 0102 loss_train: 90.5238 acc_train: 0.4029 acc_val: 0.3074
2024-04-20 12:31:03,456:INFO:Epoch: 0103 loss_train: 91.2693 acc_train: 0.3935 acc_val: 0.2951
2024-04-20 12:31:08,244:INFO:Epoch: 0104 loss_train: 89.9454 acc_train: 0.4076 acc_val: 0.2869
2024-04-20 12:31:13,096:INFO:Epoch: 0105 loss_train: 90.6580 acc_train: 0.4045 acc_val: 0.2951
2024-04-20 12:31:17,891:INFO:Epoch: 0106 loss_train: 89.8901 acc_train: 0.3977 acc_val: 0.3074
2024-04-20 12:31:22,673:INFO:Epoch: 0107 loss_train: 89.4285 acc_train: 0.4222 acc_val: 0.3361
2024-04-20 12:31:27,496:INFO:Epoch: 0108 loss_train: 89.4022 acc_train: 0.4107 acc_val: 0.2787
2024-04-20 12:31:32,340:INFO:Epoch: 0109 loss_train: 89.6218 acc_train: 0.4076 acc_val: 0.3115
2024-04-20 12:31:37,170:INFO:Epoch: 0110 loss_train: 90.9590 acc_train: 0.4128 acc_val: 0.2992
2024-04-20 12:31:41,954:INFO:Epoch: 0111 loss_train: 91.6352 acc_train: 0.3967 acc_val: 0.2664
2024-04-20 12:31:46,786:INFO:Epoch: 0112 loss_train: 89.0018 acc_train: 0.4196 acc_val: 0.3115
2024-04-20 12:31:51,565:INFO:Epoch: 0113 loss_train: 89.2009 acc_train: 0.4164 acc_val: 0.2746
2024-04-20 12:31:56,436:INFO:Epoch: 0114 loss_train: 89.2621 acc_train: 0.4201 acc_val: 0.2418
2024-04-20 12:32:01,272:INFO:Epoch: 0115 loss_train: 90.0508 acc_train: 0.4112 acc_val: 0.3156
2024-04-20 12:32:06,121:INFO:Epoch: 0116 loss_train: 89.0072 acc_train: 0.4118 acc_val: 0.3074
2024-04-20 12:32:10,963:INFO:Epoch: 0117 loss_train: 88.1902 acc_train: 0.4180 acc_val: 0.2992
2024-04-20 12:32:15,739:INFO:Epoch: 0118 loss_train: 89.1399 acc_train: 0.4258 acc_val: 0.2869
2024-04-20 12:32:20,511:INFO:Epoch: 0119 loss_train: 88.8528 acc_train: 0.4274 acc_val: 0.3238
2024-04-20 12:32:25,520:INFO:Epoch: 0120 loss_train: 89.3482 acc_train: 0.4128 acc_val: 0.3115
2024-04-20 12:32:30,304:INFO:Epoch: 0121 loss_train: 88.4584 acc_train: 0.4154 acc_val: 0.3115
2024-04-20 12:32:35,074:INFO:Epoch: 0122 loss_train: 89.2601 acc_train: 0.4123 acc_val: 0.2910
2024-04-20 12:32:39,841:INFO:Epoch: 0123 loss_train: 87.3176 acc_train: 0.4368 acc_val: 0.3033
2024-04-20 12:32:44,734:INFO:Epoch: 0124 loss_train: 87.3736 acc_train: 0.4112 acc_val: 0.2869
2024-04-20 12:32:49,504:INFO:Epoch: 0125 loss_train: 87.7487 acc_train: 0.4310 acc_val: 0.2869
2024-04-20 12:32:54,272:INFO:Epoch: 0126 loss_train: 87.2507 acc_train: 0.4159 acc_val: 0.3484
2024-04-20 12:32:59,038:INFO:Epoch: 0127 loss_train: 89.8431 acc_train: 0.4227 acc_val: 0.2746
2024-04-20 12:33:03,821:INFO:Epoch: 0128 loss_train: 88.9688 acc_train: 0.4300 acc_val: 0.3156
2024-04-20 12:33:08,413:INFO:Epoch: 0129 loss_train: 87.3473 acc_train: 0.4315 acc_val: 0.2869
2024-04-20 12:33:13,056:INFO:Epoch: 0130 loss_train: 87.5253 acc_train: 0.4274 acc_val: 0.3279
2024-04-20 12:33:17,718:INFO:Epoch: 0131 loss_train: 87.3328 acc_train: 0.4258 acc_val: 0.2664
2024-04-20 12:33:22,423:INFO:Epoch: 0132 loss_train: 87.3710 acc_train: 0.4274 acc_val: 0.3115
2024-04-20 12:33:27,199:INFO:Epoch: 0133 loss_train: 88.7324 acc_train: 0.4154 acc_val: 0.3279
2024-04-20 12:33:31,875:INFO:Epoch: 0134 loss_train: 87.6861 acc_train: 0.4331 acc_val: 0.3033
2024-04-20 12:33:36,458:INFO:Epoch: 0135 loss_train: 87.6915 acc_train: 0.4284 acc_val: 0.3115
2024-04-20 12:33:41,122:INFO:Epoch: 0136 loss_train: 87.7048 acc_train: 0.4305 acc_val: 0.2951
2024-04-20 12:33:45,712:INFO:Epoch: 0137 loss_train: 87.8210 acc_train: 0.4175 acc_val: 0.2828
2024-04-20 12:33:50,743:INFO:Epoch: 0138 loss_train: 86.4593 acc_train: 0.4263 acc_val: 0.3115
2024-04-20 12:33:55,320:INFO:Epoch: 0139 loss_train: 87.6195 acc_train: 0.4295 acc_val: 0.3197
2024-04-20 12:34:00,006:INFO:Epoch: 0140 loss_train: 86.6805 acc_train: 0.4315 acc_val: 0.3033
2024-04-20 12:34:04,703:INFO:Epoch: 0141 loss_train: 86.1116 acc_train: 0.4347 acc_val: 0.3361
2024-04-20 12:34:09,417:INFO:Epoch: 0142 loss_train: 86.7564 acc_train: 0.4373 acc_val: 0.2992
2024-04-20 12:34:13,992:INFO:Epoch: 0143 loss_train: 87.3691 acc_train: 0.4404 acc_val: 0.2705
2024-04-20 12:34:18,621:INFO:Epoch: 0144 loss_train: 87.4452 acc_train: 0.4326 acc_val: 0.3156
2024-04-20 12:34:23,420:INFO:Epoch: 0145 loss_train: 86.3142 acc_train: 0.4331 acc_val: 0.3197
2024-04-20 12:34:28,570:INFO:Epoch: 0146 loss_train: 86.2546 acc_train: 0.4440 acc_val: 0.3197
2024-04-20 12:34:33,399:INFO:Epoch: 0147 loss_train: 86.2906 acc_train: 0.4368 acc_val: 0.3115
2024-04-20 12:34:38,172:INFO:Epoch: 0148 loss_train: 86.6127 acc_train: 0.4357 acc_val: 0.2828
2024-04-20 12:34:42,941:INFO:Epoch: 0149 loss_train: 85.2247 acc_train: 0.4373 acc_val: 0.2746
2024-04-20 12:34:47,913:INFO:Epoch: 0150 loss_train: 87.1328 acc_train: 0.4383 acc_val: 0.2951
2024-04-20 12:34:52,684:INFO:Epoch: 0151 loss_train: 86.8319 acc_train: 0.4300 acc_val: 0.3320
2024-04-20 12:34:57,452:INFO:Epoch: 0152 loss_train: 85.0846 acc_train: 0.4451 acc_val: 0.2869
2024-04-20 12:35:02,233:INFO:Epoch: 0153 loss_train: 88.4163 acc_train: 0.4284 acc_val: 0.3115
2024-04-20 12:35:07,003:INFO:Epoch: 0154 loss_train: 86.5395 acc_train: 0.4295 acc_val: 0.2951
2024-04-20 12:35:11,759:INFO:Epoch: 0155 loss_train: 86.0483 acc_train: 0.4315 acc_val: 0.2828
2024-04-20 12:35:16,341:INFO:Epoch: 0156 loss_train: 84.4869 acc_train: 0.4383 acc_val: 0.3279
2024-04-20 12:35:20,909:INFO:Epoch: 0157 loss_train: 86.0990 acc_train: 0.4394 acc_val: 0.2951
2024-04-20 12:35:25,480:INFO:Epoch: 0158 loss_train: 85.1290 acc_train: 0.4357 acc_val: 0.3074
2024-04-20 12:35:30,048:INFO:Epoch: 0159 loss_train: 85.4531 acc_train: 0.4388 acc_val: 0.3074
2024-04-20 12:35:34,622:INFO:Epoch: 0160 loss_train: 85.3965 acc_train: 0.4357 acc_val: 0.2951
2024-04-20 12:35:39,231:INFO:Epoch: 0161 loss_train: 86.7272 acc_train: 0.4305 acc_val: 0.2582
2024-04-20 12:35:43,797:INFO:Epoch: 0162 loss_train: 85.1276 acc_train: 0.4420 acc_val: 0.2623
2024-04-20 12:35:48,403:INFO:Epoch: 0163 loss_train: 85.3249 acc_train: 0.4295 acc_val: 0.3074
2024-04-20 12:35:53,081:INFO:Epoch: 0164 loss_train: 85.1156 acc_train: 0.4388 acc_val: 0.2705
2024-04-20 12:35:57,692:INFO:Epoch: 0165 loss_train: 84.9115 acc_train: 0.4529 acc_val: 0.3033
2024-04-20 12:36:02,281:INFO:Epoch: 0166 loss_train: 84.1224 acc_train: 0.4482 acc_val: 0.3279
2024-04-20 12:36:06,878:INFO:Epoch: 0167 loss_train: 84.5222 acc_train: 0.4518 acc_val: 0.2992
2024-04-20 12:36:11,472:INFO:Epoch: 0168 loss_train: 85.1918 acc_train: 0.4388 acc_val: 0.2951
2024-04-20 12:36:16,057:INFO:Epoch: 0169 loss_train: 83.8401 acc_train: 0.4607 acc_val: 0.3156
2024-04-20 12:36:20,632:INFO:Epoch: 0170 loss_train: 86.2142 acc_train: 0.4451 acc_val: 0.2828
2024-04-20 12:36:25,248:INFO:Epoch: 0171 loss_train: 85.8291 acc_train: 0.4315 acc_val: 0.3156
2024-04-20 12:36:29,820:INFO:Epoch: 0172 loss_train: 84.3909 acc_train: 0.4628 acc_val: 0.3033
2024-04-20 12:36:34,437:INFO:Epoch: 0173 loss_train: 89.5632 acc_train: 0.4289 acc_val: 0.3115
2024-04-20 12:36:39,049:INFO:Epoch: 0174 loss_train: 85.7035 acc_train: 0.4388 acc_val: 0.2869
2024-04-20 12:36:43,649:INFO:Epoch: 0175 loss_train: 85.0885 acc_train: 0.4409 acc_val: 0.3074
2024-04-20 12:36:48,220:INFO:Epoch: 0176 loss_train: 85.0574 acc_train: 0.4399 acc_val: 0.3156
2024-04-20 12:36:52,791:INFO:Epoch: 0177 loss_train: 84.7069 acc_train: 0.4487 acc_val: 0.2869
2024-04-20 12:36:57,549:INFO:Epoch: 0178 loss_train: 83.9653 acc_train: 0.4482 acc_val: 0.3156
2024-04-20 12:37:02,121:INFO:Epoch: 0179 loss_train: 84.5261 acc_train: 0.4591 acc_val: 0.3033
2024-04-20 12:37:06,761:INFO:Epoch: 0180 loss_train: 83.9272 acc_train: 0.4612 acc_val: 0.2869
2024-04-20 12:37:11,339:INFO:Epoch: 0181 loss_train: 83.6082 acc_train: 0.4492 acc_val: 0.3156
2024-04-20 12:37:15,919:INFO:Epoch: 0182 loss_train: 83.6204 acc_train: 0.4498 acc_val: 0.3156
2024-04-20 12:37:20,527:INFO:Epoch: 0183 loss_train: 83.3971 acc_train: 0.4487 acc_val: 0.2869
2024-04-20 12:37:25,100:INFO:Epoch: 0184 loss_train: 84.8530 acc_train: 0.4477 acc_val: 0.2910
2024-04-20 12:37:29,673:INFO:Epoch: 0185 loss_train: 82.7701 acc_train: 0.4607 acc_val: 0.3074
2024-04-20 12:37:34,297:INFO:Epoch: 0186 loss_train: 82.5647 acc_train: 0.4602 acc_val: 0.3279
2024-04-20 12:37:38,870:INFO:Epoch: 0187 loss_train: 82.5482 acc_train: 0.4534 acc_val: 0.3033
2024-04-20 12:37:43,441:INFO:Epoch: 0188 loss_train: 84.3552 acc_train: 0.4649 acc_val: 0.3074
2024-04-20 12:37:48,014:INFO:Epoch: 0189 loss_train: 83.5059 acc_train: 0.4591 acc_val: 0.3074
2024-04-20 12:37:52,588:INFO:Epoch: 0190 loss_train: 83.3841 acc_train: 0.4633 acc_val: 0.3197
2024-04-20 12:37:57,162:INFO:Epoch: 0191 loss_train: 82.0511 acc_train: 0.4638 acc_val: 0.2951
2024-04-20 12:38:01,736:INFO:Epoch: 0192 loss_train: 84.8549 acc_train: 0.4591 acc_val: 0.3074
2024-04-20 12:38:06,308:INFO:Epoch: 0193 loss_train: 83.3230 acc_train: 0.4617 acc_val: 0.3115
2024-04-20 12:38:10,883:INFO:Epoch: 0194 loss_train: 82.9549 acc_train: 0.4727 acc_val: 0.3279
2024-04-20 12:38:15,456:INFO:Epoch: 0195 loss_train: 83.5822 acc_train: 0.4607 acc_val: 0.3074
2024-04-20 12:38:20,035:INFO:Epoch: 0196 loss_train: 82.9977 acc_train: 0.4758 acc_val: 0.3320
2024-04-20 12:38:24,730:INFO:Epoch: 0197 loss_train: 81.4662 acc_train: 0.4617 acc_val: 0.3033
2024-04-20 12:38:29,304:INFO:Epoch: 0198 loss_train: 82.4055 acc_train: 0.4633 acc_val: 0.2869
2024-04-20 12:38:33,887:INFO:Epoch: 0199 loss_train: 82.9749 acc_train: 0.4576 acc_val: 0.2992
2024-04-20 12:38:38,471:INFO:Epoch: 0200 loss_train: 82.7726 acc_train: 0.4727 acc_val: 0.3074
2024-04-20 12:38:43,043:INFO:Epoch: 0201 loss_train: 82.2875 acc_train: 0.4539 acc_val: 0.3361
2024-04-20 12:38:47,634:INFO:Epoch: 0202 loss_train: 83.7280 acc_train: 0.4602 acc_val: 0.2664
2024-04-20 12:38:52,255:INFO:Epoch: 0203 loss_train: 83.0397 acc_train: 0.4649 acc_val: 0.2910
2024-04-20 12:38:56,829:INFO:Epoch: 0204 loss_train: 83.6467 acc_train: 0.4638 acc_val: 0.2869
2024-04-20 12:39:01,400:INFO:Epoch: 0205 loss_train: 84.6552 acc_train: 0.4654 acc_val: 0.2746
2024-04-20 12:39:06,189:INFO:Epoch: 0206 loss_train: 82.7101 acc_train: 0.4597 acc_val: 0.2869
2024-04-20 12:39:10,786:INFO:Epoch: 0207 loss_train: 83.5649 acc_train: 0.4701 acc_val: 0.3238
2024-04-20 12:39:15,351:INFO:Epoch: 0208 loss_train: 84.1521 acc_train: 0.4591 acc_val: 0.2951
2024-04-20 12:39:19,928:INFO:Epoch: 0209 loss_train: 83.5857 acc_train: 0.4706 acc_val: 0.3033
2024-04-20 12:39:24,589:INFO:Epoch: 0210 loss_train: 82.8071 acc_train: 0.4560 acc_val: 0.2992
2024-04-20 12:39:29,161:INFO:Epoch: 0211 loss_train: 84.3184 acc_train: 0.4560 acc_val: 0.3156
2024-04-20 12:39:33,742:INFO:Epoch: 0212 loss_train: 82.5456 acc_train: 0.4810 acc_val: 0.3033
2024-04-20 12:39:38,323:INFO:Epoch: 0213 loss_train: 81.5483 acc_train: 0.4721 acc_val: 0.3074
2024-04-20 12:39:42,894:INFO:Epoch: 0214 loss_train: 81.0655 acc_train: 0.4768 acc_val: 0.3361
2024-04-20 12:39:47,463:INFO:Epoch: 0215 loss_train: 81.7105 acc_train: 0.4815 acc_val: 0.3238
2024-04-20 12:39:52,029:INFO:Epoch: 0216 loss_train: 81.7641 acc_train: 0.4560 acc_val: 0.3115
2024-04-20 12:39:56,623:INFO:Epoch: 0217 loss_train: 81.6233 acc_train: 0.4810 acc_val: 0.3033
2024-04-20 12:40:01,182:INFO:Epoch: 0218 loss_train: 81.8675 acc_train: 0.4794 acc_val: 0.2828
2024-04-20 12:40:05,744:INFO:Epoch: 0219 loss_train: 84.3496 acc_train: 0.4498 acc_val: 0.2664
2024-04-20 12:40:10,309:INFO:Epoch: 0220 loss_train: 81.1893 acc_train: 0.4711 acc_val: 0.3279
2024-04-20 12:40:14,871:INFO:Epoch: 0221 loss_train: 83.0873 acc_train: 0.4846 acc_val: 0.3156
2024-04-20 12:40:19,434:INFO:Epoch: 0222 loss_train: 83.3164 acc_train: 0.4597 acc_val: 0.3443
2024-04-20 12:40:24,012:INFO:Epoch: 0223 loss_train: 83.2234 acc_train: 0.4727 acc_val: 0.2869
2024-04-20 12:40:28,581:INFO:Epoch: 0224 loss_train: 81.3132 acc_train: 0.4664 acc_val: 0.2705
2024-04-20 12:40:33,149:INFO:Epoch: 0225 loss_train: 81.9018 acc_train: 0.4654 acc_val: 0.3115
2024-04-20 12:40:37,714:INFO:Epoch: 0226 loss_train: 81.6425 acc_train: 0.4680 acc_val: 0.3279
2024-04-20 12:40:37,717:INFO:PATIENCE THRESHOLD PASSED; DETECTED OVERFITTING
2024-04-20 12:40:42,411:INFO:Epoch: 0227 loss_train: 80.2022 acc_train: 0.4846 acc_val: 0.2951
2024-04-20 12:40:47,153:INFO:Epoch: 0228 loss_train: 81.7839 acc_train: 0.4820 acc_val: 0.2951
2024-04-20 12:40:51,901:INFO:Epoch: 0229 loss_train: 82.1566 acc_train: 0.4805 acc_val: 0.3156
2024-04-20 12:40:56,704:INFO:Epoch: 0230 loss_train: 80.8713 acc_train: 0.4831 acc_val: 0.2910
2024-04-20 12:41:01,470:INFO:Epoch: 0231 loss_train: 82.5533 acc_train: 0.4727 acc_val: 0.3361
2024-04-20 12:41:06,234:INFO:Epoch: 0232 loss_train: 81.1786 acc_train: 0.4638 acc_val: 0.2951
2024-04-20 12:41:11,013:INFO:Epoch: 0233 loss_train: 80.9424 acc_train: 0.4774 acc_val: 0.2787
2024-04-20 12:41:15,778:INFO:Epoch: 0234 loss_train: 80.9435 acc_train: 0.4815 acc_val: 0.2828
2024-04-20 12:41:20,543:INFO:Epoch: 0235 loss_train: 81.5142 acc_train: 0.4815 acc_val: 0.3074
2024-04-20 12:41:25,201:INFO:Epoch: 0236 loss_train: 81.7955 acc_train: 0.4669 acc_val: 0.3197
2024-04-20 12:41:29,991:INFO:Epoch: 0237 loss_train: 81.6011 acc_train: 0.4768 acc_val: 0.2828
2024-04-20 12:41:34,580:INFO:Epoch: 0238 loss_train: 83.3639 acc_train: 0.4685 acc_val: 0.2623
2024-04-20 12:41:39,159:INFO:Epoch: 0239 loss_train: 82.2996 acc_train: 0.4727 acc_val: 0.3238
2024-04-20 12:41:43,731:INFO:Epoch: 0240 loss_train: 82.6799 acc_train: 0.4753 acc_val: 0.3033
2024-04-20 12:41:48,303:INFO:Epoch: 0241 loss_train: 82.4978 acc_train: 0.4680 acc_val: 0.2992
2024-04-20 12:41:52,882:INFO:Epoch: 0242 loss_train: 80.3098 acc_train: 0.4810 acc_val: 0.3361
2024-04-20 12:41:57,451:INFO:Epoch: 0243 loss_train: 80.4842 acc_train: 0.4748 acc_val: 0.2869
2024-04-20 12:42:02,021:INFO:Epoch: 0244 loss_train: 79.9609 acc_train: 0.4846 acc_val: 0.3361
2024-04-20 12:42:06,591:INFO:Epoch: 0245 loss_train: 80.0206 acc_train: 0.4883 acc_val: 0.2910
2024-04-20 12:42:11,161:INFO:Epoch: 0246 loss_train: 80.5718 acc_train: 0.4810 acc_val: 0.3238
2024-04-20 12:42:15,730:INFO:Epoch: 0247 loss_train: 80.3813 acc_train: 0.4789 acc_val: 0.2869
2024-04-20 12:42:20,299:INFO:Epoch: 0248 loss_train: 82.9112 acc_train: 0.4659 acc_val: 0.3033
2024-04-20 12:42:24,868:INFO:Epoch: 0249 loss_train: 81.6827 acc_train: 0.4768 acc_val: 0.3197
2024-04-20 12:42:29,449:INFO:Epoch: 0250 loss_train: 79.9085 acc_train: 0.4753 acc_val: 0.2828
2024-04-20 12:42:34,028:INFO:Epoch: 0251 loss_train: 82.9528 acc_train: 0.4721 acc_val: 0.2828
2024-04-20 12:42:38,638:INFO:Epoch: 0252 loss_train: 80.9224 acc_train: 0.4862 acc_val: 0.2746
2024-04-20 12:42:43,208:INFO:Epoch: 0253 loss_train: 84.1125 acc_train: 0.4591 acc_val: 0.2951
2024-04-20 12:42:47,778:INFO:Epoch: 0254 loss_train: 80.4759 acc_train: 0.4841 acc_val: 0.2787
2024-04-20 12:42:52,348:INFO:Epoch: 0255 loss_train: 80.0827 acc_train: 0.4961 acc_val: 0.2828
2024-04-20 12:42:56,919:INFO:Epoch: 0256 loss_train: 79.6438 acc_train: 0.4867 acc_val: 0.2951
2024-04-20 12:43:01,508:INFO:Epoch: 0257 loss_train: 81.5460 acc_train: 0.4940 acc_val: 0.2787
2024-04-20 12:43:06,082:INFO:Epoch: 0258 loss_train: 82.9984 acc_train: 0.4654 acc_val: 0.2910
2024-04-20 12:43:10,666:INFO:Epoch: 0259 loss_train: 80.2332 acc_train: 0.4904 acc_val: 0.3279
2024-04-20 12:43:15,242:INFO:Epoch: 0260 loss_train: 79.6573 acc_train: 0.4836 acc_val: 0.2992
2024-04-20 12:43:19,832:INFO:Epoch: 0261 loss_train: 80.0965 acc_train: 0.4951 acc_val: 0.3197
2024-04-20 12:43:24,418:INFO:Epoch: 0262 loss_train: 79.0713 acc_train: 0.4831 acc_val: 0.3074
2024-04-20 12:43:29,000:INFO:Epoch: 0263 loss_train: 79.6509 acc_train: 0.4846 acc_val: 0.3197
2024-04-20 12:43:33,787:INFO:Epoch: 0264 loss_train: 78.3543 acc_train: 0.4836 acc_val: 0.3320
2024-04-20 12:43:38,687:INFO:Epoch: 0265 loss_train: 79.8234 acc_train: 0.4774 acc_val: 0.3033
2024-04-20 12:43:43,474:INFO:Epoch: 0266 loss_train: 78.9585 acc_train: 0.4961 acc_val: 0.3033
2024-04-20 12:43:48,361:INFO:Epoch: 0267 loss_train: 80.1524 acc_train: 0.4909 acc_val: 0.2705
2024-04-20 12:43:52,939:INFO:Epoch: 0268 loss_train: 81.2218 acc_train: 0.4638 acc_val: 0.3033
2024-04-20 12:43:57,519:INFO:Epoch: 0269 loss_train: 79.1964 acc_train: 0.4909 acc_val: 0.3074
2024-04-20 12:44:02,108:INFO:Epoch: 0270 loss_train: 79.3929 acc_train: 0.4914 acc_val: 0.2951
2024-04-20 12:44:06,689:INFO:Epoch: 0271 loss_train: 77.5424 acc_train: 0.4961 acc_val: 0.2787
2024-04-20 12:44:11,271:INFO:Epoch: 0272 loss_train: 78.1137 acc_train: 0.4930 acc_val: 0.3115
2024-04-20 12:44:15,854:INFO:Epoch: 0273 loss_train: 78.7633 acc_train: 0.4789 acc_val: 0.2787
2024-04-20 12:44:20,442:INFO:Epoch: 0274 loss_train: 78.6950 acc_train: 0.4966 acc_val: 0.3074
2024-04-20 12:44:25,065:INFO:Epoch: 0275 loss_train: 80.5452 acc_train: 0.4831 acc_val: 0.2951
2024-04-20 12:44:29,659:INFO:Epoch: 0276 loss_train: 80.3088 acc_train: 0.4695 acc_val: 0.2664
2024-04-20 12:44:34,239:INFO:Epoch: 0277 loss_train: 78.2988 acc_train: 0.4831 acc_val: 0.3238
2024-04-20 12:44:38,905:INFO:Epoch: 0278 loss_train: 82.0497 acc_train: 0.4753 acc_val: 0.3074
2024-04-20 12:44:43,666:INFO:Epoch: 0279 loss_train: 79.1260 acc_train: 0.4846 acc_val: 0.2910
2024-04-20 12:44:48,429:INFO:Epoch: 0280 loss_train: 79.3554 acc_train: 0.4997 acc_val: 0.2664
2024-04-20 12:44:53,199:INFO:Epoch: 0281 loss_train: 80.1259 acc_train: 0.4919 acc_val: 0.2541
2024-04-20 12:44:57,959:INFO:Epoch: 0282 loss_train: 82.5083 acc_train: 0.4675 acc_val: 0.2828
2024-04-20 12:45:02,921:INFO:Epoch: 0283 loss_train: 77.6106 acc_train: 0.4940 acc_val: 0.3279
2024-04-20 12:45:07,555:INFO:Epoch: 0284 loss_train: 77.1408 acc_train: 0.5086 acc_val: 0.2746
2024-04-20 12:45:12,133:INFO:Epoch: 0285 loss_train: 79.5085 acc_train: 0.4987 acc_val: 0.3033
2024-04-20 12:45:16,710:INFO:Epoch: 0286 loss_train: 78.0184 acc_train: 0.4961 acc_val: 0.3033
2024-04-20 12:45:21,298:INFO:Epoch: 0287 loss_train: 77.9702 acc_train: 0.4951 acc_val: 0.2951
2024-04-20 12:45:25,872:INFO:Epoch: 0288 loss_train: 77.3950 acc_train: 0.5174 acc_val: 0.2623
2024-04-20 12:45:30,447:INFO:Epoch: 0289 loss_train: 79.7998 acc_train: 0.4867 acc_val: 0.3361
2024-04-20 12:45:35,032:INFO:Epoch: 0290 loss_train: 80.4337 acc_train: 0.4878 acc_val: 0.2951
2024-04-20 12:45:39,615:INFO:Epoch: 0291 loss_train: 78.6644 acc_train: 0.4956 acc_val: 0.2746
2024-04-20 12:45:44,206:INFO:Epoch: 0292 loss_train: 78.7110 acc_train: 0.4961 acc_val: 0.2664
2024-04-20 12:45:48,993:INFO:Epoch: 0293 loss_train: 77.6896 acc_train: 0.4909 acc_val: 0.2746
2024-04-20 12:45:53,629:INFO:Epoch: 0294 loss_train: 77.4601 acc_train: 0.5029 acc_val: 0.2746
2024-04-20 12:45:58,268:INFO:Epoch: 0295 loss_train: 77.7636 acc_train: 0.4977 acc_val: 0.3074
2024-04-20 12:46:02,852:INFO:Epoch: 0296 loss_train: 77.2375 acc_train: 0.4982 acc_val: 0.2951
2024-04-20 12:46:07,445:INFO:Epoch: 0297 loss_train: 78.4878 acc_train: 0.4945 acc_val: 0.2541
2024-04-20 12:46:12,100:INFO:Epoch: 0298 loss_train: 78.8079 acc_train: 0.4940 acc_val: 0.2951
2024-04-20 12:46:16,687:INFO:Epoch: 0299 loss_train: 76.5027 acc_train: 0.5070 acc_val: 0.2746
2024-04-20 12:46:21,273:INFO:Epoch: 0300 loss_train: 78.8397 acc_train: 0.5065 acc_val: 0.2664
2024-04-20 12:46:25,900:INFO:Epoch: 0301 loss_train: 79.6424 acc_train: 0.4857 acc_val: 0.2746
2024-04-20 12:46:30,570:INFO:Epoch: 0302 loss_train: 78.4138 acc_train: 0.4966 acc_val: 0.3033
2024-04-20 12:46:35,154:INFO:Epoch: 0303 loss_train: 77.1159 acc_train: 0.4940 acc_val: 0.3156
2024-04-20 12:46:39,781:INFO:Epoch: 0304 loss_train: 76.5152 acc_train: 0.5081 acc_val: 0.2828
2024-04-20 12:46:44,438:INFO:Epoch: 0305 loss_train: 76.4829 acc_train: 0.5086 acc_val: 0.3115
2024-04-20 12:46:49,095:INFO:Epoch: 0306 loss_train: 76.0852 acc_train: 0.5138 acc_val: 0.3197
2024-04-20 12:46:53,743:INFO:Epoch: 0307 loss_train: 76.4681 acc_train: 0.5096 acc_val: 0.2664
2024-04-20 12:46:58,328:INFO:Epoch: 0308 loss_train: 81.9751 acc_train: 0.4633 acc_val: 0.3033
2024-04-20 12:47:02,916:INFO:Epoch: 0309 loss_train: 77.4503 acc_train: 0.4951 acc_val: 0.2705
2024-04-20 12:47:07,503:INFO:Epoch: 0310 loss_train: 77.7483 acc_train: 0.5029 acc_val: 0.2623
2024-04-20 12:47:12,088:INFO:Epoch: 0311 loss_train: 76.7123 acc_train: 0.5075 acc_val: 0.2746
2024-04-20 12:47:16,681:INFO:Epoch: 0312 loss_train: 78.7407 acc_train: 0.5034 acc_val: 0.2664
2024-04-20 12:47:21,262:INFO:Epoch: 0313 loss_train: 77.8182 acc_train: 0.4977 acc_val: 0.2664
2024-04-20 12:47:25,843:INFO:Epoch: 0314 loss_train: 75.7003 acc_train: 0.5096 acc_val: 0.2664
2024-04-20 12:47:30,426:INFO:Epoch: 0315 loss_train: 75.2396 acc_train: 0.5060 acc_val: 0.2869
2024-04-20 12:47:35,009:INFO:Epoch: 0316 loss_train: 76.4548 acc_train: 0.5107 acc_val: 0.3156
2024-04-20 12:47:39,588:INFO:Epoch: 0317 loss_train: 75.5301 acc_train: 0.5180 acc_val: 0.2869
2024-04-20 12:47:44,175:INFO:Epoch: 0318 loss_train: 78.2565 acc_train: 0.5107 acc_val: 0.2664
2024-04-20 12:47:48,760:INFO:Epoch: 0319 loss_train: 77.2046 acc_train: 0.4982 acc_val: 0.2828
2024-04-20 12:47:53,494:INFO:Epoch: 0320 loss_train: 76.7771 acc_train: 0.5075 acc_val: 0.3156
2024-04-20 12:47:58,076:INFO:Epoch: 0321 loss_train: 77.9605 acc_train: 0.4992 acc_val: 0.3074
2024-04-20 12:48:02,665:INFO:Epoch: 0322 loss_train: 78.1761 acc_train: 0.5044 acc_val: 0.2787
2024-04-20 12:48:07,250:INFO:Epoch: 0323 loss_train: 76.8957 acc_train: 0.4982 acc_val: 0.2664
2024-04-20 12:48:11,854:INFO:Epoch: 0324 loss_train: 77.9977 acc_train: 0.4971 acc_val: 0.3156
2024-04-20 12:48:16,465:INFO:Epoch: 0325 loss_train: 76.8923 acc_train: 0.5018 acc_val: 0.3197
2024-04-20 12:48:21,037:INFO:Epoch: 0326 loss_train: 75.0020 acc_train: 0.5154 acc_val: 0.2828
2024-04-20 12:48:25,607:INFO:Epoch: 0327 loss_train: 75.9029 acc_train: 0.5091 acc_val: 0.2295
2024-04-20 12:48:30,181:INFO:Epoch: 0328 loss_train: 76.1197 acc_train: 0.5039 acc_val: 0.2910
2024-04-20 12:48:34,751:INFO:Epoch: 0329 loss_train: 76.1789 acc_train: 0.5195 acc_val: 0.2910
2024-04-20 12:48:39,320:INFO:Epoch: 0330 loss_train: 77.6068 acc_train: 0.5096 acc_val: 0.3074
2024-04-20 12:48:43,896:INFO:Epoch: 0331 loss_train: 77.5513 acc_train: 0.5034 acc_val: 0.2992
2024-04-20 12:48:48,465:INFO:Epoch: 0332 loss_train: 75.1953 acc_train: 0.5242 acc_val: 0.2746
2024-04-20 12:48:53,058:INFO:Epoch: 0333 loss_train: 74.7378 acc_train: 0.4992 acc_val: 0.2705
2024-04-20 12:48:57,622:INFO:Epoch: 0334 loss_train: 77.2834 acc_train: 0.5018 acc_val: 0.2828
2024-04-20 12:49:02,187:INFO:Epoch: 0335 loss_train: 75.7142 acc_train: 0.5143 acc_val: 0.2951
2024-04-20 12:49:06,836:INFO:Epoch: 0336 loss_train: 75.9479 acc_train: 0.5013 acc_val: 0.2582
2024-04-20 12:49:11,454:INFO:Epoch: 0337 loss_train: 77.8420 acc_train: 0.5081 acc_val: 0.2705
2024-04-20 12:49:16,088:INFO:Epoch: 0338 loss_train: 77.2641 acc_train: 0.5075 acc_val: 0.3156
2024-04-20 12:49:20,664:INFO:Epoch: 0339 loss_train: 74.5887 acc_train: 0.5273 acc_val: 0.2910
2024-04-20 12:49:25,307:INFO:Epoch: 0340 loss_train: 75.7561 acc_train: 0.5117 acc_val: 0.3115
2024-04-20 12:49:29,888:INFO:Epoch: 0341 loss_train: 74.6666 acc_train: 0.5216 acc_val: 0.2664
2024-04-20 12:49:34,467:INFO:Epoch: 0342 loss_train: 75.9301 acc_train: 0.5070 acc_val: 0.2869
2024-04-20 12:49:39,518:INFO:Epoch: 0343 loss_train: 75.7976 acc_train: 0.5164 acc_val: 0.3197
2024-04-20 12:49:44,090:INFO:Epoch: 0344 loss_train: 75.8868 acc_train: 0.5164 acc_val: 0.2910
2024-04-20 12:49:48,664:INFO:Epoch: 0345 loss_train: 78.3775 acc_train: 0.5018 acc_val: 0.2705
2024-04-20 12:49:53,767:INFO:Epoch: 0346 loss_train: 78.1941 acc_train: 0.5185 acc_val: 0.2869
2024-04-20 12:49:58,352:INFO:Epoch: 0347 loss_train: 77.5256 acc_train: 0.4904 acc_val: 0.2951
2024-04-20 12:50:03,097:INFO:Epoch: 0348 loss_train: 74.9312 acc_train: 0.5185 acc_val: 0.3074
2024-04-20 12:50:07,849:INFO:Epoch: 0349 loss_train: 75.7011 acc_train: 0.5174 acc_val: 0.2746
2024-04-20 12:50:12,427:INFO:Epoch: 0350 loss_train: 76.1799 acc_train: 0.5294 acc_val: 0.2992
2024-04-20 12:50:17,008:INFO:Epoch: 0351 loss_train: 78.5780 acc_train: 0.4878 acc_val: 0.2828
2024-04-20 12:50:21,584:INFO:Epoch: 0352 loss_train: 77.1406 acc_train: 0.5180 acc_val: 0.2746
2024-04-20 12:50:26,157:INFO:Epoch: 0353 loss_train: 75.3394 acc_train: 0.5065 acc_val: 0.2705
2024-04-20 12:50:30,729:INFO:Epoch: 0354 loss_train: 74.0020 acc_train: 0.5237 acc_val: 0.2828
2024-04-20 12:50:35,693:INFO:Epoch: 0355 loss_train: 75.7179 acc_train: 0.5190 acc_val: 0.2746
2024-04-20 12:50:40,396:INFO:Epoch: 0356 loss_train: 75.8668 acc_train: 0.5268 acc_val: 0.2582
2024-04-20 12:50:44,979:INFO:Epoch: 0357 loss_train: 74.3630 acc_train: 0.5331 acc_val: 0.2951
2024-04-20 12:50:49,883:INFO:Epoch: 0358 loss_train: 73.1882 acc_train: 0.5185 acc_val: 0.2582
2024-04-20 12:50:54,470:INFO:Epoch: 0359 loss_train: 73.4729 acc_train: 0.5200 acc_val: 0.3074
2024-04-20 12:50:59,048:INFO:Epoch: 0360 loss_train: 73.7890 acc_train: 0.5232 acc_val: 0.2623
2024-04-20 12:51:03,737:INFO:Epoch: 0361 loss_train: 75.1825 acc_train: 0.5320 acc_val: 0.2787
2024-04-20 12:51:08,299:INFO:Epoch: 0362 loss_train: 74.9082 acc_train: 0.5242 acc_val: 0.2746
2024-04-20 12:51:13,120:INFO:Epoch: 0363 loss_train: 73.5474 acc_train: 0.5383 acc_val: 0.2664
2024-04-20 12:51:17,739:INFO:Epoch: 0364 loss_train: 74.1545 acc_train: 0.5279 acc_val: 0.2664
2024-04-20 12:51:22,294:INFO:Epoch: 0365 loss_train: 74.1637 acc_train: 0.5226 acc_val: 0.3033
2024-04-20 12:51:26,854:INFO:Epoch: 0366 loss_train: 73.8834 acc_train: 0.5258 acc_val: 0.2787
2024-04-20 12:51:31,410:INFO:Epoch: 0367 loss_train: 73.5618 acc_train: 0.5429 acc_val: 0.2541
2024-04-20 12:51:36,084:INFO:Epoch: 0368 loss_train: 72.4208 acc_train: 0.5242 acc_val: 0.2828
2024-04-20 12:51:40,687:INFO:Epoch: 0369 loss_train: 74.5998 acc_train: 0.5346 acc_val: 0.2623
2024-04-20 12:51:45,247:INFO:Epoch: 0370 loss_train: 76.4011 acc_train: 0.5195 acc_val: 0.2787
2024-04-20 12:51:50,024:INFO:Epoch: 0371 loss_train: 74.8179 acc_train: 0.5185 acc_val: 0.2828
2024-04-20 12:51:54,589:INFO:Epoch: 0372 loss_train: 73.3188 acc_train: 0.5346 acc_val: 0.2787
2024-04-20 12:51:59,201:INFO:Epoch: 0373 loss_train: 73.9148 acc_train: 0.5289 acc_val: 0.2541
2024-04-20 12:52:03,762:INFO:Epoch: 0374 loss_train: 76.8908 acc_train: 0.5190 acc_val: 0.2623
2024-04-20 12:52:08,475:INFO:Epoch: 0375 loss_train: 75.6654 acc_train: 0.4945 acc_val: 0.2418
2024-04-20 12:52:13,041:INFO:Epoch: 0376 loss_train: 72.6070 acc_train: 0.5362 acc_val: 0.2910
2024-04-20 12:52:17,671:INFO:Epoch: 0377 loss_train: 72.6627 acc_train: 0.5289 acc_val: 0.2951
2024-04-20 12:52:22,292:INFO:Epoch: 0378 loss_train: 73.9826 acc_train: 0.5476 acc_val: 0.2869
2024-04-20 12:52:26,845:INFO:Epoch: 0379 loss_train: 76.3750 acc_train: 0.5190 acc_val: 0.3156
2024-04-20 12:52:31,497:INFO:Epoch: 0380 loss_train: 73.3783 acc_train: 0.5185 acc_val: 0.3238
2024-04-20 12:52:36,113:INFO:Epoch: 0381 loss_train: 73.8866 acc_train: 0.5331 acc_val: 0.3033
2024-04-20 12:52:40,676:INFO:Epoch: 0382 loss_train: 73.1849 acc_train: 0.5284 acc_val: 0.2828
2024-04-20 12:52:45,253:INFO:Epoch: 0383 loss_train: 76.2144 acc_train: 0.5169 acc_val: 0.2910
2024-04-20 12:52:49,807:INFO:Epoch: 0384 loss_train: 73.3139 acc_train: 0.5357 acc_val: 0.2992
2024-04-20 12:52:54,363:INFO:Epoch: 0385 loss_train: 73.6445 acc_train: 0.5268 acc_val: 0.3033
2024-04-20 12:52:58,919:INFO:Epoch: 0386 loss_train: 73.2383 acc_train: 0.5195 acc_val: 0.3115
2024-04-20 12:53:03,534:INFO:Epoch: 0387 loss_train: 71.7677 acc_train: 0.5419 acc_val: 0.2787
2024-04-20 12:53:08,100:INFO:Epoch: 0388 loss_train: 74.7054 acc_train: 0.5351 acc_val: 0.2869
2024-04-20 12:53:12,659:INFO:Epoch: 0389 loss_train: 73.0472 acc_train: 0.5331 acc_val: 0.2992
2024-04-20 12:53:17,243:INFO:Epoch: 0390 loss_train: 73.0673 acc_train: 0.5445 acc_val: 0.2705
2024-04-20 12:53:21,842:INFO:Epoch: 0391 loss_train: 73.9574 acc_train: 0.5388 acc_val: 0.2910
2024-04-20 12:53:26,403:INFO:Epoch: 0392 loss_train: 72.2294 acc_train: 0.5383 acc_val: 0.2746
2024-04-20 12:53:30,961:INFO:Epoch: 0393 loss_train: 71.9344 acc_train: 0.5305 acc_val: 0.2951
2024-04-20 12:53:35,522:INFO:Epoch: 0394 loss_train: 72.8468 acc_train: 0.5315 acc_val: 0.2377
2024-04-20 12:53:40,080:INFO:Epoch: 0395 loss_train: 72.6254 acc_train: 0.5372 acc_val: 0.2787
2024-04-20 12:53:44,699:INFO:Epoch: 0396 loss_train: 71.8352 acc_train: 0.5268 acc_val: 0.2992
2024-04-20 12:53:49,255:INFO:Epoch: 0397 loss_train: 72.5130 acc_train: 0.5367 acc_val: 0.2787
2024-04-20 12:53:53,813:INFO:Epoch: 0398 loss_train: 73.4282 acc_train: 0.5346 acc_val: 0.2869
2024-04-20 12:53:58,378:INFO:Epoch: 0399 loss_train: 73.5630 acc_train: 0.5325 acc_val: 0.3033
2024-04-20 12:54:02,936:INFO:Epoch: 0400 loss_train: 73.2273 acc_train: 0.5268 acc_val: 0.2664
2024-04-20 12:54:07,495:INFO:Epoch: 0401 loss_train: 71.8922 acc_train: 0.5513 acc_val: 0.2992
2024-04-20 12:54:12,049:INFO:Epoch: 0402 loss_train: 72.7632 acc_train: 0.5315 acc_val: 0.3033
2024-04-20 12:54:16,754:INFO:Epoch: 0403 loss_train: 72.5110 acc_train: 0.5377 acc_val: 0.2992
2024-04-20 12:54:21,312:INFO:Epoch: 0404 loss_train: 72.7632 acc_train: 0.5325 acc_val: 0.3074
2024-04-20 12:54:25,871:INFO:Epoch: 0405 loss_train: 71.5449 acc_train: 0.5497 acc_val: 0.3156
2024-04-20 12:54:30,432:INFO:Epoch: 0406 loss_train: 71.3682 acc_train: 0.5305 acc_val: 0.3156
2024-04-20 12:54:34,991:INFO:Epoch: 0407 loss_train: 70.4046 acc_train: 0.5482 acc_val: 0.3443
2024-04-20 12:54:39,554:INFO:Epoch: 0408 loss_train: 71.9036 acc_train: 0.5414 acc_val: 0.3279
2024-04-20 12:54:44,120:INFO:Epoch: 0409 loss_train: 71.3421 acc_train: 0.5357 acc_val: 0.3402
2024-04-20 12:54:48,677:INFO:Epoch: 0410 loss_train: 73.0445 acc_train: 0.5351 acc_val: 0.2459
2024-04-20 12:54:53,233:INFO:Epoch: 0411 loss_train: 71.3775 acc_train: 0.5409 acc_val: 0.2910
2024-04-20 12:54:57,799:INFO:Epoch: 0412 loss_train: 72.6236 acc_train: 0.5445 acc_val: 0.2664
2024-04-20 12:55:02,367:INFO:Epoch: 0413 loss_train: 74.7758 acc_train: 0.5206 acc_val: 0.2992
2024-04-20 12:55:07,099:INFO:Epoch: 0414 loss_train: 72.2719 acc_train: 0.5450 acc_val: 0.2541
2024-04-20 12:55:11,734:INFO:Epoch: 0415 loss_train: 72.1060 acc_train: 0.5466 acc_val: 0.2705
2024-04-20 12:55:16,364:INFO:Epoch: 0416 loss_train: 72.0875 acc_train: 0.5513 acc_val: 0.3033
2024-04-20 12:55:21,066:INFO:Epoch: 0417 loss_train: 71.5768 acc_train: 0.5440 acc_val: 0.3033
2024-04-20 12:55:25,906:INFO:Epoch: 0418 loss_train: 72.5304 acc_train: 0.5518 acc_val: 0.3156
2024-04-20 12:55:30,596:INFO:Epoch: 0419 loss_train: 74.3169 acc_train: 0.5122 acc_val: 0.2951
2024-04-20 12:55:35,220:INFO:Epoch: 0420 loss_train: 74.1030 acc_train: 0.5528 acc_val: 0.2828
2024-04-20 12:55:39,871:INFO:Epoch: 0421 loss_train: 78.8420 acc_train: 0.4919 acc_val: 0.2951
2024-04-20 12:55:44,567:INFO:Epoch: 0422 loss_train: 70.9278 acc_train: 0.5331 acc_val: 0.2623
2024-04-20 12:55:49,164:INFO:Epoch: 0423 loss_train: 70.6413 acc_train: 0.5508 acc_val: 0.3115
2024-04-20 12:55:53,789:INFO:Epoch: 0424 loss_train: 70.7203 acc_train: 0.5450 acc_val: 0.2705
2024-04-20 12:55:58,370:INFO:Epoch: 0425 loss_train: 70.5547 acc_train: 0.5482 acc_val: 0.2951
2024-04-20 12:56:03,081:INFO:Epoch: 0426 loss_train: 70.8161 acc_train: 0.5492 acc_val: 0.2664
2024-04-20 12:56:07,662:INFO:Epoch: 0427 loss_train: 70.7169 acc_train: 0.5440 acc_val: 0.2828
2024-04-20 12:56:12,302:INFO:Epoch: 0428 loss_train: 70.4372 acc_train: 0.5414 acc_val: 0.3156
2024-04-20 12:56:16,887:INFO:Epoch: 0429 loss_train: 68.8987 acc_train: 0.5508 acc_val: 0.2746
2024-04-20 12:56:21,740:INFO:Epoch: 0430 loss_train: 70.5098 acc_train: 0.5549 acc_val: 0.3279
2024-04-20 12:56:26,319:INFO:Epoch: 0431 loss_train: 71.0317 acc_train: 0.5502 acc_val: 0.3279
2024-04-20 12:56:30,913:INFO:Epoch: 0432 loss_train: 72.7542 acc_train: 0.5440 acc_val: 0.2541
2024-04-20 12:56:35,561:INFO:Epoch: 0433 loss_train: 71.6689 acc_train: 0.5455 acc_val: 0.3074
2024-04-20 12:56:40,143:INFO:Epoch: 0434 loss_train: 70.7016 acc_train: 0.5560 acc_val: 0.2951
2024-04-20 12:56:44,727:INFO:Epoch: 0435 loss_train: 72.5720 acc_train: 0.5393 acc_val: 0.2705
2024-04-20 12:56:49,397:INFO:Epoch: 0436 loss_train: 70.5432 acc_train: 0.5549 acc_val: 0.3525
2024-04-20 12:56:54,079:INFO:Epoch: 0437 loss_train: 71.8056 acc_train: 0.5580 acc_val: 0.2828
2024-04-20 12:56:58,657:INFO:Epoch: 0438 loss_train: 73.3603 acc_train: 0.5445 acc_val: 0.2910
2024-04-20 12:57:03,236:INFO:Epoch: 0439 loss_train: 70.8732 acc_train: 0.5429 acc_val: 0.3320
2024-04-20 12:57:07,918:INFO:Epoch: 0440 loss_train: 70.0206 acc_train: 0.5674 acc_val: 0.2787
2024-04-20 12:57:12,551:INFO:Epoch: 0441 loss_train: 72.1170 acc_train: 0.5450 acc_val: 0.2910
2024-04-20 12:57:17,131:INFO:Epoch: 0442 loss_train: 70.3193 acc_train: 0.5560 acc_val: 0.2951
2024-04-20 12:57:21,762:INFO:Epoch: 0443 loss_train: 67.8777 acc_train: 0.5560 acc_val: 0.2910
2024-04-20 12:57:26,432:INFO:Epoch: 0444 loss_train: 69.3202 acc_train: 0.5685 acc_val: 0.3115
2024-04-20 12:57:31,066:INFO:Epoch: 0445 loss_train: 73.9631 acc_train: 0.5357 acc_val: 0.3033
2024-04-20 12:57:35,706:INFO:Epoch: 0446 loss_train: 68.6885 acc_train: 0.5653 acc_val: 0.2951
2024-04-20 12:57:40,323:INFO:Epoch: 0447 loss_train: 69.8297 acc_train: 0.5627 acc_val: 0.3115
2024-04-20 12:57:44,951:INFO:Epoch: 0448 loss_train: 68.5157 acc_train: 0.5659 acc_val: 0.2746
2024-04-20 12:57:49,646:INFO:Epoch: 0449 loss_train: 70.1202 acc_train: 0.5497 acc_val: 0.2869
2024-04-20 12:57:54,834:INFO:Epoch: 0450 loss_train: 71.3247 acc_train: 0.5455 acc_val: 0.3443
2024-04-20 12:57:59,507:INFO:Epoch: 0451 loss_train: 71.1509 acc_train: 0.5586 acc_val: 0.3074
2024-04-20 12:58:04,107:INFO:Epoch: 0452 loss_train: 68.8994 acc_train: 0.5549 acc_val: 0.3115
2024-04-20 12:58:08,830:INFO:Epoch: 0453 loss_train: 72.7304 acc_train: 0.5580 acc_val: 0.2705
2024-04-20 12:58:13,582:INFO:Epoch: 0454 loss_train: 74.0398 acc_train: 0.5341 acc_val: 0.3320
2024-04-20 12:58:18,193:INFO:Epoch: 0455 loss_train: 68.1469 acc_train: 0.5685 acc_val: 0.3033
2024-04-20 12:58:22,817:INFO:Epoch: 0456 loss_train: 68.4501 acc_train: 0.5627 acc_val: 0.2787
2024-04-20 12:58:27,479:INFO:Epoch: 0457 loss_train: 72.2128 acc_train: 0.5638 acc_val: 0.2910
2024-04-20 12:58:32,124:INFO:Epoch: 0458 loss_train: 72.9355 acc_train: 0.5315 acc_val: 0.3361
2024-04-20 12:58:36,757:INFO:Epoch: 0459 loss_train: 69.3269 acc_train: 0.5648 acc_val: 0.2828
2024-04-20 12:58:41,585:INFO:Epoch: 0460 loss_train: 71.4347 acc_train: 0.5445 acc_val: 0.3238
2024-04-20 12:58:46,213:INFO:Epoch: 0461 loss_train: 68.3103 acc_train: 0.5716 acc_val: 0.3033
2024-04-20 12:58:50,982:INFO:Epoch: 0462 loss_train: 69.1318 acc_train: 0.5711 acc_val: 0.2951
2024-04-20 12:58:55,678:INFO:Epoch: 0463 loss_train: 68.2176 acc_train: 0.5669 acc_val: 0.2951
2024-04-20 12:59:00,309:INFO:Epoch: 0464 loss_train: 67.4732 acc_train: 0.5669 acc_val: 0.3115
2024-04-20 12:59:04,931:INFO:Epoch: 0465 loss_train: 68.0854 acc_train: 0.5685 acc_val: 0.3156
2024-04-20 12:59:09,543:INFO:Epoch: 0466 loss_train: 69.9709 acc_train: 0.5570 acc_val: 0.2828
2024-04-20 12:59:14,232:INFO:Epoch: 0467 loss_train: 71.5544 acc_train: 0.5586 acc_val: 0.3156
2024-04-20 12:59:18,857:INFO:Epoch: 0468 loss_train: 70.5226 acc_train: 0.5487 acc_val: 0.2910
2024-04-20 12:59:23,461:INFO:Epoch: 0469 loss_train: 69.2676 acc_train: 0.5711 acc_val: 0.3197
2024-04-20 12:59:28,068:INFO:Epoch: 0470 loss_train: 68.2597 acc_train: 0.5653 acc_val: 0.3074
2024-04-20 12:59:33,293:INFO:Epoch: 0471 loss_train: 67.5554 acc_train: 0.5674 acc_val: 0.3525
2024-04-20 12:59:37,959:INFO:Epoch: 0472 loss_train: 67.3392 acc_train: 0.5731 acc_val: 0.3320
2024-04-20 12:59:42,557:INFO:Epoch: 0473 loss_train: 67.0849 acc_train: 0.5768 acc_val: 0.3238
2024-04-20 12:59:47,110:INFO:Epoch: 0474 loss_train: 68.3256 acc_train: 0.5669 acc_val: 0.2910
2024-04-20 12:59:51,785:INFO:Epoch: 0475 loss_train: 67.2435 acc_train: 0.5664 acc_val: 0.3238
2024-04-20 12:59:56,342:INFO:Epoch: 0476 loss_train: 66.5822 acc_train: 0.5742 acc_val: 0.3238
2024-04-20 13:00:01,013:INFO:Epoch: 0477 loss_train: 66.4446 acc_train: 0.5773 acc_val: 0.3033
2024-04-20 13:00:05,624:INFO:Epoch: 0478 loss_train: 67.1006 acc_train: 0.5622 acc_val: 0.2869
2024-04-20 13:00:10,232:INFO:Epoch: 0479 loss_train: 66.8988 acc_train: 0.5685 acc_val: 0.3402
2024-04-20 13:00:14,841:INFO:Epoch: 0480 loss_train: 68.1695 acc_train: 0.5705 acc_val: 0.3074
2024-04-20 13:00:19,429:INFO:Epoch: 0481 loss_train: 68.6858 acc_train: 0.5752 acc_val: 0.3074
2024-04-20 13:00:23,987:INFO:Epoch: 0482 loss_train: 67.2826 acc_train: 0.5768 acc_val: 0.2746
2024-04-20 13:00:28,592:INFO:Epoch: 0483 loss_train: 66.0988 acc_train: 0.5752 acc_val: 0.2910
2024-04-20 13:00:33,147:INFO:Epoch: 0484 loss_train: 66.2791 acc_train: 0.5721 acc_val: 0.3566
2024-04-20 13:00:37,708:INFO:Epoch: 0485 loss_train: 68.3093 acc_train: 0.5669 acc_val: 0.3033
2024-04-20 13:00:42,332:INFO:Epoch: 0486 loss_train: 69.3404 acc_train: 0.5591 acc_val: 0.2910
2024-04-20 13:00:46,892:INFO:Epoch: 0487 loss_train: 70.3241 acc_train: 0.5487 acc_val: 0.3074
2024-04-20 13:00:51,607:INFO:Epoch: 0488 loss_train: 69.9291 acc_train: 0.5669 acc_val: 0.3074
2024-04-20 13:00:56,182:INFO:Epoch: 0489 loss_train: 69.3201 acc_train: 0.5695 acc_val: 0.2869
2024-04-20 13:01:00,740:INFO:Epoch: 0490 loss_train: 71.5497 acc_train: 0.5487 acc_val: 0.2910
2024-04-20 13:01:05,332:INFO:Epoch: 0491 loss_train: 69.4998 acc_train: 0.5596 acc_val: 0.3074
2024-04-20 13:01:09,905:INFO:Epoch: 0492 loss_train: 67.2718 acc_train: 0.5752 acc_val: 0.2582
2024-04-20 13:01:14,476:INFO:Epoch: 0493 loss_train: 68.2360 acc_train: 0.5617 acc_val: 0.3279
2024-04-20 13:01:19,063:INFO:Epoch: 0494 loss_train: 68.2705 acc_train: 0.5820 acc_val: 0.3033
2024-04-20 13:01:23,642:INFO:Epoch: 0495 loss_train: 68.9809 acc_train: 0.5695 acc_val: 0.2910
2024-04-20 13:01:28,282:INFO:Epoch: 0496 loss_train: 66.9490 acc_train: 0.5763 acc_val: 0.2992
2024-04-20 13:01:32,906:INFO:Epoch: 0497 loss_train: 66.9565 acc_train: 0.5731 acc_val: 0.3074
2024-04-20 13:01:37,518:INFO:Epoch: 0498 loss_train: 66.5567 acc_train: 0.5752 acc_val: 0.3197
2024-04-20 13:01:42,091:INFO:Epoch: 0499 loss_train: 66.2424 acc_train: 0.5783 acc_val: 0.3033
2024-04-20 13:01:46,713:INFO:Epoch: 0500 loss_train: 66.0370 acc_train: 0.5836 acc_val: 0.3279
2024-04-20 13:01:46,716:INFO:Optimization Finished! Total time elapsed: 2332.566717
